[0.333s] DEBUG:colcon:Command line arguments: ['/usr/bin/colcon', 'build', '--symlink-install']
[0.333s] DEBUG:colcon:Parsed command line arguments: Namespace(log_base=None, log_level=None, verb_name='build', build_base='build', install_base='install', merge_install=False, symlink_install=True, test_result_base=None, continue_on_error=False, executor='parallel', parallel_workers=12, event_handlers=None, ignore_user_meta=False, metas=['./colcon.meta'], base_paths=['.'], packages_ignore=None, packages_ignore_regex=None, paths=None, packages_up_to=None, packages_up_to_regex=None, packages_above=None, packages_above_and_dependencies=None, packages_above_depth=None, packages_select_by_dep=None, packages_skip_by_dep=None, packages_skip_up_to=None, packages_select_build_failed=False, packages_skip_build_finished=False, packages_select_test_failures=False, packages_skip_test_passed=False, packages_select=None, packages_skip=None, packages_select_regex=None, packages_skip_regex=None, packages_start=None, packages_end=None, allow_overriding=[], cmake_args=None, cmake_target=None, cmake_target_skip_unavailable=False, cmake_clean_cache=False, cmake_clean_first=False, cmake_force_configure=False, ament_cmake_args=None, catkin_cmake_args=None, catkin_skip_building_tests=False, verb_parser=<colcon_defaults.argument_parser.defaults.DefaultArgumentsDecorator object at 0x7f9deaecdcc0>, verb_extension=<colcon_core.verb.build.BuildVerb object at 0x7f9deb6e4160>, main=<bound method BuildVerb.main of <colcon_core.verb.build.BuildVerb object at 0x7f9deb6e4160>>)
[0.356s] Level 1:colcon.colcon_core.package_discovery:discover_packages(colcon_meta) check parameters
[0.356s] Level 1:colcon.colcon_core.package_discovery:discover_packages(recursive) check parameters
[0.356s] Level 1:colcon.colcon_core.package_discovery:discover_packages(ignore) check parameters
[0.356s] Level 1:colcon.colcon_core.package_discovery:discover_packages(path) check parameters
[0.356s] Level 1:colcon.colcon_core.package_discovery:discover_packages(colcon_meta) discover
[0.356s] Level 1:colcon.colcon_core.package_discovery:discover_packages(recursive) discover
[0.356s] INFO:colcon.colcon_core.package_discovery:Crawling recursively for packages in '/home/fhp/FRA532-MobileRobot/MobileRobot_ws'
[0.356s] Level 1:colcon.colcon_core.package_identification:_identify(.) by extensions ['ignore', 'ignore_ament_install']
[0.357s] Level 1:colcon.colcon_core.package_identification:_identify(.) by extension 'ignore'
[0.357s] Level 1:colcon.colcon_core.package_identification:_identify(.) by extension 'ignore_ament_install'
[0.357s] Level 1:colcon.colcon_core.package_identification:_identify(.) by extensions ['colcon_pkg']
[0.357s] Level 1:colcon.colcon_core.package_identification:_identify(.) by extension 'colcon_pkg'
[0.357s] Level 1:colcon.colcon_core.package_identification:_identify(.) by extensions ['colcon_meta']
[0.357s] Level 1:colcon.colcon_core.package_identification:_identify(.) by extension 'colcon_meta'
[0.357s] Level 1:colcon.colcon_core.package_identification:_identify(.) by extensions ['ros']
[0.357s] Level 1:colcon.colcon_core.package_identification:_identify(.) by extension 'ros'
[0.365s] Level 1:colcon.colcon_core.package_identification:_identify(.) by extensions ['cmake', 'python']
[0.365s] Level 1:colcon.colcon_core.package_identification:_identify(.) by extension 'cmake'
[0.365s] Level 1:colcon.colcon_core.package_identification:_identify(.) by extension 'python'
[0.365s] Level 1:colcon.colcon_core.package_identification:_identify(.) by extensions ['python_setup_py']
[0.365s] Level 1:colcon.colcon_core.package_identification:_identify(.) by extension 'python_setup_py'
[0.366s] Level 1:colcon.colcon_core.package_identification:_identify(build) by extensions ['ignore', 'ignore_ament_install']
[0.366s] Level 1:colcon.colcon_core.package_identification:_identify(build) by extension 'ignore'
[0.366s] Level 1:colcon.colcon_core.package_identification:_identify(build) ignored
[0.366s] Level 1:colcon.colcon_core.package_identification:_identify(install) by extensions ['ignore', 'ignore_ament_install']
[0.366s] Level 1:colcon.colcon_core.package_identification:_identify(install) by extension 'ignore'
[0.366s] Level 1:colcon.colcon_core.package_identification:_identify(install) ignored
[0.366s] Level 1:colcon.colcon_core.package_identification:_identify(log) by extensions ['ignore', 'ignore_ament_install']
[0.366s] Level 1:colcon.colcon_core.package_identification:_identify(log) by extension 'ignore'
[0.366s] Level 1:colcon.colcon_core.package_identification:_identify(log) ignored
[0.366s] Level 1:colcon.colcon_core.package_identification:_identify(src) by extensions ['ignore', 'ignore_ament_install']
[0.366s] Level 1:colcon.colcon_core.package_identification:_identify(src) by extension 'ignore'
[0.366s] Level 1:colcon.colcon_core.package_identification:_identify(src) by extension 'ignore_ament_install'
[0.366s] Level 1:colcon.colcon_core.package_identification:_identify(src) by extensions ['colcon_pkg']
[0.366s] Level 1:colcon.colcon_core.package_identification:_identify(src) by extension 'colcon_pkg'
[0.366s] Level 1:colcon.colcon_core.package_identification:_identify(src) by extensions ['colcon_meta']
[0.366s] Level 1:colcon.colcon_core.package_identification:_identify(src) by extension 'colcon_meta'
[0.366s] Level 1:colcon.colcon_core.package_identification:_identify(src) by extensions ['ros']
[0.366s] Level 1:colcon.colcon_core.package_identification:_identify(src) by extension 'ros'
[0.366s] Level 1:colcon.colcon_core.package_identification:_identify(src) by extensions ['cmake', 'python']
[0.366s] Level 1:colcon.colcon_core.package_identification:_identify(src) by extension 'cmake'
[0.366s] Level 1:colcon.colcon_core.package_identification:_identify(src) by extension 'python'
[0.367s] Level 1:colcon.colcon_core.package_identification:_identify(src) by extensions ['python_setup_py']
[0.367s] Level 1:colcon.colcon_core.package_identification:_identify(src) by extension 'python_setup_py'
[0.367s] Level 1:colcon.colcon_core.package_identification:_identify(src/algorithm) by extensions ['ignore', 'ignore_ament_install']
[0.367s] Level 1:colcon.colcon_core.package_identification:_identify(src/algorithm) by extension 'ignore'
[0.367s] Level 1:colcon.colcon_core.package_identification:_identify(src/algorithm) by extension 'ignore_ament_install'
[0.367s] Level 1:colcon.colcon_core.package_identification:_identify(src/algorithm) by extensions ['colcon_pkg']
[0.367s] Level 1:colcon.colcon_core.package_identification:_identify(src/algorithm) by extension 'colcon_pkg'
[0.367s] Level 1:colcon.colcon_core.package_identification:_identify(src/algorithm) by extensions ['colcon_meta']
[0.367s] Level 1:colcon.colcon_core.package_identification:_identify(src/algorithm) by extension 'colcon_meta'
[0.367s] Level 1:colcon.colcon_core.package_identification:_identify(src/algorithm) by extensions ['ros']
[0.367s] Level 1:colcon.colcon_core.package_identification:_identify(src/algorithm) by extension 'ros'
[0.367s] Level 1:colcon.colcon_core.package_identification:_identify(src/algorithm) by extensions ['cmake', 'python']
[0.367s] Level 1:colcon.colcon_core.package_identification:_identify(src/algorithm) by extension 'cmake'
[0.367s] Level 1:colcon.colcon_core.package_identification:_identify(src/algorithm) by extension 'python'
[0.367s] Level 1:colcon.colcon_core.package_identification:_identify(src/algorithm) by extensions ['python_setup_py']
[0.367s] Level 1:colcon.colcon_core.package_identification:_identify(src/algorithm) by extension 'python_setup_py'
[0.367s] Level 1:colcon.colcon_core.package_identification:_identify(src/algorithm/__pycache__) by extensions ['ignore', 'ignore_ament_install']
[0.367s] Level 1:colcon.colcon_core.package_identification:_identify(src/algorithm/__pycache__) by extension 'ignore'
[0.367s] Level 1:colcon.colcon_core.package_identification:_identify(src/algorithm/__pycache__) by extension 'ignore_ament_install'
[0.367s] Level 1:colcon.colcon_core.package_identification:_identify(src/algorithm/__pycache__) by extensions ['colcon_pkg']
[0.367s] Level 1:colcon.colcon_core.package_identification:_identify(src/algorithm/__pycache__) by extension 'colcon_pkg'
[0.367s] Level 1:colcon.colcon_core.package_identification:_identify(src/algorithm/__pycache__) by extensions ['colcon_meta']
[0.367s] Level 1:colcon.colcon_core.package_identification:_identify(src/algorithm/__pycache__) by extension 'colcon_meta'
[0.367s] Level 1:colcon.colcon_core.package_identification:_identify(src/algorithm/__pycache__) by extensions ['ros']
[0.367s] Level 1:colcon.colcon_core.package_identification:_identify(src/algorithm/__pycache__) by extension 'ros'
[0.367s] Level 1:colcon.colcon_core.package_identification:_identify(src/algorithm/__pycache__) by extensions ['cmake', 'python']
[0.367s] Level 1:colcon.colcon_core.package_identification:_identify(src/algorithm/__pycache__) by extension 'cmake'
[0.367s] Level 1:colcon.colcon_core.package_identification:_identify(src/algorithm/__pycache__) by extension 'python'
[0.368s] Level 1:colcon.colcon_core.package_identification:_identify(src/algorithm/__pycache__) by extensions ['python_setup_py']
[0.368s] Level 1:colcon.colcon_core.package_identification:_identify(src/algorithm/__pycache__) by extension 'python_setup_py'
[0.368s] Level 1:colcon.colcon_core.package_identification:_identify(src/megarover_samples_ros2) by extensions ['ignore', 'ignore_ament_install']
[0.368s] Level 1:colcon.colcon_core.package_identification:_identify(src/megarover_samples_ros2) by extension 'ignore'
[0.368s] Level 1:colcon.colcon_core.package_identification:_identify(src/megarover_samples_ros2) by extension 'ignore_ament_install'
[0.368s] Level 1:colcon.colcon_core.package_identification:_identify(src/megarover_samples_ros2) by extensions ['colcon_pkg']
[0.368s] Level 1:colcon.colcon_core.package_identification:_identify(src/megarover_samples_ros2) by extension 'colcon_pkg'
[0.368s] Level 1:colcon.colcon_core.package_identification:_identify(src/megarover_samples_ros2) by extensions ['colcon_meta']
[0.368s] Level 1:colcon.colcon_core.package_identification:_identify(src/megarover_samples_ros2) by extension 'colcon_meta'
[0.368s] Level 1:colcon.colcon_core.package_identification:_identify(src/megarover_samples_ros2) by extensions ['ros']
[0.368s] Level 1:colcon.colcon_core.package_identification:_identify(src/megarover_samples_ros2) by extension 'ros'
[0.372s] DEBUG:colcon.colcon_core.package_identification:Package 'src/megarover_samples_ros2' with type 'ros.ament_cmake' and name 'megarover_samples_ros2'
[0.372s] Level 1:colcon.colcon_core.package_identification:_identify(src/msg_interfaces) by extensions ['ignore', 'ignore_ament_install']
[0.372s] Level 1:colcon.colcon_core.package_identification:_identify(src/msg_interfaces) by extension 'ignore'
[0.372s] Level 1:colcon.colcon_core.package_identification:_identify(src/msg_interfaces) by extension 'ignore_ament_install'
[0.372s] Level 1:colcon.colcon_core.package_identification:_identify(src/msg_interfaces) by extensions ['colcon_pkg']
[0.372s] Level 1:colcon.colcon_core.package_identification:_identify(src/msg_interfaces) by extension 'colcon_pkg'
[0.372s] Level 1:colcon.colcon_core.package_identification:_identify(src/msg_interfaces) by extensions ['colcon_meta']
[0.372s] Level 1:colcon.colcon_core.package_identification:_identify(src/msg_interfaces) by extension 'colcon_meta'
[0.372s] Level 1:colcon.colcon_core.package_identification:_identify(src/msg_interfaces) by extensions ['ros']
[0.372s] Level 1:colcon.colcon_core.package_identification:_identify(src/msg_interfaces) by extension 'ros'
[0.372s] DEBUG:colcon.colcon_core.package_identification:Package 'src/msg_interfaces' with type 'ros.ament_cmake' and name 'msg_interfaces'
[0.373s] Level 1:colcon.colcon_core.package_identification:_identify(src/navigation) by extensions ['ignore', 'ignore_ament_install']
[0.373s] Level 1:colcon.colcon_core.package_identification:_identify(src/navigation) by extension 'ignore'
[0.373s] Level 1:colcon.colcon_core.package_identification:_identify(src/navigation) by extension 'ignore_ament_install'
[0.373s] Level 1:colcon.colcon_core.package_identification:_identify(src/navigation) by extensions ['colcon_pkg']
[0.373s] Level 1:colcon.colcon_core.package_identification:_identify(src/navigation) by extension 'colcon_pkg'
[0.373s] Level 1:colcon.colcon_core.package_identification:_identify(src/navigation) by extensions ['colcon_meta']
[0.373s] Level 1:colcon.colcon_core.package_identification:_identify(src/navigation) by extension 'colcon_meta'
[0.373s] Level 1:colcon.colcon_core.package_identification:_identify(src/navigation) by extensions ['ros']
[0.373s] Level 1:colcon.colcon_core.package_identification:_identify(src/navigation) by extension 'ros'
[0.373s] DEBUG:colcon.colcon_core.package_identification:Package 'src/navigation' with type 'ros.ament_cmake' and name 'navigation'
[0.373s] Level 1:colcon.colcon_core.package_discovery:discover_packages(recursive) using defaults
[0.373s] Level 1:colcon.colcon_core.package_discovery:discover_packages(ignore) discover
[0.373s] Level 1:colcon.colcon_core.package_discovery:discover_packages(ignore) using defaults
[0.373s] Level 1:colcon.colcon_core.package_discovery:discover_packages(path) discover
[0.373s] Level 1:colcon.colcon_core.package_discovery:discover_packages(path) using defaults
[0.395s] Level 1:colcon.colcon_core.package_discovery:discover_packages(prefix_path) check parameters
[0.395s] Level 1:colcon.colcon_core.package_discovery:discover_packages(prefix_path) discover
[0.398s] DEBUG:colcon.colcon_installed_package_information.package_discovery:Found 3 installed packages in /home/fhp/FRA532-MobileRobot/MobileRobot_ws/install
[0.400s] DEBUG:colcon.colcon_installed_package_information.package_discovery:Found 348 installed packages in /opt/ros/humble
[0.401s] Level 1:colcon.colcon_core.package_discovery:discover_packages(prefix_path) using defaults
[0.455s] Level 5:colcon.colcon_core.verb:set package 'megarover_samples_ros2' build argument 'cmake_args' from command line to 'None'
[0.455s] Level 5:colcon.colcon_core.verb:set package 'megarover_samples_ros2' build argument 'cmake_target' from command line to 'None'
[0.455s] Level 5:colcon.colcon_core.verb:set package 'megarover_samples_ros2' build argument 'cmake_target_skip_unavailable' from command line to 'False'
[0.455s] Level 5:colcon.colcon_core.verb:set package 'megarover_samples_ros2' build argument 'cmake_clean_cache' from command line to 'False'
[0.455s] Level 5:colcon.colcon_core.verb:set package 'megarover_samples_ros2' build argument 'cmake_clean_first' from command line to 'False'
[0.455s] Level 5:colcon.colcon_core.verb:set package 'megarover_samples_ros2' build argument 'cmake_force_configure' from command line to 'False'
[0.455s] Level 5:colcon.colcon_core.verb:set package 'megarover_samples_ros2' build argument 'ament_cmake_args' from command line to 'None'
[0.455s] Level 5:colcon.colcon_core.verb:set package 'megarover_samples_ros2' build argument 'catkin_cmake_args' from command line to 'None'
[0.455s] Level 5:colcon.colcon_core.verb:set package 'megarover_samples_ros2' build argument 'catkin_skip_building_tests' from command line to 'False'
[0.455s] DEBUG:colcon.colcon_core.verb:Building package 'megarover_samples_ros2' with the following arguments: {'ament_cmake_args': None, 'build_base': '/home/fhp/FRA532-MobileRobot/MobileRobot_ws/build/megarover_samples_ros2', 'catkin_cmake_args': None, 'catkin_skip_building_tests': False, 'cmake_args': None, 'cmake_clean_cache': False, 'cmake_clean_first': False, 'cmake_force_configure': False, 'cmake_target': None, 'cmake_target_skip_unavailable': False, 'install_base': '/home/fhp/FRA532-MobileRobot/MobileRobot_ws/install/megarover_samples_ros2', 'merge_install': False, 'path': '/home/fhp/FRA532-MobileRobot/MobileRobot_ws/src/megarover_samples_ros2', 'symlink_install': True, 'test_result_base': None}
[0.456s] Level 5:colcon.colcon_core.verb:set package 'msg_interfaces' build argument 'cmake_args' from command line to 'None'
[0.456s] Level 5:colcon.colcon_core.verb:set package 'msg_interfaces' build argument 'cmake_target' from command line to 'None'
[0.456s] Level 5:colcon.colcon_core.verb:set package 'msg_interfaces' build argument 'cmake_target_skip_unavailable' from command line to 'False'
[0.456s] Level 5:colcon.colcon_core.verb:set package 'msg_interfaces' build argument 'cmake_clean_cache' from command line to 'False'
[0.456s] Level 5:colcon.colcon_core.verb:set package 'msg_interfaces' build argument 'cmake_clean_first' from command line to 'False'
[0.456s] Level 5:colcon.colcon_core.verb:set package 'msg_interfaces' build argument 'cmake_force_configure' from command line to 'False'
[0.456s] Level 5:colcon.colcon_core.verb:set package 'msg_interfaces' build argument 'ament_cmake_args' from command line to 'None'
[0.456s] Level 5:colcon.colcon_core.verb:set package 'msg_interfaces' build argument 'catkin_cmake_args' from command line to 'None'
[0.456s] Level 5:colcon.colcon_core.verb:set package 'msg_interfaces' build argument 'catkin_skip_building_tests' from command line to 'False'
[0.456s] DEBUG:colcon.colcon_core.verb:Building package 'msg_interfaces' with the following arguments: {'ament_cmake_args': None, 'build_base': '/home/fhp/FRA532-MobileRobot/MobileRobot_ws/build/msg_interfaces', 'catkin_cmake_args': None, 'catkin_skip_building_tests': False, 'cmake_args': None, 'cmake_clean_cache': False, 'cmake_clean_first': False, 'cmake_force_configure': False, 'cmake_target': None, 'cmake_target_skip_unavailable': False, 'install_base': '/home/fhp/FRA532-MobileRobot/MobileRobot_ws/install/msg_interfaces', 'merge_install': False, 'path': '/home/fhp/FRA532-MobileRobot/MobileRobot_ws/src/msg_interfaces', 'symlink_install': True, 'test_result_base': None}
[0.457s] Level 5:colcon.colcon_core.verb:set package 'navigation' build argument 'cmake_args' from command line to 'None'
[0.457s] Level 5:colcon.colcon_core.verb:set package 'navigation' build argument 'cmake_target' from command line to 'None'
[0.457s] Level 5:colcon.colcon_core.verb:set package 'navigation' build argument 'cmake_target_skip_unavailable' from command line to 'False'
[0.457s] Level 5:colcon.colcon_core.verb:set package 'navigation' build argument 'cmake_clean_cache' from command line to 'False'
[0.457s] Level 5:colcon.colcon_core.verb:set package 'navigation' build argument 'cmake_clean_first' from command line to 'False'
[0.457s] Level 5:colcon.colcon_core.verb:set package 'navigation' build argument 'cmake_force_configure' from command line to 'False'
[0.457s] Level 5:colcon.colcon_core.verb:set package 'navigation' build argument 'ament_cmake_args' from command line to 'None'
[0.457s] Level 5:colcon.colcon_core.verb:set package 'navigation' build argument 'catkin_cmake_args' from command line to 'None'
[0.457s] Level 5:colcon.colcon_core.verb:set package 'navigation' build argument 'catkin_skip_building_tests' from command line to 'False'
[0.457s] DEBUG:colcon.colcon_core.verb:Building package 'navigation' with the following arguments: {'ament_cmake_args': None, 'build_base': '/home/fhp/FRA532-MobileRobot/MobileRobot_ws/build/navigation', 'catkin_cmake_args': None, 'catkin_skip_building_tests': False, 'cmake_args': None, 'cmake_clean_cache': False, 'cmake_clean_first': False, 'cmake_force_configure': False, 'cmake_target': None, 'cmake_target_skip_unavailable': False, 'install_base': '/home/fhp/FRA532-MobileRobot/MobileRobot_ws/install/navigation', 'merge_install': False, 'path': '/home/fhp/FRA532-MobileRobot/MobileRobot_ws/src/navigation', 'symlink_install': True, 'test_result_base': None}
[0.457s] INFO:colcon.colcon_core.executor:Executing jobs using 'parallel' executor
[0.460s] DEBUG:colcon.colcon_parallel_executor.executor.parallel:run_until_complete
[0.461s] INFO:colcon.colcon_ros.task.ament_cmake.build:Building ROS package in '/home/fhp/FRA532-MobileRobot/MobileRobot_ws/src/megarover_samples_ros2' with build type 'ament_cmake'
[0.461s] INFO:colcon.colcon_cmake.task.cmake.build:Building CMake package in '/home/fhp/FRA532-MobileRobot/MobileRobot_ws/src/megarover_samples_ros2'
[0.467s] INFO:colcon.colcon_core.plugin_system:Skipping extension 'colcon_core.shell.bat': Not used on non-Windows systems
[0.467s] INFO:colcon.colcon_core.shell:Skip shell extension 'powershell' for command environment: Not usable outside of PowerShell
[0.467s] DEBUG:colcon.colcon_core.shell:Skip shell extension 'dsv' for command environment
[0.471s] INFO:colcon.colcon_ros.task.ament_cmake.build:Building ROS package in '/home/fhp/FRA532-MobileRobot/MobileRobot_ws/src/msg_interfaces' with build type 'ament_cmake'
[0.471s] INFO:colcon.colcon_cmake.task.cmake.build:Building CMake package in '/home/fhp/FRA532-MobileRobot/MobileRobot_ws/src/msg_interfaces'
[0.473s] INFO:colcon.colcon_core.shell:Skip shell extension 'powershell' for command environment: Not usable outside of PowerShell
[0.473s] DEBUG:colcon.colcon_core.shell:Skip shell extension 'dsv' for command environment
[0.477s] INFO:colcon.colcon_ros.task.ament_cmake.build:Building ROS package in '/home/fhp/FRA532-MobileRobot/MobileRobot_ws/src/navigation' with build type 'ament_cmake'
[0.477s] INFO:colcon.colcon_cmake.task.cmake.build:Building CMake package in '/home/fhp/FRA532-MobileRobot/MobileRobot_ws/src/navigation'
[0.478s] INFO:colcon.colcon_core.shell:Skip shell extension 'powershell' for command environment: Not usable outside of PowerShell
[0.478s] DEBUG:colcon.colcon_core.shell:Skip shell extension 'dsv' for command environment
[0.487s] DEBUG:colcon.colcon_core.event_handler.log_command:Invoking command in '/home/fhp/FRA532-MobileRobot/MobileRobot_ws/build/megarover_samples_ros2': CMAKE_PREFIX_PATH=${CMAKE_PREFIX_PATH}:/opt/ros/humble /usr/bin/cmake --build /home/fhp/FRA532-MobileRobot/MobileRobot_ws/build/megarover_samples_ros2 -- -j12 -l12
[0.491s] DEBUG:colcon.colcon_core.event_handler.log_command:Invoking command in '/home/fhp/FRA532-MobileRobot/MobileRobot_ws/build/msg_interfaces': CMAKE_PREFIX_PATH=${CMAKE_PREFIX_PATH}:/opt/ros/humble /usr/bin/cmake --build /home/fhp/FRA532-MobileRobot/MobileRobot_ws/build/msg_interfaces -- -j12 -l12
[0.495s] DEBUG:colcon.colcon_core.event_handler.log_command:Invoking command in '/home/fhp/FRA532-MobileRobot/MobileRobot_ws/build/navigation': CMAKE_PREFIX_PATH=${CMAKE_PREFIX_PATH}:/opt/ros/humble /usr/bin/cmake --build /home/fhp/FRA532-MobileRobot/MobileRobot_ws/build/navigation -- -j12 -l12
[0.532s] DEBUG:colcon.colcon_core.event_handler.log_command:Invoked command in '/home/fhp/FRA532-MobileRobot/MobileRobot_ws/build/navigation' returned '0': CMAKE_PREFIX_PATH=${CMAKE_PREFIX_PATH}:/opt/ros/humble /usr/bin/cmake --build /home/fhp/FRA532-MobileRobot/MobileRobot_ws/build/navigation -- -j12 -l12
[0.571s] DEBUG:colcon.colcon_core.event_handler.log_command:Invoking command in '/home/fhp/FRA532-MobileRobot/MobileRobot_ws/build/navigation': CMAKE_PREFIX_PATH=${CMAKE_PREFIX_PATH}:/opt/ros/humble /usr/bin/cmake --install /home/fhp/FRA532-MobileRobot/MobileRobot_ws/build/navigation
[0.576s] DEBUG:colcon.colcon_core.event_handler.log_command:Invoked command in '/home/fhp/FRA532-MobileRobot/MobileRobot_ws/build/megarover_samples_ros2' returned '0': CMAKE_PREFIX_PATH=${CMAKE_PREFIX_PATH}:/opt/ros/humble /usr/bin/cmake --build /home/fhp/FRA532-MobileRobot/MobileRobot_ws/build/megarover_samples_ros2 -- -j12 -l12
[0.600s] DEBUG:colcon.colcon_core.event_handler.log_command:Invoking command in '/home/fhp/FRA532-MobileRobot/MobileRobot_ws/build/megarover_samples_ros2': CMAKE_PREFIX_PATH=${CMAKE_PREFIX_PATH}:/opt/ros/humble /usr/bin/cmake --install /home/fhp/FRA532-MobileRobot/MobileRobot_ws/build/megarover_samples_ros2
[0.607s] Level 1:colcon.colcon_core.environment:create_environment_scripts_only(navigation)
[0.609s] DEBUG:colcon.colcon_core.event_handler.log_command:Invoked command in '/home/fhp/FRA532-MobileRobot/MobileRobot_ws/build/navigation' returned '0': CMAKE_PREFIX_PATH=${CMAKE_PREFIX_PATH}:/opt/ros/humble /usr/bin/cmake --install /home/fhp/FRA532-MobileRobot/MobileRobot_ws/build/navigation
[0.619s] Level 1:colcon.colcon_core.environment:checking '/home/fhp/FRA532-MobileRobot/MobileRobot_ws/install/navigation' for CMake module files
[0.620s] Level 1:colcon.colcon_core.environment:checking '/home/fhp/FRA532-MobileRobot/MobileRobot_ws/install/navigation' for CMake config files
[0.621s] Level 1:colcon.colcon_core.shell:create_environment_hook('navigation', 'cmake_prefix_path')
[0.622s] INFO:colcon.colcon_core.shell:Creating environment hook '/home/fhp/FRA532-MobileRobot/MobileRobot_ws/install/navigation/share/navigation/hook/cmake_prefix_path.ps1'
[0.623s] INFO:colcon.colcon_core.shell:Creating environment descriptor '/home/fhp/FRA532-MobileRobot/MobileRobot_ws/install/navigation/share/navigation/hook/cmake_prefix_path.dsv'
[0.623s] INFO:colcon.colcon_core.shell:Creating environment hook '/home/fhp/FRA532-MobileRobot/MobileRobot_ws/install/navigation/share/navigation/hook/cmake_prefix_path.sh'
[0.624s] Level 1:colcon.colcon_core.environment:checking '/home/fhp/FRA532-MobileRobot/MobileRobot_ws/install/navigation/lib'
[0.625s] Level 1:colcon.colcon_core.environment:checking '/home/fhp/FRA532-MobileRobot/MobileRobot_ws/install/navigation/bin'
[0.625s] Level 1:colcon.colcon_core.environment:checking '/home/fhp/FRA532-MobileRobot/MobileRobot_ws/install/navigation/lib/pkgconfig/navigation.pc'
[0.625s] Level 1:colcon.colcon_core.environment:checking '/home/fhp/FRA532-MobileRobot/MobileRobot_ws/install/navigation/lib/python3.10/site-packages'
[0.626s] Level 1:colcon.colcon_core.environment:checking '/home/fhp/FRA532-MobileRobot/MobileRobot_ws/install/navigation/bin'
[0.628s] INFO:colcon.colcon_core.shell:Creating package script '/home/fhp/FRA532-MobileRobot/MobileRobot_ws/install/navigation/share/navigation/package.ps1'
[0.629s] INFO:colcon.colcon_core.shell:Creating package descriptor '/home/fhp/FRA532-MobileRobot/MobileRobot_ws/install/navigation/share/navigation/package.dsv'
[0.629s] INFO:colcon.colcon_core.shell:Creating package script '/home/fhp/FRA532-MobileRobot/MobileRobot_ws/install/navigation/share/navigation/package.sh'
[0.631s] INFO:colcon.colcon_core.shell:Creating package script '/home/fhp/FRA532-MobileRobot/MobileRobot_ws/install/navigation/share/navigation/package.bash'
[0.632s] INFO:colcon.colcon_core.shell:Creating package script '/home/fhp/FRA532-MobileRobot/MobileRobot_ws/install/navigation/share/navigation/package.zsh'
[0.632s] Level 1:colcon.colcon_core.environment:create_file_with_runtime_dependencies(/home/fhp/FRA532-MobileRobot/MobileRobot_ws/install/navigation/share/colcon-core/packages/navigation)
[0.634s] Level 1:colcon.colcon_core.environment:create_environment_scripts_only(megarover_samples_ros2)
[0.637s] Level 1:colcon.colcon_core.environment:checking '/home/fhp/FRA532-MobileRobot/MobileRobot_ws/install/megarover_samples_ros2' for CMake module files
[0.638s] DEBUG:colcon.colcon_core.event_handler.log_command:Invoked command in '/home/fhp/FRA532-MobileRobot/MobileRobot_ws/build/megarover_samples_ros2' returned '0': CMAKE_PREFIX_PATH=${CMAKE_PREFIX_PATH}:/opt/ros/humble /usr/bin/cmake --install /home/fhp/FRA532-MobileRobot/MobileRobot_ws/build/megarover_samples_ros2
[0.638s] Level 1:colcon.colcon_core.environment:checking '/home/fhp/FRA532-MobileRobot/MobileRobot_ws/install/megarover_samples_ros2' for CMake config files
[0.639s] Level 1:colcon.colcon_core.shell:create_environment_hook('megarover_samples_ros2', 'cmake_prefix_path')
[0.641s] INFO:colcon.colcon_core.shell:Creating environment hook '/home/fhp/FRA532-MobileRobot/MobileRobot_ws/install/megarover_samples_ros2/share/megarover_samples_ros2/hook/cmake_prefix_path.ps1'
[0.641s] INFO:colcon.colcon_core.shell:Creating environment descriptor '/home/fhp/FRA532-MobileRobot/MobileRobot_ws/install/megarover_samples_ros2/share/megarover_samples_ros2/hook/cmake_prefix_path.dsv'
[0.641s] INFO:colcon.colcon_core.shell:Creating environment hook '/home/fhp/FRA532-MobileRobot/MobileRobot_ws/install/megarover_samples_ros2/share/megarover_samples_ros2/hook/cmake_prefix_path.sh'
[0.642s] Level 1:colcon.colcon_core.environment:checking '/home/fhp/FRA532-MobileRobot/MobileRobot_ws/install/megarover_samples_ros2/lib'
[0.642s] Level 1:colcon.colcon_core.environment:checking '/home/fhp/FRA532-MobileRobot/MobileRobot_ws/install/megarover_samples_ros2/bin'
[0.642s] Level 1:colcon.colcon_core.environment:checking '/home/fhp/FRA532-MobileRobot/MobileRobot_ws/install/megarover_samples_ros2/lib/pkgconfig/megarover_samples_ros2.pc'
[0.642s] Level 1:colcon.colcon_core.environment:checking '/home/fhp/FRA532-MobileRobot/MobileRobot_ws/install/megarover_samples_ros2/lib/python3.10/site-packages'
[0.642s] Level 1:colcon.colcon_core.environment:checking '/home/fhp/FRA532-MobileRobot/MobileRobot_ws/install/megarover_samples_ros2/bin'
[0.644s] INFO:colcon.colcon_core.shell:Creating package script '/home/fhp/FRA532-MobileRobot/MobileRobot_ws/install/megarover_samples_ros2/share/megarover_samples_ros2/package.ps1'
[0.644s] INFO:colcon.colcon_core.shell:Creating package descriptor '/home/fhp/FRA532-MobileRobot/MobileRobot_ws/install/megarover_samples_ros2/share/megarover_samples_ros2/package.dsv'
[0.644s] INFO:colcon.colcon_core.shell:Creating package script '/home/fhp/FRA532-MobileRobot/MobileRobot_ws/install/megarover_samples_ros2/share/megarover_samples_ros2/package.sh'
[0.645s] INFO:colcon.colcon_core.shell:Creating package script '/home/fhp/FRA532-MobileRobot/MobileRobot_ws/install/megarover_samples_ros2/share/megarover_samples_ros2/package.bash'
[0.645s] INFO:colcon.colcon_core.shell:Creating package script '/home/fhp/FRA532-MobileRobot/MobileRobot_ws/install/megarover_samples_ros2/share/megarover_samples_ros2/package.zsh'
[0.645s] Level 1:colcon.colcon_core.environment:create_file_with_runtime_dependencies(/home/fhp/FRA532-MobileRobot/MobileRobot_ws/install/megarover_samples_ros2/share/colcon-core/packages/megarover_samples_ros2)
[0.653s] Level 1:colcon.colcon_core.environment:create_environment_scripts_only(navigation)
[0.656s] Level 1:colcon.colcon_core.environment:checking '/home/fhp/FRA532-MobileRobot/MobileRobot_ws/install/navigation' for CMake module files
[0.656s] Level 1:colcon.colcon_core.environment:checking '/home/fhp/FRA532-MobileRobot/MobileRobot_ws/install/navigation' for CMake config files
[0.657s] Level 1:colcon.colcon_core.shell:create_environment_hook('navigation', 'cmake_prefix_path')
[0.659s] INFO:colcon.colcon_core.shell:Creating environment hook '/home/fhp/FRA532-MobileRobot/MobileRobot_ws/install/navigation/share/navigation/hook/cmake_prefix_path.ps1'
[0.660s] INFO:colcon.colcon_core.shell:Creating environment descriptor '/home/fhp/FRA532-MobileRobot/MobileRobot_ws/install/navigation/share/navigation/hook/cmake_prefix_path.dsv'
[0.661s] INFO:colcon.colcon_core.shell:Creating environment hook '/home/fhp/FRA532-MobileRobot/MobileRobot_ws/install/navigation/share/navigation/hook/cmake_prefix_path.sh'
[0.662s] Level 1:colcon.colcon_core.environment:checking '/home/fhp/FRA532-MobileRobot/MobileRobot_ws/install/navigation/lib'
[0.662s] Level 1:colcon.colcon_core.environment:checking '/home/fhp/FRA532-MobileRobot/MobileRobot_ws/install/navigation/bin'
[0.662s] Level 1:colcon.colcon_core.environment:checking '/home/fhp/FRA532-MobileRobot/MobileRobot_ws/install/navigation/lib/pkgconfig/navigation.pc'
[0.662s] Level 1:colcon.colcon_core.environment:checking '/home/fhp/FRA532-MobileRobot/MobileRobot_ws/install/navigation/lib/python3.10/site-packages'
[0.663s] Level 1:colcon.colcon_core.environment:checking '/home/fhp/FRA532-MobileRobot/MobileRobot_ws/install/navigation/bin'
[0.665s] INFO:colcon.colcon_core.shell:Creating package script '/home/fhp/FRA532-MobileRobot/MobileRobot_ws/install/navigation/share/navigation/package.ps1'
[0.665s] INFO:colcon.colcon_core.shell:Creating package descriptor '/home/fhp/FRA532-MobileRobot/MobileRobot_ws/install/navigation/share/navigation/package.dsv'
[0.666s] INFO:colcon.colcon_core.shell:Creating package script '/home/fhp/FRA532-MobileRobot/MobileRobot_ws/install/navigation/share/navigation/package.sh'
[0.667s] INFO:colcon.colcon_core.shell:Creating package script '/home/fhp/FRA532-MobileRobot/MobileRobot_ws/install/navigation/share/navigation/package.bash'
[0.668s] INFO:colcon.colcon_core.shell:Creating package script '/home/fhp/FRA532-MobileRobot/MobileRobot_ws/install/navigation/share/navigation/package.zsh'
[0.668s] Level 1:colcon.colcon_core.environment:create_file_with_runtime_dependencies(/home/fhp/FRA532-MobileRobot/MobileRobot_ws/install/navigation/share/colcon-core/packages/navigation)
[0.671s] Level 1:colcon.colcon_core.environment:create_environment_scripts_only(megarover_samples_ros2)
[0.673s] Level 1:colcon.colcon_core.environment:checking '/home/fhp/FRA532-MobileRobot/MobileRobot_ws/install/megarover_samples_ros2' for CMake module files
[0.674s] Level 1:colcon.colcon_core.environment:checking '/home/fhp/FRA532-MobileRobot/MobileRobot_ws/install/megarover_samples_ros2' for CMake config files
[0.674s] Level 1:colcon.colcon_core.shell:create_environment_hook('megarover_samples_ros2', 'cmake_prefix_path')
[0.676s] INFO:colcon.colcon_core.shell:Creating environment hook '/home/fhp/FRA532-MobileRobot/MobileRobot_ws/install/megarover_samples_ros2/share/megarover_samples_ros2/hook/cmake_prefix_path.ps1'
[0.677s] INFO:colcon.colcon_core.shell:Creating environment descriptor '/home/fhp/FRA532-MobileRobot/MobileRobot_ws/install/megarover_samples_ros2/share/megarover_samples_ros2/hook/cmake_prefix_path.dsv'
[0.677s] INFO:colcon.colcon_core.shell:Creating environment hook '/home/fhp/FRA532-MobileRobot/MobileRobot_ws/install/megarover_samples_ros2/share/megarover_samples_ros2/hook/cmake_prefix_path.sh'
[0.678s] Level 1:colcon.colcon_core.environment:checking '/home/fhp/FRA532-MobileRobot/MobileRobot_ws/install/megarover_samples_ros2/lib'
[0.678s] Level 1:colcon.colcon_core.environment:checking '/home/fhp/FRA532-MobileRobot/MobileRobot_ws/install/megarover_samples_ros2/bin'
[0.678s] Level 1:colcon.colcon_core.environment:checking '/home/fhp/FRA532-MobileRobot/MobileRobot_ws/install/megarover_samples_ros2/lib/pkgconfig/megarover_samples_ros2.pc'
[0.678s] Level 1:colcon.colcon_core.environment:checking '/home/fhp/FRA532-MobileRobot/MobileRobot_ws/install/megarover_samples_ros2/lib/python3.10/site-packages'
[0.678s] Level 1:colcon.colcon_core.environment:checking '/home/fhp/FRA532-MobileRobot/MobileRobot_ws/install/megarover_samples_ros2/bin'
[0.680s] INFO:colcon.colcon_core.shell:Creating package script '/home/fhp/FRA532-MobileRobot/MobileRobot_ws/install/megarover_samples_ros2/share/megarover_samples_ros2/package.ps1'
[0.681s] INFO:colcon.colcon_core.shell:Creating package descriptor '/home/fhp/FRA532-MobileRobot/MobileRobot_ws/install/megarover_samples_ros2/share/megarover_samples_ros2/package.dsv'
[0.682s] INFO:colcon.colcon_core.shell:Creating package script '/home/fhp/FRA532-MobileRobot/MobileRobot_ws/install/megarover_samples_ros2/share/megarover_samples_ros2/package.sh'
[0.682s] INFO:colcon.colcon_core.shell:Creating package script '/home/fhp/FRA532-MobileRobot/MobileRobot_ws/install/megarover_samples_ros2/share/megarover_samples_ros2/package.bash'
[0.682s] INFO:colcon.colcon_core.shell:Creating package script '/home/fhp/FRA532-MobileRobot/MobileRobot_ws/install/megarover_samples_ros2/share/megarover_samples_ros2/package.zsh'
[0.683s] Level 1:colcon.colcon_core.environment:create_file_with_runtime_dependencies(/home/fhp/FRA532-MobileRobot/MobileRobot_ws/install/megarover_samples_ros2/share/colcon-core/packages/megarover_samples_ros2)
[0.852s] DEBUG:colcon.colcon_core.event_handler.log_command:Invoked command in '/home/fhp/FRA532-MobileRobot/MobileRobot_ws/build/msg_interfaces' returned '0': CMAKE_PREFIX_PATH=${CMAKE_PREFIX_PATH}:/opt/ros/humble /usr/bin/cmake --build /home/fhp/FRA532-MobileRobot/MobileRobot_ws/build/msg_interfaces -- -j12 -l12
[0.949s] DEBUG:colcon.colcon_core.event_handler.log_command:Invoking command in '/home/fhp/FRA532-MobileRobot/MobileRobot_ws/build/msg_interfaces': CMAKE_PREFIX_PATH=${CMAKE_PREFIX_PATH}:/opt/ros/humble /usr/bin/cmake --install /home/fhp/FRA532-MobileRobot/MobileRobot_ws/build/msg_interfaces
[1.014s] Level 1:colcon.colcon_core.environment:create_environment_scripts_only(msg_interfaces)
[1.015s] Level 1:colcon.colcon_core.environment:checking '/home/fhp/FRA532-MobileRobot/MobileRobot_ws/install/msg_interfaces' for CMake module files
[1.016s] DEBUG:colcon.colcon_core.event_handler.log_command:Invoked command in '/home/fhp/FRA532-MobileRobot/MobileRobot_ws/build/msg_interfaces' returned '0': CMAKE_PREFIX_PATH=${CMAKE_PREFIX_PATH}:/opt/ros/humble /usr/bin/cmake --install /home/fhp/FRA532-MobileRobot/MobileRobot_ws/build/msg_interfaces
[1.016s] Level 1:colcon.colcon_core.environment:checking '/home/fhp/FRA532-MobileRobot/MobileRobot_ws/install/msg_interfaces' for CMake config files
[1.017s] Level 1:colcon.colcon_core.shell:create_environment_hook('msg_interfaces', 'cmake_prefix_path')
[1.018s] INFO:colcon.colcon_core.shell:Creating environment hook '/home/fhp/FRA532-MobileRobot/MobileRobot_ws/install/msg_interfaces/share/msg_interfaces/hook/cmake_prefix_path.ps1'
[1.018s] INFO:colcon.colcon_core.shell:Creating environment descriptor '/home/fhp/FRA532-MobileRobot/MobileRobot_ws/install/msg_interfaces/share/msg_interfaces/hook/cmake_prefix_path.dsv'
[1.018s] INFO:colcon.colcon_core.shell:Creating environment hook '/home/fhp/FRA532-MobileRobot/MobileRobot_ws/install/msg_interfaces/share/msg_interfaces/hook/cmake_prefix_path.sh'
[1.019s] Level 1:colcon.colcon_core.environment:checking '/home/fhp/FRA532-MobileRobot/MobileRobot_ws/install/msg_interfaces/lib'
[1.019s] Level 1:colcon.colcon_core.shell:create_environment_hook('msg_interfaces', 'ld_library_path_lib')
[1.020s] INFO:colcon.colcon_core.shell:Creating environment hook '/home/fhp/FRA532-MobileRobot/MobileRobot_ws/install/msg_interfaces/share/msg_interfaces/hook/ld_library_path_lib.ps1'
[1.020s] INFO:colcon.colcon_core.shell:Creating environment descriptor '/home/fhp/FRA532-MobileRobot/MobileRobot_ws/install/msg_interfaces/share/msg_interfaces/hook/ld_library_path_lib.dsv'
[1.021s] INFO:colcon.colcon_core.shell:Creating environment hook '/home/fhp/FRA532-MobileRobot/MobileRobot_ws/install/msg_interfaces/share/msg_interfaces/hook/ld_library_path_lib.sh'
[1.021s] Level 1:colcon.colcon_core.environment:checking '/home/fhp/FRA532-MobileRobot/MobileRobot_ws/install/msg_interfaces/bin'
[1.021s] Level 1:colcon.colcon_core.environment:checking '/home/fhp/FRA532-MobileRobot/MobileRobot_ws/install/msg_interfaces/lib/pkgconfig/msg_interfaces.pc'
[1.021s] Level 1:colcon.colcon_core.environment:checking '/home/fhp/FRA532-MobileRobot/MobileRobot_ws/install/msg_interfaces/lib/python3.10/site-packages'
[1.021s] Level 1:colcon.colcon_core.environment:checking '/home/fhp/FRA532-MobileRobot/MobileRobot_ws/install/msg_interfaces/bin'
[1.022s] INFO:colcon.colcon_core.shell:Creating package script '/home/fhp/FRA532-MobileRobot/MobileRobot_ws/install/msg_interfaces/share/msg_interfaces/package.ps1'
[1.023s] INFO:colcon.colcon_core.shell:Creating package descriptor '/home/fhp/FRA532-MobileRobot/MobileRobot_ws/install/msg_interfaces/share/msg_interfaces/package.dsv'
[1.023s] INFO:colcon.colcon_core.shell:Creating package script '/home/fhp/FRA532-MobileRobot/MobileRobot_ws/install/msg_interfaces/share/msg_interfaces/package.sh'
[1.023s] INFO:colcon.colcon_core.shell:Creating package script '/home/fhp/FRA532-MobileRobot/MobileRobot_ws/install/msg_interfaces/share/msg_interfaces/package.bash'
[1.023s] INFO:colcon.colcon_core.shell:Creating package script '/home/fhp/FRA532-MobileRobot/MobileRobot_ws/install/msg_interfaces/share/msg_interfaces/package.zsh'
[1.024s] Level 1:colcon.colcon_core.environment:create_file_with_runtime_dependencies(/home/fhp/FRA532-MobileRobot/MobileRobot_ws/install/msg_interfaces/share/colcon-core/packages/msg_interfaces)
[1.126s] Level 1:colcon.colcon_core.environment:create_environment_scripts_only(msg_interfaces)
[1.127s] Level 1:colcon.colcon_core.environment:checking '/home/fhp/FRA532-MobileRobot/MobileRobot_ws/install/msg_interfaces' for CMake module files
[1.127s] Level 1:colcon.colcon_core.environment:checking '/home/fhp/FRA532-MobileRobot/MobileRobot_ws/install/msg_interfaces' for CMake config files
[1.128s] Level 1:colcon.colcon_core.shell:create_environment_hook('msg_interfaces', 'cmake_prefix_path')
[1.129s] INFO:colcon.colcon_core.shell:Creating environment hook '/home/fhp/FRA532-MobileRobot/MobileRobot_ws/install/msg_interfaces/share/msg_interfaces/hook/cmake_prefix_path.ps1'
[1.129s] INFO:colcon.colcon_core.shell:Creating environment descriptor '/home/fhp/FRA532-MobileRobot/MobileRobot_ws/install/msg_interfaces/share/msg_interfaces/hook/cmake_prefix_path.dsv'
[1.130s] INFO:colcon.colcon_core.shell:Creating environment hook '/home/fhp/FRA532-MobileRobot/MobileRobot_ws/install/msg_interfaces/share/msg_interfaces/hook/cmake_prefix_path.sh'
[1.130s] Level 1:colcon.colcon_core.environment:checking '/home/fhp/FRA532-MobileRobot/MobileRobot_ws/install/msg_interfaces/lib'
[1.130s] Level 1:colcon.colcon_core.shell:create_environment_hook('msg_interfaces', 'ld_library_path_lib')
[1.131s] INFO:colcon.colcon_core.shell:Creating environment hook '/home/fhp/FRA532-MobileRobot/MobileRobot_ws/install/msg_interfaces/share/msg_interfaces/hook/ld_library_path_lib.ps1'
[1.131s] INFO:colcon.colcon_core.shell:Creating environment descriptor '/home/fhp/FRA532-MobileRobot/MobileRobot_ws/install/msg_interfaces/share/msg_interfaces/hook/ld_library_path_lib.dsv'
[1.132s] INFO:colcon.colcon_core.shell:Creating environment hook '/home/fhp/FRA532-MobileRobot/MobileRobot_ws/install/msg_interfaces/share/msg_interfaces/hook/ld_library_path_lib.sh'
[1.132s] Level 1:colcon.colcon_core.environment:checking '/home/fhp/FRA532-MobileRobot/MobileRobot_ws/install/msg_interfaces/bin'
[1.132s] Level 1:colcon.colcon_core.environment:checking '/home/fhp/FRA532-MobileRobot/MobileRobot_ws/install/msg_interfaces/lib/pkgconfig/msg_interfaces.pc'
[1.132s] Level 1:colcon.colcon_core.environment:checking '/home/fhp/FRA532-MobileRobot/MobileRobot_ws/install/msg_interfaces/lib/python3.10/site-packages'
[1.132s] Level 1:colcon.colcon_core.environment:checking '/home/fhp/FRA532-MobileRobot/MobileRobot_ws/install/msg_interfaces/bin'
[1.133s] INFO:colcon.colcon_core.shell:Creating package script '/home/fhp/FRA532-MobileRobot/MobileRobot_ws/install/msg_interfaces/share/msg_interfaces/package.ps1'
[1.134s] INFO:colcon.colcon_core.shell:Creating package descriptor '/home/fhp/FRA532-MobileRobot/MobileRobot_ws/install/msg_interfaces/share/msg_interfaces/package.dsv'
[1.134s] INFO:colcon.colcon_core.shell:Creating package script '/home/fhp/FRA532-MobileRobot/MobileRobot_ws/install/msg_interfaces/share/msg_interfaces/package.sh'
[1.134s] INFO:colcon.colcon_core.shell:Creating package script '/home/fhp/FRA532-MobileRobot/MobileRobot_ws/install/msg_interfaces/share/msg_interfaces/package.bash'
[1.135s] INFO:colcon.colcon_core.shell:Creating package script '/home/fhp/FRA532-MobileRobot/MobileRobot_ws/install/msg_interfaces/share/msg_interfaces/package.zsh'
[1.135s] Level 1:colcon.colcon_core.environment:create_file_with_runtime_dependencies(/home/fhp/FRA532-MobileRobot/MobileRobot_ws/install/msg_interfaces/share/colcon-core/packages/msg_interfaces)
[1.135s] DEBUG:colcon.colcon_parallel_executor.executor.parallel:closing loop
[1.135s] DEBUG:colcon.colcon_parallel_executor.executor.parallel:loop closed
[1.135s] DEBUG:colcon.colcon_parallel_executor.executor.parallel:run_until_complete finished with '0'
[1.135s] DEBUG:colcon.colcon_core.event_reactor:joining thread
[1.143s] INFO:colcon.colcon_core.plugin_system:Skipping extension 'colcon_notification.desktop_notification.terminal_notifier': Not used on non-Darwin systems
[1.143s] INFO:colcon.colcon_core.plugin_system:Skipping extension 'colcon_notification.desktop_notification.win32': Not used on non-Windows systems
[1.143s] INFO:colcon.colcon_notification.desktop_notification:Sending desktop notification using 'notify2'
[1.153s] DEBUG:colcon.colcon_core.event_reactor:joined thread
[1.154s] INFO:colcon.colcon_core.shell:Creating prefix script '/home/fhp/FRA532-MobileRobot/MobileRobot_ws/install/local_setup.ps1'
[1.155s] INFO:colcon.colcon_core.shell:Creating prefix util module '/home/fhp/FRA532-MobileRobot/MobileRobot_ws/install/_local_setup_util_ps1.py'
[1.156s] INFO:colcon.colcon_core.shell:Creating prefix chain script '/home/fhp/FRA532-MobileRobot/MobileRobot_ws/install/setup.ps1'
[1.158s] INFO:colcon.colcon_core.shell:Creating prefix script '/home/fhp/FRA532-MobileRobot/MobileRobot_ws/install/local_setup.sh'
[1.158s] INFO:colcon.colcon_core.shell:Creating prefix util module '/home/fhp/FRA532-MobileRobot/MobileRobot_ws/install/_local_setup_util_sh.py'
[1.158s] INFO:colcon.colcon_core.shell:Creating prefix chain script '/home/fhp/FRA532-MobileRobot/MobileRobot_ws/install/setup.sh'
[1.160s] INFO:colcon.colcon_core.shell:Creating prefix script '/home/fhp/FRA532-MobileRobot/MobileRobot_ws/install/local_setup.bash'
[1.160s] INFO:colcon.colcon_core.shell:Creating prefix chain script '/home/fhp/FRA532-MobileRobot/MobileRobot_ws/install/setup.bash'
[1.161s] INFO:colcon.colcon_core.shell:Creating prefix script '/home/fhp/FRA532-MobileRobot/MobileRobot_ws/install/local_setup.zsh'
[1.162s] INFO:colcon.colcon_core.shell:Creating prefix chain script '/home/fhp/FRA532-MobileRobot/MobileRobot_ws/install/setup.zsh'
