[0.320s] DEBUG:colcon:Command line arguments: ['/usr/bin/colcon', 'build', '--symlink-install']
[0.320s] DEBUG:colcon:Parsed command line arguments: Namespace(log_base=None, log_level=None, verb_name='build', build_base='build', install_base='install', merge_install=False, symlink_install=True, test_result_base=None, continue_on_error=False, executor='parallel', parallel_workers=12, event_handlers=None, ignore_user_meta=False, metas=['./colcon.meta'], base_paths=['.'], packages_ignore=None, packages_ignore_regex=None, paths=None, packages_up_to=None, packages_up_to_regex=None, packages_above=None, packages_above_and_dependencies=None, packages_above_depth=None, packages_select_by_dep=None, packages_skip_by_dep=None, packages_skip_up_to=None, packages_select_build_failed=False, packages_skip_build_finished=False, packages_select_test_failures=False, packages_skip_test_passed=False, packages_select=None, packages_skip=None, packages_select_regex=None, packages_skip_regex=None, packages_start=None, packages_end=None, allow_overriding=[], cmake_args=None, cmake_target=None, cmake_target_skip_unavailable=False, cmake_clean_cache=False, cmake_clean_first=False, cmake_force_configure=False, ament_cmake_args=None, catkin_cmake_args=None, catkin_skip_building_tests=False, verb_parser=<colcon_defaults.argument_parser.defaults.DefaultArgumentsDecorator object at 0x7f0df5b36470>, verb_extension=<colcon_core.verb.build.BuildVerb object at 0x7f0df5de1780>, main=<bound method BuildVerb.main of <colcon_core.verb.build.BuildVerb object at 0x7f0df5de1780>>)
[0.343s] Level 1:colcon.colcon_core.package_discovery:discover_packages(colcon_meta) check parameters
[0.343s] Level 1:colcon.colcon_core.package_discovery:discover_packages(recursive) check parameters
[0.343s] Level 1:colcon.colcon_core.package_discovery:discover_packages(ignore) check parameters
[0.343s] Level 1:colcon.colcon_core.package_discovery:discover_packages(path) check parameters
[0.343s] Level 1:colcon.colcon_core.package_discovery:discover_packages(colcon_meta) discover
[0.343s] Level 1:colcon.colcon_core.package_discovery:discover_packages(recursive) discover
[0.343s] INFO:colcon.colcon_core.package_discovery:Crawling recursively for packages in '/home/fhp/MobileRobot_ws'
[0.343s] Level 1:colcon.colcon_core.package_identification:_identify(.) by extensions ['ignore', 'ignore_ament_install']
[0.343s] Level 1:colcon.colcon_core.package_identification:_identify(.) by extension 'ignore'
[0.343s] Level 1:colcon.colcon_core.package_identification:_identify(.) by extension 'ignore_ament_install'
[0.343s] Level 1:colcon.colcon_core.package_identification:_identify(.) by extensions ['colcon_pkg']
[0.343s] Level 1:colcon.colcon_core.package_identification:_identify(.) by extension 'colcon_pkg'
[0.343s] Level 1:colcon.colcon_core.package_identification:_identify(.) by extensions ['colcon_meta']
[0.343s] Level 1:colcon.colcon_core.package_identification:_identify(.) by extension 'colcon_meta'
[0.343s] Level 1:colcon.colcon_core.package_identification:_identify(.) by extensions ['ros']
[0.343s] Level 1:colcon.colcon_core.package_identification:_identify(.) by extension 'ros'
[0.352s] Level 1:colcon.colcon_core.package_identification:_identify(.) by extensions ['cmake', 'python']
[0.352s] Level 1:colcon.colcon_core.package_identification:_identify(.) by extension 'cmake'
[0.352s] Level 1:colcon.colcon_core.package_identification:_identify(.) by extension 'python'
[0.352s] Level 1:colcon.colcon_core.package_identification:_identify(.) by extensions ['python_setup_py']
[0.352s] Level 1:colcon.colcon_core.package_identification:_identify(.) by extension 'python_setup_py'
[0.352s] Level 1:colcon.colcon_core.package_identification:_identify(build) by extensions ['ignore', 'ignore_ament_install']
[0.352s] Level 1:colcon.colcon_core.package_identification:_identify(build) by extension 'ignore'
[0.352s] Level 1:colcon.colcon_core.package_identification:_identify(build) ignored
[0.352s] Level 1:colcon.colcon_core.package_identification:_identify(install) by extensions ['ignore', 'ignore_ament_install']
[0.353s] Level 1:colcon.colcon_core.package_identification:_identify(install) by extension 'ignore'
[0.353s] Level 1:colcon.colcon_core.package_identification:_identify(install) ignored
[0.353s] Level 1:colcon.colcon_core.package_identification:_identify(log) by extensions ['ignore', 'ignore_ament_install']
[0.353s] Level 1:colcon.colcon_core.package_identification:_identify(log) by extension 'ignore'
[0.353s] Level 1:colcon.colcon_core.package_identification:_identify(log) ignored
[0.353s] Level 1:colcon.colcon_core.package_identification:_identify(src) by extensions ['ignore', 'ignore_ament_install']
[0.353s] Level 1:colcon.colcon_core.package_identification:_identify(src) by extension 'ignore'
[0.353s] Level 1:colcon.colcon_core.package_identification:_identify(src) by extension 'ignore_ament_install'
[0.353s] Level 1:colcon.colcon_core.package_identification:_identify(src) by extensions ['colcon_pkg']
[0.353s] Level 1:colcon.colcon_core.package_identification:_identify(src) by extension 'colcon_pkg'
[0.353s] Level 1:colcon.colcon_core.package_identification:_identify(src) by extensions ['colcon_meta']
[0.353s] Level 1:colcon.colcon_core.package_identification:_identify(src) by extension 'colcon_meta'
[0.353s] Level 1:colcon.colcon_core.package_identification:_identify(src) by extensions ['ros']
[0.353s] Level 1:colcon.colcon_core.package_identification:_identify(src) by extension 'ros'
[0.353s] Level 1:colcon.colcon_core.package_identification:_identify(src) by extensions ['cmake', 'python']
[0.353s] Level 1:colcon.colcon_core.package_identification:_identify(src) by extension 'cmake'
[0.353s] Level 1:colcon.colcon_core.package_identification:_identify(src) by extension 'python'
[0.353s] Level 1:colcon.colcon_core.package_identification:_identify(src) by extensions ['python_setup_py']
[0.353s] Level 1:colcon.colcon_core.package_identification:_identify(src) by extension 'python_setup_py'
[0.353s] Level 1:colcon.colcon_core.package_identification:_identify(src/algorithm) by extensions ['ignore', 'ignore_ament_install']
[0.353s] Level 1:colcon.colcon_core.package_identification:_identify(src/algorithm) by extension 'ignore'
[0.353s] Level 1:colcon.colcon_core.package_identification:_identify(src/algorithm) by extension 'ignore_ament_install'
[0.353s] Level 1:colcon.colcon_core.package_identification:_identify(src/algorithm) by extensions ['colcon_pkg']
[0.353s] Level 1:colcon.colcon_core.package_identification:_identify(src/algorithm) by extension 'colcon_pkg'
[0.354s] Level 1:colcon.colcon_core.package_identification:_identify(src/algorithm) by extensions ['colcon_meta']
[0.354s] Level 1:colcon.colcon_core.package_identification:_identify(src/algorithm) by extension 'colcon_meta'
[0.354s] Level 1:colcon.colcon_core.package_identification:_identify(src/algorithm) by extensions ['ros']
[0.354s] Level 1:colcon.colcon_core.package_identification:_identify(src/algorithm) by extension 'ros'
[0.354s] Level 1:colcon.colcon_core.package_identification:_identify(src/algorithm) by extensions ['cmake', 'python']
[0.354s] Level 1:colcon.colcon_core.package_identification:_identify(src/algorithm) by extension 'cmake'
[0.354s] Level 1:colcon.colcon_core.package_identification:_identify(src/algorithm) by extension 'python'
[0.354s] Level 1:colcon.colcon_core.package_identification:_identify(src/algorithm) by extensions ['python_setup_py']
[0.354s] Level 1:colcon.colcon_core.package_identification:_identify(src/algorithm) by extension 'python_setup_py'
[0.354s] Level 1:colcon.colcon_core.package_identification:_identify(src/algorithm/__pycache__) by extensions ['ignore', 'ignore_ament_install']
[0.354s] Level 1:colcon.colcon_core.package_identification:_identify(src/algorithm/__pycache__) by extension 'ignore'
[0.354s] Level 1:colcon.colcon_core.package_identification:_identify(src/algorithm/__pycache__) by extension 'ignore_ament_install'
[0.354s] Level 1:colcon.colcon_core.package_identification:_identify(src/algorithm/__pycache__) by extensions ['colcon_pkg']
[0.354s] Level 1:colcon.colcon_core.package_identification:_identify(src/algorithm/__pycache__) by extension 'colcon_pkg'
[0.354s] Level 1:colcon.colcon_core.package_identification:_identify(src/algorithm/__pycache__) by extensions ['colcon_meta']
[0.354s] Level 1:colcon.colcon_core.package_identification:_identify(src/algorithm/__pycache__) by extension 'colcon_meta'
[0.354s] Level 1:colcon.colcon_core.package_identification:_identify(src/algorithm/__pycache__) by extensions ['ros']
[0.354s] Level 1:colcon.colcon_core.package_identification:_identify(src/algorithm/__pycache__) by extension 'ros'
[0.354s] Level 1:colcon.colcon_core.package_identification:_identify(src/algorithm/__pycache__) by extensions ['cmake', 'python']
[0.354s] Level 1:colcon.colcon_core.package_identification:_identify(src/algorithm/__pycache__) by extension 'cmake'
[0.354s] Level 1:colcon.colcon_core.package_identification:_identify(src/algorithm/__pycache__) by extension 'python'
[0.354s] Level 1:colcon.colcon_core.package_identification:_identify(src/algorithm/__pycache__) by extensions ['python_setup_py']
[0.354s] Level 1:colcon.colcon_core.package_identification:_identify(src/algorithm/__pycache__) by extension 'python_setup_py'
[0.354s] Level 1:colcon.colcon_core.package_identification:_identify(src/megarover_samples_ros2) by extensions ['ignore', 'ignore_ament_install']
[0.354s] Level 1:colcon.colcon_core.package_identification:_identify(src/megarover_samples_ros2) by extension 'ignore'
[0.354s] Level 1:colcon.colcon_core.package_identification:_identify(src/megarover_samples_ros2) by extension 'ignore_ament_install'
[0.354s] Level 1:colcon.colcon_core.package_identification:_identify(src/megarover_samples_ros2) by extensions ['colcon_pkg']
[0.355s] Level 1:colcon.colcon_core.package_identification:_identify(src/megarover_samples_ros2) by extension 'colcon_pkg'
[0.355s] Level 1:colcon.colcon_core.package_identification:_identify(src/megarover_samples_ros2) by extensions ['colcon_meta']
[0.355s] Level 1:colcon.colcon_core.package_identification:_identify(src/megarover_samples_ros2) by extension 'colcon_meta'
[0.355s] Level 1:colcon.colcon_core.package_identification:_identify(src/megarover_samples_ros2) by extensions ['ros']
[0.355s] Level 1:colcon.colcon_core.package_identification:_identify(src/megarover_samples_ros2) by extension 'ros'
[0.358s] DEBUG:colcon.colcon_core.package_identification:Package 'src/megarover_samples_ros2' with type 'ros.ament_cmake' and name 'megarover_samples_ros2'
[0.358s] Level 1:colcon.colcon_core.package_identification:_identify(src/msg_interfaces) by extensions ['ignore', 'ignore_ament_install']
[0.358s] Level 1:colcon.colcon_core.package_identification:_identify(src/msg_interfaces) by extension 'ignore'
[0.359s] Level 1:colcon.colcon_core.package_identification:_identify(src/msg_interfaces) by extension 'ignore_ament_install'
[0.359s] Level 1:colcon.colcon_core.package_identification:_identify(src/msg_interfaces) by extensions ['colcon_pkg']
[0.359s] Level 1:colcon.colcon_core.package_identification:_identify(src/msg_interfaces) by extension 'colcon_pkg'
[0.359s] Level 1:colcon.colcon_core.package_identification:_identify(src/msg_interfaces) by extensions ['colcon_meta']
[0.359s] Level 1:colcon.colcon_core.package_identification:_identify(src/msg_interfaces) by extension 'colcon_meta'
[0.359s] Level 1:colcon.colcon_core.package_identification:_identify(src/msg_interfaces) by extensions ['ros']
[0.359s] Level 1:colcon.colcon_core.package_identification:_identify(src/msg_interfaces) by extension 'ros'
[0.359s] DEBUG:colcon.colcon_core.package_identification:Package 'src/msg_interfaces' with type 'ros.ament_cmake' and name 'msg_interfaces'
[0.359s] Level 1:colcon.colcon_core.package_identification:_identify(src/navigation) by extensions ['ignore', 'ignore_ament_install']
[0.359s] Level 1:colcon.colcon_core.package_identification:_identify(src/navigation) by extension 'ignore'
[0.359s] Level 1:colcon.colcon_core.package_identification:_identify(src/navigation) by extension 'ignore_ament_install'
[0.359s] Level 1:colcon.colcon_core.package_identification:_identify(src/navigation) by extensions ['colcon_pkg']
[0.359s] Level 1:colcon.colcon_core.package_identification:_identify(src/navigation) by extension 'colcon_pkg'
[0.360s] Level 1:colcon.colcon_core.package_identification:_identify(src/navigation) by extensions ['colcon_meta']
[0.360s] Level 1:colcon.colcon_core.package_identification:_identify(src/navigation) by extension 'colcon_meta'
[0.360s] Level 1:colcon.colcon_core.package_identification:_identify(src/navigation) by extensions ['ros']
[0.360s] Level 1:colcon.colcon_core.package_identification:_identify(src/navigation) by extension 'ros'
[0.360s] DEBUG:colcon.colcon_core.package_identification:Package 'src/navigation' with type 'ros.ament_cmake' and name 'navigation'
[0.360s] Level 1:colcon.colcon_core.package_discovery:discover_packages(recursive) using defaults
[0.360s] Level 1:colcon.colcon_core.package_discovery:discover_packages(ignore) discover
[0.360s] Level 1:colcon.colcon_core.package_discovery:discover_packages(ignore) using defaults
[0.360s] Level 1:colcon.colcon_core.package_discovery:discover_packages(path) discover
[0.360s] Level 1:colcon.colcon_core.package_discovery:discover_packages(path) using defaults
[0.380s] Level 1:colcon.colcon_core.package_discovery:discover_packages(prefix_path) check parameters
[0.380s] Level 1:colcon.colcon_core.package_discovery:discover_packages(prefix_path) discover
[0.384s] DEBUG:colcon.colcon_installed_package_information.package_discovery:Found 4 installed packages in /home/fhp/MobileRobot_ws/install
[0.384s] DEBUG:colcon.colcon_installed_package_information.package_discovery:Found 1 installed packages in /home/fhp/ROS2_Directory/Test_ws/install
[0.386s] DEBUG:colcon.colcon_installed_package_information.package_discovery:Found 335 installed packages in /opt/ros/humble
[0.387s] Level 1:colcon.colcon_core.package_discovery:discover_packages(prefix_path) using defaults
[0.440s] Level 5:colcon.colcon_core.verb:set package 'megarover_samples_ros2' build argument 'cmake_args' from command line to 'None'
[0.440s] Level 5:colcon.colcon_core.verb:set package 'megarover_samples_ros2' build argument 'cmake_target' from command line to 'None'
[0.440s] Level 5:colcon.colcon_core.verb:set package 'megarover_samples_ros2' build argument 'cmake_target_skip_unavailable' from command line to 'False'
[0.440s] Level 5:colcon.colcon_core.verb:set package 'megarover_samples_ros2' build argument 'cmake_clean_cache' from command line to 'False'
[0.440s] Level 5:colcon.colcon_core.verb:set package 'megarover_samples_ros2' build argument 'cmake_clean_first' from command line to 'False'
[0.440s] Level 5:colcon.colcon_core.verb:set package 'megarover_samples_ros2' build argument 'cmake_force_configure' from command line to 'False'
[0.440s] Level 5:colcon.colcon_core.verb:set package 'megarover_samples_ros2' build argument 'ament_cmake_args' from command line to 'None'
[0.440s] Level 5:colcon.colcon_core.verb:set package 'megarover_samples_ros2' build argument 'catkin_cmake_args' from command line to 'None'
[0.440s] Level 5:colcon.colcon_core.verb:set package 'megarover_samples_ros2' build argument 'catkin_skip_building_tests' from command line to 'False'
[0.440s] DEBUG:colcon.colcon_core.verb:Building package 'megarover_samples_ros2' with the following arguments: {'ament_cmake_args': None, 'build_base': '/home/fhp/MobileRobot_ws/build/megarover_samples_ros2', 'catkin_cmake_args': None, 'catkin_skip_building_tests': False, 'cmake_args': None, 'cmake_clean_cache': False, 'cmake_clean_first': False, 'cmake_force_configure': False, 'cmake_target': None, 'cmake_target_skip_unavailable': False, 'install_base': '/home/fhp/MobileRobot_ws/install/megarover_samples_ros2', 'merge_install': False, 'path': '/home/fhp/MobileRobot_ws/src/megarover_samples_ros2', 'symlink_install': True, 'test_result_base': None}
[0.441s] Level 5:colcon.colcon_core.verb:set package 'msg_interfaces' build argument 'cmake_args' from command line to 'None'
[0.441s] Level 5:colcon.colcon_core.verb:set package 'msg_interfaces' build argument 'cmake_target' from command line to 'None'
[0.441s] Level 5:colcon.colcon_core.verb:set package 'msg_interfaces' build argument 'cmake_target_skip_unavailable' from command line to 'False'
[0.441s] Level 5:colcon.colcon_core.verb:set package 'msg_interfaces' build argument 'cmake_clean_cache' from command line to 'False'
[0.441s] Level 5:colcon.colcon_core.verb:set package 'msg_interfaces' build argument 'cmake_clean_first' from command line to 'False'
[0.441s] Level 5:colcon.colcon_core.verb:set package 'msg_interfaces' build argument 'cmake_force_configure' from command line to 'False'
[0.441s] Level 5:colcon.colcon_core.verb:set package 'msg_interfaces' build argument 'ament_cmake_args' from command line to 'None'
[0.441s] Level 5:colcon.colcon_core.verb:set package 'msg_interfaces' build argument 'catkin_cmake_args' from command line to 'None'
[0.441s] Level 5:colcon.colcon_core.verb:set package 'msg_interfaces' build argument 'catkin_skip_building_tests' from command line to 'False'
[0.441s] DEBUG:colcon.colcon_core.verb:Building package 'msg_interfaces' with the following arguments: {'ament_cmake_args': None, 'build_base': '/home/fhp/MobileRobot_ws/build/msg_interfaces', 'catkin_cmake_args': None, 'catkin_skip_building_tests': False, 'cmake_args': None, 'cmake_clean_cache': False, 'cmake_clean_first': False, 'cmake_force_configure': False, 'cmake_target': None, 'cmake_target_skip_unavailable': False, 'install_base': '/home/fhp/MobileRobot_ws/install/msg_interfaces', 'merge_install': False, 'path': '/home/fhp/MobileRobot_ws/src/msg_interfaces', 'symlink_install': True, 'test_result_base': None}
[0.442s] Level 5:colcon.colcon_core.verb:set package 'navigation' build argument 'cmake_args' from command line to 'None'
[0.442s] Level 5:colcon.colcon_core.verb:set package 'navigation' build argument 'cmake_target' from command line to 'None'
[0.442s] Level 5:colcon.colcon_core.verb:set package 'navigation' build argument 'cmake_target_skip_unavailable' from command line to 'False'
[0.442s] Level 5:colcon.colcon_core.verb:set package 'navigation' build argument 'cmake_clean_cache' from command line to 'False'
[0.442s] Level 5:colcon.colcon_core.verb:set package 'navigation' build argument 'cmake_clean_first' from command line to 'False'
[0.442s] Level 5:colcon.colcon_core.verb:set package 'navigation' build argument 'cmake_force_configure' from command line to 'False'
[0.442s] Level 5:colcon.colcon_core.verb:set package 'navigation' build argument 'ament_cmake_args' from command line to 'None'
[0.442s] Level 5:colcon.colcon_core.verb:set package 'navigation' build argument 'catkin_cmake_args' from command line to 'None'
[0.442s] Level 5:colcon.colcon_core.verb:set package 'navigation' build argument 'catkin_skip_building_tests' from command line to 'False'
[0.442s] DEBUG:colcon.colcon_core.verb:Building package 'navigation' with the following arguments: {'ament_cmake_args': None, 'build_base': '/home/fhp/MobileRobot_ws/build/navigation', 'catkin_cmake_args': None, 'catkin_skip_building_tests': False, 'cmake_args': None, 'cmake_clean_cache': False, 'cmake_clean_first': False, 'cmake_force_configure': False, 'cmake_target': None, 'cmake_target_skip_unavailable': False, 'install_base': '/home/fhp/MobileRobot_ws/install/navigation', 'merge_install': False, 'path': '/home/fhp/MobileRobot_ws/src/navigation', 'symlink_install': True, 'test_result_base': None}
[0.442s] INFO:colcon.colcon_core.executor:Executing jobs using 'parallel' executor
[0.445s] DEBUG:colcon.colcon_parallel_executor.executor.parallel:run_until_complete
[0.445s] INFO:colcon.colcon_ros.task.ament_cmake.build:Building ROS package in '/home/fhp/MobileRobot_ws/src/megarover_samples_ros2' with build type 'ament_cmake'
[0.445s] INFO:colcon.colcon_cmake.task.cmake.build:Building CMake package in '/home/fhp/MobileRobot_ws/src/megarover_samples_ros2'
[0.451s] INFO:colcon.colcon_core.plugin_system:Skipping extension 'colcon_core.shell.bat': Not used on non-Windows systems
[0.451s] INFO:colcon.colcon_core.shell:Skip shell extension 'powershell' for command environment: Not usable outside of PowerShell
[0.451s] DEBUG:colcon.colcon_core.shell:Skip shell extension 'dsv' for command environment
[0.456s] INFO:colcon.colcon_ros.task.ament_cmake.build:Building ROS package in '/home/fhp/MobileRobot_ws/src/msg_interfaces' with build type 'ament_cmake'
[0.456s] INFO:colcon.colcon_cmake.task.cmake.build:Building CMake package in '/home/fhp/MobileRobot_ws/src/msg_interfaces'
[0.457s] INFO:colcon.colcon_core.shell:Skip shell extension 'powershell' for command environment: Not usable outside of PowerShell
[0.457s] DEBUG:colcon.colcon_core.shell:Skip shell extension 'dsv' for command environment
[0.462s] INFO:colcon.colcon_ros.task.ament_cmake.build:Building ROS package in '/home/fhp/MobileRobot_ws/src/navigation' with build type 'ament_cmake'
[0.462s] INFO:colcon.colcon_cmake.task.cmake.build:Building CMake package in '/home/fhp/MobileRobot_ws/src/navigation'
[0.463s] INFO:colcon.colcon_core.shell:Skip shell extension 'powershell' for command environment: Not usable outside of PowerShell
[0.463s] DEBUG:colcon.colcon_core.shell:Skip shell extension 'dsv' for command environment
[0.473s] DEBUG:colcon.colcon_core.event_handler.log_command:Invoking command in '/home/fhp/MobileRobot_ws/build/megarover_samples_ros2': CMAKE_PREFIX_PATH=${CMAKE_PREFIX_PATH}:/opt/ros/humble /usr/bin/cmake --build /home/fhp/MobileRobot_ws/build/megarover_samples_ros2 -- -j12 -l12
[0.478s] DEBUG:colcon.colcon_core.event_handler.log_command:Invoking command in '/home/fhp/MobileRobot_ws/build/msg_interfaces': CMAKE_PREFIX_PATH=${CMAKE_PREFIX_PATH}:/opt/ros/humble /usr/bin/cmake --build /home/fhp/MobileRobot_ws/build/msg_interfaces -- -j12 -l12
[0.482s] DEBUG:colcon.colcon_core.event_handler.log_command:Invoking command in '/home/fhp/MobileRobot_ws/build/navigation': CMAKE_PREFIX_PATH=${CMAKE_PREFIX_PATH}:/opt/ros/humble /usr/bin/cmake --build /home/fhp/MobileRobot_ws/build/navigation -- -j12 -l12
[0.518s] DEBUG:colcon.colcon_core.event_handler.log_command:Invoked command in '/home/fhp/MobileRobot_ws/build/navigation' returned '0': CMAKE_PREFIX_PATH=${CMAKE_PREFIX_PATH}:/opt/ros/humble /usr/bin/cmake --build /home/fhp/MobileRobot_ws/build/navigation -- -j12 -l12
[0.551s] DEBUG:colcon.colcon_core.event_handler.log_command:Invoking command in '/home/fhp/MobileRobot_ws/build/navigation': CMAKE_PREFIX_PATH=${CMAKE_PREFIX_PATH}:/opt/ros/humble /usr/bin/cmake --install /home/fhp/MobileRobot_ws/build/navigation
[0.591s] Level 1:colcon.colcon_core.environment:create_environment_scripts_only(navigation)
[0.594s] DEBUG:colcon.colcon_core.event_handler.log_command:Invoked command in '/home/fhp/MobileRobot_ws/build/navigation' returned '0': CMAKE_PREFIX_PATH=${CMAKE_PREFIX_PATH}:/opt/ros/humble /usr/bin/cmake --install /home/fhp/MobileRobot_ws/build/navigation
[0.603s] Level 1:colcon.colcon_core.environment:checking '/home/fhp/MobileRobot_ws/install/navigation' for CMake module files
[0.603s] Level 1:colcon.colcon_core.environment:checking '/home/fhp/MobileRobot_ws/install/navigation' for CMake config files
[0.604s] Level 1:colcon.colcon_core.shell:create_environment_hook('navigation', 'cmake_prefix_path')
[0.605s] INFO:colcon.colcon_core.shell:Creating environment hook '/home/fhp/MobileRobot_ws/install/navigation/share/navigation/hook/cmake_prefix_path.ps1'
[0.606s] INFO:colcon.colcon_core.shell:Creating environment descriptor '/home/fhp/MobileRobot_ws/install/navigation/share/navigation/hook/cmake_prefix_path.dsv'
[0.606s] INFO:colcon.colcon_core.shell:Creating environment hook '/home/fhp/MobileRobot_ws/install/navigation/share/navigation/hook/cmake_prefix_path.sh'
[0.607s] Level 1:colcon.colcon_core.environment:checking '/home/fhp/MobileRobot_ws/install/navigation/lib'
[0.608s] Level 1:colcon.colcon_core.environment:checking '/home/fhp/MobileRobot_ws/install/navigation/bin'
[0.608s] Level 1:colcon.colcon_core.environment:checking '/home/fhp/MobileRobot_ws/install/navigation/lib/pkgconfig/navigation.pc'
[0.608s] Level 1:colcon.colcon_core.environment:checking '/home/fhp/MobileRobot_ws/install/navigation/lib/python3.10/site-packages'
[0.608s] Level 1:colcon.colcon_core.environment:checking '/home/fhp/MobileRobot_ws/install/navigation/bin'
[0.610s] INFO:colcon.colcon_core.shell:Creating package script '/home/fhp/MobileRobot_ws/install/navigation/share/navigation/package.ps1'
[0.611s] INFO:colcon.colcon_core.shell:Creating package descriptor '/home/fhp/MobileRobot_ws/install/navigation/share/navigation/package.dsv'
[0.611s] INFO:colcon.colcon_core.shell:Creating package script '/home/fhp/MobileRobot_ws/install/navigation/share/navigation/package.sh'
[0.612s] INFO:colcon.colcon_core.shell:Creating package script '/home/fhp/MobileRobot_ws/install/navigation/share/navigation/package.bash'
[0.613s] INFO:colcon.colcon_core.shell:Creating package script '/home/fhp/MobileRobot_ws/install/navigation/share/navigation/package.zsh'
[0.614s] Level 1:colcon.colcon_core.environment:create_file_with_runtime_dependencies(/home/fhp/MobileRobot_ws/install/navigation/share/colcon-core/packages/navigation)
[0.635s] Level 1:colcon.colcon_core.environment:create_environment_scripts_only(navigation)
[0.638s] Level 1:colcon.colcon_core.environment:checking '/home/fhp/MobileRobot_ws/install/navigation' for CMake module files
[0.639s] Level 1:colcon.colcon_core.environment:checking '/home/fhp/MobileRobot_ws/install/navigation' for CMake config files
[0.639s] Level 1:colcon.colcon_core.shell:create_environment_hook('navigation', 'cmake_prefix_path')
[0.641s] INFO:colcon.colcon_core.shell:Creating environment hook '/home/fhp/MobileRobot_ws/install/navigation/share/navigation/hook/cmake_prefix_path.ps1'
[0.642s] INFO:colcon.colcon_core.shell:Creating environment descriptor '/home/fhp/MobileRobot_ws/install/navigation/share/navigation/hook/cmake_prefix_path.dsv'
[0.643s] INFO:colcon.colcon_core.shell:Creating environment hook '/home/fhp/MobileRobot_ws/install/navigation/share/navigation/hook/cmake_prefix_path.sh'
[0.644s] Level 1:colcon.colcon_core.environment:checking '/home/fhp/MobileRobot_ws/install/navigation/lib'
[0.644s] Level 1:colcon.colcon_core.environment:checking '/home/fhp/MobileRobot_ws/install/navigation/bin'
[0.644s] Level 1:colcon.colcon_core.environment:checking '/home/fhp/MobileRobot_ws/install/navigation/lib/pkgconfig/navigation.pc'
[0.644s] Level 1:colcon.colcon_core.environment:checking '/home/fhp/MobileRobot_ws/install/navigation/lib/python3.10/site-packages'
[0.644s] Level 1:colcon.colcon_core.environment:checking '/home/fhp/MobileRobot_ws/install/navigation/bin'
[0.646s] INFO:colcon.colcon_core.shell:Creating package script '/home/fhp/MobileRobot_ws/install/navigation/share/navigation/package.ps1'
[0.647s] INFO:colcon.colcon_core.shell:Creating package descriptor '/home/fhp/MobileRobot_ws/install/navigation/share/navigation/package.dsv'
[0.648s] INFO:colcon.colcon_core.shell:Creating package script '/home/fhp/MobileRobot_ws/install/navigation/share/navigation/package.sh'
[0.649s] INFO:colcon.colcon_core.shell:Creating package script '/home/fhp/MobileRobot_ws/install/navigation/share/navigation/package.bash'
[0.649s] INFO:colcon.colcon_core.shell:Creating package script '/home/fhp/MobileRobot_ws/install/navigation/share/navigation/package.zsh'
[0.650s] Level 1:colcon.colcon_core.environment:create_file_with_runtime_dependencies(/home/fhp/MobileRobot_ws/install/navigation/share/colcon-core/packages/navigation)
[0.867s] DEBUG:colcon.colcon_core.event_handler.log_command:Invoked command in '/home/fhp/MobileRobot_ws/build/msg_interfaces' returned '0': CMAKE_PREFIX_PATH=${CMAKE_PREFIX_PATH}:/opt/ros/humble /usr/bin/cmake --build /home/fhp/MobileRobot_ws/build/msg_interfaces -- -j12 -l12
[0.933s] DEBUG:colcon.colcon_core.event_handler.log_command:Invoking command in '/home/fhp/MobileRobot_ws/build/msg_interfaces': CMAKE_PREFIX_PATH=${CMAKE_PREFIX_PATH}:/opt/ros/humble /usr/bin/cmake --install /home/fhp/MobileRobot_ws/build/msg_interfaces
[0.998s] Level 1:colcon.colcon_core.environment:create_environment_scripts_only(msg_interfaces)
[0.999s] DEBUG:colcon.colcon_core.event_handler.log_command:Invoked command in '/home/fhp/MobileRobot_ws/build/msg_interfaces' returned '0': CMAKE_PREFIX_PATH=${CMAKE_PREFIX_PATH}:/opt/ros/humble /usr/bin/cmake --install /home/fhp/MobileRobot_ws/build/msg_interfaces
[1.002s] Level 1:colcon.colcon_core.environment:checking '/home/fhp/MobileRobot_ws/install/msg_interfaces' for CMake module files
[1.003s] Level 1:colcon.colcon_core.environment:checking '/home/fhp/MobileRobot_ws/install/msg_interfaces' for CMake config files
[1.004s] Level 1:colcon.colcon_core.shell:create_environment_hook('msg_interfaces', 'cmake_prefix_path')
[1.006s] INFO:colcon.colcon_core.shell:Creating environment hook '/home/fhp/MobileRobot_ws/install/msg_interfaces/share/msg_interfaces/hook/cmake_prefix_path.ps1'
[1.007s] INFO:colcon.colcon_core.shell:Creating environment descriptor '/home/fhp/MobileRobot_ws/install/msg_interfaces/share/msg_interfaces/hook/cmake_prefix_path.dsv'
[1.008s] INFO:colcon.colcon_core.shell:Creating environment hook '/home/fhp/MobileRobot_ws/install/msg_interfaces/share/msg_interfaces/hook/cmake_prefix_path.sh'
[1.008s] Level 1:colcon.colcon_core.environment:checking '/home/fhp/MobileRobot_ws/install/msg_interfaces/lib'
[1.009s] Level 1:colcon.colcon_core.shell:create_environment_hook('msg_interfaces', 'ld_library_path_lib')
[1.011s] INFO:colcon.colcon_core.shell:Creating environment hook '/home/fhp/MobileRobot_ws/install/msg_interfaces/share/msg_interfaces/hook/ld_library_path_lib.ps1'
[1.012s] INFO:colcon.colcon_core.shell:Creating environment descriptor '/home/fhp/MobileRobot_ws/install/msg_interfaces/share/msg_interfaces/hook/ld_library_path_lib.dsv'
[1.012s] INFO:colcon.colcon_core.shell:Creating environment hook '/home/fhp/MobileRobot_ws/install/msg_interfaces/share/msg_interfaces/hook/ld_library_path_lib.sh'
[1.013s] Level 1:colcon.colcon_core.environment:checking '/home/fhp/MobileRobot_ws/install/msg_interfaces/bin'
[1.013s] Level 1:colcon.colcon_core.environment:checking '/home/fhp/MobileRobot_ws/install/msg_interfaces/lib/pkgconfig/msg_interfaces.pc'
[1.013s] Level 1:colcon.colcon_core.environment:checking '/home/fhp/MobileRobot_ws/install/msg_interfaces/lib/python3.10/site-packages'
[1.014s] Level 1:colcon.colcon_core.environment:checking '/home/fhp/MobileRobot_ws/install/msg_interfaces/bin'
[1.016s] INFO:colcon.colcon_core.shell:Creating package script '/home/fhp/MobileRobot_ws/install/msg_interfaces/share/msg_interfaces/package.ps1'
[1.017s] INFO:colcon.colcon_core.shell:Creating package descriptor '/home/fhp/MobileRobot_ws/install/msg_interfaces/share/msg_interfaces/package.dsv'
[1.018s] INFO:colcon.colcon_core.shell:Creating package script '/home/fhp/MobileRobot_ws/install/msg_interfaces/share/msg_interfaces/package.sh'
[1.019s] INFO:colcon.colcon_core.shell:Creating package script '/home/fhp/MobileRobot_ws/install/msg_interfaces/share/msg_interfaces/package.bash'
[1.019s] INFO:colcon.colcon_core.shell:Creating package script '/home/fhp/MobileRobot_ws/install/msg_interfaces/share/msg_interfaces/package.zsh'
[1.020s] Level 1:colcon.colcon_core.environment:create_file_with_runtime_dependencies(/home/fhp/MobileRobot_ws/install/msg_interfaces/share/colcon-core/packages/msg_interfaces)
[1.083s] Level 1:colcon.colcon_core.environment:create_environment_scripts_only(msg_interfaces)
[1.085s] Level 1:colcon.colcon_core.environment:checking '/home/fhp/MobileRobot_ws/install/msg_interfaces' for CMake module files
[1.085s] Level 1:colcon.colcon_core.environment:checking '/home/fhp/MobileRobot_ws/install/msg_interfaces' for CMake config files
[1.086s] Level 1:colcon.colcon_core.shell:create_environment_hook('msg_interfaces', 'cmake_prefix_path')
[1.087s] INFO:colcon.colcon_core.shell:Creating environment hook '/home/fhp/MobileRobot_ws/install/msg_interfaces/share/msg_interfaces/hook/cmake_prefix_path.ps1'
[1.088s] INFO:colcon.colcon_core.shell:Creating environment descriptor '/home/fhp/MobileRobot_ws/install/msg_interfaces/share/msg_interfaces/hook/cmake_prefix_path.dsv'
[1.088s] INFO:colcon.colcon_core.shell:Creating environment hook '/home/fhp/MobileRobot_ws/install/msg_interfaces/share/msg_interfaces/hook/cmake_prefix_path.sh'
[1.088s] Level 1:colcon.colcon_core.environment:checking '/home/fhp/MobileRobot_ws/install/msg_interfaces/lib'
[1.088s] Level 1:colcon.colcon_core.shell:create_environment_hook('msg_interfaces', 'ld_library_path_lib')
[1.090s] INFO:colcon.colcon_core.shell:Creating environment hook '/home/fhp/MobileRobot_ws/install/msg_interfaces/share/msg_interfaces/hook/ld_library_path_lib.ps1'
[1.090s] INFO:colcon.colcon_core.shell:Creating environment descriptor '/home/fhp/MobileRobot_ws/install/msg_interfaces/share/msg_interfaces/hook/ld_library_path_lib.dsv'
[1.090s] INFO:colcon.colcon_core.shell:Creating environment hook '/home/fhp/MobileRobot_ws/install/msg_interfaces/share/msg_interfaces/hook/ld_library_path_lib.sh'
[1.091s] Level 1:colcon.colcon_core.environment:checking '/home/fhp/MobileRobot_ws/install/msg_interfaces/bin'
[1.091s] Level 1:colcon.colcon_core.environment:checking '/home/fhp/MobileRobot_ws/install/msg_interfaces/lib/pkgconfig/msg_interfaces.pc'
[1.091s] Level 1:colcon.colcon_core.environment:checking '/home/fhp/MobileRobot_ws/install/msg_interfaces/lib/python3.10/site-packages'
[1.091s] Level 1:colcon.colcon_core.environment:checking '/home/fhp/MobileRobot_ws/install/msg_interfaces/bin'
[1.093s] INFO:colcon.colcon_core.shell:Creating package script '/home/fhp/MobileRobot_ws/install/msg_interfaces/share/msg_interfaces/package.ps1'
[1.094s] INFO:colcon.colcon_core.shell:Creating package descriptor '/home/fhp/MobileRobot_ws/install/msg_interfaces/share/msg_interfaces/package.dsv'
[1.094s] INFO:colcon.colcon_core.shell:Creating package script '/home/fhp/MobileRobot_ws/install/msg_interfaces/share/msg_interfaces/package.sh'
[1.095s] INFO:colcon.colcon_core.shell:Creating package script '/home/fhp/MobileRobot_ws/install/msg_interfaces/share/msg_interfaces/package.bash'
[1.095s] INFO:colcon.colcon_core.shell:Creating package script '/home/fhp/MobileRobot_ws/install/msg_interfaces/share/msg_interfaces/package.zsh'
[1.095s] Level 1:colcon.colcon_core.environment:create_file_with_runtime_dependencies(/home/fhp/MobileRobot_ws/install/msg_interfaces/share/colcon-core/packages/msg_interfaces)
[1.156s] DEBUG:colcon.colcon_core.event_handler.log_command:Invoked command in '/home/fhp/MobileRobot_ws/build/megarover_samples_ros2' returned '0': CMAKE_PREFIX_PATH=${CMAKE_PREFIX_PATH}:/opt/ros/humble /usr/bin/cmake --build /home/fhp/MobileRobot_ws/build/megarover_samples_ros2 -- -j12 -l12
[1.179s] DEBUG:colcon.colcon_core.event_handler.log_command:Invoking command in '/home/fhp/MobileRobot_ws/build/megarover_samples_ros2': CMAKE_PREFIX_PATH=${CMAKE_PREFIX_PATH}:/opt/ros/humble /usr/bin/cmake --install /home/fhp/MobileRobot_ws/build/megarover_samples_ros2
[1.202s] Level 1:colcon.colcon_core.environment:create_environment_scripts_only(megarover_samples_ros2)
[1.204s] Level 1:colcon.colcon_core.environment:checking '/home/fhp/MobileRobot_ws/install/megarover_samples_ros2' for CMake module files
[1.204s] DEBUG:colcon.colcon_core.event_handler.log_command:Invoked command in '/home/fhp/MobileRobot_ws/build/megarover_samples_ros2' returned '0': CMAKE_PREFIX_PATH=${CMAKE_PREFIX_PATH}:/opt/ros/humble /usr/bin/cmake --install /home/fhp/MobileRobot_ws/build/megarover_samples_ros2
[1.205s] Level 1:colcon.colcon_core.environment:checking '/home/fhp/MobileRobot_ws/install/megarover_samples_ros2' for CMake config files
[1.206s] Level 1:colcon.colcon_core.shell:create_environment_hook('megarover_samples_ros2', 'cmake_prefix_path')
[1.207s] INFO:colcon.colcon_core.shell:Creating environment hook '/home/fhp/MobileRobot_ws/install/megarover_samples_ros2/share/megarover_samples_ros2/hook/cmake_prefix_path.ps1'
[1.207s] INFO:colcon.colcon_core.shell:Creating environment descriptor '/home/fhp/MobileRobot_ws/install/megarover_samples_ros2/share/megarover_samples_ros2/hook/cmake_prefix_path.dsv'
[1.207s] INFO:colcon.colcon_core.shell:Creating environment hook '/home/fhp/MobileRobot_ws/install/megarover_samples_ros2/share/megarover_samples_ros2/hook/cmake_prefix_path.sh'
[1.208s] Level 1:colcon.colcon_core.environment:checking '/home/fhp/MobileRobot_ws/install/megarover_samples_ros2/lib'
[1.208s] Level 1:colcon.colcon_core.shell:create_environment_hook('megarover_samples_ros2', 'ld_library_path_lib')
[1.209s] INFO:colcon.colcon_core.shell:Creating environment hook '/home/fhp/MobileRobot_ws/install/megarover_samples_ros2/share/megarover_samples_ros2/hook/ld_library_path_lib.ps1'
[1.210s] INFO:colcon.colcon_core.shell:Creating environment descriptor '/home/fhp/MobileRobot_ws/install/megarover_samples_ros2/share/megarover_samples_ros2/hook/ld_library_path_lib.dsv'
[1.210s] INFO:colcon.colcon_core.shell:Creating environment hook '/home/fhp/MobileRobot_ws/install/megarover_samples_ros2/share/megarover_samples_ros2/hook/ld_library_path_lib.sh'
[1.210s] Level 1:colcon.colcon_core.environment:checking '/home/fhp/MobileRobot_ws/install/megarover_samples_ros2/bin'
[1.210s] Level 1:colcon.colcon_core.environment:checking '/home/fhp/MobileRobot_ws/install/megarover_samples_ros2/lib/pkgconfig/megarover_samples_ros2.pc'
[1.210s] Level 1:colcon.colcon_core.environment:checking '/home/fhp/MobileRobot_ws/install/megarover_samples_ros2/lib/python3.10/site-packages'
[1.211s] Level 1:colcon.colcon_core.environment:checking '/home/fhp/MobileRobot_ws/install/megarover_samples_ros2/bin'
[1.212s] INFO:colcon.colcon_core.shell:Creating package script '/home/fhp/MobileRobot_ws/install/megarover_samples_ros2/share/megarover_samples_ros2/package.ps1'
[1.212s] INFO:colcon.colcon_core.shell:Creating package descriptor '/home/fhp/MobileRobot_ws/install/megarover_samples_ros2/share/megarover_samples_ros2/package.dsv'
[1.213s] INFO:colcon.colcon_core.shell:Creating package script '/home/fhp/MobileRobot_ws/install/megarover_samples_ros2/share/megarover_samples_ros2/package.sh'
[1.213s] INFO:colcon.colcon_core.shell:Creating package script '/home/fhp/MobileRobot_ws/install/megarover_samples_ros2/share/megarover_samples_ros2/package.bash'
[1.213s] INFO:colcon.colcon_core.shell:Creating package script '/home/fhp/MobileRobot_ws/install/megarover_samples_ros2/share/megarover_samples_ros2/package.zsh'
[1.214s] Level 1:colcon.colcon_core.environment:create_file_with_runtime_dependencies(/home/fhp/MobileRobot_ws/install/megarover_samples_ros2/share/colcon-core/packages/megarover_samples_ros2)
[1.234s] Level 1:colcon.colcon_core.environment:create_environment_scripts_only(megarover_samples_ros2)
[1.235s] Level 1:colcon.colcon_core.environment:checking '/home/fhp/MobileRobot_ws/install/megarover_samples_ros2' for CMake module files
[1.236s] Level 1:colcon.colcon_core.environment:checking '/home/fhp/MobileRobot_ws/install/megarover_samples_ros2' for CMake config files
[1.237s] Level 1:colcon.colcon_core.shell:create_environment_hook('megarover_samples_ros2', 'cmake_prefix_path')
[1.238s] INFO:colcon.colcon_core.shell:Creating environment hook '/home/fhp/MobileRobot_ws/install/megarover_samples_ros2/share/megarover_samples_ros2/hook/cmake_prefix_path.ps1'
[1.238s] INFO:colcon.colcon_core.shell:Creating environment descriptor '/home/fhp/MobileRobot_ws/install/megarover_samples_ros2/share/megarover_samples_ros2/hook/cmake_prefix_path.dsv'
[1.238s] INFO:colcon.colcon_core.shell:Creating environment hook '/home/fhp/MobileRobot_ws/install/megarover_samples_ros2/share/megarover_samples_ros2/hook/cmake_prefix_path.sh'
[1.239s] Level 1:colcon.colcon_core.environment:checking '/home/fhp/MobileRobot_ws/install/megarover_samples_ros2/lib'
[1.239s] Level 1:colcon.colcon_core.shell:create_environment_hook('megarover_samples_ros2', 'ld_library_path_lib')
[1.240s] INFO:colcon.colcon_core.shell:Creating environment hook '/home/fhp/MobileRobot_ws/install/megarover_samples_ros2/share/megarover_samples_ros2/hook/ld_library_path_lib.ps1'
[1.241s] INFO:colcon.colcon_core.shell:Creating environment descriptor '/home/fhp/MobileRobot_ws/install/megarover_samples_ros2/share/megarover_samples_ros2/hook/ld_library_path_lib.dsv'
[1.241s] INFO:colcon.colcon_core.shell:Creating environment hook '/home/fhp/MobileRobot_ws/install/megarover_samples_ros2/share/megarover_samples_ros2/hook/ld_library_path_lib.sh'
[1.241s] Level 1:colcon.colcon_core.environment:checking '/home/fhp/MobileRobot_ws/install/megarover_samples_ros2/bin'
[1.241s] Level 1:colcon.colcon_core.environment:checking '/home/fhp/MobileRobot_ws/install/megarover_samples_ros2/lib/pkgconfig/megarover_samples_ros2.pc'
[1.241s] Level 1:colcon.colcon_core.environment:checking '/home/fhp/MobileRobot_ws/install/megarover_samples_ros2/lib/python3.10/site-packages'
[1.242s] Level 1:colcon.colcon_core.environment:checking '/home/fhp/MobileRobot_ws/install/megarover_samples_ros2/bin'
[1.243s] INFO:colcon.colcon_core.shell:Creating package script '/home/fhp/MobileRobot_ws/install/megarover_samples_ros2/share/megarover_samples_ros2/package.ps1'
[1.243s] INFO:colcon.colcon_core.shell:Creating package descriptor '/home/fhp/MobileRobot_ws/install/megarover_samples_ros2/share/megarover_samples_ros2/package.dsv'
[1.244s] INFO:colcon.colcon_core.shell:Creating package script '/home/fhp/MobileRobot_ws/install/megarover_samples_ros2/share/megarover_samples_ros2/package.sh'
[1.244s] INFO:colcon.colcon_core.shell:Creating package script '/home/fhp/MobileRobot_ws/install/megarover_samples_ros2/share/megarover_samples_ros2/package.bash'
[1.245s] INFO:colcon.colcon_core.shell:Creating package script '/home/fhp/MobileRobot_ws/install/megarover_samples_ros2/share/megarover_samples_ros2/package.zsh'
[1.245s] Level 1:colcon.colcon_core.environment:create_file_with_runtime_dependencies(/home/fhp/MobileRobot_ws/install/megarover_samples_ros2/share/colcon-core/packages/megarover_samples_ros2)
[1.245s] DEBUG:colcon.colcon_parallel_executor.executor.parallel:closing loop
[1.246s] DEBUG:colcon.colcon_parallel_executor.executor.parallel:loop closed
[1.246s] DEBUG:colcon.colcon_parallel_executor.executor.parallel:run_until_complete finished with '0'
[1.246s] DEBUG:colcon.colcon_core.event_reactor:joining thread
[1.253s] INFO:colcon.colcon_core.plugin_system:Skipping extension 'colcon_notification.desktop_notification.terminal_notifier': Not used on non-Darwin systems
[1.254s] INFO:colcon.colcon_core.plugin_system:Skipping extension 'colcon_notification.desktop_notification.win32': Not used on non-Windows systems
[1.254s] INFO:colcon.colcon_notification.desktop_notification:Sending desktop notification using 'notify2'
[1.267s] DEBUG:colcon.colcon_core.event_reactor:joined thread
[1.269s] INFO:colcon.colcon_core.shell:Creating prefix script '/home/fhp/MobileRobot_ws/install/local_setup.ps1'
[1.271s] INFO:colcon.colcon_core.shell:Creating prefix util module '/home/fhp/MobileRobot_ws/install/_local_setup_util_ps1.py'
[1.274s] INFO:colcon.colcon_core.shell:Creating prefix chain script '/home/fhp/MobileRobot_ws/install/setup.ps1'
[1.277s] INFO:colcon.colcon_core.shell:Creating prefix script '/home/fhp/MobileRobot_ws/install/local_setup.sh'
[1.278s] INFO:colcon.colcon_core.shell:Creating prefix util module '/home/fhp/MobileRobot_ws/install/_local_setup_util_sh.py'
[1.279s] INFO:colcon.colcon_core.shell:Creating prefix chain script '/home/fhp/MobileRobot_ws/install/setup.sh'
[1.282s] INFO:colcon.colcon_core.shell:Creating prefix script '/home/fhp/MobileRobot_ws/install/local_setup.bash'
[1.283s] INFO:colcon.colcon_core.shell:Creating prefix chain script '/home/fhp/MobileRobot_ws/install/setup.bash'
[1.286s] INFO:colcon.colcon_core.shell:Creating prefix script '/home/fhp/MobileRobot_ws/install/local_setup.zsh'
[1.287s] INFO:colcon.colcon_core.shell:Creating prefix chain script '/home/fhp/MobileRobot_ws/install/setup.zsh'
