[0.043s] Invoking command in '/home/fhp/FRA532-MobileRobot/MobileRobot_ws/build/msg_interfaces': CMAKE_PREFIX_PATH=${CMAKE_PREFIX_PATH}:/opt/ros/humble /usr/bin/cmake --build /home/fhp/FRA532-MobileRobot/MobileRobot_ws/build/msg_interfaces -- -j12 -l12
[0.187s] [35m[1mConsolidate compiler generated dependencies of target msg_interfaces__rosidl_generator_c[0m
[0.216s] [  2%] Built target msg_interfaces__cpp
[0.234s] [  2%] Built target ament_cmake_python_symlink_msg_interfaces
[0.244s] [ 12%] Built target msg_interfaces__rosidl_generator_c
[0.271s] [35m[1mConsolidate compiler generated dependencies of target msg_interfaces__rosidl_typesupport_fastrtps_cpp[0m
[0.286s] [35m[1mConsolidate compiler generated dependencies of target msg_interfaces__rosidl_typesupport_cpp[0m
[0.292s] [35m[1mConsolidate compiler generated dependencies of target msg_interfaces__rosidl_typesupport_introspection_cpp[0m
[0.300s] [35m[1mConsolidate compiler generated dependencies of target msg_interfaces__rosidl_typesupport_introspection_c[0m
[0.322s] [35m[1mConsolidate compiler generated dependencies of target msg_interfaces__rosidl_typesupport_c[0m
[0.322s] [35m[1mConsolidate compiler generated dependencies of target msg_interfaces__rosidl_typesupport_fastrtps_c[0m
[0.348s] [ 23%] Built target msg_interfaces__rosidl_typesupport_fastrtps_cpp
[0.370s] [ 34%] Built target msg_interfaces__rosidl_typesupport_cpp
[0.372s] [ 46%] Built target msg_interfaces__rosidl_typesupport_c
[0.372s] [ 55%] Built target msg_interfaces__rosidl_typesupport_introspection_c
[0.381s] [ 65%] Built target msg_interfaces__rosidl_typesupport_introspection_cpp
[0.400s] [ 76%] Built target msg_interfaces__rosidl_typesupport_fastrtps_c
[0.463s] [ 76%] Built target msg_interfaces
[0.520s] [ 78%] Built target msg_interfaces__py
[0.550s] [35m[1mConsolidate compiler generated dependencies of target msg_interfaces__rosidl_generator_py[0m
[0.596s] [ 87%] Built target msg_interfaces__rosidl_generator_py
[0.619s] [35m[1mConsolidate compiler generated dependencies of target msg_interfaces__rosidl_typesupport_c__pyext[0m
[0.620s] [35m[1mConsolidate compiler generated dependencies of target msg_interfaces__rosidl_typesupport_fastrtps_c__pyext[0m
[0.620s] [35m[1mConsolidate compiler generated dependencies of target msg_interfaces__rosidl_typesupport_introspection_c__pyext[0m
[0.654s] [ 95%] Built target msg_interfaces__rosidl_typesupport_fastrtps_c__pyext
[0.656s] [ 95%] Built target msg_interfaces__rosidl_typesupport_introspection_c__pyext
[0.661s] [100%] Built target msg_interfaces__rosidl_typesupport_c__pyext
[0.845s] running egg_info
[0.846s] writing msg_interfaces.egg-info/PKG-INFO
[0.847s] writing dependency_links to msg_interfaces.egg-info/dependency_links.txt
[0.847s] writing top-level names to msg_interfaces.egg-info/top_level.txt
[0.855s] reading manifest file 'msg_interfaces.egg-info/SOURCES.txt'
[0.857s] writing manifest file 'msg_interfaces.egg-info/SOURCES.txt'
[0.984s] [100%] Built target ament_cmake_python_build_msg_interfaces_egg
[1.009s] Invoked command in '/home/fhp/FRA532-MobileRobot/MobileRobot_ws/build/msg_interfaces' returned '0': CMAKE_PREFIX_PATH=${CMAKE_PREFIX_PATH}:/opt/ros/humble /usr/bin/cmake --build /home/fhp/FRA532-MobileRobot/MobileRobot_ws/build/msg_interfaces -- -j12 -l12
[1.194s] Invoking command in '/home/fhp/FRA532-MobileRobot/MobileRobot_ws/build/msg_interfaces': CMAKE_PREFIX_PATH=${CMAKE_PREFIX_PATH}:/opt/ros/humble /usr/bin/cmake --install /home/fhp/FRA532-MobileRobot/MobileRobot_ws/build/msg_interfaces
[1.214s] -- Install configuration: ""
[1.215s] -- Execute custom install script
[1.215s] -- Up-to-date symlink: /home/fhp/FRA532-MobileRobot/MobileRobot_ws/install/msg_interfaces/share/ament_index/resource_index/rosidl_interfaces/msg_interfaces
[1.217s] -- Up-to-date symlink: /home/fhp/FRA532-MobileRobot/MobileRobot_ws/install/msg_interfaces/include/msg_interfaces/msg_interfaces/msg/rosidl_generator_c__visibility_control.h
[1.217s] -- Up-to-date symlink: /home/fhp/FRA532-MobileRobot/MobileRobot_ws/install/msg_interfaces/include/msg_interfaces/msg_interfaces/srv/command_gui.h
[1.217s] -- Up-to-date symlink: /home/fhp/FRA532-MobileRobot/MobileRobot_ws/install/msg_interfaces/include/msg_interfaces/msg_interfaces/srv/detail/command_gui__functions.h
[1.218s] -- Up-to-date symlink: /home/fhp/FRA532-MobileRobot/MobileRobot_ws/install/msg_interfaces/include/msg_interfaces/msg_interfaces/srv/detail/command_gui__struct.h
[1.218s] -- Up-to-date symlink: /home/fhp/FRA532-MobileRobot/MobileRobot_ws/install/msg_interfaces/include/msg_interfaces/msg_interfaces/srv/detail/command_gui__type_support.h
[1.218s] -- Up-to-date symlink: /home/fhp/FRA532-MobileRobot/MobileRobot_ws/install/msg_interfaces/include/msg_interfaces/msg_interfaces/srv/detail/goal_path__functions.h
[1.218s] -- Up-to-date symlink: /home/fhp/FRA532-MobileRobot/MobileRobot_ws/install/msg_interfaces/include/msg_interfaces/msg_interfaces/srv/detail/goal_path__struct.h
[1.218s] -- Up-to-date symlink: /home/fhp/FRA532-MobileRobot/MobileRobot_ws/install/msg_interfaces/include/msg_interfaces/msg_interfaces/srv/detail/goal_path__type_support.h
[1.219s] -- Up-to-date symlink: /home/fhp/FRA532-MobileRobot/MobileRobot_ws/install/msg_interfaces/include/msg_interfaces/msg_interfaces/srv/detail/send_point__functions.h
[1.219s] -- Up-to-date symlink: /home/fhp/FRA532-MobileRobot/MobileRobot_ws/install/msg_interfaces/include/msg_interfaces/msg_interfaces/srv/detail/send_point__struct.h
[1.219s] -- Up-to-date symlink: /home/fhp/FRA532-MobileRobot/MobileRobot_ws/install/msg_interfaces/include/msg_interfaces/msg_interfaces/srv/detail/send_point__type_support.h
[1.219s] -- Up-to-date symlink: /home/fhp/FRA532-MobileRobot/MobileRobot_ws/install/msg_interfaces/include/msg_interfaces/msg_interfaces/srv/goal_path.h
[1.219s] -- Up-to-date symlink: /home/fhp/FRA532-MobileRobot/MobileRobot_ws/install/msg_interfaces/include/msg_interfaces/msg_interfaces/srv/send_point.h
[1.219s] -- Up-to-date symlink: /home/fhp/FRA532-MobileRobot/MobileRobot_ws/install/msg_interfaces/share/msg_interfaces/environment/library_path.sh
[1.220s] -- Up-to-date symlink: /home/fhp/FRA532-MobileRobot/MobileRobot_ws/install/msg_interfaces/share/msg_interfaces/environment/library_path.dsv
[1.220s] -- Up-to-date symlink: /home/fhp/FRA532-MobileRobot/MobileRobot_ws/install/msg_interfaces/include/msg_interfaces/msg_interfaces/msg/rosidl_typesupport_fastrtps_c__visibility_control.h
[1.220s] -- Up-to-date symlink: /home/fhp/FRA532-MobileRobot/MobileRobot_ws/install/msg_interfaces/include/msg_interfaces/msg_interfaces/srv/detail/command_gui__rosidl_typesupport_fastrtps_c.h
[1.221s] -- Up-to-date symlink: /home/fhp/FRA532-MobileRobot/MobileRobot_ws/install/msg_interfaces/include/msg_interfaces/msg_interfaces/srv/detail/goal_path__rosidl_typesupport_fastrtps_c.h
[1.221s] -- Up-to-date symlink: /home/fhp/FRA532-MobileRobot/MobileRobot_ws/install/msg_interfaces/include/msg_interfaces/msg_interfaces/srv/detail/send_point__rosidl_typesupport_fastrtps_c.h
[1.222s] -- Up-to-date symlink: /home/fhp/FRA532-MobileRobot/MobileRobot_ws/install/msg_interfaces/include/msg_interfaces/msg_interfaces/srv/command_gui.hpp
[1.222s] -- Up-to-date symlink: /home/fhp/FRA532-MobileRobot/MobileRobot_ws/install/msg_interfaces/include/msg_interfaces/msg_interfaces/srv/detail/command_gui__builder.hpp
[1.222s] -- Up-to-date symlink: /home/fhp/FRA532-MobileRobot/MobileRobot_ws/install/msg_interfaces/include/msg_interfaces/msg_interfaces/srv/detail/command_gui__struct.hpp
[1.223s] -- Up-to-date symlink: /home/fhp/FRA532-MobileRobot/MobileRobot_ws/install/msg_interfaces/include/msg_interfaces/msg_interfaces/srv/detail/command_gui__traits.hpp
[1.224s] -- Up-to-date symlink: /home/fhp/FRA532-MobileRobot/MobileRobot_ws/install/msg_interfaces/include/msg_interfaces/msg_interfaces/srv/detail/goal_path__builder.hpp
[1.224s] -- Up-to-date symlink: /home/fhp/FRA532-MobileRobot/MobileRobot_ws/install/msg_interfaces/include/msg_interfaces/msg_interfaces/srv/detail/goal_path__struct.hpp
[1.224s] -- Up-to-date symlink: /home/fhp/FRA532-MobileRobot/MobileRobot_ws/install/msg_interfaces/include/msg_interfaces/msg_interfaces/srv/detail/goal_path__traits.hpp
[1.224s] -- Up-to-date symlink: /home/fhp/FRA532-MobileRobot/MobileRobot_ws/install/msg_interfaces/include/msg_interfaces/msg_interfaces/srv/detail/send_point__builder.hpp
[1.224s] -- Up-to-date symlink: /home/fhp/FRA532-MobileRobot/MobileRobot_ws/install/msg_interfaces/include/msg_interfaces/msg_interfaces/srv/detail/send_point__struct.hpp
[1.224s] -- Up-to-date symlink: /home/fhp/FRA532-MobileRobot/MobileRobot_ws/install/msg_interfaces/include/msg_interfaces/msg_interfaces/srv/detail/send_point__traits.hpp
[1.225s] -- Up-to-date symlink: /home/fhp/FRA532-MobileRobot/MobileRobot_ws/install/msg_interfaces/include/msg_interfaces/msg_interfaces/srv/goal_path.hpp
[1.226s] -- Up-to-date symlink: /home/fhp/FRA532-MobileRobot/MobileRobot_ws/install/msg_interfaces/include/msg_interfaces/msg_interfaces/srv/send_point.hpp
[1.227s] -- Up-to-date symlink: /home/fhp/FRA532-MobileRobot/MobileRobot_ws/install/msg_interfaces/include/msg_interfaces/msg_interfaces/msg/rosidl_typesupport_fastrtps_cpp__visibility_control.h
[1.227s] -- Up-to-date symlink: /home/fhp/FRA532-MobileRobot/MobileRobot_ws/install/msg_interfaces/include/msg_interfaces/msg_interfaces/srv/detail/command_gui__rosidl_typesupport_fastrtps_cpp.hpp
[1.227s] -- Up-to-date symlink: /home/fhp/FRA532-MobileRobot/MobileRobot_ws/install/msg_interfaces/include/msg_interfaces/msg_interfaces/srv/detail/goal_path__rosidl_typesupport_fastrtps_cpp.hpp
[1.227s] -- Up-to-date symlink: /home/fhp/FRA532-MobileRobot/MobileRobot_ws/install/msg_interfaces/include/msg_interfaces/msg_interfaces/srv/detail/send_point__rosidl_typesupport_fastrtps_cpp.hpp
[1.228s] -- Up-to-date symlink: /home/fhp/FRA532-MobileRobot/MobileRobot_ws/install/msg_interfaces/include/msg_interfaces/msg_interfaces/msg/rosidl_typesupport_introspection_c__visibility_control.h
[1.228s] -- Up-to-date symlink: /home/fhp/FRA532-MobileRobot/MobileRobot_ws/install/msg_interfaces/include/msg_interfaces/msg_interfaces/srv/detail/command_gui__rosidl_typesupport_introspection_c.h
[1.228s] -- Up-to-date symlink: /home/fhp/FRA532-MobileRobot/MobileRobot_ws/install/msg_interfaces/include/msg_interfaces/msg_interfaces/srv/detail/goal_path__rosidl_typesupport_introspection_c.h
[1.228s] -- Up-to-date symlink: /home/fhp/FRA532-MobileRobot/MobileRobot_ws/install/msg_interfaces/include/msg_interfaces/msg_interfaces/srv/detail/send_point__rosidl_typesupport_introspection_c.h
[1.229s] -- Up-to-date symlink: /home/fhp/FRA532-MobileRobot/MobileRobot_ws/install/msg_interfaces/include/msg_interfaces/msg_interfaces/srv/detail/command_gui__rosidl_typesupport_introspection_cpp.hpp
[1.229s] -- Up-to-date symlink: /home/fhp/FRA532-MobileRobot/MobileRobot_ws/install/msg_interfaces/include/msg_interfaces/msg_interfaces/srv/detail/goal_path__rosidl_typesupport_introspection_cpp.hpp
[1.230s] -- Up-to-date symlink: /home/fhp/FRA532-MobileRobot/MobileRobot_ws/install/msg_interfaces/include/msg_interfaces/msg_interfaces/srv/detail/send_point__rosidl_typesupport_introspection_cpp.hpp
[1.230s] -- Up-to-date symlink: /home/fhp/FRA532-MobileRobot/MobileRobot_ws/install/msg_interfaces/share/msg_interfaces/environment/pythonpath.sh
[1.230s] -- Up-to-date symlink: /home/fhp/FRA532-MobileRobot/MobileRobot_ws/install/msg_interfaces/share/msg_interfaces/environment/pythonpath.dsv
[1.230s] -- Up-to-date symlink: /home/fhp/FRA532-MobileRobot/MobileRobot_ws/install/msg_interfaces/local/lib/python3.10/dist-packages/msg_interfaces-0.0.0-py3.10.egg-info/PKG-INFO
[1.231s] -- Up-to-date symlink: /home/fhp/FRA532-MobileRobot/MobileRobot_ws/install/msg_interfaces/local/lib/python3.10/dist-packages/msg_interfaces-0.0.0-py3.10.egg-info/SOURCES.txt
[1.231s] -- Up-to-date symlink: /home/fhp/FRA532-MobileRobot/MobileRobot_ws/install/msg_interfaces/local/lib/python3.10/dist-packages/msg_interfaces-0.0.0-py3.10.egg-info/dependency_links.txt
[1.232s] -- Up-to-date symlink: /home/fhp/FRA532-MobileRobot/MobileRobot_ws/install/msg_interfaces/local/lib/python3.10/dist-packages/msg_interfaces-0.0.0-py3.10.egg-info/top_level.txt
[1.232s] -- Up-to-date symlink: /home/fhp/FRA532-MobileRobot/MobileRobot_ws/install/msg_interfaces/local/lib/python3.10/dist-packages/msg_interfaces/__init__.py
[1.232s] -- Up-to-date symlink: /home/fhp/FRA532-MobileRobot/MobileRobot_ws/install/msg_interfaces/local/lib/python3.10/dist-packages/msg_interfaces/_msg_interfaces_s.ep.rosidl_typesupport_c.c
[1.233s] -- Up-to-date symlink: /home/fhp/FRA532-MobileRobot/MobileRobot_ws/install/msg_interfaces/local/lib/python3.10/dist-packages/msg_interfaces/_msg_interfaces_s.ep.rosidl_typesupport_fastrtps_c.c
[1.233s] -- Up-to-date symlink: /home/fhp/FRA532-MobileRobot/MobileRobot_ws/install/msg_interfaces/local/lib/python3.10/dist-packages/msg_interfaces/_msg_interfaces_s.ep.rosidl_typesupport_introspection_c.c
[1.233s] -- Up-to-date symlink: /home/fhp/FRA532-MobileRobot/MobileRobot_ws/install/msg_interfaces/local/lib/python3.10/dist-packages/msg_interfaces/libmsg_interfaces__rosidl_generator_py.so
[1.234s] -- Up-to-date symlink: /home/fhp/FRA532-MobileRobot/MobileRobot_ws/install/msg_interfaces/local/lib/python3.10/dist-packages/msg_interfaces/msg_interfaces_s__rosidl_typesupport_c.cpython-310-x86_64-linux-gnu.so
[1.234s] -- Up-to-date symlink: /home/fhp/FRA532-MobileRobot/MobileRobot_ws/install/msg_interfaces/local/lib/python3.10/dist-packages/msg_interfaces/msg_interfaces_s__rosidl_typesupport_fastrtps_c.cpython-310-x86_64-linux-gnu.so
[1.234s] -- Up-to-date symlink: /home/fhp/FRA532-MobileRobot/MobileRobot_ws/install/msg_interfaces/local/lib/python3.10/dist-packages/msg_interfaces/msg_interfaces_s__rosidl_typesupport_introspection_c.cpython-310-x86_64-linux-gnu.so
[1.234s] -- Up-to-date symlink: /home/fhp/FRA532-MobileRobot/MobileRobot_ws/install/msg_interfaces/local/lib/python3.10/dist-packages/msg_interfaces/srv/__init__.py
[1.234s] -- Up-to-date symlink: /home/fhp/FRA532-MobileRobot/MobileRobot_ws/install/msg_interfaces/local/lib/python3.10/dist-packages/msg_interfaces/srv/_command_gui.py
[1.234s] -- Up-to-date symlink: /home/fhp/FRA532-MobileRobot/MobileRobot_ws/install/msg_interfaces/local/lib/python3.10/dist-packages/msg_interfaces/srv/_command_gui_s.c
[1.234s] -- Up-to-date symlink: /home/fhp/FRA532-MobileRobot/MobileRobot_ws/install/msg_interfaces/local/lib/python3.10/dist-packages/msg_interfaces/srv/_goal_path.py
[1.234s] -- Up-to-date symlink: /home/fhp/FRA532-MobileRobot/MobileRobot_ws/install/msg_interfaces/local/lib/python3.10/dist-packages/msg_interfaces/srv/_goal_path_s.c
[1.235s] -- Up-to-date symlink: /home/fhp/FRA532-MobileRobot/MobileRobot_ws/install/msg_interfaces/local/lib/python3.10/dist-packages/msg_interfaces/srv/_send_point.py
[1.235s] -- Up-to-date symlink: /home/fhp/FRA532-MobileRobot/MobileRobot_ws/install/msg_interfaces/local/lib/python3.10/dist-packages/msg_interfaces/srv/_send_point_s.c
[1.235s] -- Up-to-date symlink: /home/fhp/FRA532-MobileRobot/MobileRobot_ws/install/msg_interfaces/local/lib/python3.10/dist-packages/msg_interfaces/msg_interfaces_s__rosidl_typesupport_fastrtps_c.cpython-310-x86_64-linux-gnu.so
[1.236s] -- Up-to-date symlink: /home/fhp/FRA532-MobileRobot/MobileRobot_ws/install/msg_interfaces/local/lib/python3.10/dist-packages/msg_interfaces/msg_interfaces_s__rosidl_typesupport_introspection_c.cpython-310-x86_64-linux-gnu.so
[1.236s] -- Up-to-date symlink: /home/fhp/FRA532-MobileRobot/MobileRobot_ws/install/msg_interfaces/local/lib/python3.10/dist-packages/msg_interfaces/msg_interfaces_s__rosidl_typesupport_c.cpython-310-x86_64-linux-gnu.so
[1.236s] -- Up-to-date symlink: /home/fhp/FRA532-MobileRobot/MobileRobot_ws/install/msg_interfaces/share/msg_interfaces/srv/GoalPath.idl
[1.237s] -- Up-to-date symlink: /home/fhp/FRA532-MobileRobot/MobileRobot_ws/install/msg_interfaces/share/msg_interfaces/srv/SendPoint.idl
[1.237s] -- Up-to-date symlink: /home/fhp/FRA532-MobileRobot/MobileRobot_ws/install/msg_interfaces/share/msg_interfaces/srv/CommandGUI.idl
[1.237s] -- Up-to-date symlink: /home/fhp/FRA532-MobileRobot/MobileRobot_ws/install/msg_interfaces/share/msg_interfaces/srv/GoalPath.srv
[1.237s] -- Up-to-date symlink: /home/fhp/FRA532-MobileRobot/MobileRobot_ws/install/msg_interfaces/share/msg_interfaces/srv/GoalPath_Request.msg
[1.237s] -- Up-to-date symlink: /home/fhp/FRA532-MobileRobot/MobileRobot_ws/install/msg_interfaces/share/msg_interfaces/srv/GoalPath_Response.msg
[1.238s] -- Up-to-date symlink: /home/fhp/FRA532-MobileRobot/MobileRobot_ws/install/msg_interfaces/share/msg_interfaces/srv/SendPoint.srv
[1.238s] -- Up-to-date symlink: /home/fhp/FRA532-MobileRobot/MobileRobot_ws/install/msg_interfaces/share/msg_interfaces/srv/SendPoint_Request.msg
[1.238s] -- Up-to-date symlink: /home/fhp/FRA532-MobileRobot/MobileRobot_ws/install/msg_interfaces/share/msg_interfaces/srv/SendPoint_Response.msg
[1.238s] -- Up-to-date symlink: /home/fhp/FRA532-MobileRobot/MobileRobot_ws/install/msg_interfaces/share/msg_interfaces/srv/CommandGUI.srv
[1.238s] -- Up-to-date symlink: /home/fhp/FRA532-MobileRobot/MobileRobot_ws/install/msg_interfaces/share/msg_interfaces/srv/CommandGUI_Request.msg
[1.239s] -- Up-to-date symlink: /home/fhp/FRA532-MobileRobot/MobileRobot_ws/install/msg_interfaces/share/msg_interfaces/srv/CommandGUI_Response.msg
[1.239s] -- Up-to-date symlink: /home/fhp/FRA532-MobileRobot/MobileRobot_ws/install/msg_interfaces/share/ament_index/resource_index/package_run_dependencies/msg_interfaces
[1.239s] -- Up-to-date symlink: /home/fhp/FRA532-MobileRobot/MobileRobot_ws/install/msg_interfaces/share/ament_index/resource_index/parent_prefix_path/msg_interfaces
[1.239s] -- Up-to-date symlink: /home/fhp/FRA532-MobileRobot/MobileRobot_ws/install/msg_interfaces/share/msg_interfaces/environment/ament_prefix_path.sh
[1.239s] -- Up-to-date symlink: /home/fhp/FRA532-MobileRobot/MobileRobot_ws/install/msg_interfaces/share/msg_interfaces/environment/ament_prefix_path.dsv
[1.240s] -- Up-to-date symlink: /home/fhp/FRA532-MobileRobot/MobileRobot_ws/install/msg_interfaces/share/msg_interfaces/environment/path.sh
[1.240s] -- Up-to-date symlink: /home/fhp/FRA532-MobileRobot/MobileRobot_ws/install/msg_interfaces/share/msg_interfaces/environment/path.dsv
[1.240s] -- Up-to-date symlink: /home/fhp/FRA532-MobileRobot/MobileRobot_ws/install/msg_interfaces/share/msg_interfaces/local_setup.bash
[1.240s] -- Up-to-date symlink: /home/fhp/FRA532-MobileRobot/MobileRobot_ws/install/msg_interfaces/share/msg_interfaces/local_setup.sh
[1.240s] -- Up-to-date symlink: /home/fhp/FRA532-MobileRobot/MobileRobot_ws/install/msg_interfaces/share/msg_interfaces/local_setup.zsh
[1.240s] -- Up-to-date symlink: /home/fhp/FRA532-MobileRobot/MobileRobot_ws/install/msg_interfaces/share/msg_interfaces/local_setup.dsv
[1.241s] -- Symlinking: /home/fhp/FRA532-MobileRobot/MobileRobot_ws/install/msg_interfaces/share/msg_interfaces/package.dsv
[1.264s] -- Up-to-date symlink: /home/fhp/FRA532-MobileRobot/MobileRobot_ws/install/msg_interfaces/share/ament_index/resource_index/packages/msg_interfaces
[1.264s] -- Up-to-date symlink: /home/fhp/FRA532-MobileRobot/MobileRobot_ws/install/msg_interfaces/share/msg_interfaces/cmake/rosidl_cmake-extras.cmake
[1.264s] -- Up-to-date symlink: /home/fhp/FRA532-MobileRobot/MobileRobot_ws/install/msg_interfaces/share/msg_interfaces/cmake/ament_cmake_export_dependencies-extras.cmake
[1.264s] -- Up-to-date symlink: /home/fhp/FRA532-MobileRobot/MobileRobot_ws/install/msg_interfaces/share/msg_interfaces/cmake/ament_cmake_export_include_directories-extras.cmake
[1.265s] -- Up-to-date symlink: /home/fhp/FRA532-MobileRobot/MobileRobot_ws/install/msg_interfaces/share/msg_interfaces/cmake/ament_cmake_export_libraries-extras.cmake
[1.265s] -- Up-to-date symlink: /home/fhp/FRA532-MobileRobot/MobileRobot_ws/install/msg_interfaces/share/msg_interfaces/cmake/ament_cmake_export_targets-extras.cmake
[1.265s] -- Up-to-date symlink: /home/fhp/FRA532-MobileRobot/MobileRobot_ws/install/msg_interfaces/share/msg_interfaces/cmake/rosidl_cmake_export_typesupport_targets-extras.cmake
[1.266s] -- Up-to-date symlink: /home/fhp/FRA532-MobileRobot/MobileRobot_ws/install/msg_interfaces/share/msg_interfaces/cmake/rosidl_cmake_export_typesupport_libraries-extras.cmake
[1.266s] -- Up-to-date symlink: /home/fhp/FRA532-MobileRobot/MobileRobot_ws/install/msg_interfaces/share/msg_interfaces/cmake/msg_interfacesConfig.cmake
[1.266s] -- Up-to-date symlink: /home/fhp/FRA532-MobileRobot/MobileRobot_ws/install/msg_interfaces/share/msg_interfaces/cmake/msg_interfacesConfig-version.cmake
[1.266s] -- Up-to-date symlink: /home/fhp/FRA532-MobileRobot/MobileRobot_ws/install/msg_interfaces/share/msg_interfaces/package.xml
[1.268s] -- Up-to-date: /home/fhp/FRA532-MobileRobot/MobileRobot_ws/install/msg_interfaces/lib/libmsg_interfaces__rosidl_generator_c.so
[1.268s] -- Up-to-date: /home/fhp/FRA532-MobileRobot/MobileRobot_ws/install/msg_interfaces/lib/libmsg_interfaces__rosidl_typesupport_fastrtps_c.so
[1.269s] -- Up-to-date: /home/fhp/FRA532-MobileRobot/MobileRobot_ws/install/msg_interfaces/lib/libmsg_interfaces__rosidl_typesupport_fastrtps_cpp.so
[1.269s] -- Up-to-date: /home/fhp/FRA532-MobileRobot/MobileRobot_ws/install/msg_interfaces/lib/libmsg_interfaces__rosidl_typesupport_introspection_c.so
[1.269s] -- Up-to-date: /home/fhp/FRA532-MobileRobot/MobileRobot_ws/install/msg_interfaces/lib/libmsg_interfaces__rosidl_typesupport_c.so
[1.270s] -- Up-to-date: /home/fhp/FRA532-MobileRobot/MobileRobot_ws/install/msg_interfaces/lib/libmsg_interfaces__rosidl_typesupport_introspection_cpp.so
[1.270s] -- Up-to-date: /home/fhp/FRA532-MobileRobot/MobileRobot_ws/install/msg_interfaces/lib/libmsg_interfaces__rosidl_typesupport_cpp.so
[1.330s] Listing '/home/fhp/FRA532-MobileRobot/MobileRobot_ws/install/msg_interfaces/local/lib/python3.10/dist-packages/msg_interfaces'...
[1.330s] Listing '/home/fhp/FRA532-MobileRobot/MobileRobot_ws/install/msg_interfaces/local/lib/python3.10/dist-packages/msg_interfaces/srv'...
[1.356s] -- Up-to-date: /home/fhp/FRA532-MobileRobot/MobileRobot_ws/install/msg_interfaces/lib/libmsg_interfaces__rosidl_generator_py.so
[1.357s] -- Up-to-date: /home/fhp/FRA532-MobileRobot/MobileRobot_ws/install/msg_interfaces/share/msg_interfaces/cmake/export_msg_interfaces__rosidl_generator_cExport.cmake
[1.357s] -- Up-to-date: /home/fhp/FRA532-MobileRobot/MobileRobot_ws/install/msg_interfaces/share/msg_interfaces/cmake/export_msg_interfaces__rosidl_generator_cExport-noconfig.cmake
[1.357s] -- Up-to-date: /home/fhp/FRA532-MobileRobot/MobileRobot_ws/install/msg_interfaces/share/msg_interfaces/cmake/export_msg_interfaces__rosidl_typesupport_fastrtps_cExport.cmake
[1.358s] -- Up-to-date: /home/fhp/FRA532-MobileRobot/MobileRobot_ws/install/msg_interfaces/share/msg_interfaces/cmake/export_msg_interfaces__rosidl_typesupport_fastrtps_cExport-noconfig.cmake
[1.358s] -- Up-to-date: /home/fhp/FRA532-MobileRobot/MobileRobot_ws/install/msg_interfaces/share/msg_interfaces/cmake/export_msg_interfaces__rosidl_generator_cppExport.cmake
[1.359s] -- Up-to-date: /home/fhp/FRA532-MobileRobot/MobileRobot_ws/install/msg_interfaces/share/msg_interfaces/cmake/export_msg_interfaces__rosidl_typesupport_fastrtps_cppExport.cmake
[1.359s] -- Up-to-date: /home/fhp/FRA532-MobileRobot/MobileRobot_ws/install/msg_interfaces/share/msg_interfaces/cmake/export_msg_interfaces__rosidl_typesupport_fastrtps_cppExport-noconfig.cmake
[1.359s] -- Up-to-date: /home/fhp/FRA532-MobileRobot/MobileRobot_ws/install/msg_interfaces/share/msg_interfaces/cmake/msg_interfaces__rosidl_typesupport_introspection_cExport.cmake
[1.359s] -- Up-to-date: /home/fhp/FRA532-MobileRobot/MobileRobot_ws/install/msg_interfaces/share/msg_interfaces/cmake/msg_interfaces__rosidl_typesupport_introspection_cExport-noconfig.cmake
[1.360s] -- Up-to-date: /home/fhp/FRA532-MobileRobot/MobileRobot_ws/install/msg_interfaces/share/msg_interfaces/cmake/msg_interfaces__rosidl_typesupport_cExport.cmake
[1.360s] -- Up-to-date: /home/fhp/FRA532-MobileRobot/MobileRobot_ws/install/msg_interfaces/share/msg_interfaces/cmake/msg_interfaces__rosidl_typesupport_cExport-noconfig.cmake
[1.360s] -- Up-to-date: /home/fhp/FRA532-MobileRobot/MobileRobot_ws/install/msg_interfaces/share/msg_interfaces/cmake/msg_interfaces__rosidl_typesupport_introspection_cppExport.cmake
[1.360s] -- Up-to-date: /home/fhp/FRA532-MobileRobot/MobileRobot_ws/install/msg_interfaces/share/msg_interfaces/cmake/msg_interfaces__rosidl_typesupport_introspection_cppExport-noconfig.cmake
[1.361s] -- Up-to-date: /home/fhp/FRA532-MobileRobot/MobileRobot_ws/install/msg_interfaces/share/msg_interfaces/cmake/msg_interfaces__rosidl_typesupport_cppExport.cmake
[1.361s] -- Up-to-date: /home/fhp/FRA532-MobileRobot/MobileRobot_ws/install/msg_interfaces/share/msg_interfaces/cmake/msg_interfaces__rosidl_typesupport_cppExport-noconfig.cmake
[1.361s] -- Up-to-date: /home/fhp/FRA532-MobileRobot/MobileRobot_ws/install/msg_interfaces/share/msg_interfaces/cmake/export_msg_interfaces__rosidl_generator_pyExport.cmake
[1.361s] -- Up-to-date: /home/fhp/FRA532-MobileRobot/MobileRobot_ws/install/msg_interfaces/share/msg_interfaces/cmake/export_msg_interfaces__rosidl_generator_pyExport-noconfig.cmake
[1.370s] Invoked command in '/home/fhp/FRA532-MobileRobot/MobileRobot_ws/build/msg_interfaces' returned '0': CMAKE_PREFIX_PATH=${CMAKE_PREFIX_PATH}:/opt/ros/humble /usr/bin/cmake --install /home/fhp/FRA532-MobileRobot/MobileRobot_ws/build/msg_interfaces
