[0.025s] Invoking command in '/home/fhp/FRA532-MobileRobot/MobileRobot_ws/build/msg_interfaces': CMAKE_PREFIX_PATH=${CMAKE_PREFIX_PATH}:/opt/ros/humble /usr/bin/cmake --build /home/fhp/FRA532-MobileRobot/MobileRobot_ws/build/msg_interfaces -- -j12 -l12
[0.109s] [  1%] Built target msg_interfaces__cpp
[0.120s] [  3%] Built target ament_cmake_python_symlink_msg_interfaces
[0.121s] [ 12%] Built target msg_interfaces__rosidl_generator_c
[0.161s] [ 23%] Built target msg_interfaces__rosidl_typesupport_cpp
[0.161s] [ 34%] Built target msg_interfaces__rosidl_typesupport_introspection_cpp
[0.166s] [ 45%] Built target msg_interfaces__rosidl_typesupport_c
[0.166s] [ 56%] Built target msg_interfaces__rosidl_typesupport_fastrtps_cpp
[0.167s] [ 78%] Built target msg_interfaces__rosidl_typesupport_fastrtps_c
[0.167s] [ 78%] Built target msg_interfaces__rosidl_typesupport_introspection_c
[0.194s] [ 78%] Built target msg_interfaces
[0.218s] [ 80%] Built target msg_interfaces__py
[0.248s] [ 89%] Built target msg_interfaces__rosidl_generator_py
[0.275s] [100%] Built target msg_interfaces__rosidl_typesupport_c__pyext
[0.275s] [100%] Built target msg_interfaces__rosidl_typesupport_introspection_c__pyext
[0.275s] [100%] Built target msg_interfaces__rosidl_typesupport_fastrtps_c__pyext
[0.440s] running egg_info
[0.441s] writing msg_interfaces.egg-info/PKG-INFO
[0.441s] writing dependency_links to msg_interfaces.egg-info/dependency_links.txt
[0.441s] writing top-level names to msg_interfaces.egg-info/top_level.txt
[0.444s] reading manifest file 'msg_interfaces.egg-info/SOURCES.txt'
[0.446s] writing manifest file 'msg_interfaces.egg-info/SOURCES.txt'
[0.492s] [100%] Built target ament_cmake_python_build_msg_interfaces_egg
[0.512s] Invoked command in '/home/fhp/FRA532-MobileRobot/MobileRobot_ws/build/msg_interfaces' returned '0': CMAKE_PREFIX_PATH=${CMAKE_PREFIX_PATH}:/opt/ros/humble /usr/bin/cmake --build /home/fhp/FRA532-MobileRobot/MobileRobot_ws/build/msg_interfaces -- -j12 -l12
[0.620s] Invoking command in '/home/fhp/FRA532-MobileRobot/MobileRobot_ws/build/msg_interfaces': CMAKE_PREFIX_PATH=${CMAKE_PREFIX_PATH}:/opt/ros/humble /usr/bin/cmake --install /home/fhp/FRA532-MobileRobot/MobileRobot_ws/build/msg_interfaces
[0.634s] -- Install configuration: ""
[0.634s] -- Execute custom install script
[0.635s] -- Up-to-date symlink: /home/fhp/FRA532-MobileRobot/MobileRobot_ws/install/msg_interfaces/share/ament_index/resource_index/rosidl_interfaces/msg_interfaces
[0.636s] -- Up-to-date symlink: /home/fhp/FRA532-MobileRobot/MobileRobot_ws/install/msg_interfaces/include/msg_interfaces/msg_interfaces/msg/rosidl_generator_c__visibility_control.h
[0.636s] -- Up-to-date symlink: /home/fhp/FRA532-MobileRobot/MobileRobot_ws/install/msg_interfaces/include/msg_interfaces/msg_interfaces/srv/command_gui.h
[0.636s] -- Up-to-date symlink: /home/fhp/FRA532-MobileRobot/MobileRobot_ws/install/msg_interfaces/include/msg_interfaces/msg_interfaces/srv/detail/command_gui__functions.h
[0.637s] -- Up-to-date symlink: /home/fhp/FRA532-MobileRobot/MobileRobot_ws/install/msg_interfaces/include/msg_interfaces/msg_interfaces/srv/detail/command_gui__struct.h
[0.637s] -- Up-to-date symlink: /home/fhp/FRA532-MobileRobot/MobileRobot_ws/install/msg_interfaces/include/msg_interfaces/msg_interfaces/srv/detail/command_gui__type_support.h
[0.637s] -- Up-to-date symlink: /home/fhp/FRA532-MobileRobot/MobileRobot_ws/install/msg_interfaces/include/msg_interfaces/msg_interfaces/srv/detail/goal_path__functions.h
[0.637s] -- Up-to-date symlink: /home/fhp/FRA532-MobileRobot/MobileRobot_ws/install/msg_interfaces/include/msg_interfaces/msg_interfaces/srv/detail/goal_path__struct.h
[0.637s] -- Up-to-date symlink: /home/fhp/FRA532-MobileRobot/MobileRobot_ws/install/msg_interfaces/include/msg_interfaces/msg_interfaces/srv/detail/goal_path__type_support.h
[0.638s] -- Up-to-date symlink: /home/fhp/FRA532-MobileRobot/MobileRobot_ws/install/msg_interfaces/include/msg_interfaces/msg_interfaces/srv/detail/local_path__functions.h
[0.638s] -- Up-to-date symlink: /home/fhp/FRA532-MobileRobot/MobileRobot_ws/install/msg_interfaces/include/msg_interfaces/msg_interfaces/srv/detail/local_path__struct.h
[0.638s] -- Up-to-date symlink: /home/fhp/FRA532-MobileRobot/MobileRobot_ws/install/msg_interfaces/include/msg_interfaces/msg_interfaces/srv/detail/local_path__type_support.h
[0.638s] -- Up-to-date symlink: /home/fhp/FRA532-MobileRobot/MobileRobot_ws/install/msg_interfaces/include/msg_interfaces/msg_interfaces/srv/detail/send_point__functions.h
[0.638s] -- Up-to-date symlink: /home/fhp/FRA532-MobileRobot/MobileRobot_ws/install/msg_interfaces/include/msg_interfaces/msg_interfaces/srv/detail/send_point__struct.h
[0.639s] -- Up-to-date symlink: /home/fhp/FRA532-MobileRobot/MobileRobot_ws/install/msg_interfaces/include/msg_interfaces/msg_interfaces/srv/detail/send_point__type_support.h
[0.639s] -- Up-to-date symlink: /home/fhp/FRA532-MobileRobot/MobileRobot_ws/install/msg_interfaces/include/msg_interfaces/msg_interfaces/srv/goal_path.h
[0.639s] -- Up-to-date symlink: /home/fhp/FRA532-MobileRobot/MobileRobot_ws/install/msg_interfaces/include/msg_interfaces/msg_interfaces/srv/local_path.h
[0.639s] -- Up-to-date symlink: /home/fhp/FRA532-MobileRobot/MobileRobot_ws/install/msg_interfaces/include/msg_interfaces/msg_interfaces/srv/send_point.h
[0.640s] -- Up-to-date symlink: /home/fhp/FRA532-MobileRobot/MobileRobot_ws/install/msg_interfaces/share/msg_interfaces/environment/library_path.sh
[0.640s] -- Up-to-date symlink: /home/fhp/FRA532-MobileRobot/MobileRobot_ws/install/msg_interfaces/share/msg_interfaces/environment/library_path.dsv
[0.641s] -- Up-to-date symlink: /home/fhp/FRA532-MobileRobot/MobileRobot_ws/install/msg_interfaces/include/msg_interfaces/msg_interfaces/msg/rosidl_typesupport_fastrtps_c__visibility_control.h
[0.641s] -- Up-to-date symlink: /home/fhp/FRA532-MobileRobot/MobileRobot_ws/install/msg_interfaces/include/msg_interfaces/msg_interfaces/srv/detail/command_gui__rosidl_typesupport_fastrtps_c.h
[0.641s] -- Up-to-date symlink: /home/fhp/FRA532-MobileRobot/MobileRobot_ws/install/msg_interfaces/include/msg_interfaces/msg_interfaces/srv/detail/goal_path__rosidl_typesupport_fastrtps_c.h
[0.641s] -- Up-to-date symlink: /home/fhp/FRA532-MobileRobot/MobileRobot_ws/install/msg_interfaces/include/msg_interfaces/msg_interfaces/srv/detail/local_path__rosidl_typesupport_fastrtps_c.h
[0.641s] -- Up-to-date symlink: /home/fhp/FRA532-MobileRobot/MobileRobot_ws/install/msg_interfaces/include/msg_interfaces/msg_interfaces/srv/detail/send_point__rosidl_typesupport_fastrtps_c.h
[0.642s] -- Up-to-date symlink: /home/fhp/FRA532-MobileRobot/MobileRobot_ws/install/msg_interfaces/include/msg_interfaces/msg_interfaces/srv/command_gui.hpp
[0.642s] -- Up-to-date symlink: /home/fhp/FRA532-MobileRobot/MobileRobot_ws/install/msg_interfaces/include/msg_interfaces/msg_interfaces/srv/detail/command_gui__builder.hpp
[0.642s] -- Up-to-date symlink: /home/fhp/FRA532-MobileRobot/MobileRobot_ws/install/msg_interfaces/include/msg_interfaces/msg_interfaces/srv/detail/command_gui__struct.hpp
[0.643s] -- Up-to-date symlink: /home/fhp/FRA532-MobileRobot/MobileRobot_ws/install/msg_interfaces/include/msg_interfaces/msg_interfaces/srv/detail/command_gui__traits.hpp
[0.643s] -- Up-to-date symlink: /home/fhp/FRA532-MobileRobot/MobileRobot_ws/install/msg_interfaces/include/msg_interfaces/msg_interfaces/srv/detail/goal_path__builder.hpp
[0.643s] -- Up-to-date symlink: /home/fhp/FRA532-MobileRobot/MobileRobot_ws/install/msg_interfaces/include/msg_interfaces/msg_interfaces/srv/detail/goal_path__struct.hpp
[0.643s] -- Up-to-date symlink: /home/fhp/FRA532-MobileRobot/MobileRobot_ws/install/msg_interfaces/include/msg_interfaces/msg_interfaces/srv/detail/goal_path__traits.hpp
[0.643s] -- Up-to-date symlink: /home/fhp/FRA532-MobileRobot/MobileRobot_ws/install/msg_interfaces/include/msg_interfaces/msg_interfaces/srv/detail/local_path__builder.hpp
[0.644s] -- Up-to-date symlink: /home/fhp/FRA532-MobileRobot/MobileRobot_ws/install/msg_interfaces/include/msg_interfaces/msg_interfaces/srv/detail/local_path__struct.hpp
[0.644s] -- Up-to-date symlink: /home/fhp/FRA532-MobileRobot/MobileRobot_ws/install/msg_interfaces/include/msg_interfaces/msg_interfaces/srv/detail/local_path__traits.hpp
[0.644s] -- Up-to-date symlink: /home/fhp/FRA532-MobileRobot/MobileRobot_ws/install/msg_interfaces/include/msg_interfaces/msg_interfaces/srv/detail/send_point__builder.hpp
[0.645s] -- Up-to-date symlink: /home/fhp/FRA532-MobileRobot/MobileRobot_ws/install/msg_interfaces/include/msg_interfaces/msg_interfaces/srv/detail/send_point__struct.hpp
[0.645s] -- Up-to-date symlink: /home/fhp/FRA532-MobileRobot/MobileRobot_ws/install/msg_interfaces/include/msg_interfaces/msg_interfaces/srv/detail/send_point__traits.hpp
[0.645s] -- Up-to-date symlink: /home/fhp/FRA532-MobileRobot/MobileRobot_ws/install/msg_interfaces/include/msg_interfaces/msg_interfaces/srv/goal_path.hpp
[0.645s] -- Up-to-date symlink: /home/fhp/FRA532-MobileRobot/MobileRobot_ws/install/msg_interfaces/include/msg_interfaces/msg_interfaces/srv/local_path.hpp
[0.645s] -- Up-to-date symlink: /home/fhp/FRA532-MobileRobot/MobileRobot_ws/install/msg_interfaces/include/msg_interfaces/msg_interfaces/srv/send_point.hpp
[0.646s] -- Up-to-date symlink: /home/fhp/FRA532-MobileRobot/MobileRobot_ws/install/msg_interfaces/include/msg_interfaces/msg_interfaces/msg/rosidl_typesupport_fastrtps_cpp__visibility_control.h
[0.646s] -- Up-to-date symlink: /home/fhp/FRA532-MobileRobot/MobileRobot_ws/install/msg_interfaces/include/msg_interfaces/msg_interfaces/srv/detail/command_gui__rosidl_typesupport_fastrtps_cpp.hpp
[0.646s] -- Up-to-date symlink: /home/fhp/FRA532-MobileRobot/MobileRobot_ws/install/msg_interfaces/include/msg_interfaces/msg_interfaces/srv/detail/goal_path__rosidl_typesupport_fastrtps_cpp.hpp
[0.646s] -- Up-to-date symlink: /home/fhp/FRA532-MobileRobot/MobileRobot_ws/install/msg_interfaces/include/msg_interfaces/msg_interfaces/srv/detail/local_path__rosidl_typesupport_fastrtps_cpp.hpp
[0.647s] -- Up-to-date symlink: /home/fhp/FRA532-MobileRobot/MobileRobot_ws/install/msg_interfaces/include/msg_interfaces/msg_interfaces/srv/detail/send_point__rosidl_typesupport_fastrtps_cpp.hpp
[0.647s] -- Up-to-date symlink: /home/fhp/FRA532-MobileRobot/MobileRobot_ws/install/msg_interfaces/include/msg_interfaces/msg_interfaces/msg/rosidl_typesupport_introspection_c__visibility_control.h
[0.647s] -- Up-to-date symlink: /home/fhp/FRA532-MobileRobot/MobileRobot_ws/install/msg_interfaces/include/msg_interfaces/msg_interfaces/srv/detail/command_gui__rosidl_typesupport_introspection_c.h
[0.647s] -- Up-to-date symlink: /home/fhp/FRA532-MobileRobot/MobileRobot_ws/install/msg_interfaces/include/msg_interfaces/msg_interfaces/srv/detail/goal_path__rosidl_typesupport_introspection_c.h
[0.647s] -- Up-to-date symlink: /home/fhp/FRA532-MobileRobot/MobileRobot_ws/install/msg_interfaces/include/msg_interfaces/msg_interfaces/srv/detail/local_path__rosidl_typesupport_introspection_c.h
[0.648s] -- Up-to-date symlink: /home/fhp/FRA532-MobileRobot/MobileRobot_ws/install/msg_interfaces/include/msg_interfaces/msg_interfaces/srv/detail/send_point__rosidl_typesupport_introspection_c.h
[0.648s] -- Up-to-date symlink: /home/fhp/FRA532-MobileRobot/MobileRobot_ws/install/msg_interfaces/include/msg_interfaces/msg_interfaces/srv/detail/command_gui__rosidl_typesupport_introspection_cpp.hpp
[0.648s] -- Up-to-date symlink: /home/fhp/FRA532-MobileRobot/MobileRobot_ws/install/msg_interfaces/include/msg_interfaces/msg_interfaces/srv/detail/goal_path__rosidl_typesupport_introspection_cpp.hpp
[0.648s] -- Up-to-date symlink: /home/fhp/FRA532-MobileRobot/MobileRobot_ws/install/msg_interfaces/include/msg_interfaces/msg_interfaces/srv/detail/local_path__rosidl_typesupport_introspection_cpp.hpp
[0.649s] -- Up-to-date symlink: /home/fhp/FRA532-MobileRobot/MobileRobot_ws/install/msg_interfaces/include/msg_interfaces/msg_interfaces/srv/detail/send_point__rosidl_typesupport_introspection_cpp.hpp
[0.649s] -- Up-to-date symlink: /home/fhp/FRA532-MobileRobot/MobileRobot_ws/install/msg_interfaces/share/msg_interfaces/environment/pythonpath.sh
[0.649s] -- Up-to-date symlink: /home/fhp/FRA532-MobileRobot/MobileRobot_ws/install/msg_interfaces/share/msg_interfaces/environment/pythonpath.dsv
[0.649s] -- Up-to-date symlink: /home/fhp/FRA532-MobileRobot/MobileRobot_ws/install/msg_interfaces/local/lib/python3.10/dist-packages/msg_interfaces-0.0.0-py3.10.egg-info/PKG-INFO
[0.649s] -- Up-to-date symlink: /home/fhp/FRA532-MobileRobot/MobileRobot_ws/install/msg_interfaces/local/lib/python3.10/dist-packages/msg_interfaces-0.0.0-py3.10.egg-info/SOURCES.txt
[0.649s] -- Up-to-date symlink: /home/fhp/FRA532-MobileRobot/MobileRobot_ws/install/msg_interfaces/local/lib/python3.10/dist-packages/msg_interfaces-0.0.0-py3.10.egg-info/dependency_links.txt
[0.650s] -- Up-to-date symlink: /home/fhp/FRA532-MobileRobot/MobileRobot_ws/install/msg_interfaces/local/lib/python3.10/dist-packages/msg_interfaces-0.0.0-py3.10.egg-info/top_level.txt
[0.650s] -- Up-to-date symlink: /home/fhp/FRA532-MobileRobot/MobileRobot_ws/install/msg_interfaces/local/lib/python3.10/dist-packages/msg_interfaces/__init__.py
[0.650s] -- Up-to-date symlink: /home/fhp/FRA532-MobileRobot/MobileRobot_ws/install/msg_interfaces/local/lib/python3.10/dist-packages/msg_interfaces/_msg_interfaces_s.ep.rosidl_typesupport_c.c
[0.650s] -- Up-to-date symlink: /home/fhp/FRA532-MobileRobot/MobileRobot_ws/install/msg_interfaces/local/lib/python3.10/dist-packages/msg_interfaces/_msg_interfaces_s.ep.rosidl_typesupport_fastrtps_c.c
[0.650s] -- Up-to-date symlink: /home/fhp/FRA532-MobileRobot/MobileRobot_ws/install/msg_interfaces/local/lib/python3.10/dist-packages/msg_interfaces/_msg_interfaces_s.ep.rosidl_typesupport_introspection_c.c
[0.650s] -- Up-to-date symlink: /home/fhp/FRA532-MobileRobot/MobileRobot_ws/install/msg_interfaces/local/lib/python3.10/dist-packages/msg_interfaces/libmsg_interfaces__rosidl_generator_py.so
[0.651s] -- Up-to-date symlink: /home/fhp/FRA532-MobileRobot/MobileRobot_ws/install/msg_interfaces/local/lib/python3.10/dist-packages/msg_interfaces/msg_interfaces_s__rosidl_typesupport_c.cpython-310-x86_64-linux-gnu.so
[0.651s] -- Up-to-date symlink: /home/fhp/FRA532-MobileRobot/MobileRobot_ws/install/msg_interfaces/local/lib/python3.10/dist-packages/msg_interfaces/msg_interfaces_s__rosidl_typesupport_fastrtps_c.cpython-310-x86_64-linux-gnu.so
[0.651s] -- Up-to-date symlink: /home/fhp/FRA532-MobileRobot/MobileRobot_ws/install/msg_interfaces/local/lib/python3.10/dist-packages/msg_interfaces/msg_interfaces_s__rosidl_typesupport_introspection_c.cpython-310-x86_64-linux-gnu.so
[0.651s] -- Up-to-date symlink: /home/fhp/FRA532-MobileRobot/MobileRobot_ws/install/msg_interfaces/local/lib/python3.10/dist-packages/msg_interfaces/srv/__init__.py
[0.651s] -- Up-to-date symlink: /home/fhp/FRA532-MobileRobot/MobileRobot_ws/install/msg_interfaces/local/lib/python3.10/dist-packages/msg_interfaces/srv/_command_gui.py
[0.651s] -- Up-to-date symlink: /home/fhp/FRA532-MobileRobot/MobileRobot_ws/install/msg_interfaces/local/lib/python3.10/dist-packages/msg_interfaces/srv/_command_gui_s.c
[0.651s] -- Up-to-date symlink: /home/fhp/FRA532-MobileRobot/MobileRobot_ws/install/msg_interfaces/local/lib/python3.10/dist-packages/msg_interfaces/srv/_goal_path.py
[0.651s] -- Up-to-date symlink: /home/fhp/FRA532-MobileRobot/MobileRobot_ws/install/msg_interfaces/local/lib/python3.10/dist-packages/msg_interfaces/srv/_goal_path_s.c
[0.651s] -- Up-to-date symlink: /home/fhp/FRA532-MobileRobot/MobileRobot_ws/install/msg_interfaces/local/lib/python3.10/dist-packages/msg_interfaces/srv/_local_path.py
[0.651s] -- Up-to-date symlink: /home/fhp/FRA532-MobileRobot/MobileRobot_ws/install/msg_interfaces/local/lib/python3.10/dist-packages/msg_interfaces/srv/_local_path_s.c
[0.651s] -- Up-to-date symlink: /home/fhp/FRA532-MobileRobot/MobileRobot_ws/install/msg_interfaces/local/lib/python3.10/dist-packages/msg_interfaces/srv/_send_point.py
[0.651s] -- Up-to-date symlink: /home/fhp/FRA532-MobileRobot/MobileRobot_ws/install/msg_interfaces/local/lib/python3.10/dist-packages/msg_interfaces/srv/_send_point_s.c
[0.652s] -- Up-to-date symlink: /home/fhp/FRA532-MobileRobot/MobileRobot_ws/install/msg_interfaces/local/lib/python3.10/dist-packages/msg_interfaces/msg_interfaces_s__rosidl_typesupport_fastrtps_c.cpython-310-x86_64-linux-gnu.so
[0.652s] -- Up-to-date symlink: /home/fhp/FRA532-MobileRobot/MobileRobot_ws/install/msg_interfaces/local/lib/python3.10/dist-packages/msg_interfaces/msg_interfaces_s__rosidl_typesupport_introspection_c.cpython-310-x86_64-linux-gnu.so
[0.652s] -- Up-to-date symlink: /home/fhp/FRA532-MobileRobot/MobileRobot_ws/install/msg_interfaces/local/lib/python3.10/dist-packages/msg_interfaces/msg_interfaces_s__rosidl_typesupport_c.cpython-310-x86_64-linux-gnu.so
[0.653s] -- Up-to-date symlink: /home/fhp/FRA532-MobileRobot/MobileRobot_ws/install/msg_interfaces/share/msg_interfaces/srv/GoalPath.idl
[0.653s] -- Up-to-date symlink: /home/fhp/FRA532-MobileRobot/MobileRobot_ws/install/msg_interfaces/share/msg_interfaces/srv/SendPoint.idl
[0.653s] -- Up-to-date symlink: /home/fhp/FRA532-MobileRobot/MobileRobot_ws/install/msg_interfaces/share/msg_interfaces/srv/CommandGUI.idl
[0.654s] -- Up-to-date symlink: /home/fhp/FRA532-MobileRobot/MobileRobot_ws/install/msg_interfaces/share/msg_interfaces/srv/LocalPath.idl
[0.654s] -- Up-to-date symlink: /home/fhp/FRA532-MobileRobot/MobileRobot_ws/install/msg_interfaces/share/msg_interfaces/srv/GoalPath.srv
[0.654s] -- Up-to-date symlink: /home/fhp/FRA532-MobileRobot/MobileRobot_ws/install/msg_interfaces/share/msg_interfaces/srv/GoalPath_Request.msg
[0.654s] -- Up-to-date symlink: /home/fhp/FRA532-MobileRobot/MobileRobot_ws/install/msg_interfaces/share/msg_interfaces/srv/GoalPath_Response.msg
[0.655s] -- Up-to-date symlink: /home/fhp/FRA532-MobileRobot/MobileRobot_ws/install/msg_interfaces/share/msg_interfaces/srv/SendPoint.srv
[0.655s] -- Up-to-date symlink: /home/fhp/FRA532-MobileRobot/MobileRobot_ws/install/msg_interfaces/share/msg_interfaces/srv/SendPoint_Request.msg
[0.655s] -- Up-to-date symlink: /home/fhp/FRA532-MobileRobot/MobileRobot_ws/install/msg_interfaces/share/msg_interfaces/srv/SendPoint_Response.msg
[0.656s] -- Up-to-date symlink: /home/fhp/FRA532-MobileRobot/MobileRobot_ws/install/msg_interfaces/share/msg_interfaces/srv/CommandGUI.srv
[0.656s] -- Up-to-date symlink: /home/fhp/FRA532-MobileRobot/MobileRobot_ws/install/msg_interfaces/share/msg_interfaces/srv/CommandGUI_Request.msg
[0.656s] -- Up-to-date symlink: /home/fhp/FRA532-MobileRobot/MobileRobot_ws/install/msg_interfaces/share/msg_interfaces/srv/CommandGUI_Response.msg
[0.656s] -- Up-to-date symlink: /home/fhp/FRA532-MobileRobot/MobileRobot_ws/install/msg_interfaces/share/msg_interfaces/srv/LocalPath.srv
[0.657s] -- Up-to-date symlink: /home/fhp/FRA532-MobileRobot/MobileRobot_ws/install/msg_interfaces/share/msg_interfaces/srv/LocalPath_Request.msg
[0.657s] -- Up-to-date symlink: /home/fhp/FRA532-MobileRobot/MobileRobot_ws/install/msg_interfaces/share/msg_interfaces/srv/LocalPath_Response.msg
[0.658s] -- Up-to-date symlink: /home/fhp/FRA532-MobileRobot/MobileRobot_ws/install/msg_interfaces/share/ament_index/resource_index/package_run_dependencies/msg_interfaces
[0.658s] -- Up-to-date symlink: /home/fhp/FRA532-MobileRobot/MobileRobot_ws/install/msg_interfaces/share/ament_index/resource_index/parent_prefix_path/msg_interfaces
[0.658s] -- Up-to-date symlink: /home/fhp/FRA532-MobileRobot/MobileRobot_ws/install/msg_interfaces/share/msg_interfaces/environment/ament_prefix_path.sh
[0.658s] -- Up-to-date symlink: /home/fhp/FRA532-MobileRobot/MobileRobot_ws/install/msg_interfaces/share/msg_interfaces/environment/ament_prefix_path.dsv
[0.658s] -- Up-to-date symlink: /home/fhp/FRA532-MobileRobot/MobileRobot_ws/install/msg_interfaces/share/msg_interfaces/environment/path.sh
[0.659s] -- Up-to-date symlink: /home/fhp/FRA532-MobileRobot/MobileRobot_ws/install/msg_interfaces/share/msg_interfaces/environment/path.dsv
[0.659s] -- Up-to-date symlink: /home/fhp/FRA532-MobileRobot/MobileRobot_ws/install/msg_interfaces/share/msg_interfaces/local_setup.bash
[0.659s] -- Up-to-date symlink: /home/fhp/FRA532-MobileRobot/MobileRobot_ws/install/msg_interfaces/share/msg_interfaces/local_setup.sh
[0.659s] -- Up-to-date symlink: /home/fhp/FRA532-MobileRobot/MobileRobot_ws/install/msg_interfaces/share/msg_interfaces/local_setup.zsh
[0.659s] -- Up-to-date symlink: /home/fhp/FRA532-MobileRobot/MobileRobot_ws/install/msg_interfaces/share/msg_interfaces/local_setup.dsv
[0.660s] -- Symlinking: /home/fhp/FRA532-MobileRobot/MobileRobot_ws/install/msg_interfaces/share/msg_interfaces/package.dsv
[0.668s] -- Up-to-date symlink: /home/fhp/FRA532-MobileRobot/MobileRobot_ws/install/msg_interfaces/share/ament_index/resource_index/packages/msg_interfaces
[0.669s] -- Up-to-date symlink: /home/fhp/FRA532-MobileRobot/MobileRobot_ws/install/msg_interfaces/share/msg_interfaces/cmake/rosidl_cmake-extras.cmake
[0.669s] -- Up-to-date symlink: /home/fhp/FRA532-MobileRobot/MobileRobot_ws/install/msg_interfaces/share/msg_interfaces/cmake/ament_cmake_export_dependencies-extras.cmake
[0.669s] -- Up-to-date symlink: /home/fhp/FRA532-MobileRobot/MobileRobot_ws/install/msg_interfaces/share/msg_interfaces/cmake/ament_cmake_export_include_directories-extras.cmake
[0.669s] -- Up-to-date symlink: /home/fhp/FRA532-MobileRobot/MobileRobot_ws/install/msg_interfaces/share/msg_interfaces/cmake/ament_cmake_export_libraries-extras.cmake
[0.670s] -- Up-to-date symlink: /home/fhp/FRA532-MobileRobot/MobileRobot_ws/install/msg_interfaces/share/msg_interfaces/cmake/ament_cmake_export_targets-extras.cmake
[0.670s] -- Up-to-date symlink: /home/fhp/FRA532-MobileRobot/MobileRobot_ws/install/msg_interfaces/share/msg_interfaces/cmake/rosidl_cmake_export_typesupport_targets-extras.cmake
[0.670s] -- Up-to-date symlink: /home/fhp/FRA532-MobileRobot/MobileRobot_ws/install/msg_interfaces/share/msg_interfaces/cmake/rosidl_cmake_export_typesupport_libraries-extras.cmake
[0.670s] -- Up-to-date symlink: /home/fhp/FRA532-MobileRobot/MobileRobot_ws/install/msg_interfaces/share/msg_interfaces/cmake/msg_interfacesConfig.cmake
[0.671s] -- Up-to-date symlink: /home/fhp/FRA532-MobileRobot/MobileRobot_ws/install/msg_interfaces/share/msg_interfaces/cmake/msg_interfacesConfig-version.cmake
[0.671s] -- Up-to-date symlink: /home/fhp/FRA532-MobileRobot/MobileRobot_ws/install/msg_interfaces/share/msg_interfaces/package.xml
[0.671s] -- Up-to-date: /home/fhp/FRA532-MobileRobot/MobileRobot_ws/install/msg_interfaces/lib/libmsg_interfaces__rosidl_generator_c.so
[0.671s] -- Up-to-date: /home/fhp/FRA532-MobileRobot/MobileRobot_ws/install/msg_interfaces/lib/libmsg_interfaces__rosidl_typesupport_fastrtps_c.so
[0.672s] -- Up-to-date: /home/fhp/FRA532-MobileRobot/MobileRobot_ws/install/msg_interfaces/lib/libmsg_interfaces__rosidl_typesupport_fastrtps_cpp.so
[0.673s] -- Up-to-date: /home/fhp/FRA532-MobileRobot/MobileRobot_ws/install/msg_interfaces/lib/libmsg_interfaces__rosidl_typesupport_introspection_c.so
[0.673s] -- Up-to-date: /home/fhp/FRA532-MobileRobot/MobileRobot_ws/install/msg_interfaces/lib/libmsg_interfaces__rosidl_typesupport_c.so
[0.674s] -- Up-to-date: /home/fhp/FRA532-MobileRobot/MobileRobot_ws/install/msg_interfaces/lib/libmsg_interfaces__rosidl_typesupport_introspection_cpp.so
[0.674s] -- Up-to-date: /home/fhp/FRA532-MobileRobot/MobileRobot_ws/install/msg_interfaces/lib/libmsg_interfaces__rosidl_typesupport_cpp.so
[0.700s] Listing '/home/fhp/FRA532-MobileRobot/MobileRobot_ws/install/msg_interfaces/local/lib/python3.10/dist-packages/msg_interfaces'...
[0.700s] Listing '/home/fhp/FRA532-MobileRobot/MobileRobot_ws/install/msg_interfaces/local/lib/python3.10/dist-packages/msg_interfaces/srv'...
[0.705s] -- Up-to-date: /home/fhp/FRA532-MobileRobot/MobileRobot_ws/install/msg_interfaces/lib/libmsg_interfaces__rosidl_generator_py.so
[0.707s] -- Up-to-date: /home/fhp/FRA532-MobileRobot/MobileRobot_ws/install/msg_interfaces/share/msg_interfaces/cmake/export_msg_interfaces__rosidl_generator_cExport.cmake
[0.707s] -- Up-to-date: /home/fhp/FRA532-MobileRobot/MobileRobot_ws/install/msg_interfaces/share/msg_interfaces/cmake/export_msg_interfaces__rosidl_generator_cExport-noconfig.cmake
[0.707s] -- Up-to-date: /home/fhp/FRA532-MobileRobot/MobileRobot_ws/install/msg_interfaces/share/msg_interfaces/cmake/export_msg_interfaces__rosidl_typesupport_fastrtps_cExport.cmake
[0.707s] -- Up-to-date: /home/fhp/FRA532-MobileRobot/MobileRobot_ws/install/msg_interfaces/share/msg_interfaces/cmake/export_msg_interfaces__rosidl_typesupport_fastrtps_cExport-noconfig.cmake
[0.707s] -- Up-to-date: /home/fhp/FRA532-MobileRobot/MobileRobot_ws/install/msg_interfaces/share/msg_interfaces/cmake/export_msg_interfaces__rosidl_generator_cppExport.cmake
[0.708s] -- Up-to-date: /home/fhp/FRA532-MobileRobot/MobileRobot_ws/install/msg_interfaces/share/msg_interfaces/cmake/export_msg_interfaces__rosidl_typesupport_fastrtps_cppExport.cmake
[0.708s] -- Up-to-date: /home/fhp/FRA532-MobileRobot/MobileRobot_ws/install/msg_interfaces/share/msg_interfaces/cmake/export_msg_interfaces__rosidl_typesupport_fastrtps_cppExport-noconfig.cmake
[0.708s] -- Up-to-date: /home/fhp/FRA532-MobileRobot/MobileRobot_ws/install/msg_interfaces/share/msg_interfaces/cmake/msg_interfaces__rosidl_typesupport_introspection_cExport.cmake
[0.708s] -- Up-to-date: /home/fhp/FRA532-MobileRobot/MobileRobot_ws/install/msg_interfaces/share/msg_interfaces/cmake/msg_interfaces__rosidl_typesupport_introspection_cExport-noconfig.cmake
[0.708s] -- Up-to-date: /home/fhp/FRA532-MobileRobot/MobileRobot_ws/install/msg_interfaces/share/msg_interfaces/cmake/msg_interfaces__rosidl_typesupport_cExport.cmake
[0.709s] -- Up-to-date: /home/fhp/FRA532-MobileRobot/MobileRobot_ws/install/msg_interfaces/share/msg_interfaces/cmake/msg_interfaces__rosidl_typesupport_cExport-noconfig.cmake
[0.709s] -- Up-to-date: /home/fhp/FRA532-MobileRobot/MobileRobot_ws/install/msg_interfaces/share/msg_interfaces/cmake/msg_interfaces__rosidl_typesupport_introspection_cppExport.cmake
[0.709s] -- Up-to-date: /home/fhp/FRA532-MobileRobot/MobileRobot_ws/install/msg_interfaces/share/msg_interfaces/cmake/msg_interfaces__rosidl_typesupport_introspection_cppExport-noconfig.cmake
[0.709s] -- Up-to-date: /home/fhp/FRA532-MobileRobot/MobileRobot_ws/install/msg_interfaces/share/msg_interfaces/cmake/msg_interfaces__rosidl_typesupport_cppExport.cmake
[0.709s] -- Up-to-date: /home/fhp/FRA532-MobileRobot/MobileRobot_ws/install/msg_interfaces/share/msg_interfaces/cmake/msg_interfaces__rosidl_typesupport_cppExport-noconfig.cmake
[0.710s] -- Up-to-date: /home/fhp/FRA532-MobileRobot/MobileRobot_ws/install/msg_interfaces/share/msg_interfaces/cmake/export_msg_interfaces__rosidl_generator_pyExport.cmake
[0.710s] -- Up-to-date: /home/fhp/FRA532-MobileRobot/MobileRobot_ws/install/msg_interfaces/share/msg_interfaces/cmake/export_msg_interfaces__rosidl_generator_pyExport-noconfig.cmake
[0.714s] Invoked command in '/home/fhp/FRA532-MobileRobot/MobileRobot_ws/build/msg_interfaces' returned '0': CMAKE_PREFIX_PATH=${CMAKE_PREFIX_PATH}:/opt/ros/humble /usr/bin/cmake --install /home/fhp/FRA532-MobileRobot/MobileRobot_ws/build/msg_interfaces
