[0.020s] Invoking command in '/home/fhp/MobileRobot_ws/build/navigation': CMAKE_PREFIX_PATH=${CMAKE_PREFIX_PATH}:/opt/ros/humble /usr/bin/cmake /home/fhp/MobileRobot_ws/src/navigation -DAMENT_CMAKE_SYMLINK_INSTALL=1 -DCMAKE_INSTALL_PREFIX=/home/fhp/MobileRobot_ws/install/navigation
[0.133s] -- The C compiler identification is GNU 11.3.0
[0.221s] -- The CXX compiler identification is GNU 11.3.0
[0.230s] -- Detecting C compiler ABI info
[0.292s] -- Detecting C compiler ABI info - done
[0.299s] -- Check for working C compiler: /usr/bin/cc - skipped
[0.300s] -- Detecting C compile features
[0.300s] -- Detecting C compile features - done
[0.303s] -- Detecting CXX compiler ABI info
[0.380s] -- Detecting CXX compiler ABI info - done
[0.386s] -- Check for working CXX compiler: /usr/bin/c++ - skipped
[0.387s] -- Detecting CXX compile features
[0.387s] -- Detecting CXX compile features - done
[0.390s] -- Found ament_cmake: 1.3.3 (/opt/ros/humble/share/ament_cmake/cmake)
[0.582s] -- Found Python3: /usr/bin/python3.10 (found version "3.10.6") found components: Interpreter 
[0.641s] -- Override CMake install command with custom implementation using symlinks instead of copying resources
[0.664s] -- Found ament_lint_auto: 0.12.5 (/opt/ros/humble/share/ament_lint_auto/cmake)
[0.734s] -- Added test 'flake8' to check Python code syntax and style conventions
[0.735s] -- Added test 'lint_cmake' to check CMake code style
[0.735s] -- Added test 'pep257' to check Python code against some of the docstring style conventions in PEP 257
[0.736s] -- Added test 'xmllint' to check XML markup files
[0.738s] -- Configuring done
[0.740s] -- Generating done
[0.741s] -- Build files have been written to: /home/fhp/MobileRobot_ws/build/navigation
[0.745s] Invoked command in '/home/fhp/MobileRobot_ws/build/navigation' returned '0': CMAKE_PREFIX_PATH=${CMAKE_PREFIX_PATH}:/opt/ros/humble /usr/bin/cmake /home/fhp/MobileRobot_ws/src/navigation -DAMENT_CMAKE_SYMLINK_INSTALL=1 -DCMAKE_INSTALL_PREFIX=/home/fhp/MobileRobot_ws/install/navigation
[0.747s] Invoking command in '/home/fhp/MobileRobot_ws/build/navigation': CMAKE_PREFIX_PATH=${CMAKE_PREFIX_PATH}:/opt/ros/humble /usr/bin/cmake --build /home/fhp/MobileRobot_ws/build/navigation -- -j12 -l12
[0.781s] Invoked command in '/home/fhp/MobileRobot_ws/build/navigation' returned '0': CMAKE_PREFIX_PATH=${CMAKE_PREFIX_PATH}:/opt/ros/humble /usr/bin/cmake --build /home/fhp/MobileRobot_ws/build/navigation -- -j12 -l12
[0.796s] Invoking command in '/home/fhp/MobileRobot_ws/build/navigation': CMAKE_PREFIX_PATH=${CMAKE_PREFIX_PATH}:/opt/ros/humble /usr/bin/cmake --install /home/fhp/MobileRobot_ws/build/navigation
[0.803s] -- Install configuration: ""
[0.803s] -- Execute custom install script
[0.803s] -- Symlinking: /home/fhp/MobileRobot_ws/install/navigation/lib/navigation/grid_mapping.py
[0.810s] -- Symlinking: /home/fhp/MobileRobot_ws/install/navigation/lib/navigation/GlobalPlanning_A-star.py
[0.818s] -- Symlinking: /home/fhp/MobileRobot_ws/install/navigation/lib/navigation/path_tracking.py
[0.825s] -- Symlinking: /home/fhp/MobileRobot_ws/install/navigation/lib/navigation/Behavior_server.py
[0.833s] -- Symlinking: /home/fhp/MobileRobot_ws/install/navigation/share/ament_index/resource_index/package_run_dependencies/navigation
[0.841s] -- Symlinking: /home/fhp/MobileRobot_ws/install/navigation/share/ament_index/resource_index/parent_prefix_path/navigation
[0.848s] -- Symlinking: /home/fhp/MobileRobot_ws/install/navigation/share/navigation/environment/ament_prefix_path.sh
[0.855s] -- Symlinking: /home/fhp/MobileRobot_ws/install/navigation/share/navigation/environment/ament_prefix_path.dsv
[0.863s] -- Symlinking: /home/fhp/MobileRobot_ws/install/navigation/share/navigation/environment/path.sh
[0.870s] -- Symlinking: /home/fhp/MobileRobot_ws/install/navigation/share/navigation/environment/path.dsv
[0.878s] -- Symlinking: /home/fhp/MobileRobot_ws/install/navigation/share/navigation/local_setup.bash
[0.886s] -- Symlinking: /home/fhp/MobileRobot_ws/install/navigation/share/navigation/local_setup.sh
[0.893s] -- Symlinking: /home/fhp/MobileRobot_ws/install/navigation/share/navigation/local_setup.zsh
[0.902s] -- Symlinking: /home/fhp/MobileRobot_ws/install/navigation/share/navigation/local_setup.dsv
[0.910s] -- Symlinking: /home/fhp/MobileRobot_ws/install/navigation/share/navigation/package.dsv
[0.918s] -- Symlinking: /home/fhp/MobileRobot_ws/install/navigation/share/ament_index/resource_index/packages/navigation
[0.926s] -- Symlinking: /home/fhp/MobileRobot_ws/install/navigation/share/navigation/cmake/navigationConfig.cmake
[0.934s] -- Symlinking: /home/fhp/MobileRobot_ws/install/navigation/share/navigation/cmake/navigationConfig-version.cmake
[0.942s] -- Symlinking: /home/fhp/MobileRobot_ws/install/navigation/share/navigation/package.xml
[0.957s] Invoked command in '/home/fhp/MobileRobot_ws/build/navigation' returned '0': CMAKE_PREFIX_PATH=${CMAKE_PREFIX_PATH}:/opt/ros/humble /usr/bin/cmake --install /home/fhp/MobileRobot_ws/build/navigation
