[ 15%] Built target pub_odom
[ 15%] Built target megarover_samples_ros2__rosidl_generator_c
[ 18%] Built target megarover_samples_ros2__cpp
[ 18%] Built target ament_cmake_python_symlink_megarover_samples_ros2
[ 30%] Built target megarover_samples_ros2__rosidl_typesupport_introspection_c
[ 36%] Built target megarover_samples_ros2__rosidl_typesupport_c
[ 63%] Built target megarover_samples_ros2__rosidl_typesupport_fastrtps_cpp
[ 63%] Built target megarover_samples_ros2__rosidl_typesupport_introspection_cpp
[ 63%] Built target megarover_samples_ros2__rosidl_typesupport_fastrtps_c
[ 72%] Built target megarover_samples_ros2__rosidl_typesupport_cpp
[ 72%] Built target megarover_samples_ros2
[ 75%] Built target megarover_samples_ros2__py
[ 81%] Built target megarover_samples_ros2__rosidl_generator_py
[ 93%] Built target megarover_samples_ros2__rosidl_typesupport_c__pyext
[ 93%] Built target megarover_samples_ros2__rosidl_typesupport_fastrtps_c__pyext
[100%] Built target megarover_samples_ros2__rosidl_typesupport_introspection_c__pyext
running egg_info
writing megarover_samples_ros2.egg-info/PKG-INFO
writing dependency_links to megarover_samples_ros2.egg-info/dependency_links.txt
writing top-level names to megarover_samples_ros2.egg-info/top_level.txt
reading manifest file 'megarover_samples_ros2.egg-info/SOURCES.txt'
writing manifest file 'megarover_samples_ros2.egg-info/SOURCES.txt'
[100%] Built target ament_cmake_python_build_megarover_samples_ros2_egg
-- Install configuration: ""
-- Execute custom install script
-- Up-to-date symlink: /home/fhp/MobileRobot_ws/install/megarover_samples_ros2/lib/megarover_samples_ros2/pub_odom
-- Up-to-date symlink: /home/fhp/MobileRobot_ws/install/megarover_samples_ros2/share/megarover_samples_ros2/config/diff_drive_controller.yaml
-- Up-to-date symlink: /home/fhp/MobileRobot_ws/install/megarover_samples_ros2/share/megarover_samples_ros2/config/mapper_params_online_sync.yaml
-- Up-to-date symlink: /home/fhp/MobileRobot_ws/install/megarover_samples_ros2/share/megarover_samples_ros2/config/navigation_param.yaml
-- Up-to-date symlink: /home/fhp/MobileRobot_ws/install/megarover_samples_ros2/share/megarover_samples_ros2/launch/__pycache__/vmegarover_mapping.launch.cpython-310.pyc
-- Up-to-date symlink: /home/fhp/MobileRobot_ws/install/megarover_samples_ros2/share/megarover_samples_ros2/launch/__pycache__/vmegarover_with_sample_world.launch.cpython-310.pyc
-- Up-to-date symlink: /home/fhp/MobileRobot_ws/install/megarover_samples_ros2/share/megarover_samples_ros2/launch/robot_state_publisher.launch.py
-- Up-to-date symlink: /home/fhp/MobileRobot_ws/install/megarover_samples_ros2/share/megarover_samples_ros2/launch/vmegarover_mapping.launch.py
-- Up-to-date symlink: /home/fhp/MobileRobot_ws/install/megarover_samples_ros2/share/megarover_samples_ros2/launch/vmegarover_navigation.launch.py
-- Up-to-date symlink: /home/fhp/MobileRobot_ws/install/megarover_samples_ros2/share/megarover_samples_ros2/launch/vmegarover_save_map.launch.py
-- Up-to-date symlink: /home/fhp/MobileRobot_ws/install/megarover_samples_ros2/share/megarover_samples_ros2/launch/vmegarover_with_empty_world.launch.py
-- Up-to-date symlink: /home/fhp/MobileRobot_ws/install/megarover_samples_ros2/share/megarover_samples_ros2/launch/vmegarover_with_sample_world.launch.py
-- Up-to-date symlink: /home/fhp/MobileRobot_ws/install/megarover_samples_ros2/share/megarover_samples_ros2/maps/vmegarover_samplemap.pgm
-- Up-to-date symlink: /home/fhp/MobileRobot_ws/install/megarover_samples_ros2/share/megarover_samples_ros2/maps/vmegarover_samplemap.yaml
-- Up-to-date symlink: /home/fhp/MobileRobot_ws/install/megarover_samples_ros2/share/megarover_samples_ros2/models/vmegarover/meshes/dae/lrf.dae
-- Up-to-date symlink: /home/fhp/MobileRobot_ws/install/megarover_samples_ros2/share/megarover_samples_ros2/models/vmegarover/meshes/dae/main_body.dae
-- Up-to-date symlink: /home/fhp/MobileRobot_ws/install/megarover_samples_ros2/share/megarover_samples_ros2/models/vmegarover/meshes/dae/megarover.dae
-- Up-to-date symlink: /home/fhp/MobileRobot_ws/install/megarover_samples_ros2/share/megarover_samples_ros2/models/vmegarover/meshes/dae/r5.png
-- Up-to-date symlink: /home/fhp/MobileRobot_ws/install/megarover_samples_ros2/share/megarover_samples_ros2/models/vmegarover/meshes/dae/r5_lrf.png
-- Up-to-date symlink: /home/fhp/MobileRobot_ws/install/megarover_samples_ros2/share/megarover_samples_ros2/models/vmegarover/meshes/dae/vmega_body.dae
-- Up-to-date symlink: /home/fhp/MobileRobot_ws/install/megarover_samples_ros2/share/megarover_samples_ros2/models/vmegarover/meshes/dae/vmega_wheel.dae
-- Up-to-date symlink: /home/fhp/MobileRobot_ws/install/megarover_samples_ros2/share/megarover_samples_ros2/models/vmegarover/meshes/stl/lrf.stl
-- Up-to-date symlink: /home/fhp/MobileRobot_ws/install/megarover_samples_ros2/share/megarover_samples_ros2/models/vmegarover/meshes/stl/megarover.stl
-- Up-to-date symlink: /home/fhp/MobileRobot_ws/install/megarover_samples_ros2/share/megarover_samples_ros2/models/vmegarover/meshes/stl/vmega_body.stl
-- Up-to-date symlink: /home/fhp/MobileRobot_ws/install/megarover_samples_ros2/share/megarover_samples_ros2/models/vmegarover/meshes/stl/vmega_wheel.stl
-- Up-to-date symlink: /home/fhp/MobileRobot_ws/install/megarover_samples_ros2/share/megarover_samples_ros2/robots/vmegarover.urdf.xacro
-- Up-to-date symlink: /home/fhp/MobileRobot_ws/install/megarover_samples_ros2/share/megarover_samples_ros2/rviz/mapping.rviz
-- Up-to-date symlink: /home/fhp/MobileRobot_ws/install/megarover_samples_ros2/share/megarover_samples_ros2/rviz/navigation.rviz
-- Up-to-date symlink: /home/fhp/MobileRobot_ws/install/megarover_samples_ros2/share/megarover_samples_ros2/scripts/A_star.py
-- Up-to-date symlink: /home/fhp/MobileRobot_ws/install/megarover_samples_ros2/share/megarover_samples_ros2/scripts/create_fix_urdf.py
-- Up-to-date symlink: /home/fhp/MobileRobot_ws/install/megarover_samples_ros2/share/megarover_samples_ros2/scripts/follow_object.py
-- Up-to-date symlink: /home/fhp/MobileRobot_ws/install/megarover_samples_ros2/share/megarover_samples_ros2/scripts/grid_mapping.py
-- Up-to-date symlink: /home/fhp/MobileRobot_ws/install/megarover_samples_ros2/share/megarover_samples_ros2/scripts/pure_pursuit.py
-- Up-to-date symlink: /home/fhp/MobileRobot_ws/install/megarover_samples_ros2/share/megarover_samples_ros2/scripts/test.py
-- Up-to-date symlink: /home/fhp/MobileRobot_ws/install/megarover_samples_ros2/share/megarover_samples_ros2/scripts/test2.py
-- Up-to-date symlink: /home/fhp/MobileRobot_ws/install/megarover_samples_ros2/share/megarover_samples_ros2/urdf/body/body.gazebo.xacro
-- Up-to-date symlink: /home/fhp/MobileRobot_ws/install/megarover_samples_ros2/share/megarover_samples_ros2/urdf/body/vbody.urdf.xacro
-- Up-to-date symlink: /home/fhp/MobileRobot_ws/install/megarover_samples_ros2/share/megarover_samples_ros2/urdf/common.xacro
-- Up-to-date symlink: /home/fhp/MobileRobot_ws/install/megarover_samples_ros2/share/megarover_samples_ros2/urdf/lrf/lrf.gazebo.xacro
-- Up-to-date symlink: /home/fhp/MobileRobot_ws/install/megarover_samples_ros2/share/megarover_samples_ros2/urdf/lrf/lrf.urdf.xacro
-- Up-to-date symlink: /home/fhp/MobileRobot_ws/install/megarover_samples_ros2/share/megarover_samples_ros2/urdf/wheel/vwheel.urdf.xacro
-- Up-to-date symlink: /home/fhp/MobileRobot_ws/install/megarover_samples_ros2/share/megarover_samples_ros2/urdf/wheel/wheel.gazebo.xacro
-- Up-to-date symlink: /home/fhp/MobileRobot_ws/install/megarover_samples_ros2/share/megarover_samples_ros2/worlds/vmegarover_sample.world
-- Up-to-date symlink: /home/fhp/MobileRobot_ws/install/megarover_samples_ros2/lib/megarover_samples_ros2/follow_object.py
-- Up-to-date symlink: /home/fhp/MobileRobot_ws/install/megarover_samples_ros2/lib/megarover_samples_ros2/grid_mapping.py
-- Up-to-date symlink: /home/fhp/MobileRobot_ws/install/megarover_samples_ros2/lib/megarover_samples_ros2/pure_pursuit.py
-- Up-to-date symlink: /home/fhp/MobileRobot_ws/install/megarover_samples_ros2/lib/megarover_samples_ros2/A_star.py
-- Up-to-date symlink: /home/fhp/MobileRobot_ws/install/megarover_samples_ros2/lib/megarover_samples_ros2/test.py
-- Up-to-date symlink: /home/fhp/MobileRobot_ws/install/megarover_samples_ros2/share/ament_index/resource_index/rosidl_interfaces/megarover_samples_ros2
-- Up-to-date symlink: /home/fhp/MobileRobot_ws/install/megarover_samples_ros2/include/megarover_samples_ros2/megarover_samples_ros2/msg/rosidl_generator_c__visibility_control.h
-- Up-to-date symlink: /home/fhp/MobileRobot_ws/install/megarover_samples_ros2/include/megarover_samples_ros2/megarover_samples_ros2/srv/detail/goal_path__functions.h
-- Up-to-date symlink: /home/fhp/MobileRobot_ws/install/megarover_samples_ros2/include/megarover_samples_ros2/megarover_samples_ros2/srv/detail/goal_path__struct.h
-- Up-to-date symlink: /home/fhp/MobileRobot_ws/install/megarover_samples_ros2/include/megarover_samples_ros2/megarover_samples_ros2/srv/detail/goal_path__type_support.h
-- Up-to-date symlink: /home/fhp/MobileRobot_ws/install/megarover_samples_ros2/include/megarover_samples_ros2/megarover_samples_ros2/srv/goal_path.h
-- Up-to-date symlink: /home/fhp/MobileRobot_ws/install/megarover_samples_ros2/share/megarover_samples_ros2/environment/library_path.sh
-- Up-to-date symlink: /home/fhp/MobileRobot_ws/install/megarover_samples_ros2/share/megarover_samples_ros2/environment/library_path.dsv
-- Up-to-date symlink: /home/fhp/MobileRobot_ws/install/megarover_samples_ros2/include/megarover_samples_ros2/megarover_samples_ros2/msg/rosidl_typesupport_fastrtps_c__visibility_control.h
-- Up-to-date symlink: /home/fhp/MobileRobot_ws/install/megarover_samples_ros2/include/megarover_samples_ros2/megarover_samples_ros2/srv/detail/goal_path__rosidl_typesupport_fastrtps_c.h
-- Up-to-date symlink: /home/fhp/MobileRobot_ws/install/megarover_samples_ros2/include/megarover_samples_ros2/megarover_samples_ros2/srv/detail/goal_path__builder.hpp
-- Up-to-date symlink: /home/fhp/MobileRobot_ws/install/megarover_samples_ros2/include/megarover_samples_ros2/megarover_samples_ros2/srv/detail/goal_path__struct.hpp
-- Up-to-date symlink: /home/fhp/MobileRobot_ws/install/megarover_samples_ros2/include/megarover_samples_ros2/megarover_samples_ros2/srv/detail/goal_path__traits.hpp
-- Up-to-date symlink: /home/fhp/MobileRobot_ws/install/megarover_samples_ros2/include/megarover_samples_ros2/megarover_samples_ros2/srv/goal_path.hpp
-- Up-to-date symlink: /home/fhp/MobileRobot_ws/install/megarover_samples_ros2/include/megarover_samples_ros2/megarover_samples_ros2/msg/rosidl_typesupport_fastrtps_cpp__visibility_control.h
-- Up-to-date symlink: /home/fhp/MobileRobot_ws/install/megarover_samples_ros2/include/megarover_samples_ros2/megarover_samples_ros2/srv/detail/goal_path__rosidl_typesupport_fastrtps_cpp.hpp
-- Up-to-date symlink: /home/fhp/MobileRobot_ws/install/megarover_samples_ros2/include/megarover_samples_ros2/megarover_samples_ros2/msg/rosidl_typesupport_introspection_c__visibility_control.h
-- Up-to-date symlink: /home/fhp/MobileRobot_ws/install/megarover_samples_ros2/include/megarover_samples_ros2/megarover_samples_ros2/srv/detail/goal_path__rosidl_typesupport_introspection_c.h
-- Up-to-date symlink: /home/fhp/MobileRobot_ws/install/megarover_samples_ros2/include/megarover_samples_ros2/megarover_samples_ros2/srv/detail/goal_path__rosidl_typesupport_introspection_cpp.hpp
-- Up-to-date symlink: /home/fhp/MobileRobot_ws/install/megarover_samples_ros2/share/megarover_samples_ros2/environment/pythonpath.sh
-- Up-to-date symlink: /home/fhp/MobileRobot_ws/install/megarover_samples_ros2/share/megarover_samples_ros2/environment/pythonpath.dsv
-- Up-to-date symlink: /home/fhp/MobileRobot_ws/install/megarover_samples_ros2/local/lib/python3.10/dist-packages/megarover_samples_ros2-0.0.0-py3.10.egg-info/PKG-INFO
-- Up-to-date symlink: /home/fhp/MobileRobot_ws/install/megarover_samples_ros2/local/lib/python3.10/dist-packages/megarover_samples_ros2-0.0.0-py3.10.egg-info/SOURCES.txt
-- Up-to-date symlink: /home/fhp/MobileRobot_ws/install/megarover_samples_ros2/local/lib/python3.10/dist-packages/megarover_samples_ros2-0.0.0-py3.10.egg-info/dependency_links.txt
-- Up-to-date symlink: /home/fhp/MobileRobot_ws/install/megarover_samples_ros2/local/lib/python3.10/dist-packages/megarover_samples_ros2-0.0.0-py3.10.egg-info/top_level.txt
-- Up-to-date symlink: /home/fhp/MobileRobot_ws/install/megarover_samples_ros2/local/lib/python3.10/dist-packages/megarover_samples_ros2/__init__.py
-- Up-to-date symlink: /home/fhp/MobileRobot_ws/install/megarover_samples_ros2/local/lib/python3.10/dist-packages/megarover_samples_ros2/_megarover_samples_ros2_s.ep.rosidl_typesupport_c.c
-- Up-to-date symlink: /home/fhp/MobileRobot_ws/install/megarover_samples_ros2/local/lib/python3.10/dist-packages/megarover_samples_ros2/_megarover_samples_ros2_s.ep.rosidl_typesupport_fastrtps_c.c
-- Up-to-date symlink: /home/fhp/MobileRobot_ws/install/megarover_samples_ros2/local/lib/python3.10/dist-packages/megarover_samples_ros2/_megarover_samples_ros2_s.ep.rosidl_typesupport_introspection_c.c
-- Up-to-date symlink: /home/fhp/MobileRobot_ws/install/megarover_samples_ros2/local/lib/python3.10/dist-packages/megarover_samples_ros2/libmegarover_samples_ros2__rosidl_generator_py.so
-- Up-to-date symlink: /home/fhp/MobileRobot_ws/install/megarover_samples_ros2/local/lib/python3.10/dist-packages/megarover_samples_ros2/megarover_samples_ros2_s__rosidl_typesupport_c.cpython-310-x86_64-linux-gnu.so
-- Up-to-date symlink: /home/fhp/MobileRobot_ws/install/megarover_samples_ros2/local/lib/python3.10/dist-packages/megarover_samples_ros2/megarover_samples_ros2_s__rosidl_typesupport_fastrtps_c.cpython-310-x86_64-linux-gnu.so
-- Up-to-date symlink: /home/fhp/MobileRobot_ws/install/megarover_samples_ros2/local/lib/python3.10/dist-packages/megarover_samples_ros2/megarover_samples_ros2_s__rosidl_typesupport_introspection_c.cpython-310-x86_64-linux-gnu.so
-- Up-to-date symlink: /home/fhp/MobileRobot_ws/install/megarover_samples_ros2/local/lib/python3.10/dist-packages/megarover_samples_ros2/srv/__init__.py
-- Up-to-date symlink: /home/fhp/MobileRobot_ws/install/megarover_samples_ros2/local/lib/python3.10/dist-packages/megarover_samples_ros2/srv/_goal_path.py
-- Up-to-date symlink: /home/fhp/MobileRobot_ws/install/megarover_samples_ros2/local/lib/python3.10/dist-packages/megarover_samples_ros2/srv/_goal_path_s.c
-- Up-to-date symlink: /home/fhp/MobileRobot_ws/install/megarover_samples_ros2/local/lib/python3.10/dist-packages/megarover_samples_ros2/megarover_samples_ros2_s__rosidl_typesupport_fastrtps_c.cpython-310-x86_64-linux-gnu.so
-- Up-to-date symlink: /home/fhp/MobileRobot_ws/install/megarover_samples_ros2/local/lib/python3.10/dist-packages/megarover_samples_ros2/megarover_samples_ros2_s__rosidl_typesupport_introspection_c.cpython-310-x86_64-linux-gnu.so
-- Up-to-date symlink: /home/fhp/MobileRobot_ws/install/megarover_samples_ros2/local/lib/python3.10/dist-packages/megarover_samples_ros2/megarover_samples_ros2_s__rosidl_typesupport_c.cpython-310-x86_64-linux-gnu.so
-- Up-to-date symlink: /home/fhp/MobileRobot_ws/install/megarover_samples_ros2/share/megarover_samples_ros2/srv/GoalPath.idl
-- Up-to-date symlink: /home/fhp/MobileRobot_ws/install/megarover_samples_ros2/share/megarover_samples_ros2/srv/GoalPath.srv
-- Up-to-date symlink: /home/fhp/MobileRobot_ws/install/megarover_samples_ros2/share/megarover_samples_ros2/srv/GoalPath_Request.msg
-- Up-to-date symlink: /home/fhp/MobileRobot_ws/install/megarover_samples_ros2/share/megarover_samples_ros2/srv/GoalPath_Response.msg
-- Up-to-date symlink: /home/fhp/MobileRobot_ws/install/megarover_samples_ros2/share/ament_index/resource_index/package_run_dependencies/megarover_samples_ros2
-- Up-to-date symlink: /home/fhp/MobileRobot_ws/install/megarover_samples_ros2/share/ament_index/resource_index/parent_prefix_path/megarover_samples_ros2
-- Up-to-date symlink: /home/fhp/MobileRobot_ws/install/megarover_samples_ros2/share/megarover_samples_ros2/environment/ament_prefix_path.sh
-- Up-to-date symlink: /home/fhp/MobileRobot_ws/install/megarover_samples_ros2/share/megarover_samples_ros2/environment/ament_prefix_path.dsv
-- Up-to-date symlink: /home/fhp/MobileRobot_ws/install/megarover_samples_ros2/share/megarover_samples_ros2/environment/path.sh
-- Up-to-date symlink: /home/fhp/MobileRobot_ws/install/megarover_samples_ros2/share/megarover_samples_ros2/environment/path.dsv
-- Up-to-date symlink: /home/fhp/MobileRobot_ws/install/megarover_samples_ros2/share/megarover_samples_ros2/local_setup.bash
-- Up-to-date symlink: /home/fhp/MobileRobot_ws/install/megarover_samples_ros2/share/megarover_samples_ros2/local_setup.sh
-- Up-to-date symlink: /home/fhp/MobileRobot_ws/install/megarover_samples_ros2/share/megarover_samples_ros2/local_setup.zsh
-- Up-to-date symlink: /home/fhp/MobileRobot_ws/install/megarover_samples_ros2/share/megarover_samples_ros2/local_setup.dsv
-- Symlinking: /home/fhp/MobileRobot_ws/install/megarover_samples_ros2/share/megarover_samples_ros2/package.dsv
-- Up-to-date symlink: /home/fhp/MobileRobot_ws/install/megarover_samples_ros2/share/ament_index/resource_index/packages/megarover_samples_ros2
-- Up-to-date symlink: /home/fhp/MobileRobot_ws/install/megarover_samples_ros2/share/megarover_samples_ros2/cmake/rosidl_cmake-extras.cmake
-- Up-to-date symlink: /home/fhp/MobileRobot_ws/install/megarover_samples_ros2/share/megarover_samples_ros2/cmake/ament_cmake_export_dependencies-extras.cmake
-- Up-to-date symlink: /home/fhp/MobileRobot_ws/install/megarover_samples_ros2/share/megarover_samples_ros2/cmake/ament_cmake_export_include_directories-extras.cmake
-- Up-to-date symlink: /home/fhp/MobileRobot_ws/install/megarover_samples_ros2/share/megarover_samples_ros2/cmake/ament_cmake_export_libraries-extras.cmake
-- Up-to-date symlink: /home/fhp/MobileRobot_ws/install/megarover_samples_ros2/share/megarover_samples_ros2/cmake/ament_cmake_export_targets-extras.cmake
-- Up-to-date symlink: /home/fhp/MobileRobot_ws/install/megarover_samples_ros2/share/megarover_samples_ros2/cmake/rosidl_cmake_export_typesupport_targets-extras.cmake
-- Up-to-date symlink: /home/fhp/MobileRobot_ws/install/megarover_samples_ros2/share/megarover_samples_ros2/cmake/rosidl_cmake_export_typesupport_libraries-extras.cmake
-- Up-to-date symlink: /home/fhp/MobileRobot_ws/install/megarover_samples_ros2/share/megarover_samples_ros2/cmake/megarover_samples_ros2Config.cmake
-- Up-to-date symlink: /home/fhp/MobileRobot_ws/install/megarover_samples_ros2/share/megarover_samples_ros2/cmake/megarover_samples_ros2Config-version.cmake
-- Up-to-date symlink: /home/fhp/MobileRobot_ws/install/megarover_samples_ros2/share/megarover_samples_ros2/package.xml
-- Up-to-date: /home/fhp/MobileRobot_ws/install/megarover_samples_ros2/lib/libmegarover_samples_ros2__rosidl_generator_c.so
-- Up-to-date: /home/fhp/MobileRobot_ws/install/megarover_samples_ros2/lib/libmegarover_samples_ros2__rosidl_typesupport_fastrtps_c.so
-- Up-to-date: /home/fhp/MobileRobot_ws/install/megarover_samples_ros2/lib/libmegarover_samples_ros2__rosidl_typesupport_fastrtps_cpp.so
-- Up-to-date: /home/fhp/MobileRobot_ws/install/megarover_samples_ros2/lib/libmegarover_samples_ros2__rosidl_typesupport_introspection_c.so
-- Up-to-date: /home/fhp/MobileRobot_ws/install/megarover_samples_ros2/lib/libmegarover_samples_ros2__rosidl_typesupport_c.so
-- Up-to-date: /home/fhp/MobileRobot_ws/install/megarover_samples_ros2/lib/libmegarover_samples_ros2__rosidl_typesupport_introspection_cpp.so
-- Up-to-date: /home/fhp/MobileRobot_ws/install/megarover_samples_ros2/lib/libmegarover_samples_ros2__rosidl_typesupport_cpp.so
Listing '/home/fhp/MobileRobot_ws/install/megarover_samples_ros2/local/lib/python3.10/dist-packages/megarover_samples_ros2'...
Listing '/home/fhp/MobileRobot_ws/install/megarover_samples_ros2/local/lib/python3.10/dist-packages/megarover_samples_ros2/srv'...
-- Up-to-date: /home/fhp/MobileRobot_ws/install/megarover_samples_ros2/lib/libmegarover_samples_ros2__rosidl_generator_py.so
-- Up-to-date: /home/fhp/MobileRobot_ws/install/megarover_samples_ros2/share/megarover_samples_ros2/cmake/export_megarover_samples_ros2__rosidl_generator_cExport.cmake
-- Up-to-date: /home/fhp/MobileRobot_ws/install/megarover_samples_ros2/share/megarover_samples_ros2/cmake/export_megarover_samples_ros2__rosidl_generator_cExport-noconfig.cmake
-- Up-to-date: /home/fhp/MobileRobot_ws/install/megarover_samples_ros2/share/megarover_samples_ros2/cmake/export_megarover_samples_ros2__rosidl_typesupport_fastrtps_cExport.cmake
-- Up-to-date: /home/fhp/MobileRobot_ws/install/megarover_samples_ros2/share/megarover_samples_ros2/cmake/export_megarover_samples_ros2__rosidl_typesupport_fastrtps_cExport-noconfig.cmake
-- Up-to-date: /home/fhp/MobileRobot_ws/install/megarover_samples_ros2/share/megarover_samples_ros2/cmake/export_megarover_samples_ros2__rosidl_generator_cppExport.cmake
-- Up-to-date: /home/fhp/MobileRobot_ws/install/megarover_samples_ros2/share/megarover_samples_ros2/cmake/export_megarover_samples_ros2__rosidl_typesupport_fastrtps_cppExport.cmake
-- Up-to-date: /home/fhp/MobileRobot_ws/install/megarover_samples_ros2/share/megarover_samples_ros2/cmake/export_megarover_samples_ros2__rosidl_typesupport_fastrtps_cppExport-noconfig.cmake
-- Up-to-date: /home/fhp/MobileRobot_ws/install/megarover_samples_ros2/share/megarover_samples_ros2/cmake/megarover_samples_ros2__rosidl_typesupport_introspection_cExport.cmake
-- Up-to-date: /home/fhp/MobileRobot_ws/install/megarover_samples_ros2/share/megarover_samples_ros2/cmake/megarover_samples_ros2__rosidl_typesupport_introspection_cExport-noconfig.cmake
-- Up-to-date: /home/fhp/MobileRobot_ws/install/megarover_samples_ros2/share/megarover_samples_ros2/cmake/megarover_samples_ros2__rosidl_typesupport_cExport.cmake
-- Up-to-date: /home/fhp/MobileRobot_ws/install/megarover_samples_ros2/share/megarover_samples_ros2/cmake/megarover_samples_ros2__rosidl_typesupport_cExport-noconfig.cmake
-- Up-to-date: /home/fhp/MobileRobot_ws/install/megarover_samples_ros2/share/megarover_samples_ros2/cmake/megarover_samples_ros2__rosidl_typesupport_introspection_cppExport.cmake
-- Up-to-date: /home/fhp/MobileRobot_ws/install/megarover_samples_ros2/share/megarover_samples_ros2/cmake/megarover_samples_ros2__rosidl_typesupport_introspection_cppExport-noconfig.cmake
-- Up-to-date: /home/fhp/MobileRobot_ws/install/megarover_samples_ros2/share/megarover_samples_ros2/cmake/megarover_samples_ros2__rosidl_typesupport_cppExport.cmake
-- Up-to-date: /home/fhp/MobileRobot_ws/install/megarover_samples_ros2/share/megarover_samples_ros2/cmake/megarover_samples_ros2__rosidl_typesupport_cppExport-noconfig.cmake
-- Up-to-date: /home/fhp/MobileRobot_ws/install/megarover_samples_ros2/share/megarover_samples_ros2/cmake/export_megarover_samples_ros2__rosidl_generator_pyExport.cmake
-- Up-to-date: /home/fhp/MobileRobot_ws/install/megarover_samples_ros2/share/megarover_samples_ros2/cmake/export_megarover_samples_ros2__rosidl_generator_pyExport-noconfig.cmake
