[0.020s] Invoking command in '/home/fhp/FRA532-MobileRobot/MobileRobot_ws/build/msg_interfaces': CMAKE_PREFIX_PATH=${CMAKE_PREFIX_PATH}:/opt/ros/humble /usr/bin/cmake --build /home/fhp/FRA532-MobileRobot/MobileRobot_ws/build/msg_interfaces -- -j12 -l12
[0.087s] [  2%] Built target msg_interfaces__cpp
[0.089s] [ 12%] Built target msg_interfaces__rosidl_generator_c
[0.099s] [ 12%] Built target ament_cmake_python_symlink_msg_interfaces
[0.119s] [ 64%] Built target msg_interfaces__rosidl_typesupport_cpp
[0.119s] [ 64%] Built target msg_interfaces__rosidl_typesupport_introspection_c
[0.119s] [ 64%] Built target msg_interfaces__rosidl_typesupport_introspection_cpp
[0.119s] [ 64%] Built target msg_interfaces__rosidl_typesupport_fastrtps_cpp
[0.120s] [ 64%] Built target msg_interfaces__rosidl_typesupport_c
[0.120s] [ 74%] Built target msg_interfaces__rosidl_typesupport_fastrtps_c
[0.139s] [ 74%] Built target msg_interfaces
[0.161s] [ 76%] Built target msg_interfaces__py
[0.179s] [ 84%] Built target msg_interfaces__rosidl_generator_py
[0.202s] [100%] Built target msg_interfaces__rosidl_typesupport_c__pyext
[0.202s] [100%] Built target msg_interfaces__rosidl_typesupport_introspection_c__pyext
[0.202s] [100%] Built target msg_interfaces__rosidl_typesupport_fastrtps_c__pyext
[0.333s] running egg_info
[0.334s] writing msg_interfaces.egg-info/PKG-INFO
[0.334s] writing dependency_links to msg_interfaces.egg-info/dependency_links.txt
[0.334s] writing top-level names to msg_interfaces.egg-info/top_level.txt
[0.336s] reading manifest file 'msg_interfaces.egg-info/SOURCES.txt'
[0.337s] writing manifest file 'msg_interfaces.egg-info/SOURCES.txt'
[0.366s] [100%] Built target ament_cmake_python_build_msg_interfaces_egg
[0.375s] Invoked command in '/home/fhp/FRA532-MobileRobot/MobileRobot_ws/build/msg_interfaces' returned '0': CMAKE_PREFIX_PATH=${CMAKE_PREFIX_PATH}:/opt/ros/humble /usr/bin/cmake --build /home/fhp/FRA532-MobileRobot/MobileRobot_ws/build/msg_interfaces -- -j12 -l12
[0.496s] Invoking command in '/home/fhp/FRA532-MobileRobot/MobileRobot_ws/build/msg_interfaces': CMAKE_PREFIX_PATH=${CMAKE_PREFIX_PATH}:/opt/ros/humble /usr/bin/cmake --install /home/fhp/FRA532-MobileRobot/MobileRobot_ws/build/msg_interfaces
[0.510s] -- Install configuration: ""
[0.511s] -- Execute custom install script
[0.511s] -- Up-to-date symlink: /home/fhp/FRA532-MobileRobot/MobileRobot_ws/install/msg_interfaces/share/ament_index/resource_index/rosidl_interfaces/msg_interfaces
[0.512s] -- Up-to-date symlink: /home/fhp/FRA532-MobileRobot/MobileRobot_ws/install/msg_interfaces/include/msg_interfaces/msg_interfaces/msg/rosidl_generator_c__visibility_control.h
[0.512s] -- Up-to-date symlink: /home/fhp/FRA532-MobileRobot/MobileRobot_ws/install/msg_interfaces/include/msg_interfaces/msg_interfaces/srv/detail/goal_path__functions.h
[0.512s] -- Up-to-date symlink: /home/fhp/FRA532-MobileRobot/MobileRobot_ws/install/msg_interfaces/include/msg_interfaces/msg_interfaces/srv/detail/goal_path__struct.h
[0.512s] -- Up-to-date symlink: /home/fhp/FRA532-MobileRobot/MobileRobot_ws/install/msg_interfaces/include/msg_interfaces/msg_interfaces/srv/detail/goal_path__type_support.h
[0.512s] -- Up-to-date symlink: /home/fhp/FRA532-MobileRobot/MobileRobot_ws/install/msg_interfaces/include/msg_interfaces/msg_interfaces/srv/detail/send_point__functions.h
[0.513s] -- Up-to-date symlink: /home/fhp/FRA532-MobileRobot/MobileRobot_ws/install/msg_interfaces/include/msg_interfaces/msg_interfaces/srv/detail/send_point__struct.h
[0.513s] -- Up-to-date symlink: /home/fhp/FRA532-MobileRobot/MobileRobot_ws/install/msg_interfaces/include/msg_interfaces/msg_interfaces/srv/detail/send_point__type_support.h
[0.513s] -- Up-to-date symlink: /home/fhp/FRA532-MobileRobot/MobileRobot_ws/install/msg_interfaces/include/msg_interfaces/msg_interfaces/srv/goal_path.h
[0.513s] -- Up-to-date symlink: /home/fhp/FRA532-MobileRobot/MobileRobot_ws/install/msg_interfaces/include/msg_interfaces/msg_interfaces/srv/send_point.h
[0.513s] -- Up-to-date symlink: /home/fhp/FRA532-MobileRobot/MobileRobot_ws/install/msg_interfaces/share/msg_interfaces/environment/library_path.sh
[0.514s] -- Up-to-date symlink: /home/fhp/FRA532-MobileRobot/MobileRobot_ws/install/msg_interfaces/share/msg_interfaces/environment/library_path.dsv
[0.514s] -- Up-to-date symlink: /home/fhp/FRA532-MobileRobot/MobileRobot_ws/install/msg_interfaces/include/msg_interfaces/msg_interfaces/msg/rosidl_typesupport_fastrtps_c__visibility_control.h
[0.514s] -- Up-to-date symlink: /home/fhp/FRA532-MobileRobot/MobileRobot_ws/install/msg_interfaces/include/msg_interfaces/msg_interfaces/srv/detail/goal_path__rosidl_typesupport_fastrtps_c.h
[0.515s] -- Up-to-date symlink: /home/fhp/FRA532-MobileRobot/MobileRobot_ws/install/msg_interfaces/include/msg_interfaces/msg_interfaces/srv/detail/send_point__rosidl_typesupport_fastrtps_c.h
[0.515s] -- Up-to-date symlink: /home/fhp/FRA532-MobileRobot/MobileRobot_ws/install/msg_interfaces/include/msg_interfaces/msg_interfaces/srv/detail/goal_path__builder.hpp
[0.516s] -- Up-to-date symlink: /home/fhp/FRA532-MobileRobot/MobileRobot_ws/install/msg_interfaces/include/msg_interfaces/msg_interfaces/srv/detail/goal_path__struct.hpp
[0.516s] -- Up-to-date symlink: /home/fhp/FRA532-MobileRobot/MobileRobot_ws/install/msg_interfaces/include/msg_interfaces/msg_interfaces/srv/detail/goal_path__traits.hpp
[0.516s] -- Up-to-date symlink: /home/fhp/FRA532-MobileRobot/MobileRobot_ws/install/msg_interfaces/include/msg_interfaces/msg_interfaces/srv/detail/send_point__builder.hpp
[0.517s] -- Up-to-date symlink: /home/fhp/FRA532-MobileRobot/MobileRobot_ws/install/msg_interfaces/include/msg_interfaces/msg_interfaces/srv/detail/send_point__struct.hpp
[0.517s] -- Up-to-date symlink: /home/fhp/FRA532-MobileRobot/MobileRobot_ws/install/msg_interfaces/include/msg_interfaces/msg_interfaces/srv/detail/send_point__traits.hpp
[0.517s] -- Up-to-date symlink: /home/fhp/FRA532-MobileRobot/MobileRobot_ws/install/msg_interfaces/include/msg_interfaces/msg_interfaces/srv/goal_path.hpp
[0.517s] -- Up-to-date symlink: /home/fhp/FRA532-MobileRobot/MobileRobot_ws/install/msg_interfaces/include/msg_interfaces/msg_interfaces/srv/send_point.hpp
[0.518s] -- Up-to-date symlink: /home/fhp/FRA532-MobileRobot/MobileRobot_ws/install/msg_interfaces/include/msg_interfaces/msg_interfaces/msg/rosidl_typesupport_fastrtps_cpp__visibility_control.h
[0.518s] -- Up-to-date symlink: /home/fhp/FRA532-MobileRobot/MobileRobot_ws/install/msg_interfaces/include/msg_interfaces/msg_interfaces/srv/detail/goal_path__rosidl_typesupport_fastrtps_cpp.hpp
[0.519s] -- Up-to-date symlink: /home/fhp/FRA532-MobileRobot/MobileRobot_ws/install/msg_interfaces/include/msg_interfaces/msg_interfaces/srv/detail/send_point__rosidl_typesupport_fastrtps_cpp.hpp
[0.519s] -- Up-to-date symlink: /home/fhp/FRA532-MobileRobot/MobileRobot_ws/install/msg_interfaces/include/msg_interfaces/msg_interfaces/msg/rosidl_typesupport_introspection_c__visibility_control.h
[0.520s] -- Up-to-date symlink: /home/fhp/FRA532-MobileRobot/MobileRobot_ws/install/msg_interfaces/include/msg_interfaces/msg_interfaces/srv/detail/goal_path__rosidl_typesupport_introspection_c.h
[0.520s] -- Up-to-date symlink: /home/fhp/FRA532-MobileRobot/MobileRobot_ws/install/msg_interfaces/include/msg_interfaces/msg_interfaces/srv/detail/send_point__rosidl_typesupport_introspection_c.h
[0.521s] -- Up-to-date symlink: /home/fhp/FRA532-MobileRobot/MobileRobot_ws/install/msg_interfaces/include/msg_interfaces/msg_interfaces/srv/detail/goal_path__rosidl_typesupport_introspection_cpp.hpp
[0.521s] -- Up-to-date symlink: /home/fhp/FRA532-MobileRobot/MobileRobot_ws/install/msg_interfaces/include/msg_interfaces/msg_interfaces/srv/detail/send_point__rosidl_typesupport_introspection_cpp.hpp
[0.521s] -- Up-to-date symlink: /home/fhp/FRA532-MobileRobot/MobileRobot_ws/install/msg_interfaces/share/msg_interfaces/environment/pythonpath.sh
[0.521s] -- Up-to-date symlink: /home/fhp/FRA532-MobileRobot/MobileRobot_ws/install/msg_interfaces/share/msg_interfaces/environment/pythonpath.dsv
[0.522s] -- Up-to-date symlink: /home/fhp/FRA532-MobileRobot/MobileRobot_ws/install/msg_interfaces/local/lib/python3.10/dist-packages/msg_interfaces-0.0.0-py3.10.egg-info/PKG-INFO
[0.522s] -- Up-to-date symlink: /home/fhp/FRA532-MobileRobot/MobileRobot_ws/install/msg_interfaces/local/lib/python3.10/dist-packages/msg_interfaces-0.0.0-py3.10.egg-info/SOURCES.txt
[0.522s] -- Up-to-date symlink: /home/fhp/FRA532-MobileRobot/MobileRobot_ws/install/msg_interfaces/local/lib/python3.10/dist-packages/msg_interfaces-0.0.0-py3.10.egg-info/dependency_links.txt
[0.522s] -- Up-to-date symlink: /home/fhp/FRA532-MobileRobot/MobileRobot_ws/install/msg_interfaces/local/lib/python3.10/dist-packages/msg_interfaces-0.0.0-py3.10.egg-info/top_level.txt
[0.523s] -- Up-to-date symlink: /home/fhp/FRA532-MobileRobot/MobileRobot_ws/install/msg_interfaces/local/lib/python3.10/dist-packages/msg_interfaces/__init__.py
[0.523s] -- Up-to-date symlink: /home/fhp/FRA532-MobileRobot/MobileRobot_ws/install/msg_interfaces/local/lib/python3.10/dist-packages/msg_interfaces/_msg_interfaces_s.ep.rosidl_typesupport_c.c
[0.524s] -- Up-to-date symlink: /home/fhp/FRA532-MobileRobot/MobileRobot_ws/install/msg_interfaces/local/lib/python3.10/dist-packages/msg_interfaces/_msg_interfaces_s.ep.rosidl_typesupport_fastrtps_c.c
[0.524s] -- Up-to-date symlink: /home/fhp/FRA532-MobileRobot/MobileRobot_ws/install/msg_interfaces/local/lib/python3.10/dist-packages/msg_interfaces/_msg_interfaces_s.ep.rosidl_typesupport_introspection_c.c
[0.524s] -- Up-to-date symlink: /home/fhp/FRA532-MobileRobot/MobileRobot_ws/install/msg_interfaces/local/lib/python3.10/dist-packages/msg_interfaces/libmsg_interfaces__rosidl_generator_py.so
[0.524s] -- Up-to-date symlink: /home/fhp/FRA532-MobileRobot/MobileRobot_ws/install/msg_interfaces/local/lib/python3.10/dist-packages/msg_interfaces/msg_interfaces_s__rosidl_typesupport_c.cpython-310-x86_64-linux-gnu.so
[0.524s] -- Up-to-date symlink: /home/fhp/FRA532-MobileRobot/MobileRobot_ws/install/msg_interfaces/local/lib/python3.10/dist-packages/msg_interfaces/msg_interfaces_s__rosidl_typesupport_fastrtps_c.cpython-310-x86_64-linux-gnu.so
[0.525s] -- Up-to-date symlink: /home/fhp/FRA532-MobileRobot/MobileRobot_ws/install/msg_interfaces/local/lib/python3.10/dist-packages/msg_interfaces/msg_interfaces_s__rosidl_typesupport_introspection_c.cpython-310-x86_64-linux-gnu.so
[0.525s] -- Up-to-date symlink: /home/fhp/FRA532-MobileRobot/MobileRobot_ws/install/msg_interfaces/local/lib/python3.10/dist-packages/msg_interfaces/srv/__init__.py
[0.525s] -- Up-to-date symlink: /home/fhp/FRA532-MobileRobot/MobileRobot_ws/install/msg_interfaces/local/lib/python3.10/dist-packages/msg_interfaces/srv/_goal_path.py
[0.525s] -- Up-to-date symlink: /home/fhp/FRA532-MobileRobot/MobileRobot_ws/install/msg_interfaces/local/lib/python3.10/dist-packages/msg_interfaces/srv/_goal_path_s.c
[0.526s] -- Up-to-date symlink: /home/fhp/FRA532-MobileRobot/MobileRobot_ws/install/msg_interfaces/local/lib/python3.10/dist-packages/msg_interfaces/srv/_send_point.py
[0.526s] -- Up-to-date symlink: /home/fhp/FRA532-MobileRobot/MobileRobot_ws/install/msg_interfaces/local/lib/python3.10/dist-packages/msg_interfaces/srv/_send_point_s.c
[0.526s] -- Up-to-date symlink: /home/fhp/FRA532-MobileRobot/MobileRobot_ws/install/msg_interfaces/local/lib/python3.10/dist-packages/msg_interfaces/msg_interfaces_s__rosidl_typesupport_fastrtps_c.cpython-310-x86_64-linux-gnu.so
[0.527s] -- Up-to-date symlink: /home/fhp/FRA532-MobileRobot/MobileRobot_ws/install/msg_interfaces/local/lib/python3.10/dist-packages/msg_interfaces/msg_interfaces_s__rosidl_typesupport_introspection_c.cpython-310-x86_64-linux-gnu.so
[0.527s] -- Up-to-date symlink: /home/fhp/FRA532-MobileRobot/MobileRobot_ws/install/msg_interfaces/local/lib/python3.10/dist-packages/msg_interfaces/msg_interfaces_s__rosidl_typesupport_c.cpython-310-x86_64-linux-gnu.so
[0.527s] -- Up-to-date symlink: /home/fhp/FRA532-MobileRobot/MobileRobot_ws/install/msg_interfaces/share/msg_interfaces/srv/GoalPath.idl
[0.527s] -- Up-to-date symlink: /home/fhp/FRA532-MobileRobot/MobileRobot_ws/install/msg_interfaces/share/msg_interfaces/srv/SendPoint.idl
[0.528s] -- Up-to-date symlink: /home/fhp/FRA532-MobileRobot/MobileRobot_ws/install/msg_interfaces/share/msg_interfaces/srv/GoalPath.srv
[0.528s] -- Up-to-date symlink: /home/fhp/FRA532-MobileRobot/MobileRobot_ws/install/msg_interfaces/share/msg_interfaces/srv/GoalPath_Request.msg
[0.528s] -- Up-to-date symlink: /home/fhp/FRA532-MobileRobot/MobileRobot_ws/install/msg_interfaces/share/msg_interfaces/srv/GoalPath_Response.msg
[0.529s] -- Up-to-date symlink: /home/fhp/FRA532-MobileRobot/MobileRobot_ws/install/msg_interfaces/share/msg_interfaces/srv/SendPoint.srv
[0.529s] -- Up-to-date symlink: /home/fhp/FRA532-MobileRobot/MobileRobot_ws/install/msg_interfaces/share/msg_interfaces/srv/SendPoint_Request.msg
[0.529s] -- Up-to-date symlink: /home/fhp/FRA532-MobileRobot/MobileRobot_ws/install/msg_interfaces/share/msg_interfaces/srv/SendPoint_Response.msg
[0.529s] -- Up-to-date symlink: /home/fhp/FRA532-MobileRobot/MobileRobot_ws/install/msg_interfaces/share/ament_index/resource_index/package_run_dependencies/msg_interfaces
[0.530s] -- Up-to-date symlink: /home/fhp/FRA532-MobileRobot/MobileRobot_ws/install/msg_interfaces/share/ament_index/resource_index/parent_prefix_path/msg_interfaces
[0.530s] -- Up-to-date symlink: /home/fhp/FRA532-MobileRobot/MobileRobot_ws/install/msg_interfaces/share/msg_interfaces/environment/ament_prefix_path.sh
[0.530s] -- Up-to-date symlink: /home/fhp/FRA532-MobileRobot/MobileRobot_ws/install/msg_interfaces/share/msg_interfaces/environment/ament_prefix_path.dsv
[0.530s] -- Up-to-date symlink: /home/fhp/FRA532-MobileRobot/MobileRobot_ws/install/msg_interfaces/share/msg_interfaces/environment/path.sh
[0.530s] -- Up-to-date symlink: /home/fhp/FRA532-MobileRobot/MobileRobot_ws/install/msg_interfaces/share/msg_interfaces/environment/path.dsv
[0.531s] -- Up-to-date symlink: /home/fhp/FRA532-MobileRobot/MobileRobot_ws/install/msg_interfaces/share/msg_interfaces/local_setup.bash
[0.531s] -- Up-to-date symlink: /home/fhp/FRA532-MobileRobot/MobileRobot_ws/install/msg_interfaces/share/msg_interfaces/local_setup.sh
[0.531s] -- Up-to-date symlink: /home/fhp/FRA532-MobileRobot/MobileRobot_ws/install/msg_interfaces/share/msg_interfaces/local_setup.zsh
[0.531s] -- Up-to-date symlink: /home/fhp/FRA532-MobileRobot/MobileRobot_ws/install/msg_interfaces/share/msg_interfaces/local_setup.dsv
[0.532s] -- Symlinking: /home/fhp/FRA532-MobileRobot/MobileRobot_ws/install/msg_interfaces/share/msg_interfaces/package.dsv
[0.547s] -- Up-to-date symlink: /home/fhp/FRA532-MobileRobot/MobileRobot_ws/install/msg_interfaces/share/ament_index/resource_index/packages/msg_interfaces
[0.547s] -- Up-to-date symlink: /home/fhp/FRA532-MobileRobot/MobileRobot_ws/install/msg_interfaces/share/msg_interfaces/cmake/rosidl_cmake-extras.cmake
[0.548s] -- Up-to-date symlink: /home/fhp/FRA532-MobileRobot/MobileRobot_ws/install/msg_interfaces/share/msg_interfaces/cmake/ament_cmake_export_dependencies-extras.cmake
[0.548s] -- Up-to-date symlink: /home/fhp/FRA532-MobileRobot/MobileRobot_ws/install/msg_interfaces/share/msg_interfaces/cmake/ament_cmake_export_include_directories-extras.cmake
[0.548s] -- Up-to-date symlink: /home/fhp/FRA532-MobileRobot/MobileRobot_ws/install/msg_interfaces/share/msg_interfaces/cmake/ament_cmake_export_libraries-extras.cmake
[0.549s] -- Up-to-date symlink: /home/fhp/FRA532-MobileRobot/MobileRobot_ws/install/msg_interfaces/share/msg_interfaces/cmake/ament_cmake_export_targets-extras.cmake
[0.549s] -- Up-to-date symlink: /home/fhp/FRA532-MobileRobot/MobileRobot_ws/install/msg_interfaces/share/msg_interfaces/cmake/rosidl_cmake_export_typesupport_targets-extras.cmake
[0.549s] -- Up-to-date symlink: /home/fhp/FRA532-MobileRobot/MobileRobot_ws/install/msg_interfaces/share/msg_interfaces/cmake/rosidl_cmake_export_typesupport_libraries-extras.cmake
[0.549s] -- Up-to-date symlink: /home/fhp/FRA532-MobileRobot/MobileRobot_ws/install/msg_interfaces/share/msg_interfaces/cmake/msg_interfacesConfig.cmake
[0.549s] -- Up-to-date symlink: /home/fhp/FRA532-MobileRobot/MobileRobot_ws/install/msg_interfaces/share/msg_interfaces/cmake/msg_interfacesConfig-version.cmake
[0.550s] -- Up-to-date symlink: /home/fhp/FRA532-MobileRobot/MobileRobot_ws/install/msg_interfaces/share/msg_interfaces/package.xml
[0.550s] -- Up-to-date: /home/fhp/FRA532-MobileRobot/MobileRobot_ws/install/msg_interfaces/lib/libmsg_interfaces__rosidl_generator_c.so
[0.551s] -- Up-to-date: /home/fhp/FRA532-MobileRobot/MobileRobot_ws/install/msg_interfaces/lib/libmsg_interfaces__rosidl_typesupport_fastrtps_c.so
[0.551s] -- Up-to-date: /home/fhp/FRA532-MobileRobot/MobileRobot_ws/install/msg_interfaces/lib/libmsg_interfaces__rosidl_typesupport_fastrtps_cpp.so
[0.552s] -- Up-to-date: /home/fhp/FRA532-MobileRobot/MobileRobot_ws/install/msg_interfaces/lib/libmsg_interfaces__rosidl_typesupport_introspection_c.so
[0.552s] -- Up-to-date: /home/fhp/FRA532-MobileRobot/MobileRobot_ws/install/msg_interfaces/lib/libmsg_interfaces__rosidl_typesupport_c.so
[0.553s] -- Up-to-date: /home/fhp/FRA532-MobileRobot/MobileRobot_ws/install/msg_interfaces/lib/libmsg_interfaces__rosidl_typesupport_introspection_cpp.so
[0.553s] -- Up-to-date: /home/fhp/FRA532-MobileRobot/MobileRobot_ws/install/msg_interfaces/lib/libmsg_interfaces__rosidl_typesupport_cpp.so
[0.605s] Listing '/home/fhp/FRA532-MobileRobot/MobileRobot_ws/install/msg_interfaces/local/lib/python3.10/dist-packages/msg_interfaces'...
[0.609s] Listing '/home/fhp/FRA532-MobileRobot/MobileRobot_ws/install/msg_interfaces/local/lib/python3.10/dist-packages/msg_interfaces/srv'...
[0.610s] -- Up-to-date: /home/fhp/FRA532-MobileRobot/MobileRobot_ws/install/msg_interfaces/lib/libmsg_interfaces__rosidl_generator_py.so
[0.610s] -- Up-to-date: /home/fhp/FRA532-MobileRobot/MobileRobot_ws/install/msg_interfaces/share/msg_interfaces/cmake/export_msg_interfaces__rosidl_generator_cExport.cmake
[0.610s] -- Up-to-date: /home/fhp/FRA532-MobileRobot/MobileRobot_ws/install/msg_interfaces/share/msg_interfaces/cmake/export_msg_interfaces__rosidl_generator_cExport-noconfig.cmake
[0.611s] -- Up-to-date: /home/fhp/FRA532-MobileRobot/MobileRobot_ws/install/msg_interfaces/share/msg_interfaces/cmake/export_msg_interfaces__rosidl_typesupport_fastrtps_cExport.cmake
[0.611s] -- Up-to-date: /home/fhp/FRA532-MobileRobot/MobileRobot_ws/install/msg_interfaces/share/msg_interfaces/cmake/export_msg_interfaces__rosidl_typesupport_fastrtps_cExport-noconfig.cmake
[0.611s] -- Up-to-date: /home/fhp/FRA532-MobileRobot/MobileRobot_ws/install/msg_interfaces/share/msg_interfaces/cmake/export_msg_interfaces__rosidl_generator_cppExport.cmake
[0.611s] -- Up-to-date: /home/fhp/FRA532-MobileRobot/MobileRobot_ws/install/msg_interfaces/share/msg_interfaces/cmake/export_msg_interfaces__rosidl_typesupport_fastrtps_cppExport.cmake
[0.611s] -- Up-to-date: /home/fhp/FRA532-MobileRobot/MobileRobot_ws/install/msg_interfaces/share/msg_interfaces/cmake/export_msg_interfaces__rosidl_typesupport_fastrtps_cppExport-noconfig.cmake
[0.611s] -- Up-to-date: /home/fhp/FRA532-MobileRobot/MobileRobot_ws/install/msg_interfaces/share/msg_interfaces/cmake/msg_interfaces__rosidl_typesupport_introspection_cExport.cmake
[0.611s] -- Up-to-date: /home/fhp/FRA532-MobileRobot/MobileRobot_ws/install/msg_interfaces/share/msg_interfaces/cmake/msg_interfaces__rosidl_typesupport_introspection_cExport-noconfig.cmake
[0.612s] -- Up-to-date: /home/fhp/FRA532-MobileRobot/MobileRobot_ws/install/msg_interfaces/share/msg_interfaces/cmake/msg_interfaces__rosidl_typesupport_cExport.cmake
[0.612s] -- Up-to-date: /home/fhp/FRA532-MobileRobot/MobileRobot_ws/install/msg_interfaces/share/msg_interfaces/cmake/msg_interfaces__rosidl_typesupport_cExport-noconfig.cmake
[0.612s] -- Up-to-date: /home/fhp/FRA532-MobileRobot/MobileRobot_ws/install/msg_interfaces/share/msg_interfaces/cmake/msg_interfaces__rosidl_typesupport_introspection_cppExport.cmake
[0.612s] -- Up-to-date: /home/fhp/FRA532-MobileRobot/MobileRobot_ws/install/msg_interfaces/share/msg_interfaces/cmake/msg_interfaces__rosidl_typesupport_introspection_cppExport-noconfig.cmake
[0.612s] -- Up-to-date: /home/fhp/FRA532-MobileRobot/MobileRobot_ws/install/msg_interfaces/share/msg_interfaces/cmake/msg_interfaces__rosidl_typesupport_cppExport.cmake
[0.612s] -- Up-to-date: /home/fhp/FRA532-MobileRobot/MobileRobot_ws/install/msg_interfaces/share/msg_interfaces/cmake/msg_interfaces__rosidl_typesupport_cppExport-noconfig.cmake
[0.612s] -- Up-to-date: /home/fhp/FRA532-MobileRobot/MobileRobot_ws/install/msg_interfaces/share/msg_interfaces/cmake/export_msg_interfaces__rosidl_generator_pyExport.cmake
[0.612s] -- Up-to-date: /home/fhp/FRA532-MobileRobot/MobileRobot_ws/install/msg_interfaces/share/msg_interfaces/cmake/export_msg_interfaces__rosidl_generator_pyExport-noconfig.cmake
[0.618s] Invoked command in '/home/fhp/FRA532-MobileRobot/MobileRobot_ws/build/msg_interfaces' returned '0': CMAKE_PREFIX_PATH=${CMAKE_PREFIX_PATH}:/opt/ros/humble /usr/bin/cmake --install /home/fhp/FRA532-MobileRobot/MobileRobot_ws/build/msg_interfaces
