[0.022s] Invoking command in '/home/fhp/MobileRobot_ws/build/megarover_samples_ros2': CMAKE_PREFIX_PATH=${CMAKE_PREFIX_PATH}:/opt/ros/humble /usr/bin/cmake --build /home/fhp/MobileRobot_ws/build/megarover_samples_ros2 -- -j12 -l12
[0.068s] [  6%] Built target pub_odom
[0.072s] [ 15%] Built target megarover_samples_ros2__rosidl_generator_c
[0.079s] [ 15%] Built target ament_cmake_python_symlink_megarover_samples_ros2
[0.081s] [ 18%] Built target megarover_samples_ros2__cpp
[0.111s] [ 36%] Built target megarover_samples_ros2__rosidl_typesupport_fastrtps_c
[0.111s] [ 36%] Built target megarover_samples_ros2__rosidl_typesupport_c
[0.117s] [ 45%] Built target megarover_samples_ros2__rosidl_typesupport_introspection_c
[0.127s] [ 54%] Built target megarover_samples_ros2__rosidl_typesupport_fastrtps_cpp
[0.128s] [ 63%] Built target megarover_samples_ros2__rosidl_typesupport_cpp
[0.131s] [ 72%] Built target megarover_samples_ros2__rosidl_typesupport_introspection_cpp
[0.150s] [ 72%] Built target megarover_samples_ros2
[0.168s] [ 75%] Built target megarover_samples_ros2__py
[0.190s] [ 81%] Built target megarover_samples_ros2__rosidl_generator_py
[0.215s] [100%] Built target megarover_samples_ros2__rosidl_typesupport_introspection_c__pyext
[0.215s] [100%] Built target megarover_samples_ros2__rosidl_typesupport_fastrtps_c__pyext
[0.216s] [100%] Built target megarover_samples_ros2__rosidl_typesupport_c__pyext
[0.331s] running egg_info
[0.331s] writing megarover_samples_ros2.egg-info/PKG-INFO
[0.332s] writing dependency_links to megarover_samples_ros2.egg-info/dependency_links.txt
[0.332s] writing top-level names to megarover_samples_ros2.egg-info/top_level.txt
[0.333s] reading manifest file 'megarover_samples_ros2.egg-info/SOURCES.txt'
[0.335s] writing manifest file 'megarover_samples_ros2.egg-info/SOURCES.txt'
[0.374s] [100%] Built target ament_cmake_python_build_megarover_samples_ros2_egg
[0.393s] Invoked command in '/home/fhp/MobileRobot_ws/build/megarover_samples_ros2' returned '0': CMAKE_PREFIX_PATH=${CMAKE_PREFIX_PATH}:/opt/ros/humble /usr/bin/cmake --build /home/fhp/MobileRobot_ws/build/megarover_samples_ros2 -- -j12 -l12
[0.457s] Invoking command in '/home/fhp/MobileRobot_ws/build/megarover_samples_ros2': CMAKE_PREFIX_PATH=${CMAKE_PREFIX_PATH}:/opt/ros/humble /usr/bin/cmake --install /home/fhp/MobileRobot_ws/build/megarover_samples_ros2
[0.464s] -- Install configuration: ""
[0.465s] -- Execute custom install script
[0.465s] -- Up-to-date symlink: /home/fhp/MobileRobot_ws/install/megarover_samples_ros2/lib/megarover_samples_ros2/pub_odom
[0.465s] -- Up-to-date symlink: /home/fhp/MobileRobot_ws/install/megarover_samples_ros2/share/megarover_samples_ros2/config/diff_drive_controller.yaml
[0.465s] -- Up-to-date symlink: /home/fhp/MobileRobot_ws/install/megarover_samples_ros2/share/megarover_samples_ros2/config/mapper_params_online_sync.yaml
[0.466s] -- Up-to-date symlink: /home/fhp/MobileRobot_ws/install/megarover_samples_ros2/share/megarover_samples_ros2/config/navigation_param.yaml
[0.467s] -- Up-to-date symlink: /home/fhp/MobileRobot_ws/install/megarover_samples_ros2/share/megarover_samples_ros2/launch/__pycache__/vmegarover_mapping.launch.cpython-310.pyc
[0.467s] -- Up-to-date symlink: /home/fhp/MobileRobot_ws/install/megarover_samples_ros2/share/megarover_samples_ros2/launch/__pycache__/vmegarover_with_sample_world.launch.cpython-310.pyc
[0.467s] -- Up-to-date symlink: /home/fhp/MobileRobot_ws/install/megarover_samples_ros2/share/megarover_samples_ros2/launch/robot_state_publisher.launch.py
[0.467s] -- Up-to-date symlink: /home/fhp/MobileRobot_ws/install/megarover_samples_ros2/share/megarover_samples_ros2/launch/vmegarover_mapping.launch.py
[0.467s] -- Up-to-date symlink: /home/fhp/MobileRobot_ws/install/megarover_samples_ros2/share/megarover_samples_ros2/launch/vmegarover_navigation.launch.py
[0.468s] -- Up-to-date symlink: /home/fhp/MobileRobot_ws/install/megarover_samples_ros2/share/megarover_samples_ros2/launch/vmegarover_save_map.launch.py
[0.468s] -- Up-to-date symlink: /home/fhp/MobileRobot_ws/install/megarover_samples_ros2/share/megarover_samples_ros2/launch/vmegarover_with_empty_world.launch.py
[0.468s] -- Up-to-date symlink: /home/fhp/MobileRobot_ws/install/megarover_samples_ros2/share/megarover_samples_ros2/launch/vmegarover_with_sample_world.launch.py
[0.468s] -- Up-to-date symlink: /home/fhp/MobileRobot_ws/install/megarover_samples_ros2/share/megarover_samples_ros2/maps/vmegarover_samplemap.pgm
[0.468s] -- Up-to-date symlink: /home/fhp/MobileRobot_ws/install/megarover_samples_ros2/share/megarover_samples_ros2/maps/vmegarover_samplemap.yaml
[0.468s] -- Up-to-date symlink: /home/fhp/MobileRobot_ws/install/megarover_samples_ros2/share/megarover_samples_ros2/models/vmegarover/meshes/dae/lrf.dae
[0.468s] -- Up-to-date symlink: /home/fhp/MobileRobot_ws/install/megarover_samples_ros2/share/megarover_samples_ros2/models/vmegarover/meshes/dae/main_body.dae
[0.469s] -- Up-to-date symlink: /home/fhp/MobileRobot_ws/install/megarover_samples_ros2/share/megarover_samples_ros2/models/vmegarover/meshes/dae/megarover.dae
[0.469s] -- Up-to-date symlink: /home/fhp/MobileRobot_ws/install/megarover_samples_ros2/share/megarover_samples_ros2/models/vmegarover/meshes/dae/r5.png
[0.469s] -- Up-to-date symlink: /home/fhp/MobileRobot_ws/install/megarover_samples_ros2/share/megarover_samples_ros2/models/vmegarover/meshes/dae/r5_lrf.png
[0.469s] -- Up-to-date symlink: /home/fhp/MobileRobot_ws/install/megarover_samples_ros2/share/megarover_samples_ros2/models/vmegarover/meshes/dae/vmega_body.dae
[0.469s] -- Up-to-date symlink: /home/fhp/MobileRobot_ws/install/megarover_samples_ros2/share/megarover_samples_ros2/models/vmegarover/meshes/dae/vmega_wheel.dae
[0.469s] -- Up-to-date symlink: /home/fhp/MobileRobot_ws/install/megarover_samples_ros2/share/megarover_samples_ros2/models/vmegarover/meshes/stl/lrf.stl
[0.469s] -- Up-to-date symlink: /home/fhp/MobileRobot_ws/install/megarover_samples_ros2/share/megarover_samples_ros2/models/vmegarover/meshes/stl/megarover.stl
[0.470s] -- Up-to-date symlink: /home/fhp/MobileRobot_ws/install/megarover_samples_ros2/share/megarover_samples_ros2/models/vmegarover/meshes/stl/vmega_body.stl
[0.470s] -- Up-to-date symlink: /home/fhp/MobileRobot_ws/install/megarover_samples_ros2/share/megarover_samples_ros2/models/vmegarover/meshes/stl/vmega_wheel.stl
[0.470s] -- Up-to-date symlink: /home/fhp/MobileRobot_ws/install/megarover_samples_ros2/share/megarover_samples_ros2/robots/vmegarover.urdf.xacro
[0.470s] -- Up-to-date symlink: /home/fhp/MobileRobot_ws/install/megarover_samples_ros2/share/megarover_samples_ros2/rviz/mapping.rviz
[0.470s] -- Up-to-date symlink: /home/fhp/MobileRobot_ws/install/megarover_samples_ros2/share/megarover_samples_ros2/rviz/navigation.rviz
[0.470s] -- Up-to-date symlink: /home/fhp/MobileRobot_ws/install/megarover_samples_ros2/share/megarover_samples_ros2/scripts/A_star.py
[0.470s] -- Up-to-date symlink: /home/fhp/MobileRobot_ws/install/megarover_samples_ros2/share/megarover_samples_ros2/scripts/create_fix_urdf.py
[0.472s] -- Up-to-date symlink: /home/fhp/MobileRobot_ws/install/megarover_samples_ros2/share/megarover_samples_ros2/scripts/follow_object.py
[0.472s] -- Up-to-date symlink: /home/fhp/MobileRobot_ws/install/megarover_samples_ros2/share/megarover_samples_ros2/scripts/grid_mapping.py
[0.472s] -- Up-to-date symlink: /home/fhp/MobileRobot_ws/install/megarover_samples_ros2/share/megarover_samples_ros2/scripts/pure_pursuit.py
[0.472s] -- Up-to-date symlink: /home/fhp/MobileRobot_ws/install/megarover_samples_ros2/share/megarover_samples_ros2/scripts/test.py
[0.472s] -- Up-to-date symlink: /home/fhp/MobileRobot_ws/install/megarover_samples_ros2/share/megarover_samples_ros2/scripts/test2.py
[0.472s] -- Up-to-date symlink: /home/fhp/MobileRobot_ws/install/megarover_samples_ros2/share/megarover_samples_ros2/urdf/body/body.gazebo.xacro
[0.472s] -- Up-to-date symlink: /home/fhp/MobileRobot_ws/install/megarover_samples_ros2/share/megarover_samples_ros2/urdf/body/vbody.urdf.xacro
[0.472s] -- Up-to-date symlink: /home/fhp/MobileRobot_ws/install/megarover_samples_ros2/share/megarover_samples_ros2/urdf/common.xacro
[0.472s] -- Up-to-date symlink: /home/fhp/MobileRobot_ws/install/megarover_samples_ros2/share/megarover_samples_ros2/urdf/lrf/lrf.gazebo.xacro
[0.473s] -- Up-to-date symlink: /home/fhp/MobileRobot_ws/install/megarover_samples_ros2/share/megarover_samples_ros2/urdf/lrf/lrf.urdf.xacro
[0.473s] -- Up-to-date symlink: /home/fhp/MobileRobot_ws/install/megarover_samples_ros2/share/megarover_samples_ros2/urdf/wheel/vwheel.urdf.xacro
[0.473s] -- Up-to-date symlink: /home/fhp/MobileRobot_ws/install/megarover_samples_ros2/share/megarover_samples_ros2/urdf/wheel/wheel.gazebo.xacro
[0.474s] -- Up-to-date symlink: /home/fhp/MobileRobot_ws/install/megarover_samples_ros2/share/megarover_samples_ros2/worlds/vmegarover_sample.world
[0.476s] -- Up-to-date symlink: /home/fhp/MobileRobot_ws/install/megarover_samples_ros2/lib/megarover_samples_ros2/follow_object.py
[0.476s] -- Up-to-date symlink: /home/fhp/MobileRobot_ws/install/megarover_samples_ros2/lib/megarover_samples_ros2/grid_mapping.py
[0.476s] -- Up-to-date symlink: /home/fhp/MobileRobot_ws/install/megarover_samples_ros2/lib/megarover_samples_ros2/pure_pursuit.py
[0.476s] -- Up-to-date symlink: /home/fhp/MobileRobot_ws/install/megarover_samples_ros2/lib/megarover_samples_ros2/A_star.py
[0.476s] -- Up-to-date symlink: /home/fhp/MobileRobot_ws/install/megarover_samples_ros2/lib/megarover_samples_ros2/test.py
[0.477s] -- Up-to-date symlink: /home/fhp/MobileRobot_ws/install/megarover_samples_ros2/share/ament_index/resource_index/rosidl_interfaces/megarover_samples_ros2
[0.477s] -- Up-to-date symlink: /home/fhp/MobileRobot_ws/install/megarover_samples_ros2/include/megarover_samples_ros2/megarover_samples_ros2/msg/rosidl_generator_c__visibility_control.h
[0.477s] -- Up-to-date symlink: /home/fhp/MobileRobot_ws/install/megarover_samples_ros2/include/megarover_samples_ros2/megarover_samples_ros2/srv/detail/goal_path__functions.h
[0.477s] -- Up-to-date symlink: /home/fhp/MobileRobot_ws/install/megarover_samples_ros2/include/megarover_samples_ros2/megarover_samples_ros2/srv/detail/goal_path__struct.h
[0.477s] -- Up-to-date symlink: /home/fhp/MobileRobot_ws/install/megarover_samples_ros2/include/megarover_samples_ros2/megarover_samples_ros2/srv/detail/goal_path__type_support.h
[0.477s] -- Up-to-date symlink: /home/fhp/MobileRobot_ws/install/megarover_samples_ros2/include/megarover_samples_ros2/megarover_samples_ros2/srv/goal_path.h
[0.477s] -- Up-to-date symlink: /home/fhp/MobileRobot_ws/install/megarover_samples_ros2/share/megarover_samples_ros2/environment/library_path.sh
[0.477s] -- Up-to-date symlink: /home/fhp/MobileRobot_ws/install/megarover_samples_ros2/share/megarover_samples_ros2/environment/library_path.dsv
[0.477s] -- Up-to-date symlink: /home/fhp/MobileRobot_ws/install/megarover_samples_ros2/include/megarover_samples_ros2/megarover_samples_ros2/msg/rosidl_typesupport_fastrtps_c__visibility_control.h
[0.477s] -- Up-to-date symlink: /home/fhp/MobileRobot_ws/install/megarover_samples_ros2/include/megarover_samples_ros2/megarover_samples_ros2/srv/detail/goal_path__rosidl_typesupport_fastrtps_c.h
[0.478s] -- Up-to-date symlink: /home/fhp/MobileRobot_ws/install/megarover_samples_ros2/include/megarover_samples_ros2/megarover_samples_ros2/srv/detail/goal_path__builder.hpp
[0.478s] -- Up-to-date symlink: /home/fhp/MobileRobot_ws/install/megarover_samples_ros2/include/megarover_samples_ros2/megarover_samples_ros2/srv/detail/goal_path__struct.hpp
[0.479s] -- Up-to-date symlink: /home/fhp/MobileRobot_ws/install/megarover_samples_ros2/include/megarover_samples_ros2/megarover_samples_ros2/srv/detail/goal_path__traits.hpp
[0.479s] -- Up-to-date symlink: /home/fhp/MobileRobot_ws/install/megarover_samples_ros2/include/megarover_samples_ros2/megarover_samples_ros2/srv/goal_path.hpp
[0.479s] -- Up-to-date symlink: /home/fhp/MobileRobot_ws/install/megarover_samples_ros2/include/megarover_samples_ros2/megarover_samples_ros2/msg/rosidl_typesupport_fastrtps_cpp__visibility_control.h
[0.479s] -- Up-to-date symlink: /home/fhp/MobileRobot_ws/install/megarover_samples_ros2/include/megarover_samples_ros2/megarover_samples_ros2/srv/detail/goal_path__rosidl_typesupport_fastrtps_cpp.hpp
[0.479s] -- Up-to-date symlink: /home/fhp/MobileRobot_ws/install/megarover_samples_ros2/include/megarover_samples_ros2/megarover_samples_ros2/msg/rosidl_typesupport_introspection_c__visibility_control.h
[0.479s] -- Up-to-date symlink: /home/fhp/MobileRobot_ws/install/megarover_samples_ros2/include/megarover_samples_ros2/megarover_samples_ros2/srv/detail/goal_path__rosidl_typesupport_introspection_c.h
[0.479s] -- Up-to-date symlink: /home/fhp/MobileRobot_ws/install/megarover_samples_ros2/include/megarover_samples_ros2/megarover_samples_ros2/srv/detail/goal_path__rosidl_typesupport_introspection_cpp.hpp
[0.479s] -- Up-to-date symlink: /home/fhp/MobileRobot_ws/install/megarover_samples_ros2/share/megarover_samples_ros2/environment/pythonpath.sh
[0.480s] -- Up-to-date symlink: /home/fhp/MobileRobot_ws/install/megarover_samples_ros2/share/megarover_samples_ros2/environment/pythonpath.dsv
[0.480s] -- Up-to-date symlink: /home/fhp/MobileRobot_ws/install/megarover_samples_ros2/local/lib/python3.10/dist-packages/megarover_samples_ros2-0.0.0-py3.10.egg-info/PKG-INFO
[0.480s] -- Up-to-date symlink: /home/fhp/MobileRobot_ws/install/megarover_samples_ros2/local/lib/python3.10/dist-packages/megarover_samples_ros2-0.0.0-py3.10.egg-info/SOURCES.txt
[0.480s] -- Up-to-date symlink: /home/fhp/MobileRobot_ws/install/megarover_samples_ros2/local/lib/python3.10/dist-packages/megarover_samples_ros2-0.0.0-py3.10.egg-info/dependency_links.txt
[0.480s] -- Up-to-date symlink: /home/fhp/MobileRobot_ws/install/megarover_samples_ros2/local/lib/python3.10/dist-packages/megarover_samples_ros2-0.0.0-py3.10.egg-info/top_level.txt
[0.480s] -- Up-to-date symlink: /home/fhp/MobileRobot_ws/install/megarover_samples_ros2/local/lib/python3.10/dist-packages/megarover_samples_ros2/__init__.py
[0.480s] -- Up-to-date symlink: /home/fhp/MobileRobot_ws/install/megarover_samples_ros2/local/lib/python3.10/dist-packages/megarover_samples_ros2/_megarover_samples_ros2_s.ep.rosidl_typesupport_c.c
[0.480s] -- Up-to-date symlink: /home/fhp/MobileRobot_ws/install/megarover_samples_ros2/local/lib/python3.10/dist-packages/megarover_samples_ros2/_megarover_samples_ros2_s.ep.rosidl_typesupport_fastrtps_c.c
[0.480s] -- Up-to-date symlink: /home/fhp/MobileRobot_ws/install/megarover_samples_ros2/local/lib/python3.10/dist-packages/megarover_samples_ros2/_megarover_samples_ros2_s.ep.rosidl_typesupport_introspection_c.c
[0.481s] -- Up-to-date symlink: /home/fhp/MobileRobot_ws/install/megarover_samples_ros2/local/lib/python3.10/dist-packages/megarover_samples_ros2/libmegarover_samples_ros2__rosidl_generator_py.so
[0.481s] -- Up-to-date symlink: /home/fhp/MobileRobot_ws/install/megarover_samples_ros2/local/lib/python3.10/dist-packages/megarover_samples_ros2/megarover_samples_ros2_s__rosidl_typesupport_c.cpython-310-x86_64-linux-gnu.so
[0.481s] -- Up-to-date symlink: /home/fhp/MobileRobot_ws/install/megarover_samples_ros2/local/lib/python3.10/dist-packages/megarover_samples_ros2/megarover_samples_ros2_s__rosidl_typesupport_fastrtps_c.cpython-310-x86_64-linux-gnu.so
[0.481s] -- Up-to-date symlink: /home/fhp/MobileRobot_ws/install/megarover_samples_ros2/local/lib/python3.10/dist-packages/megarover_samples_ros2/megarover_samples_ros2_s__rosidl_typesupport_introspection_c.cpython-310-x86_64-linux-gnu.so
[0.481s] -- Up-to-date symlink: /home/fhp/MobileRobot_ws/install/megarover_samples_ros2/local/lib/python3.10/dist-packages/megarover_samples_ros2/srv/__init__.py
[0.481s] -- Up-to-date symlink: /home/fhp/MobileRobot_ws/install/megarover_samples_ros2/local/lib/python3.10/dist-packages/megarover_samples_ros2/srv/_goal_path.py
[0.481s] -- Up-to-date symlink: /home/fhp/MobileRobot_ws/install/megarover_samples_ros2/local/lib/python3.10/dist-packages/megarover_samples_ros2/srv/_goal_path_s.c
[0.482s] -- Up-to-date symlink: /home/fhp/MobileRobot_ws/install/megarover_samples_ros2/local/lib/python3.10/dist-packages/megarover_samples_ros2/megarover_samples_ros2_s__rosidl_typesupport_fastrtps_c.cpython-310-x86_64-linux-gnu.so
[0.482s] -- Up-to-date symlink: /home/fhp/MobileRobot_ws/install/megarover_samples_ros2/local/lib/python3.10/dist-packages/megarover_samples_ros2/megarover_samples_ros2_s__rosidl_typesupport_introspection_c.cpython-310-x86_64-linux-gnu.so
[0.482s] -- Up-to-date symlink: /home/fhp/MobileRobot_ws/install/megarover_samples_ros2/local/lib/python3.10/dist-packages/megarover_samples_ros2/megarover_samples_ros2_s__rosidl_typesupport_c.cpython-310-x86_64-linux-gnu.so
[0.482s] -- Up-to-date symlink: /home/fhp/MobileRobot_ws/install/megarover_samples_ros2/share/megarover_samples_ros2/srv/GoalPath.idl
[0.482s] -- Up-to-date symlink: /home/fhp/MobileRobot_ws/install/megarover_samples_ros2/share/megarover_samples_ros2/srv/GoalPath.srv
[0.482s] -- Up-to-date symlink: /home/fhp/MobileRobot_ws/install/megarover_samples_ros2/share/megarover_samples_ros2/srv/GoalPath_Request.msg
[0.482s] -- Up-to-date symlink: /home/fhp/MobileRobot_ws/install/megarover_samples_ros2/share/megarover_samples_ros2/srv/GoalPath_Response.msg
[0.483s] -- Up-to-date symlink: /home/fhp/MobileRobot_ws/install/megarover_samples_ros2/share/ament_index/resource_index/package_run_dependencies/megarover_samples_ros2
[0.483s] -- Up-to-date symlink: /home/fhp/MobileRobot_ws/install/megarover_samples_ros2/share/ament_index/resource_index/parent_prefix_path/megarover_samples_ros2
[0.483s] -- Up-to-date symlink: /home/fhp/MobileRobot_ws/install/megarover_samples_ros2/share/megarover_samples_ros2/environment/ament_prefix_path.sh
[0.483s] -- Up-to-date symlink: /home/fhp/MobileRobot_ws/install/megarover_samples_ros2/share/megarover_samples_ros2/environment/ament_prefix_path.dsv
[0.483s] -- Up-to-date symlink: /home/fhp/MobileRobot_ws/install/megarover_samples_ros2/share/megarover_samples_ros2/environment/path.sh
[0.483s] -- Up-to-date symlink: /home/fhp/MobileRobot_ws/install/megarover_samples_ros2/share/megarover_samples_ros2/environment/path.dsv
[0.483s] -- Up-to-date symlink: /home/fhp/MobileRobot_ws/install/megarover_samples_ros2/share/megarover_samples_ros2/local_setup.bash
[0.484s] -- Up-to-date symlink: /home/fhp/MobileRobot_ws/install/megarover_samples_ros2/share/megarover_samples_ros2/local_setup.sh
[0.484s] -- Up-to-date symlink: /home/fhp/MobileRobot_ws/install/megarover_samples_ros2/share/megarover_samples_ros2/local_setup.zsh
[0.484s] -- Up-to-date symlink: /home/fhp/MobileRobot_ws/install/megarover_samples_ros2/share/megarover_samples_ros2/local_setup.dsv
[0.484s] -- Symlinking: /home/fhp/MobileRobot_ws/install/megarover_samples_ros2/share/megarover_samples_ros2/package.dsv
[0.487s] -- Up-to-date symlink: /home/fhp/MobileRobot_ws/install/megarover_samples_ros2/share/ament_index/resource_index/packages/megarover_samples_ros2
[0.487s] -- Up-to-date symlink: /home/fhp/MobileRobot_ws/install/megarover_samples_ros2/share/megarover_samples_ros2/cmake/rosidl_cmake-extras.cmake
[0.487s] -- Up-to-date symlink: /home/fhp/MobileRobot_ws/install/megarover_samples_ros2/share/megarover_samples_ros2/cmake/ament_cmake_export_dependencies-extras.cmake
[0.487s] -- Up-to-date symlink: /home/fhp/MobileRobot_ws/install/megarover_samples_ros2/share/megarover_samples_ros2/cmake/ament_cmake_export_include_directories-extras.cmake
[0.487s] -- Up-to-date symlink: /home/fhp/MobileRobot_ws/install/megarover_samples_ros2/share/megarover_samples_ros2/cmake/ament_cmake_export_libraries-extras.cmake
[0.487s] -- Up-to-date symlink: /home/fhp/MobileRobot_ws/install/megarover_samples_ros2/share/megarover_samples_ros2/cmake/ament_cmake_export_targets-extras.cmake
[0.487s] -- Up-to-date symlink: /home/fhp/MobileRobot_ws/install/megarover_samples_ros2/share/megarover_samples_ros2/cmake/rosidl_cmake_export_typesupport_targets-extras.cmake
[0.487s] -- Up-to-date symlink: /home/fhp/MobileRobot_ws/install/megarover_samples_ros2/share/megarover_samples_ros2/cmake/rosidl_cmake_export_typesupport_libraries-extras.cmake
[0.487s] -- Up-to-date symlink: /home/fhp/MobileRobot_ws/install/megarover_samples_ros2/share/megarover_samples_ros2/cmake/megarover_samples_ros2Config.cmake
[0.488s] -- Up-to-date symlink: /home/fhp/MobileRobot_ws/install/megarover_samples_ros2/share/megarover_samples_ros2/cmake/megarover_samples_ros2Config-version.cmake
[0.488s] -- Up-to-date symlink: /home/fhp/MobileRobot_ws/install/megarover_samples_ros2/share/megarover_samples_ros2/package.xml
[0.488s] -- Up-to-date: /home/fhp/MobileRobot_ws/install/megarover_samples_ros2/lib/libmegarover_samples_ros2__rosidl_generator_c.so
[0.488s] -- Up-to-date: /home/fhp/MobileRobot_ws/install/megarover_samples_ros2/lib/libmegarover_samples_ros2__rosidl_typesupport_fastrtps_c.so
[0.488s] -- Up-to-date: /home/fhp/MobileRobot_ws/install/megarover_samples_ros2/lib/libmegarover_samples_ros2__rosidl_typesupport_fastrtps_cpp.so
[0.488s] -- Up-to-date: /home/fhp/MobileRobot_ws/install/megarover_samples_ros2/lib/libmegarover_samples_ros2__rosidl_typesupport_introspection_c.so
[0.488s] -- Up-to-date: /home/fhp/MobileRobot_ws/install/megarover_samples_ros2/lib/libmegarover_samples_ros2__rosidl_typesupport_c.so
[0.488s] -- Up-to-date: /home/fhp/MobileRobot_ws/install/megarover_samples_ros2/lib/libmegarover_samples_ros2__rosidl_typesupport_introspection_cpp.so
[0.488s] -- Up-to-date: /home/fhp/MobileRobot_ws/install/megarover_samples_ros2/lib/libmegarover_samples_ros2__rosidl_typesupport_cpp.so
[0.512s] Listing '/home/fhp/MobileRobot_ws/install/megarover_samples_ros2/local/lib/python3.10/dist-packages/megarover_samples_ros2'...
[0.512s] Listing '/home/fhp/MobileRobot_ws/install/megarover_samples_ros2/local/lib/python3.10/dist-packages/megarover_samples_ros2/srv'...
[0.516s] -- Up-to-date: /home/fhp/MobileRobot_ws/install/megarover_samples_ros2/lib/libmegarover_samples_ros2__rosidl_generator_py.so
[0.516s] -- Up-to-date: /home/fhp/MobileRobot_ws/install/megarover_samples_ros2/share/megarover_samples_ros2/cmake/export_megarover_samples_ros2__rosidl_generator_cExport.cmake
[0.517s] -- Up-to-date: /home/fhp/MobileRobot_ws/install/megarover_samples_ros2/share/megarover_samples_ros2/cmake/export_megarover_samples_ros2__rosidl_generator_cExport-noconfig.cmake
[0.517s] -- Up-to-date: /home/fhp/MobileRobot_ws/install/megarover_samples_ros2/share/megarover_samples_ros2/cmake/export_megarover_samples_ros2__rosidl_typesupport_fastrtps_cExport.cmake
[0.517s] -- Up-to-date: /home/fhp/MobileRobot_ws/install/megarover_samples_ros2/share/megarover_samples_ros2/cmake/export_megarover_samples_ros2__rosidl_typesupport_fastrtps_cExport-noconfig.cmake
[0.517s] -- Up-to-date: /home/fhp/MobileRobot_ws/install/megarover_samples_ros2/share/megarover_samples_ros2/cmake/export_megarover_samples_ros2__rosidl_generator_cppExport.cmake
[0.517s] -- Up-to-date: /home/fhp/MobileRobot_ws/install/megarover_samples_ros2/share/megarover_samples_ros2/cmake/export_megarover_samples_ros2__rosidl_typesupport_fastrtps_cppExport.cmake
[0.517s] -- Up-to-date: /home/fhp/MobileRobot_ws/install/megarover_samples_ros2/share/megarover_samples_ros2/cmake/export_megarover_samples_ros2__rosidl_typesupport_fastrtps_cppExport-noconfig.cmake
[0.518s] -- Up-to-date: /home/fhp/MobileRobot_ws/install/megarover_samples_ros2/share/megarover_samples_ros2/cmake/megarover_samples_ros2__rosidl_typesupport_introspection_cExport.cmake
[0.518s] -- Up-to-date: /home/fhp/MobileRobot_ws/install/megarover_samples_ros2/share/megarover_samples_ros2/cmake/megarover_samples_ros2__rosidl_typesupport_introspection_cExport-noconfig.cmake
[0.518s] -- Up-to-date: /home/fhp/MobileRobot_ws/install/megarover_samples_ros2/share/megarover_samples_ros2/cmake/megarover_samples_ros2__rosidl_typesupport_cExport.cmake
[0.518s] -- Up-to-date: /home/fhp/MobileRobot_ws/install/megarover_samples_ros2/share/megarover_samples_ros2/cmake/megarover_samples_ros2__rosidl_typesupport_cExport-noconfig.cmake
[0.518s] -- Up-to-date: /home/fhp/MobileRobot_ws/install/megarover_samples_ros2/share/megarover_samples_ros2/cmake/megarover_samples_ros2__rosidl_typesupport_introspection_cppExport.cmake
[0.518s] -- Up-to-date: /home/fhp/MobileRobot_ws/install/megarover_samples_ros2/share/megarover_samples_ros2/cmake/megarover_samples_ros2__rosidl_typesupport_introspection_cppExport-noconfig.cmake
[0.518s] -- Up-to-date: /home/fhp/MobileRobot_ws/install/megarover_samples_ros2/share/megarover_samples_ros2/cmake/megarover_samples_ros2__rosidl_typesupport_cppExport.cmake
[0.519s] -- Up-to-date: /home/fhp/MobileRobot_ws/install/megarover_samples_ros2/share/megarover_samples_ros2/cmake/megarover_samples_ros2__rosidl_typesupport_cppExport-noconfig.cmake
[0.519s] -- Up-to-date: /home/fhp/MobileRobot_ws/install/megarover_samples_ros2/share/megarover_samples_ros2/cmake/export_megarover_samples_ros2__rosidl_generator_pyExport.cmake
[0.519s] -- Up-to-date: /home/fhp/MobileRobot_ws/install/megarover_samples_ros2/share/megarover_samples_ros2/cmake/export_megarover_samples_ros2__rosidl_generator_pyExport-noconfig.cmake
[0.521s] Invoked command in '/home/fhp/MobileRobot_ws/build/megarover_samples_ros2' returned '0': CMAKE_PREFIX_PATH=${CMAKE_PREFIX_PATH}:/opt/ros/humble /usr/bin/cmake --install /home/fhp/MobileRobot_ws/build/megarover_samples_ros2
