[0.016s] Invoking command in '/home/fhp/MobileRobot_ws/build/robot_description': CMAKE_PREFIX_PATH=${CMAKE_PREFIX_PATH}:/opt/ros/humble /usr/bin/cmake /home/fhp/MobileRobot_ws/src/robot_description -DAMENT_CMAKE_SYMLINK_INSTALL=1 -DCMAKE_INSTALL_PREFIX=/home/fhp/MobileRobot_ws/install/robot_description
[0.127s] -- The C compiler identification is GNU 11.3.0
[0.216s] -- The CXX compiler identification is GNU 11.3.0
[0.224s] -- Detecting C compiler ABI info
[0.286s] -- Detecting C compiler ABI info - done
[0.293s] -- Check for working C compiler: /usr/bin/cc - skipped
[0.294s] -- Detecting C compile features
[0.294s] -- Detecting C compile features - done
[0.297s] -- Detecting CXX compiler ABI info
[0.374s] -- Detecting CXX compiler ABI info - done
[0.381s] -- Check for working CXX compiler: /usr/bin/c++ - skipped
[0.382s] -- Detecting CXX compile features
[0.382s] -- Detecting CXX compile features - done
[0.384s] -- Found ament_cmake: 1.3.3 (/opt/ros/humble/share/ament_cmake/cmake)
[0.539s] -- Found Python3: /usr/bin/python3.10 (found version "3.10.6") found components: Interpreter 
[0.598s] -- Override CMake install command with custom implementation using symlinks instead of copying resources
[0.636s] -- Found gazebo_ros_pkgs: 3.7.0 (/opt/ros/humble/share/gazebo_ros_pkgs/cmake)
[0.638s] -- Found sensor_msgs: 4.2.3 (/opt/ros/humble/share/sensor_msgs/cmake)
[0.679s] -- Found rosidl_generator_c: 3.1.4 (/opt/ros/humble/share/rosidl_generator_c/cmake)
[0.685s] -- Found rosidl_adapter: 3.1.4 (/opt/ros/humble/share/rosidl_adapter/cmake)
[0.696s] -- Found rosidl_generator_cpp: 3.1.4 (/opt/ros/humble/share/rosidl_generator_cpp/cmake)
[0.712s] -- Using all available rosidl_typesupport_c: rosidl_typesupport_fastrtps_c;rosidl_typesupport_introspection_c
[0.733s] -- Using all available rosidl_typesupport_cpp: rosidl_typesupport_fastrtps_cpp;rosidl_typesupport_introspection_cpp
[0.943s] -- Found ament_lint_auto: 0.12.5 (/opt/ros/humble/share/ament_lint_auto/cmake)
[1.015s] -- Added test 'copyright' to check source files copyright and LICENSE
[1.019s] -- Added test 'cppcheck' to perform static code analysis on C / C++ code
[1.019s] -- Configured cppcheck include dirs: 
[1.019s] -- Configured cppcheck exclude dirs and/or files: 
[1.022s] -- Added test 'cpplint' to check C / C++ code against the Google style
[1.023s] -- Configured cpplint exclude dirs and/or files: 
[1.023s] -- Added test 'flake8' to check Python code syntax and style conventions
[1.024s] -- Added test 'lint_cmake' to check CMake code style
[1.025s] -- Added test 'pep257' to check Python code against some of the docstring style conventions in PEP 257
[1.029s] -- Added test 'uncrustify' to check C / C++ code style
[1.029s] -- Configured uncrustify additional arguments: 
[1.029s] -- Added test 'xmllint' to check XML markup files
[1.030s] -- Configuring done
[1.034s] -- Generating done
[1.035s] -- Build files have been written to: /home/fhp/MobileRobot_ws/build/robot_description
[1.041s] Invoked command in '/home/fhp/MobileRobot_ws/build/robot_description' returned '0': CMAKE_PREFIX_PATH=${CMAKE_PREFIX_PATH}:/opt/ros/humble /usr/bin/cmake /home/fhp/MobileRobot_ws/src/robot_description -DAMENT_CMAKE_SYMLINK_INSTALL=1 -DCMAKE_INSTALL_PREFIX=/home/fhp/MobileRobot_ws/install/robot_description
[1.043s] Invoking command in '/home/fhp/MobileRobot_ws/build/robot_description': CMAKE_PREFIX_PATH=${CMAKE_PREFIX_PATH}:/opt/ros/humble /usr/bin/cmake --build /home/fhp/MobileRobot_ws/build/robot_description -- -j12 -l12
[1.082s] [ 50%] [32mBuilding CXX object CMakeFiles/pub_odom.dir/src/pub_odom.cpp.o[0m
[1.121s] [100%] [32m[1mLinking CXX executable pub_odom[0m
[1.163s] [100%] Built target pub_odom
[1.172s] Invoked command in '/home/fhp/MobileRobot_ws/build/robot_description' returned '0': CMAKE_PREFIX_PATH=${CMAKE_PREFIX_PATH}:/opt/ros/humble /usr/bin/cmake --build /home/fhp/MobileRobot_ws/build/robot_description -- -j12 -l12
[1.203s] Invoking command in '/home/fhp/MobileRobot_ws/build/robot_description': CMAKE_PREFIX_PATH=${CMAKE_PREFIX_PATH}:/opt/ros/humble /usr/bin/cmake --install /home/fhp/MobileRobot_ws/build/robot_description
[1.208s] -- Install configuration: ""
[1.209s] -- Execute custom install script
[1.209s] -- Symlinking: /home/fhp/MobileRobot_ws/install/robot_description/lib/robot_description/pub_odom
[1.217s] -- Symlinking: /home/fhp/MobileRobot_ws/install/robot_description/share/robot_description/config/diff_drive_controller.yaml
[1.229s] -- Symlinking: /home/fhp/MobileRobot_ws/install/robot_description/share/robot_description/config/mapper_params_online_sync.yaml
[1.237s] -- Symlinking: /home/fhp/MobileRobot_ws/install/robot_description/share/robot_description/config/navigation_param.yaml
[1.251s] -- Symlinking: /home/fhp/MobileRobot_ws/install/robot_description/share/robot_description/launch/__pycache__/vmegarover_mapping.launch.cpython-310.pyc
[1.259s] -- Symlinking: /home/fhp/MobileRobot_ws/install/robot_description/share/robot_description/launch/__pycache__/vmegarover_with_sample_world.launch.cpython-310.pyc
[1.273s] -- Symlinking: /home/fhp/MobileRobot_ws/install/robot_description/share/robot_description/launch/robot_state_publisher.launch.py
[1.287s] -- Symlinking: /home/fhp/MobileRobot_ws/install/robot_description/share/robot_description/launch/vmegarover_mapping.launch.py
[1.294s] -- Symlinking: /home/fhp/MobileRobot_ws/install/robot_description/share/robot_description/launch/vmegarover_navigation.launch.py
[1.302s] -- Symlinking: /home/fhp/MobileRobot_ws/install/robot_description/share/robot_description/launch/vmegarover_save_map.launch.py
[1.310s] -- Symlinking: /home/fhp/MobileRobot_ws/install/robot_description/share/robot_description/launch/vmegarover_with_empty_world.launch.py
[1.323s] -- Symlinking: /home/fhp/MobileRobot_ws/install/robot_description/share/robot_description/launch/vmegarover_with_sample_world.launch.py
[1.338s] -- Symlinking: /home/fhp/MobileRobot_ws/install/robot_description/share/robot_description/maps/vmegarover_samplemap.pgm
[1.353s] -- Symlinking: /home/fhp/MobileRobot_ws/install/robot_description/share/robot_description/maps/vmegarover_samplemap.yaml
[1.365s] -- Symlinking: /home/fhp/MobileRobot_ws/install/robot_description/share/robot_description/models/vmegarover/meshes/dae/lrf.dae
[1.380s] -- Symlinking: /home/fhp/MobileRobot_ws/install/robot_description/share/robot_description/models/vmegarover/meshes/dae/main_body.dae
[1.387s] -- Symlinking: /home/fhp/MobileRobot_ws/install/robot_description/share/robot_description/models/vmegarover/meshes/dae/megarover.dae
[1.402s] -- Symlinking: /home/fhp/MobileRobot_ws/install/robot_description/share/robot_description/models/vmegarover/meshes/dae/r5.png
[1.409s] -- Symlinking: /home/fhp/MobileRobot_ws/install/robot_description/share/robot_description/models/vmegarover/meshes/dae/r5_lrf.png
[1.423s] -- Symlinking: /home/fhp/MobileRobot_ws/install/robot_description/share/robot_description/models/vmegarover/meshes/dae/vmega_body.dae
[1.431s] -- Symlinking: /home/fhp/MobileRobot_ws/install/robot_description/share/robot_description/models/vmegarover/meshes/dae/vmega_wheel.dae
[1.438s] -- Symlinking: /home/fhp/MobileRobot_ws/install/robot_description/share/robot_description/models/vmegarover/meshes/stl/lrf.stl
[1.446s] -- Symlinking: /home/fhp/MobileRobot_ws/install/robot_description/share/robot_description/models/vmegarover/meshes/stl/megarover.stl
[1.453s] -- Symlinking: /home/fhp/MobileRobot_ws/install/robot_description/share/robot_description/models/vmegarover/meshes/stl/vmega_body.stl
[1.461s] -- Symlinking: /home/fhp/MobileRobot_ws/install/robot_description/share/robot_description/models/vmegarover/meshes/stl/vmega_wheel.stl
[1.468s] -- Symlinking: /home/fhp/MobileRobot_ws/install/robot_description/share/robot_description/robots/vmegarover.urdf.xacro
[1.475s] -- Symlinking: /home/fhp/MobileRobot_ws/install/robot_description/share/robot_description/rviz/mapping.rviz
[1.483s] -- Symlinking: /home/fhp/MobileRobot_ws/install/robot_description/share/robot_description/rviz/navigation.rviz
[1.491s] -- Symlinking: /home/fhp/MobileRobot_ws/install/robot_description/share/robot_description/scripts/A_star.py
[1.506s] -- Symlinking: /home/fhp/MobileRobot_ws/install/robot_description/share/robot_description/scripts/Behavior_server.py
[1.520s] -- Symlinking: /home/fhp/MobileRobot_ws/install/robot_description/share/robot_description/scripts/GlobalPlanning_A-star.py
[1.535s] -- Symlinking: /home/fhp/MobileRobot_ws/install/robot_description/share/robot_description/scripts/create_fix_urdf.py
[1.549s] -- Symlinking: /home/fhp/MobileRobot_ws/install/robot_description/share/robot_description/scripts/follow_object.py
[1.563s] -- Symlinking: /home/fhp/MobileRobot_ws/install/robot_description/share/robot_description/scripts/grid_mapping.py
[1.578s] -- Symlinking: /home/fhp/MobileRobot_ws/install/robot_description/share/robot_description/scripts/path_tracking.py
[1.593s] -- Symlinking: /home/fhp/MobileRobot_ws/install/robot_description/share/robot_description/scripts/pure_pursuit.py
[1.608s] -- Symlinking: /home/fhp/MobileRobot_ws/install/robot_description/share/robot_description/urdf/body/body.gazebo.xacro
[1.615s] -- Symlinking: /home/fhp/MobileRobot_ws/install/robot_description/share/robot_description/urdf/body/vbody.urdf.xacro
[1.629s] -- Symlinking: /home/fhp/MobileRobot_ws/install/robot_description/share/robot_description/urdf/common.xacro
[1.644s] -- Symlinking: /home/fhp/MobileRobot_ws/install/robot_description/share/robot_description/urdf/lrf/lrf.gazebo.xacro
[1.658s] -- Symlinking: /home/fhp/MobileRobot_ws/install/robot_description/share/robot_description/urdf/lrf/lrf.urdf.xacro
[1.673s] -- Symlinking: /home/fhp/MobileRobot_ws/install/robot_description/share/robot_description/urdf/wheel/vwheel.urdf.xacro
[1.687s] -- Symlinking: /home/fhp/MobileRobot_ws/install/robot_description/share/robot_description/urdf/wheel/wheel.gazebo.xacro
[1.702s] -- Symlinking: /home/fhp/MobileRobot_ws/install/robot_description/share/robot_description/worlds/vmegarover_sample.world
[1.717s] -- Symlinking: /home/fhp/MobileRobot_ws/install/robot_description/lib/robot_description/follow_object.py
[1.732s] -- Symlinking: /home/fhp/MobileRobot_ws/install/robot_description/lib/robot_description/grid_mapping.py
[1.746s] -- Symlinking: /home/fhp/MobileRobot_ws/install/robot_description/lib/robot_description/pure_pursuit.py
[1.761s] -- Symlinking: /home/fhp/MobileRobot_ws/install/robot_description/lib/robot_description/A_star.py
[1.776s] -- Symlinking: /home/fhp/MobileRobot_ws/install/robot_description/lib/robot_description/path_tracking.py
[1.790s] -- Symlinking: /home/fhp/MobileRobot_ws/install/robot_description/lib/robot_description/GlobalPlanning_A-star.py
[1.806s] -- Symlinking: /home/fhp/MobileRobot_ws/install/robot_description/lib/robot_description/Behavior_server.py
[1.821s] -- Symlinking: /home/fhp/MobileRobot_ws/install/robot_description/share/ament_index/resource_index/package_run_dependencies/robot_description
[1.836s] -- Symlinking: /home/fhp/MobileRobot_ws/install/robot_description/share/ament_index/resource_index/parent_prefix_path/robot_description
[1.851s] -- Symlinking: /home/fhp/MobileRobot_ws/install/robot_description/share/robot_description/environment/ament_prefix_path.sh
[1.865s] -- Symlinking: /home/fhp/MobileRobot_ws/install/robot_description/share/robot_description/environment/ament_prefix_path.dsv
[1.880s] -- Symlinking: /home/fhp/MobileRobot_ws/install/robot_description/share/robot_description/environment/path.sh
[1.895s] -- Symlinking: /home/fhp/MobileRobot_ws/install/robot_description/share/robot_description/environment/path.dsv
[1.910s] -- Symlinking: /home/fhp/MobileRobot_ws/install/robot_description/share/robot_description/local_setup.bash
[1.924s] -- Symlinking: /home/fhp/MobileRobot_ws/install/robot_description/share/robot_description/local_setup.sh
[1.932s] -- Symlinking: /home/fhp/MobileRobot_ws/install/robot_description/share/robot_description/local_setup.zsh
[1.939s] -- Symlinking: /home/fhp/MobileRobot_ws/install/robot_description/share/robot_description/local_setup.dsv
[1.947s] -- Symlinking: /home/fhp/MobileRobot_ws/install/robot_description/share/robot_description/package.dsv
[1.962s] -- Symlinking: /home/fhp/MobileRobot_ws/install/robot_description/share/ament_index/resource_index/packages/robot_description
[1.977s] -- Symlinking: /home/fhp/MobileRobot_ws/install/robot_description/share/robot_description/cmake/robot_descriptionConfig.cmake
[1.991s] -- Symlinking: /home/fhp/MobileRobot_ws/install/robot_description/share/robot_description/cmake/robot_descriptionConfig-version.cmake
[2.007s] -- Symlinking: /home/fhp/MobileRobot_ws/install/robot_description/share/robot_description/package.xml
[2.029s] Invoked command in '/home/fhp/MobileRobot_ws/build/robot_description' returned '0': CMAKE_PREFIX_PATH=${CMAKE_PREFIX_PATH}:/opt/ros/humble /usr/bin/cmake --install /home/fhp/MobileRobot_ws/build/robot_description
