[0.025s] Invoking command in '/home/fhp/MobileRobot_ws/build/navigation': CMAKE_PREFIX_PATH=${CMAKE_PREFIX_PATH}:/opt/ros/humble /usr/bin/cmake --build /home/fhp/MobileRobot_ws/build/navigation -- -j12 -l12
[0.061s] -- Found ament_cmake: 1.3.3 (/opt/ros/humble/share/ament_cmake/cmake)
[0.346s] -- Override CMake install command with custom implementation using symlinks instead of copying resources
[0.363s] -- Found ament_lint_auto: 0.12.5 (/opt/ros/humble/share/ament_lint_auto/cmake)
[0.452s] -- Added test 'flake8' to check Python code syntax and style conventions
[0.453s] -- Added test 'lint_cmake' to check CMake code style
[0.453s] -- Added test 'pep257' to check Python code against some of the docstring style conventions in PEP 257
[0.454s] -- Added test 'xmllint' to check XML markup files
[0.456s] -- Configuring done
[0.460s] -- Generating done
[0.460s] -- Build files have been written to: /home/fhp/MobileRobot_ws/build/navigation
[0.493s] Invoked command in '/home/fhp/MobileRobot_ws/build/navigation' returned '0': CMAKE_PREFIX_PATH=${CMAKE_PREFIX_PATH}:/opt/ros/humble /usr/bin/cmake --build /home/fhp/MobileRobot_ws/build/navigation -- -j12 -l12
[0.518s] Invoking command in '/home/fhp/MobileRobot_ws/build/navigation': CMAKE_PREFIX_PATH=${CMAKE_PREFIX_PATH}:/opt/ros/humble /usr/bin/cmake --install /home/fhp/MobileRobot_ws/build/navigation
[0.524s] -- Install configuration: ""
[0.524s] -- Execute custom install script
[0.524s] -- Up-to-date symlink: /home/fhp/MobileRobot_ws/install/navigation/lib/navigation/GlobalPlanning_A-star.py
[0.524s] -- Up-to-date symlink: /home/fhp/MobileRobot_ws/install/navigation/lib/navigation/path_tracking.py
[0.525s] -- Up-to-date symlink: /home/fhp/MobileRobot_ws/install/navigation/lib/navigation/Behavior_server.py
[0.525s] -- Up-to-date symlink: /home/fhp/MobileRobot_ws/install/navigation/share/ament_index/resource_index/package_run_dependencies/navigation
[0.525s] -- Up-to-date symlink: /home/fhp/MobileRobot_ws/install/navigation/share/ament_index/resource_index/parent_prefix_path/navigation
[0.525s] -- Up-to-date symlink: /home/fhp/MobileRobot_ws/install/navigation/share/navigation/environment/ament_prefix_path.sh
[0.525s] -- Up-to-date symlink: /home/fhp/MobileRobot_ws/install/navigation/share/navigation/environment/ament_prefix_path.dsv
[0.525s] -- Up-to-date symlink: /home/fhp/MobileRobot_ws/install/navigation/share/navigation/environment/path.sh
[0.526s] -- Up-to-date symlink: /home/fhp/MobileRobot_ws/install/navigation/share/navigation/environment/path.dsv
[0.526s] -- Up-to-date symlink: /home/fhp/MobileRobot_ws/install/navigation/share/navigation/local_setup.bash
[0.526s] -- Up-to-date symlink: /home/fhp/MobileRobot_ws/install/navigation/share/navigation/local_setup.sh
[0.526s] -- Up-to-date symlink: /home/fhp/MobileRobot_ws/install/navigation/share/navigation/local_setup.zsh
[0.526s] -- Up-to-date symlink: /home/fhp/MobileRobot_ws/install/navigation/share/navigation/local_setup.dsv
[0.526s] -- Symlinking: /home/fhp/MobileRobot_ws/install/navigation/share/navigation/package.dsv
[0.537s] -- Up-to-date symlink: /home/fhp/MobileRobot_ws/install/navigation/share/ament_index/resource_index/packages/navigation
[0.538s] -- Up-to-date symlink: /home/fhp/MobileRobot_ws/install/navigation/share/navigation/cmake/navigationConfig.cmake
[0.538s] -- Up-to-date symlink: /home/fhp/MobileRobot_ws/install/navigation/share/navigation/cmake/navigationConfig-version.cmake
[0.538s] -- Up-to-date symlink: /home/fhp/MobileRobot_ws/install/navigation/share/navigation/package.xml
[0.540s] Invoked command in '/home/fhp/MobileRobot_ws/build/navigation' returned '0': CMAKE_PREFIX_PATH=${CMAKE_PREFIX_PATH}:/opt/ros/humble /usr/bin/cmake --install /home/fhp/MobileRobot_ws/build/navigation
