[0.013s] Invoking command in '/home/fhp/MobileRobot_ws/build/msg_interfaces': CMAKE_PREFIX_PATH=${CMAKE_PREFIX_PATH}:/opt/ros/humble /usr/bin/cmake /home/fhp/MobileRobot_ws/src/msg_interfaces -DAMENT_CMAKE_SYMLINK_INSTALL=1 -DCMAKE_INSTALL_PREFIX=/home/fhp/MobileRobot_ws/install/msg_interfaces
[0.026s] -- Found ament_cmake: 1.3.3 (/opt/ros/humble/share/ament_cmake/cmake)
[0.144s] -- Override CMake install command with custom implementation using symlinks instead of copying resources
[0.150s] -- Found ament_lint_auto: 0.12.5 (/opt/ros/humble/share/ament_lint_auto/cmake)
[0.204s] -- Found std_msgs: 4.2.3 (/opt/ros/humble/share/std_msgs/cmake)
[0.226s] -- Found rosidl_generator_c: 3.1.4 (/opt/ros/humble/share/rosidl_generator_c/cmake)
[0.228s] -- Found rosidl_adapter: 3.1.4 (/opt/ros/humble/share/rosidl_adapter/cmake)
[0.233s] -- Found rosidl_generator_cpp: 3.1.4 (/opt/ros/humble/share/rosidl_generator_cpp/cmake)
[0.242s] -- Using all available rosidl_typesupport_c: rosidl_typesupport_fastrtps_c;rosidl_typesupport_introspection_c
[0.255s] -- Using all available rosidl_typesupport_cpp: rosidl_typesupport_fastrtps_cpp;rosidl_typesupport_introspection_cpp
[0.302s] -- Found rosidl_default_generators: 1.2.0 (/opt/ros/humble/share/rosidl_default_generators/cmake)
[0.308s] [31mCMake Error at /opt/ros/humble/share/rosidl_cmake/cmake/rosidl_generate_interfaces.cmake:59 (message):
[0.308s]   rosidl_generate_interfaces() called without any interface files
[0.308s] Call Stack (most recent call first):
[0.309s]   CMakeLists.txt:29 (rosidl_generate_interfaces)
[0.309s] 
[0.309s] [0m
[0.309s] -- Configuring incomplete, errors occurred!
[0.309s] See also "/home/fhp/MobileRobot_ws/build/msg_interfaces/CMakeFiles/CMakeOutput.log".
[0.314s] Invoked command in '/home/fhp/MobileRobot_ws/build/msg_interfaces' returned '1': CMAKE_PREFIX_PATH=${CMAKE_PREFIX_PATH}:/opt/ros/humble /usr/bin/cmake /home/fhp/MobileRobot_ws/src/msg_interfaces -DAMENT_CMAKE_SYMLINK_INSTALL=1 -DCMAKE_INSTALL_PREFIX=/home/fhp/MobileRobot_ws/install/msg_interfaces
