[0.331s] DEBUG:colcon:Command line arguments: ['/usr/bin/colcon', 'build', '--symlink-install']
[0.331s] DEBUG:colcon:Parsed command line arguments: Namespace(log_base=None, log_level=None, verb_name='build', build_base='build', install_base='install', merge_install=False, symlink_install=True, test_result_base=None, continue_on_error=False, executor='parallel', parallel_workers=12, event_handlers=None, ignore_user_meta=False, metas=['./colcon.meta'], base_paths=['.'], packages_ignore=None, packages_ignore_regex=None, paths=None, packages_up_to=None, packages_up_to_regex=None, packages_above=None, packages_above_and_dependencies=None, packages_above_depth=None, packages_select_by_dep=None, packages_skip_by_dep=None, packages_skip_up_to=None, packages_select_build_failed=False, packages_skip_build_finished=False, packages_select_test_failures=False, packages_skip_test_passed=False, packages_select=None, packages_skip=None, packages_select_regex=None, packages_skip_regex=None, packages_start=None, packages_end=None, allow_overriding=[], cmake_args=None, cmake_target=None, cmake_target_skip_unavailable=False, cmake_clean_cache=False, cmake_clean_first=False, cmake_force_configure=False, ament_cmake_args=None, catkin_cmake_args=None, catkin_skip_building_tests=False, verb_parser=<colcon_defaults.argument_parser.defaults.DefaultArgumentsDecorator object at 0x7ff6760b6e30>, verb_extension=<colcon_core.verb.build.BuildVerb object at 0x7ff6768c3640>, main=<bound method BuildVerb.main of <colcon_core.verb.build.BuildVerb object at 0x7ff6768c3640>>)
[0.356s] Level 1:colcon.colcon_core.package_discovery:discover_packages(colcon_meta) check parameters
[0.356s] Level 1:colcon.colcon_core.package_discovery:discover_packages(recursive) check parameters
[0.356s] Level 1:colcon.colcon_core.package_discovery:discover_packages(ignore) check parameters
[0.356s] Level 1:colcon.colcon_core.package_discovery:discover_packages(path) check parameters
[0.356s] Level 1:colcon.colcon_core.package_discovery:discover_packages(colcon_meta) discover
[0.356s] Level 1:colcon.colcon_core.package_discovery:discover_packages(recursive) discover
[0.356s] INFO:colcon.colcon_core.package_discovery:Crawling recursively for packages in '/home/fhp/FRA532-MobileRobot/MobileRobot_ws'
[0.356s] Level 1:colcon.colcon_core.package_identification:_identify(.) by extensions ['ignore', 'ignore_ament_install']
[0.357s] Level 1:colcon.colcon_core.package_identification:_identify(.) by extension 'ignore'
[0.357s] Level 1:colcon.colcon_core.package_identification:_identify(.) by extension 'ignore_ament_install'
[0.357s] Level 1:colcon.colcon_core.package_identification:_identify(.) by extensions ['colcon_pkg']
[0.357s] Level 1:colcon.colcon_core.package_identification:_identify(.) by extension 'colcon_pkg'
[0.357s] Level 1:colcon.colcon_core.package_identification:_identify(.) by extensions ['colcon_meta']
[0.357s] Level 1:colcon.colcon_core.package_identification:_identify(.) by extension 'colcon_meta'
[0.357s] Level 1:colcon.colcon_core.package_identification:_identify(.) by extensions ['ros']
[0.357s] Level 1:colcon.colcon_core.package_identification:_identify(.) by extension 'ros'
[0.368s] Level 1:colcon.colcon_core.package_identification:_identify(.) by extensions ['cmake', 'python']
[0.368s] Level 1:colcon.colcon_core.package_identification:_identify(.) by extension 'cmake'
[0.368s] Level 1:colcon.colcon_core.package_identification:_identify(.) by extension 'python'
[0.368s] Level 1:colcon.colcon_core.package_identification:_identify(.) by extensions ['python_setup_py']
[0.368s] Level 1:colcon.colcon_core.package_identification:_identify(.) by extension 'python_setup_py'
[0.368s] Level 1:colcon.colcon_core.package_identification:_identify(build) by extensions ['ignore', 'ignore_ament_install']
[0.368s] Level 1:colcon.colcon_core.package_identification:_identify(build) by extension 'ignore'
[0.368s] Level 1:colcon.colcon_core.package_identification:_identify(build) ignored
[0.369s] Level 1:colcon.colcon_core.package_identification:_identify(install) by extensions ['ignore', 'ignore_ament_install']
[0.369s] Level 1:colcon.colcon_core.package_identification:_identify(install) by extension 'ignore'
[0.369s] Level 1:colcon.colcon_core.package_identification:_identify(install) ignored
[0.369s] Level 1:colcon.colcon_core.package_identification:_identify(log) by extensions ['ignore', 'ignore_ament_install']
[0.369s] Level 1:colcon.colcon_core.package_identification:_identify(log) by extension 'ignore'
[0.369s] Level 1:colcon.colcon_core.package_identification:_identify(log) ignored
[0.369s] Level 1:colcon.colcon_core.package_identification:_identify(src) by extensions ['ignore', 'ignore_ament_install']
[0.369s] Level 1:colcon.colcon_core.package_identification:_identify(src) by extension 'ignore'
[0.369s] Level 1:colcon.colcon_core.package_identification:_identify(src) by extension 'ignore_ament_install'
[0.369s] Level 1:colcon.colcon_core.package_identification:_identify(src) by extensions ['colcon_pkg']
[0.369s] Level 1:colcon.colcon_core.package_identification:_identify(src) by extension 'colcon_pkg'
[0.369s] Level 1:colcon.colcon_core.package_identification:_identify(src) by extensions ['colcon_meta']
[0.369s] Level 1:colcon.colcon_core.package_identification:_identify(src) by extension 'colcon_meta'
[0.369s] Level 1:colcon.colcon_core.package_identification:_identify(src) by extensions ['ros']
[0.369s] Level 1:colcon.colcon_core.package_identification:_identify(src) by extension 'ros'
[0.369s] Level 1:colcon.colcon_core.package_identification:_identify(src) by extensions ['cmake', 'python']
[0.369s] Level 1:colcon.colcon_core.package_identification:_identify(src) by extension 'cmake'
[0.369s] Level 1:colcon.colcon_core.package_identification:_identify(src) by extension 'python'
[0.369s] Level 1:colcon.colcon_core.package_identification:_identify(src) by extensions ['python_setup_py']
[0.369s] Level 1:colcon.colcon_core.package_identification:_identify(src) by extension 'python_setup_py'
[0.369s] Level 1:colcon.colcon_core.package_identification:_identify(src/algorithm) by extensions ['ignore', 'ignore_ament_install']
[0.370s] Level 1:colcon.colcon_core.package_identification:_identify(src/algorithm) by extension 'ignore'
[0.370s] Level 1:colcon.colcon_core.package_identification:_identify(src/algorithm) by extension 'ignore_ament_install'
[0.370s] Level 1:colcon.colcon_core.package_identification:_identify(src/algorithm) by extensions ['colcon_pkg']
[0.370s] Level 1:colcon.colcon_core.package_identification:_identify(src/algorithm) by extension 'colcon_pkg'
[0.370s] Level 1:colcon.colcon_core.package_identification:_identify(src/algorithm) by extensions ['colcon_meta']
[0.370s] Level 1:colcon.colcon_core.package_identification:_identify(src/algorithm) by extension 'colcon_meta'
[0.370s] Level 1:colcon.colcon_core.package_identification:_identify(src/algorithm) by extensions ['ros']
[0.370s] Level 1:colcon.colcon_core.package_identification:_identify(src/algorithm) by extension 'ros'
[0.370s] Level 1:colcon.colcon_core.package_identification:_identify(src/algorithm) by extensions ['cmake', 'python']
[0.370s] Level 1:colcon.colcon_core.package_identification:_identify(src/algorithm) by extension 'cmake'
[0.370s] Level 1:colcon.colcon_core.package_identification:_identify(src/algorithm) by extension 'python'
[0.370s] Level 1:colcon.colcon_core.package_identification:_identify(src/algorithm) by extensions ['python_setup_py']
[0.370s] Level 1:colcon.colcon_core.package_identification:_identify(src/algorithm) by extension 'python_setup_py'
[0.370s] Level 1:colcon.colcon_core.package_identification:_identify(src/algorithm/__pycache__) by extensions ['ignore', 'ignore_ament_install']
[0.370s] Level 1:colcon.colcon_core.package_identification:_identify(src/algorithm/__pycache__) by extension 'ignore'
[0.370s] Level 1:colcon.colcon_core.package_identification:_identify(src/algorithm/__pycache__) by extension 'ignore_ament_install'
[0.370s] Level 1:colcon.colcon_core.package_identification:_identify(src/algorithm/__pycache__) by extensions ['colcon_pkg']
[0.370s] Level 1:colcon.colcon_core.package_identification:_identify(src/algorithm/__pycache__) by extension 'colcon_pkg'
[0.370s] Level 1:colcon.colcon_core.package_identification:_identify(src/algorithm/__pycache__) by extensions ['colcon_meta']
[0.370s] Level 1:colcon.colcon_core.package_identification:_identify(src/algorithm/__pycache__) by extension 'colcon_meta'
[0.370s] Level 1:colcon.colcon_core.package_identification:_identify(src/algorithm/__pycache__) by extensions ['ros']
[0.370s] Level 1:colcon.colcon_core.package_identification:_identify(src/algorithm/__pycache__) by extension 'ros'
[0.370s] Level 1:colcon.colcon_core.package_identification:_identify(src/algorithm/__pycache__) by extensions ['cmake', 'python']
[0.370s] Level 1:colcon.colcon_core.package_identification:_identify(src/algorithm/__pycache__) by extension 'cmake'
[0.370s] Level 1:colcon.colcon_core.package_identification:_identify(src/algorithm/__pycache__) by extension 'python'
[0.370s] Level 1:colcon.colcon_core.package_identification:_identify(src/algorithm/__pycache__) by extensions ['python_setup_py']
[0.371s] Level 1:colcon.colcon_core.package_identification:_identify(src/algorithm/__pycache__) by extension 'python_setup_py'
[0.371s] Level 1:colcon.colcon_core.package_identification:_identify(src/megarover_samples_ros2) by extensions ['ignore', 'ignore_ament_install']
[0.371s] Level 1:colcon.colcon_core.package_identification:_identify(src/megarover_samples_ros2) by extension 'ignore'
[0.371s] Level 1:colcon.colcon_core.package_identification:_identify(src/megarover_samples_ros2) by extension 'ignore_ament_install'
[0.371s] Level 1:colcon.colcon_core.package_identification:_identify(src/megarover_samples_ros2) by extensions ['colcon_pkg']
[0.371s] Level 1:colcon.colcon_core.package_identification:_identify(src/megarover_samples_ros2) by extension 'colcon_pkg'
[0.371s] Level 1:colcon.colcon_core.package_identification:_identify(src/megarover_samples_ros2) by extensions ['colcon_meta']
[0.371s] Level 1:colcon.colcon_core.package_identification:_identify(src/megarover_samples_ros2) by extension 'colcon_meta'
[0.371s] Level 1:colcon.colcon_core.package_identification:_identify(src/megarover_samples_ros2) by extensions ['ros']
[0.371s] Level 1:colcon.colcon_core.package_identification:_identify(src/megarover_samples_ros2) by extension 'ros'
[0.375s] DEBUG:colcon.colcon_core.package_identification:Package 'src/megarover_samples_ros2' with type 'ros.ament_cmake' and name 'megarover_samples_ros2'
[0.375s] Level 1:colcon.colcon_core.package_identification:_identify(src/msg_interfaces) by extensions ['ignore', 'ignore_ament_install']
[0.375s] Level 1:colcon.colcon_core.package_identification:_identify(src/msg_interfaces) by extension 'ignore'
[0.375s] Level 1:colcon.colcon_core.package_identification:_identify(src/msg_interfaces) by extension 'ignore_ament_install'
[0.375s] Level 1:colcon.colcon_core.package_identification:_identify(src/msg_interfaces) by extensions ['colcon_pkg']
[0.375s] Level 1:colcon.colcon_core.package_identification:_identify(src/msg_interfaces) by extension 'colcon_pkg'
[0.375s] Level 1:colcon.colcon_core.package_identification:_identify(src/msg_interfaces) by extensions ['colcon_meta']
[0.375s] Level 1:colcon.colcon_core.package_identification:_identify(src/msg_interfaces) by extension 'colcon_meta'
[0.375s] Level 1:colcon.colcon_core.package_identification:_identify(src/msg_interfaces) by extensions ['ros']
[0.375s] Level 1:colcon.colcon_core.package_identification:_identify(src/msg_interfaces) by extension 'ros'
[0.376s] DEBUG:colcon.colcon_core.package_identification:Package 'src/msg_interfaces' with type 'ros.ament_cmake' and name 'msg_interfaces'
[0.376s] Level 1:colcon.colcon_core.package_identification:_identify(src/navigation) by extensions ['ignore', 'ignore_ament_install']
[0.376s] Level 1:colcon.colcon_core.package_identification:_identify(src/navigation) by extension 'ignore'
[0.376s] Level 1:colcon.colcon_core.package_identification:_identify(src/navigation) by extension 'ignore_ament_install'
[0.376s] Level 1:colcon.colcon_core.package_identification:_identify(src/navigation) by extensions ['colcon_pkg']
[0.376s] Level 1:colcon.colcon_core.package_identification:_identify(src/navigation) by extension 'colcon_pkg'
[0.376s] Level 1:colcon.colcon_core.package_identification:_identify(src/navigation) by extensions ['colcon_meta']
[0.376s] Level 1:colcon.colcon_core.package_identification:_identify(src/navigation) by extension 'colcon_meta'
[0.376s] Level 1:colcon.colcon_core.package_identification:_identify(src/navigation) by extensions ['ros']
[0.376s] Level 1:colcon.colcon_core.package_identification:_identify(src/navigation) by extension 'ros'
[0.377s] DEBUG:colcon.colcon_core.package_identification:Package 'src/navigation' with type 'ros.ament_cmake' and name 'navigation'
[0.377s] Level 1:colcon.colcon_core.package_discovery:discover_packages(recursive) using defaults
[0.377s] Level 1:colcon.colcon_core.package_discovery:discover_packages(ignore) discover
[0.377s] Level 1:colcon.colcon_core.package_discovery:discover_packages(ignore) using defaults
[0.377s] Level 1:colcon.colcon_core.package_discovery:discover_packages(path) discover
[0.377s] Level 1:colcon.colcon_core.package_discovery:discover_packages(path) using defaults
[0.399s] Level 1:colcon.colcon_core.package_discovery:discover_packages(prefix_path) check parameters
[0.399s] Level 1:colcon.colcon_core.package_discovery:discover_packages(prefix_path) discover
[0.403s] DEBUG:colcon.colcon_installed_package_information.package_discovery:Found 3 installed packages in /home/fhp/FRA532-MobileRobot/MobileRobot_ws/install
[0.404s] DEBUG:colcon.colcon_installed_package_information.package_discovery:Found 1 installed packages in /home/fhp/ROS2_Directory/Test_ws/install
[0.406s] DEBUG:colcon.colcon_installed_package_information.package_discovery:Found 335 installed packages in /opt/ros/humble
[0.407s] Level 1:colcon.colcon_core.package_discovery:discover_packages(prefix_path) using defaults
[0.465s] Level 5:colcon.colcon_core.verb:set package 'megarover_samples_ros2' build argument 'cmake_args' from command line to 'None'
[0.465s] Level 5:colcon.colcon_core.verb:set package 'megarover_samples_ros2' build argument 'cmake_target' from command line to 'None'
[0.465s] Level 5:colcon.colcon_core.verb:set package 'megarover_samples_ros2' build argument 'cmake_target_skip_unavailable' from command line to 'False'
[0.465s] Level 5:colcon.colcon_core.verb:set package 'megarover_samples_ros2' build argument 'cmake_clean_cache' from command line to 'False'
[0.465s] Level 5:colcon.colcon_core.verb:set package 'megarover_samples_ros2' build argument 'cmake_clean_first' from command line to 'False'
[0.465s] Level 5:colcon.colcon_core.verb:set package 'megarover_samples_ros2' build argument 'cmake_force_configure' from command line to 'False'
[0.465s] Level 5:colcon.colcon_core.verb:set package 'megarover_samples_ros2' build argument 'ament_cmake_args' from command line to 'None'
[0.466s] Level 5:colcon.colcon_core.verb:set package 'megarover_samples_ros2' build argument 'catkin_cmake_args' from command line to 'None'
[0.466s] Level 5:colcon.colcon_core.verb:set package 'megarover_samples_ros2' build argument 'catkin_skip_building_tests' from command line to 'False'
[0.466s] DEBUG:colcon.colcon_core.verb:Building package 'megarover_samples_ros2' with the following arguments: {'ament_cmake_args': None, 'build_base': '/home/fhp/FRA532-MobileRobot/MobileRobot_ws/build/megarover_samples_ros2', 'catkin_cmake_args': None, 'catkin_skip_building_tests': False, 'cmake_args': None, 'cmake_clean_cache': False, 'cmake_clean_first': False, 'cmake_force_configure': False, 'cmake_target': None, 'cmake_target_skip_unavailable': False, 'install_base': '/home/fhp/FRA532-MobileRobot/MobileRobot_ws/install/megarover_samples_ros2', 'merge_install': False, 'path': '/home/fhp/FRA532-MobileRobot/MobileRobot_ws/src/megarover_samples_ros2', 'symlink_install': True, 'test_result_base': None}
[0.466s] Level 5:colcon.colcon_core.verb:set package 'msg_interfaces' build argument 'cmake_args' from command line to 'None'
[0.466s] Level 5:colcon.colcon_core.verb:set package 'msg_interfaces' build argument 'cmake_target' from command line to 'None'
[0.466s] Level 5:colcon.colcon_core.verb:set package 'msg_interfaces' build argument 'cmake_target_skip_unavailable' from command line to 'False'
[0.466s] Level 5:colcon.colcon_core.verb:set package 'msg_interfaces' build argument 'cmake_clean_cache' from command line to 'False'
[0.466s] Level 5:colcon.colcon_core.verb:set package 'msg_interfaces' build argument 'cmake_clean_first' from command line to 'False'
[0.466s] Level 5:colcon.colcon_core.verb:set package 'msg_interfaces' build argument 'cmake_force_configure' from command line to 'False'
[0.466s] Level 5:colcon.colcon_core.verb:set package 'msg_interfaces' build argument 'ament_cmake_args' from command line to 'None'
[0.466s] Level 5:colcon.colcon_core.verb:set package 'msg_interfaces' build argument 'catkin_cmake_args' from command line to 'None'
[0.467s] Level 5:colcon.colcon_core.verb:set package 'msg_interfaces' build argument 'catkin_skip_building_tests' from command line to 'False'
[0.467s] DEBUG:colcon.colcon_core.verb:Building package 'msg_interfaces' with the following arguments: {'ament_cmake_args': None, 'build_base': '/home/fhp/FRA532-MobileRobot/MobileRobot_ws/build/msg_interfaces', 'catkin_cmake_args': None, 'catkin_skip_building_tests': False, 'cmake_args': None, 'cmake_clean_cache': False, 'cmake_clean_first': False, 'cmake_force_configure': False, 'cmake_target': None, 'cmake_target_skip_unavailable': False, 'install_base': '/home/fhp/FRA532-MobileRobot/MobileRobot_ws/install/msg_interfaces', 'merge_install': False, 'path': '/home/fhp/FRA532-MobileRobot/MobileRobot_ws/src/msg_interfaces', 'symlink_install': True, 'test_result_base': None}
[0.467s] Level 5:colcon.colcon_core.verb:set package 'navigation' build argument 'cmake_args' from command line to 'None'
[0.467s] Level 5:colcon.colcon_core.verb:set package 'navigation' build argument 'cmake_target' from command line to 'None'
[0.467s] Level 5:colcon.colcon_core.verb:set package 'navigation' build argument 'cmake_target_skip_unavailable' from command line to 'False'
[0.467s] Level 5:colcon.colcon_core.verb:set package 'navigation' build argument 'cmake_clean_cache' from command line to 'False'
[0.467s] Level 5:colcon.colcon_core.verb:set package 'navigation' build argument 'cmake_clean_first' from command line to 'False'
[0.467s] Level 5:colcon.colcon_core.verb:set package 'navigation' build argument 'cmake_force_configure' from command line to 'False'
[0.468s] Level 5:colcon.colcon_core.verb:set package 'navigation' build argument 'ament_cmake_args' from command line to 'None'
[0.468s] Level 5:colcon.colcon_core.verb:set package 'navigation' build argument 'catkin_cmake_args' from command line to 'None'
[0.468s] Level 5:colcon.colcon_core.verb:set package 'navigation' build argument 'catkin_skip_building_tests' from command line to 'False'
[0.468s] DEBUG:colcon.colcon_core.verb:Building package 'navigation' with the following arguments: {'ament_cmake_args': None, 'build_base': '/home/fhp/FRA532-MobileRobot/MobileRobot_ws/build/navigation', 'catkin_cmake_args': None, 'catkin_skip_building_tests': False, 'cmake_args': None, 'cmake_clean_cache': False, 'cmake_clean_first': False, 'cmake_force_configure': False, 'cmake_target': None, 'cmake_target_skip_unavailable': False, 'install_base': '/home/fhp/FRA532-MobileRobot/MobileRobot_ws/install/navigation', 'merge_install': False, 'path': '/home/fhp/FRA532-MobileRobot/MobileRobot_ws/src/navigation', 'symlink_install': True, 'test_result_base': None}
[0.468s] INFO:colcon.colcon_core.executor:Executing jobs using 'parallel' executor
[0.471s] DEBUG:colcon.colcon_parallel_executor.executor.parallel:run_until_complete
[0.471s] INFO:colcon.colcon_ros.task.ament_cmake.build:Building ROS package in '/home/fhp/FRA532-MobileRobot/MobileRobot_ws/src/megarover_samples_ros2' with build type 'ament_cmake'
[0.471s] INFO:colcon.colcon_cmake.task.cmake.build:Building CMake package in '/home/fhp/FRA532-MobileRobot/MobileRobot_ws/src/megarover_samples_ros2'
[0.479s] INFO:colcon.colcon_core.plugin_system:Skipping extension 'colcon_core.shell.bat': Not used on non-Windows systems
[0.479s] INFO:colcon.colcon_core.shell:Skip shell extension 'powershell' for command environment: Not usable outside of PowerShell
[0.479s] DEBUG:colcon.colcon_core.shell:Skip shell extension 'dsv' for command environment
[0.484s] INFO:colcon.colcon_ros.task.ament_cmake.build:Building ROS package in '/home/fhp/FRA532-MobileRobot/MobileRobot_ws/src/msg_interfaces' with build type 'ament_cmake'
[0.484s] INFO:colcon.colcon_cmake.task.cmake.build:Building CMake package in '/home/fhp/FRA532-MobileRobot/MobileRobot_ws/src/msg_interfaces'
[0.485s] INFO:colcon.colcon_core.shell:Skip shell extension 'powershell' for command environment: Not usable outside of PowerShell
[0.485s] DEBUG:colcon.colcon_core.shell:Skip shell extension 'dsv' for command environment
[0.490s] INFO:colcon.colcon_ros.task.ament_cmake.build:Building ROS package in '/home/fhp/FRA532-MobileRobot/MobileRobot_ws/src/navigation' with build type 'ament_cmake'
[0.490s] INFO:colcon.colcon_cmake.task.cmake.build:Building CMake package in '/home/fhp/FRA532-MobileRobot/MobileRobot_ws/src/navigation'
[0.491s] INFO:colcon.colcon_core.shell:Skip shell extension 'powershell' for command environment: Not usable outside of PowerShell
[0.491s] DEBUG:colcon.colcon_core.shell:Skip shell extension 'dsv' for command environment
[0.501s] DEBUG:colcon.colcon_core.event_handler.log_command:Invoking command in '/home/fhp/FRA532-MobileRobot/MobileRobot_ws/build/megarover_samples_ros2': CMAKE_PREFIX_PATH=${CMAKE_PREFIX_PATH}:/opt/ros/humble /usr/bin/cmake --build /home/fhp/FRA532-MobileRobot/MobileRobot_ws/build/megarover_samples_ros2 -- -j12 -l12
[0.505s] DEBUG:colcon.colcon_core.event_handler.log_command:Invoking command in '/home/fhp/FRA532-MobileRobot/MobileRobot_ws/build/msg_interfaces': CMAKE_PREFIX_PATH=${CMAKE_PREFIX_PATH}:/opt/ros/humble /usr/bin/cmake --build /home/fhp/FRA532-MobileRobot/MobileRobot_ws/build/msg_interfaces -- -j12 -l12
[0.509s] DEBUG:colcon.colcon_core.event_handler.log_command:Invoking command in '/home/fhp/FRA532-MobileRobot/MobileRobot_ws/build/navigation': CMAKE_PREFIX_PATH=${CMAKE_PREFIX_PATH}:/opt/ros/humble /usr/bin/cmake --build /home/fhp/FRA532-MobileRobot/MobileRobot_ws/build/navigation -- -j12 -l12
[0.551s] DEBUG:colcon.colcon_core.event_handler.log_command:Invoked command in '/home/fhp/FRA532-MobileRobot/MobileRobot_ws/build/navigation' returned '0': CMAKE_PREFIX_PATH=${CMAKE_PREFIX_PATH}:/opt/ros/humble /usr/bin/cmake --build /home/fhp/FRA532-MobileRobot/MobileRobot_ws/build/navigation -- -j12 -l12
[0.577s] DEBUG:colcon.colcon_core.event_handler.log_command:Invoking command in '/home/fhp/FRA532-MobileRobot/MobileRobot_ws/build/navigation': CMAKE_PREFIX_PATH=${CMAKE_PREFIX_PATH}:/opt/ros/humble /usr/bin/cmake --install /home/fhp/FRA532-MobileRobot/MobileRobot_ws/build/navigation
[0.579s] DEBUG:colcon.colcon_core.event_handler.log_command:Invoked command in '/home/fhp/FRA532-MobileRobot/MobileRobot_ws/build/megarover_samples_ros2' returned '0': CMAKE_PREFIX_PATH=${CMAKE_PREFIX_PATH}:/opt/ros/humble /usr/bin/cmake --build /home/fhp/FRA532-MobileRobot/MobileRobot_ws/build/megarover_samples_ros2 -- -j12 -l12
[0.602s] Level 1:colcon.colcon_core.environment:create_environment_scripts_only(navigation)
[0.603s] DEBUG:colcon.colcon_core.event_handler.log_command:Invoked command in '/home/fhp/FRA532-MobileRobot/MobileRobot_ws/build/navigation' returned '0': CMAKE_PREFIX_PATH=${CMAKE_PREFIX_PATH}:/opt/ros/humble /usr/bin/cmake --install /home/fhp/FRA532-MobileRobot/MobileRobot_ws/build/navigation
[0.610s] Level 1:colcon.colcon_core.environment:checking '/home/fhp/FRA532-MobileRobot/MobileRobot_ws/install/navigation' for CMake module files
[0.610s] Level 1:colcon.colcon_core.environment:checking '/home/fhp/FRA532-MobileRobot/MobileRobot_ws/install/navigation' for CMake config files
[0.610s] Level 1:colcon.colcon_core.shell:create_environment_hook('navigation', 'cmake_prefix_path')
[0.612s] INFO:colcon.colcon_core.shell:Creating environment hook '/home/fhp/FRA532-MobileRobot/MobileRobot_ws/install/navigation/share/navigation/hook/cmake_prefix_path.ps1'
[0.612s] INFO:colcon.colcon_core.shell:Creating environment descriptor '/home/fhp/FRA532-MobileRobot/MobileRobot_ws/install/navigation/share/navigation/hook/cmake_prefix_path.dsv'
[0.613s] INFO:colcon.colcon_core.shell:Creating environment hook '/home/fhp/FRA532-MobileRobot/MobileRobot_ws/install/navigation/share/navigation/hook/cmake_prefix_path.sh'
[0.614s] Level 1:colcon.colcon_core.environment:checking '/home/fhp/FRA532-MobileRobot/MobileRobot_ws/install/navigation/lib'
[0.614s] Level 1:colcon.colcon_core.environment:checking '/home/fhp/FRA532-MobileRobot/MobileRobot_ws/install/navigation/bin'
[0.614s] Level 1:colcon.colcon_core.environment:checking '/home/fhp/FRA532-MobileRobot/MobileRobot_ws/install/navigation/lib/pkgconfig/navigation.pc'
[0.614s] Level 1:colcon.colcon_core.environment:checking '/home/fhp/FRA532-MobileRobot/MobileRobot_ws/install/navigation/lib/python3.10/site-packages'
[0.614s] Level 1:colcon.colcon_core.environment:checking '/home/fhp/FRA532-MobileRobot/MobileRobot_ws/install/navigation/bin'
[0.615s] INFO:colcon.colcon_core.shell:Creating package script '/home/fhp/FRA532-MobileRobot/MobileRobot_ws/install/navigation/share/navigation/package.ps1'
[0.616s] INFO:colcon.colcon_core.shell:Creating package descriptor '/home/fhp/FRA532-MobileRobot/MobileRobot_ws/install/navigation/share/navigation/package.dsv'
[0.616s] INFO:colcon.colcon_core.shell:Creating package script '/home/fhp/FRA532-MobileRobot/MobileRobot_ws/install/navigation/share/navigation/package.sh'
[0.617s] INFO:colcon.colcon_core.shell:Creating package script '/home/fhp/FRA532-MobileRobot/MobileRobot_ws/install/navigation/share/navigation/package.bash'
[0.618s] INFO:colcon.colcon_core.shell:Creating package script '/home/fhp/FRA532-MobileRobot/MobileRobot_ws/install/navigation/share/navigation/package.zsh'
[0.618s] Level 1:colcon.colcon_core.environment:create_file_with_runtime_dependencies(/home/fhp/FRA532-MobileRobot/MobileRobot_ws/install/navigation/share/colcon-core/packages/navigation)
[0.621s] DEBUG:colcon.colcon_core.event_handler.log_command:Invoking command in '/home/fhp/FRA532-MobileRobot/MobileRobot_ws/build/megarover_samples_ros2': CMAKE_PREFIX_PATH=${CMAKE_PREFIX_PATH}:/opt/ros/humble /usr/bin/cmake --install /home/fhp/FRA532-MobileRobot/MobileRobot_ws/build/megarover_samples_ros2
[0.640s] Level 1:colcon.colcon_core.environment:create_environment_scripts_only(navigation)
[0.643s] Level 1:colcon.colcon_core.environment:checking '/home/fhp/FRA532-MobileRobot/MobileRobot_ws/install/navigation' for CMake module files
[0.645s] Level 1:colcon.colcon_core.environment:checking '/home/fhp/FRA532-MobileRobot/MobileRobot_ws/install/navigation' for CMake config files
[0.645s] Level 1:colcon.colcon_core.shell:create_environment_hook('navigation', 'cmake_prefix_path')
[0.647s] INFO:colcon.colcon_core.shell:Creating environment hook '/home/fhp/FRA532-MobileRobot/MobileRobot_ws/install/navigation/share/navigation/hook/cmake_prefix_path.ps1'
[0.648s] INFO:colcon.colcon_core.shell:Creating environment descriptor '/home/fhp/FRA532-MobileRobot/MobileRobot_ws/install/navigation/share/navigation/hook/cmake_prefix_path.dsv'
[0.648s] INFO:colcon.colcon_core.shell:Creating environment hook '/home/fhp/FRA532-MobileRobot/MobileRobot_ws/install/navigation/share/navigation/hook/cmake_prefix_path.sh'
[0.649s] Level 1:colcon.colcon_core.environment:checking '/home/fhp/FRA532-MobileRobot/MobileRobot_ws/install/navigation/lib'
[0.649s] Level 1:colcon.colcon_core.environment:checking '/home/fhp/FRA532-MobileRobot/MobileRobot_ws/install/navigation/bin'
[0.649s] Level 1:colcon.colcon_core.environment:checking '/home/fhp/FRA532-MobileRobot/MobileRobot_ws/install/navigation/lib/pkgconfig/navigation.pc'
[0.650s] Level 1:colcon.colcon_core.environment:checking '/home/fhp/FRA532-MobileRobot/MobileRobot_ws/install/navigation/lib/python3.10/site-packages'
[0.650s] Level 1:colcon.colcon_core.environment:checking '/home/fhp/FRA532-MobileRobot/MobileRobot_ws/install/navigation/bin'
[0.652s] INFO:colcon.colcon_core.shell:Creating package script '/home/fhp/FRA532-MobileRobot/MobileRobot_ws/install/navigation/share/navigation/package.ps1'
[0.653s] INFO:colcon.colcon_core.shell:Creating package descriptor '/home/fhp/FRA532-MobileRobot/MobileRobot_ws/install/navigation/share/navigation/package.dsv'
[0.654s] INFO:colcon.colcon_core.shell:Creating package script '/home/fhp/FRA532-MobileRobot/MobileRobot_ws/install/navigation/share/navigation/package.sh'
[0.654s] INFO:colcon.colcon_core.shell:Creating package script '/home/fhp/FRA532-MobileRobot/MobileRobot_ws/install/navigation/share/navigation/package.bash'
[0.655s] INFO:colcon.colcon_core.shell:Creating package script '/home/fhp/FRA532-MobileRobot/MobileRobot_ws/install/navigation/share/navigation/package.zsh'
[0.655s] Level 1:colcon.colcon_core.environment:create_file_with_runtime_dependencies(/home/fhp/FRA532-MobileRobot/MobileRobot_ws/install/navigation/share/colcon-core/packages/navigation)
[0.657s] Level 1:colcon.colcon_core.environment:create_environment_scripts_only(megarover_samples_ros2)
[0.659s] Level 1:colcon.colcon_core.environment:checking '/home/fhp/FRA532-MobileRobot/MobileRobot_ws/install/megarover_samples_ros2' for CMake module files
[0.660s] DEBUG:colcon.colcon_core.event_handler.log_command:Invoked command in '/home/fhp/FRA532-MobileRobot/MobileRobot_ws/build/megarover_samples_ros2' returned '0': CMAKE_PREFIX_PATH=${CMAKE_PREFIX_PATH}:/opt/ros/humble /usr/bin/cmake --install /home/fhp/FRA532-MobileRobot/MobileRobot_ws/build/megarover_samples_ros2
[0.660s] Level 1:colcon.colcon_core.environment:checking '/home/fhp/FRA532-MobileRobot/MobileRobot_ws/install/megarover_samples_ros2' for CMake config files
[0.661s] Level 1:colcon.colcon_core.shell:create_environment_hook('megarover_samples_ros2', 'cmake_prefix_path')
[0.663s] INFO:colcon.colcon_core.shell:Creating environment hook '/home/fhp/FRA532-MobileRobot/MobileRobot_ws/install/megarover_samples_ros2/share/megarover_samples_ros2/hook/cmake_prefix_path.ps1'
[0.663s] INFO:colcon.colcon_core.shell:Creating environment descriptor '/home/fhp/FRA532-MobileRobot/MobileRobot_ws/install/megarover_samples_ros2/share/megarover_samples_ros2/hook/cmake_prefix_path.dsv'
[0.664s] INFO:colcon.colcon_core.shell:Creating environment hook '/home/fhp/FRA532-MobileRobot/MobileRobot_ws/install/megarover_samples_ros2/share/megarover_samples_ros2/hook/cmake_prefix_path.sh'
[0.664s] Level 1:colcon.colcon_core.environment:checking '/home/fhp/FRA532-MobileRobot/MobileRobot_ws/install/megarover_samples_ros2/lib'
[0.664s] Level 1:colcon.colcon_core.environment:checking '/home/fhp/FRA532-MobileRobot/MobileRobot_ws/install/megarover_samples_ros2/bin'
[0.664s] Level 1:colcon.colcon_core.environment:checking '/home/fhp/FRA532-MobileRobot/MobileRobot_ws/install/megarover_samples_ros2/lib/pkgconfig/megarover_samples_ros2.pc'
[0.665s] Level 1:colcon.colcon_core.environment:checking '/home/fhp/FRA532-MobileRobot/MobileRobot_ws/install/megarover_samples_ros2/lib/python3.10/site-packages'
[0.665s] Level 1:colcon.colcon_core.environment:checking '/home/fhp/FRA532-MobileRobot/MobileRobot_ws/install/megarover_samples_ros2/bin'
[0.667s] INFO:colcon.colcon_core.shell:Creating package script '/home/fhp/FRA532-MobileRobot/MobileRobot_ws/install/megarover_samples_ros2/share/megarover_samples_ros2/package.ps1'
[0.667s] INFO:colcon.colcon_core.shell:Creating package descriptor '/home/fhp/FRA532-MobileRobot/MobileRobot_ws/install/megarover_samples_ros2/share/megarover_samples_ros2/package.dsv'
[0.668s] INFO:colcon.colcon_core.shell:Creating package script '/home/fhp/FRA532-MobileRobot/MobileRobot_ws/install/megarover_samples_ros2/share/megarover_samples_ros2/package.sh'
[0.668s] INFO:colcon.colcon_core.shell:Creating package script '/home/fhp/FRA532-MobileRobot/MobileRobot_ws/install/megarover_samples_ros2/share/megarover_samples_ros2/package.bash'
[0.669s] INFO:colcon.colcon_core.shell:Creating package script '/home/fhp/FRA532-MobileRobot/MobileRobot_ws/install/megarover_samples_ros2/share/megarover_samples_ros2/package.zsh'
[0.669s] Level 1:colcon.colcon_core.environment:create_file_with_runtime_dependencies(/home/fhp/FRA532-MobileRobot/MobileRobot_ws/install/megarover_samples_ros2/share/colcon-core/packages/megarover_samples_ros2)
[0.693s] Level 1:colcon.colcon_core.environment:create_environment_scripts_only(megarover_samples_ros2)
[0.695s] Level 1:colcon.colcon_core.environment:checking '/home/fhp/FRA532-MobileRobot/MobileRobot_ws/install/megarover_samples_ros2' for CMake module files
[0.696s] Level 1:colcon.colcon_core.environment:checking '/home/fhp/FRA532-MobileRobot/MobileRobot_ws/install/megarover_samples_ros2' for CMake config files
[0.697s] Level 1:colcon.colcon_core.shell:create_environment_hook('megarover_samples_ros2', 'cmake_prefix_path')
[0.698s] INFO:colcon.colcon_core.shell:Creating environment hook '/home/fhp/FRA532-MobileRobot/MobileRobot_ws/install/megarover_samples_ros2/share/megarover_samples_ros2/hook/cmake_prefix_path.ps1'
[0.698s] INFO:colcon.colcon_core.shell:Creating environment descriptor '/home/fhp/FRA532-MobileRobot/MobileRobot_ws/install/megarover_samples_ros2/share/megarover_samples_ros2/hook/cmake_prefix_path.dsv'
[0.698s] INFO:colcon.colcon_core.shell:Creating environment hook '/home/fhp/FRA532-MobileRobot/MobileRobot_ws/install/megarover_samples_ros2/share/megarover_samples_ros2/hook/cmake_prefix_path.sh'
[0.699s] Level 1:colcon.colcon_core.environment:checking '/home/fhp/FRA532-MobileRobot/MobileRobot_ws/install/megarover_samples_ros2/lib'
[0.699s] Level 1:colcon.colcon_core.environment:checking '/home/fhp/FRA532-MobileRobot/MobileRobot_ws/install/megarover_samples_ros2/bin'
[0.699s] Level 1:colcon.colcon_core.environment:checking '/home/fhp/FRA532-MobileRobot/MobileRobot_ws/install/megarover_samples_ros2/lib/pkgconfig/megarover_samples_ros2.pc'
[0.699s] Level 1:colcon.colcon_core.environment:checking '/home/fhp/FRA532-MobileRobot/MobileRobot_ws/install/megarover_samples_ros2/lib/python3.10/site-packages'
[0.699s] Level 1:colcon.colcon_core.environment:checking '/home/fhp/FRA532-MobileRobot/MobileRobot_ws/install/megarover_samples_ros2/bin'
[0.701s] INFO:colcon.colcon_core.shell:Creating package script '/home/fhp/FRA532-MobileRobot/MobileRobot_ws/install/megarover_samples_ros2/share/megarover_samples_ros2/package.ps1'
[0.701s] INFO:colcon.colcon_core.shell:Creating package descriptor '/home/fhp/FRA532-MobileRobot/MobileRobot_ws/install/megarover_samples_ros2/share/megarover_samples_ros2/package.dsv'
[0.701s] INFO:colcon.colcon_core.shell:Creating package script '/home/fhp/FRA532-MobileRobot/MobileRobot_ws/install/megarover_samples_ros2/share/megarover_samples_ros2/package.sh'
[0.702s] INFO:colcon.colcon_core.shell:Creating package script '/home/fhp/FRA532-MobileRobot/MobileRobot_ws/install/megarover_samples_ros2/share/megarover_samples_ros2/package.bash'
[0.702s] INFO:colcon.colcon_core.shell:Creating package script '/home/fhp/FRA532-MobileRobot/MobileRobot_ws/install/megarover_samples_ros2/share/megarover_samples_ros2/package.zsh'
[0.702s] Level 1:colcon.colcon_core.environment:create_file_with_runtime_dependencies(/home/fhp/FRA532-MobileRobot/MobileRobot_ws/install/megarover_samples_ros2/share/colcon-core/packages/megarover_samples_ros2)
[1.100s] DEBUG:colcon.colcon_core.event_handler.log_command:Invoked command in '/home/fhp/FRA532-MobileRobot/MobileRobot_ws/build/msg_interfaces' returned '2': CMAKE_PREFIX_PATH=${CMAKE_PREFIX_PATH}:/opt/ros/humble /usr/bin/cmake --build /home/fhp/FRA532-MobileRobot/MobileRobot_ws/build/msg_interfaces -- -j12 -l12
[1.159s] Level 1:colcon.colcon_core.environment:create_environment_scripts_only(msg_interfaces)
[1.161s] Level 1:colcon.colcon_core.environment:checking '/home/fhp/FRA532-MobileRobot/MobileRobot_ws/install/msg_interfaces' for CMake module files
[1.163s] Level 1:colcon.colcon_core.environment:checking '/home/fhp/FRA532-MobileRobot/MobileRobot_ws/install/msg_interfaces' for CMake config files
[1.171s] Level 1:colcon.colcon_core.shell:create_environment_hook('msg_interfaces', 'cmake_prefix_path')
[1.172s] INFO:colcon.colcon_core.shell:Creating environment hook '/home/fhp/FRA532-MobileRobot/MobileRobot_ws/install/msg_interfaces/share/msg_interfaces/hook/cmake_prefix_path.ps1'
[1.173s] INFO:colcon.colcon_core.shell:Creating environment descriptor '/home/fhp/FRA532-MobileRobot/MobileRobot_ws/install/msg_interfaces/share/msg_interfaces/hook/cmake_prefix_path.dsv'
[1.173s] INFO:colcon.colcon_core.shell:Creating environment hook '/home/fhp/FRA532-MobileRobot/MobileRobot_ws/install/msg_interfaces/share/msg_interfaces/hook/cmake_prefix_path.sh'
[1.173s] Level 1:colcon.colcon_core.environment:checking '/home/fhp/FRA532-MobileRobot/MobileRobot_ws/install/msg_interfaces/lib'
[1.173s] Level 1:colcon.colcon_core.shell:create_environment_hook('msg_interfaces', 'ld_library_path_lib')
[1.175s] INFO:colcon.colcon_core.shell:Creating environment hook '/home/fhp/FRA532-MobileRobot/MobileRobot_ws/install/msg_interfaces/share/msg_interfaces/hook/ld_library_path_lib.ps1'
[1.175s] INFO:colcon.colcon_core.shell:Creating environment descriptor '/home/fhp/FRA532-MobileRobot/MobileRobot_ws/install/msg_interfaces/share/msg_interfaces/hook/ld_library_path_lib.dsv'
[1.175s] INFO:colcon.colcon_core.shell:Creating environment hook '/home/fhp/FRA532-MobileRobot/MobileRobot_ws/install/msg_interfaces/share/msg_interfaces/hook/ld_library_path_lib.sh'
[1.175s] Level 1:colcon.colcon_core.environment:checking '/home/fhp/FRA532-MobileRobot/MobileRobot_ws/install/msg_interfaces/bin'
[1.175s] Level 1:colcon.colcon_core.environment:checking '/home/fhp/FRA532-MobileRobot/MobileRobot_ws/install/msg_interfaces/lib/pkgconfig/msg_interfaces.pc'
[1.176s] Level 1:colcon.colcon_core.environment:checking '/home/fhp/FRA532-MobileRobot/MobileRobot_ws/install/msg_interfaces/lib/python3.10/site-packages'
[1.176s] Level 1:colcon.colcon_core.environment:checking '/home/fhp/FRA532-MobileRobot/MobileRobot_ws/install/msg_interfaces/bin'
[1.177s] INFO:colcon.colcon_core.shell:Creating package script '/home/fhp/FRA532-MobileRobot/MobileRobot_ws/install/msg_interfaces/share/msg_interfaces/package.ps1'
[1.178s] INFO:colcon.colcon_core.shell:Creating package descriptor '/home/fhp/FRA532-MobileRobot/MobileRobot_ws/install/msg_interfaces/share/msg_interfaces/package.dsv'
[1.178s] INFO:colcon.colcon_core.shell:Creating package script '/home/fhp/FRA532-MobileRobot/MobileRobot_ws/install/msg_interfaces/share/msg_interfaces/package.sh'
[1.179s] INFO:colcon.colcon_core.shell:Creating package script '/home/fhp/FRA532-MobileRobot/MobileRobot_ws/install/msg_interfaces/share/msg_interfaces/package.bash'
[1.179s] INFO:colcon.colcon_core.shell:Creating package script '/home/fhp/FRA532-MobileRobot/MobileRobot_ws/install/msg_interfaces/share/msg_interfaces/package.zsh'
[1.179s] Level 1:colcon.colcon_core.environment:create_file_with_runtime_dependencies(/home/fhp/FRA532-MobileRobot/MobileRobot_ws/install/msg_interfaces/share/colcon-core/packages/msg_interfaces)
[1.189s] DEBUG:colcon.colcon_parallel_executor.executor.parallel:closing loop
[1.190s] DEBUG:colcon.colcon_parallel_executor.executor.parallel:loop closed
[1.190s] DEBUG:colcon.colcon_parallel_executor.executor.parallel:run_until_complete finished with '2'
[1.190s] DEBUG:colcon.colcon_core.event_reactor:joining thread
[1.201s] INFO:colcon.colcon_core.plugin_system:Skipping extension 'colcon_notification.desktop_notification.terminal_notifier': Not used on non-Darwin systems
[1.202s] INFO:colcon.colcon_core.plugin_system:Skipping extension 'colcon_notification.desktop_notification.win32': Not used on non-Windows systems
[1.202s] INFO:colcon.colcon_notification.desktop_notification:Sending desktop notification using 'notify2'
[1.218s] DEBUG:colcon.colcon_core.event_reactor:joined thread
[1.220s] INFO:colcon.colcon_core.shell:Creating prefix script '/home/fhp/FRA532-MobileRobot/MobileRobot_ws/install/local_setup.ps1'
[1.221s] INFO:colcon.colcon_core.shell:Creating prefix util module '/home/fhp/FRA532-MobileRobot/MobileRobot_ws/install/_local_setup_util_ps1.py'
[1.222s] INFO:colcon.colcon_core.shell:Creating prefix chain script '/home/fhp/FRA532-MobileRobot/MobileRobot_ws/install/setup.ps1'
[1.223s] INFO:colcon.colcon_core.shell:Creating prefix script '/home/fhp/FRA532-MobileRobot/MobileRobot_ws/install/local_setup.sh'
[1.224s] INFO:colcon.colcon_core.shell:Creating prefix util module '/home/fhp/FRA532-MobileRobot/MobileRobot_ws/install/_local_setup_util_sh.py'
[1.224s] INFO:colcon.colcon_core.shell:Creating prefix chain script '/home/fhp/FRA532-MobileRobot/MobileRobot_ws/install/setup.sh'
[1.226s] INFO:colcon.colcon_core.shell:Creating prefix script '/home/fhp/FRA532-MobileRobot/MobileRobot_ws/install/local_setup.bash'
[1.226s] INFO:colcon.colcon_core.shell:Creating prefix chain script '/home/fhp/FRA532-MobileRobot/MobileRobot_ws/install/setup.bash'
[1.227s] INFO:colcon.colcon_core.shell:Creating prefix script '/home/fhp/FRA532-MobileRobot/MobileRobot_ws/install/local_setup.zsh'
[1.228s] INFO:colcon.colcon_core.shell:Creating prefix chain script '/home/fhp/FRA532-MobileRobot/MobileRobot_ws/install/setup.zsh'
