[0.013s] Invoking command in '/home/fhp/MobileRobot_ws/build/msg_interfaces': CMAKE_PREFIX_PATH=${CMAKE_PREFIX_PATH}:/opt/ros/humble /usr/bin/cmake /home/fhp/MobileRobot_ws/src/msg_interfaces -DAMENT_CMAKE_SYMLINK_INSTALL=1 -DCMAKE_INSTALL_PREFIX=/home/fhp/MobileRobot_ws/install/msg_interfaces
[0.022s] -- Found ament_cmake: 1.3.3 (/opt/ros/humble/share/ament_cmake/cmake)
[0.164s] -- Override CMake install command with custom implementation using symlinks instead of copying resources
[0.171s] -- Found ament_lint_auto: 0.12.5 (/opt/ros/humble/share/ament_lint_auto/cmake)
[0.229s] -- Added test 'lint_cmake' to check CMake code style
[0.230s] -- Added test 'xmllint' to check XML markup files
[0.231s] -- Configuring done
[0.233s] -- Generating done
[0.234s] -- Build files have been written to: /home/fhp/MobileRobot_ws/build/msg_interfaces
[0.237s] Invoked command in '/home/fhp/MobileRobot_ws/build/msg_interfaces' returned '0': CMAKE_PREFIX_PATH=${CMAKE_PREFIX_PATH}:/opt/ros/humble /usr/bin/cmake /home/fhp/MobileRobot_ws/src/msg_interfaces -DAMENT_CMAKE_SYMLINK_INSTALL=1 -DCMAKE_INSTALL_PREFIX=/home/fhp/MobileRobot_ws/install/msg_interfaces
[0.239s] Invoking command in '/home/fhp/MobileRobot_ws/build/msg_interfaces': CMAKE_PREFIX_PATH=${CMAKE_PREFIX_PATH}:/opt/ros/humble /usr/bin/cmake --build /home/fhp/MobileRobot_ws/build/msg_interfaces -- -j12 -l12
[0.276s] Invoked command in '/home/fhp/MobileRobot_ws/build/msg_interfaces' returned '0': CMAKE_PREFIX_PATH=${CMAKE_PREFIX_PATH}:/opt/ros/humble /usr/bin/cmake --build /home/fhp/MobileRobot_ws/build/msg_interfaces -- -j12 -l12
[0.297s] Invoking command in '/home/fhp/MobileRobot_ws/build/msg_interfaces': CMAKE_PREFIX_PATH=${CMAKE_PREFIX_PATH}:/opt/ros/humble /usr/bin/cmake --install /home/fhp/MobileRobot_ws/build/msg_interfaces
[0.309s] -- Install configuration: ""
[0.310s] -- Execute custom install script
[0.311s] -- Symlinking: /home/fhp/MobileRobot_ws/install/msg_interfaces/share/ament_index/resource_index/package_run_dependencies/msg_interfaces
[0.323s] -- Symlinking: /home/fhp/MobileRobot_ws/install/msg_interfaces/share/ament_index/resource_index/parent_prefix_path/msg_interfaces
[0.331s] -- Symlinking: /home/fhp/MobileRobot_ws/install/msg_interfaces/share/msg_interfaces/environment/ament_prefix_path.sh
[0.347s] -- Symlinking: /home/fhp/MobileRobot_ws/install/msg_interfaces/share/msg_interfaces/environment/ament_prefix_path.dsv
[0.354s] -- Symlinking: /home/fhp/MobileRobot_ws/install/msg_interfaces/share/msg_interfaces/environment/path.sh
[0.364s] -- Symlinking: /home/fhp/MobileRobot_ws/install/msg_interfaces/share/msg_interfaces/environment/path.dsv
[0.372s] -- Symlinking: /home/fhp/MobileRobot_ws/install/msg_interfaces/share/msg_interfaces/local_setup.bash
[0.380s] -- Symlinking: /home/fhp/MobileRobot_ws/install/msg_interfaces/share/msg_interfaces/local_setup.sh
[0.387s] -- Symlinking: /home/fhp/MobileRobot_ws/install/msg_interfaces/share/msg_interfaces/local_setup.zsh
[0.395s] -- Symlinking: /home/fhp/MobileRobot_ws/install/msg_interfaces/share/msg_interfaces/local_setup.dsv
[0.402s] -- Symlinking: /home/fhp/MobileRobot_ws/install/msg_interfaces/share/msg_interfaces/package.dsv
[0.410s] -- Symlinking: /home/fhp/MobileRobot_ws/install/msg_interfaces/share/ament_index/resource_index/packages/msg_interfaces
[0.419s] -- Symlinking: /home/fhp/MobileRobot_ws/install/msg_interfaces/share/msg_interfaces/cmake/msg_interfacesConfig.cmake
[0.426s] -- Symlinking: /home/fhp/MobileRobot_ws/install/msg_interfaces/share/msg_interfaces/cmake/msg_interfacesConfig-version.cmake
[0.435s] -- Symlinking: /home/fhp/MobileRobot_ws/install/msg_interfaces/share/msg_interfaces/package.xml
[0.454s] Invoked command in '/home/fhp/MobileRobot_ws/build/msg_interfaces' returned '0': CMAKE_PREFIX_PATH=${CMAKE_PREFIX_PATH}:/opt/ros/humble /usr/bin/cmake --install /home/fhp/MobileRobot_ws/build/msg_interfaces
