-- Found ament_cmake: 1.3.3 (/opt/ros/humble/share/ament_cmake/cmake)
-- Override CMake install command with custom implementation using symlinks instead of copying resources
-- Found ament_lint_auto: 0.12.5 (/opt/ros/humble/share/ament_lint_auto/cmake)
-- Found std_msgs: 4.2.3 (/opt/ros/humble/share/std_msgs/cmake)
-- Found rosidl_generator_c: 3.1.4 (/opt/ros/humble/share/rosidl_generator_c/cmake)
-- Found rosidl_adapter: 3.1.4 (/opt/ros/humble/share/rosidl_adapter/cmake)
-- Found rosidl_generator_cpp: 3.1.4 (/opt/ros/humble/share/rosidl_generator_cpp/cmake)
-- Using all available rosidl_typesupport_c: rosidl_typesupport_fastrtps_c;rosidl_typesupport_introspection_c
-- Using all available rosidl_typesupport_cpp: rosidl_typesupport_fastrtps_cpp;rosidl_typesupport_introspection_cpp
-- Found rosidl_default_generators: 1.2.0 (/opt/ros/humble/share/rosidl_default_generators/cmake)
-- Added test 'lint_cmake' to check CMake code style
-- Added test 'xmllint' to check XML markup files
-- Configuring done
-- Generating done
-- Build files have been written to: /home/fhp/MobileRobot_ws/build/msg_interfaces
-- Install configuration: ""
-- Execute custom install script
-- Up-to-date symlink: /home/fhp/MobileRobot_ws/install/msg_interfaces/share/ament_index/resource_index/package_run_dependencies/msg_interfaces
-- Up-to-date symlink: /home/fhp/MobileRobot_ws/install/msg_interfaces/share/ament_index/resource_index/parent_prefix_path/msg_interfaces
-- Up-to-date symlink: /home/fhp/MobileRobot_ws/install/msg_interfaces/share/msg_interfaces/environment/ament_prefix_path.sh
-- Up-to-date symlink: /home/fhp/MobileRobot_ws/install/msg_interfaces/share/msg_interfaces/environment/ament_prefix_path.dsv
-- Up-to-date symlink: /home/fhp/MobileRobot_ws/install/msg_interfaces/share/msg_interfaces/environment/path.sh
-- Up-to-date symlink: /home/fhp/MobileRobot_ws/install/msg_interfaces/share/msg_interfaces/environment/path.dsv
-- Up-to-date symlink: /home/fhp/MobileRobot_ws/install/msg_interfaces/share/msg_interfaces/local_setup.bash
-- Up-to-date symlink: /home/fhp/MobileRobot_ws/install/msg_interfaces/share/msg_interfaces/local_setup.sh
-- Up-to-date symlink: /home/fhp/MobileRobot_ws/install/msg_interfaces/share/msg_interfaces/local_setup.zsh
-- Up-to-date symlink: /home/fhp/MobileRobot_ws/install/msg_interfaces/share/msg_interfaces/local_setup.dsv
-- Symlinking: /home/fhp/MobileRobot_ws/install/msg_interfaces/share/msg_interfaces/package.dsv
-- Up-to-date symlink: /home/fhp/MobileRobot_ws/install/msg_interfaces/share/ament_index/resource_index/packages/msg_interfaces
-- Up-to-date symlink: /home/fhp/MobileRobot_ws/install/msg_interfaces/share/msg_interfaces/cmake/msg_interfacesConfig.cmake
-- Up-to-date symlink: /home/fhp/MobileRobot_ws/install/msg_interfaces/share/msg_interfaces/cmake/msg_interfacesConfig-version.cmake
-- Up-to-date symlink: /home/fhp/MobileRobot_ws/install/msg_interfaces/share/msg_interfaces/package.xml
