[0.015s] Invoking command in '/home/fhp/MobileRobot_ws/build/msg_interfaces': CMAKE_PREFIX_PATH=${CMAKE_PREFIX_PATH}:/opt/ros/humble /usr/bin/cmake --build /home/fhp/MobileRobot_ws/build/msg_interfaces -- -j12 -l12
[0.045s] -- Found ament_cmake: 1.3.3 (/opt/ros/humble/share/ament_cmake/cmake)
[0.180s] -- Override CMake install command with custom implementation using symlinks instead of copying resources
[0.186s] -- Found ament_lint_auto: 0.12.5 (/opt/ros/humble/share/ament_lint_auto/cmake)
[0.243s] -- Found std_msgs: 4.2.3 (/opt/ros/humble/share/std_msgs/cmake)
[0.264s] -- Found rosidl_generator_c: 3.1.4 (/opt/ros/humble/share/rosidl_generator_c/cmake)
[0.266s] -- Found rosidl_adapter: 3.1.4 (/opt/ros/humble/share/rosidl_adapter/cmake)
[0.271s] -- Found rosidl_generator_cpp: 3.1.4 (/opt/ros/humble/share/rosidl_generator_cpp/cmake)
[0.281s] -- Using all available rosidl_typesupport_c: rosidl_typesupport_fastrtps_c;rosidl_typesupport_introspection_c
[0.294s] -- Using all available rosidl_typesupport_cpp: rosidl_typesupport_fastrtps_cpp;rosidl_typesupport_introspection_cpp
[0.342s] -- Found rosidl_default_generators: 1.2.0 (/opt/ros/humble/share/rosidl_default_generators/cmake)
[0.350s] -- Added test 'lint_cmake' to check CMake code style
[0.350s] -- Added test 'xmllint' to check XML markup files
[0.351s] -- Configuring done
[0.354s] -- Generating done
[0.355s] -- Build files have been written to: /home/fhp/MobileRobot_ws/build/msg_interfaces
[0.389s] Invoked command in '/home/fhp/MobileRobot_ws/build/msg_interfaces' returned '0': CMAKE_PREFIX_PATH=${CMAKE_PREFIX_PATH}:/opt/ros/humble /usr/bin/cmake --build /home/fhp/MobileRobot_ws/build/msg_interfaces -- -j12 -l12
[0.410s] Invoking command in '/home/fhp/MobileRobot_ws/build/msg_interfaces': CMAKE_PREFIX_PATH=${CMAKE_PREFIX_PATH}:/opt/ros/humble /usr/bin/cmake --install /home/fhp/MobileRobot_ws/build/msg_interfaces
[0.416s] -- Install configuration: ""
[0.417s] -- Execute custom install script
[0.417s] -- Up-to-date symlink: /home/fhp/MobileRobot_ws/install/msg_interfaces/share/ament_index/resource_index/package_run_dependencies/msg_interfaces
[0.417s] -- Up-to-date symlink: /home/fhp/MobileRobot_ws/install/msg_interfaces/share/ament_index/resource_index/parent_prefix_path/msg_interfaces
[0.417s] -- Up-to-date symlink: /home/fhp/MobileRobot_ws/install/msg_interfaces/share/msg_interfaces/environment/ament_prefix_path.sh
[0.417s] -- Up-to-date symlink: /home/fhp/MobileRobot_ws/install/msg_interfaces/share/msg_interfaces/environment/ament_prefix_path.dsv
[0.417s] -- Up-to-date symlink: /home/fhp/MobileRobot_ws/install/msg_interfaces/share/msg_interfaces/environment/path.sh
[0.417s] -- Up-to-date symlink: /home/fhp/MobileRobot_ws/install/msg_interfaces/share/msg_interfaces/environment/path.dsv
[0.418s] -- Up-to-date symlink: /home/fhp/MobileRobot_ws/install/msg_interfaces/share/msg_interfaces/local_setup.bash
[0.418s] -- Up-to-date symlink: /home/fhp/MobileRobot_ws/install/msg_interfaces/share/msg_interfaces/local_setup.sh
[0.418s] -- Up-to-date symlink: /home/fhp/MobileRobot_ws/install/msg_interfaces/share/msg_interfaces/local_setup.zsh
[0.418s] -- Up-to-date symlink: /home/fhp/MobileRobot_ws/install/msg_interfaces/share/msg_interfaces/local_setup.dsv
[0.418s] -- Symlinking: /home/fhp/MobileRobot_ws/install/msg_interfaces/share/msg_interfaces/package.dsv
[0.426s] -- Up-to-date symlink: /home/fhp/MobileRobot_ws/install/msg_interfaces/share/ament_index/resource_index/packages/msg_interfaces
[0.426s] -- Up-to-date symlink: /home/fhp/MobileRobot_ws/install/msg_interfaces/share/msg_interfaces/cmake/msg_interfacesConfig.cmake
[0.426s] -- Up-to-date symlink: /home/fhp/MobileRobot_ws/install/msg_interfaces/share/msg_interfaces/cmake/msg_interfacesConfig-version.cmake
[0.427s] -- Up-to-date symlink: /home/fhp/MobileRobot_ws/install/msg_interfaces/share/msg_interfaces/package.xml
[0.429s] Invoked command in '/home/fhp/MobileRobot_ws/build/msg_interfaces' returned '0': CMAKE_PREFIX_PATH=${CMAKE_PREFIX_PATH}:/opt/ros/humble /usr/bin/cmake --install /home/fhp/MobileRobot_ws/build/msg_interfaces
