[0.033s] Invoking command in '/home/fhp/FRA532-MobileRobot/MobileRobot_ws/build/msg_interfaces': CMAKE_PREFIX_PATH=${CMAKE_PREFIX_PATH}:/opt/ros/humble /usr/bin/cmake --build /home/fhp/FRA532-MobileRobot/MobileRobot_ws/build/msg_interfaces -- -j12 -l12
[0.143s] [  1%] Built target msg_interfaces__cpp
[0.146s] [ 12%] Built target msg_interfaces__rosidl_generator_c
[0.158s] [ 12%] Built target ament_cmake_python_symlink_msg_interfaces
[0.194s] [ 23%] Built target msg_interfaces__rosidl_typesupport_c
[0.195s] [ 34%] Built target msg_interfaces__rosidl_typesupport_introspection_cpp
[0.197s] [ 45%] Built target msg_interfaces__rosidl_typesupport_cpp
[0.200s] [ 56%] Built target msg_interfaces__rosidl_typesupport_introspection_c
[0.200s] [ 67%] Built target msg_interfaces__rosidl_typesupport_fastrtps_cpp
[0.202s] [ 78%] Built target msg_interfaces__rosidl_typesupport_fastrtps_c
[0.234s] [ 78%] Built target msg_interfaces
[0.267s] [ 80%] Built target msg_interfaces__py
[0.304s] [ 89%] Built target msg_interfaces__rosidl_generator_py
[0.342s] [100%] Built target msg_interfaces__rosidl_typesupport_introspection_c__pyext
[0.342s] [100%] Built target msg_interfaces__rosidl_typesupport_c__pyext
[0.342s] [100%] Built target msg_interfaces__rosidl_typesupport_fastrtps_c__pyext
[0.543s] running egg_info
[0.544s] writing msg_interfaces.egg-info/PKG-INFO
[0.544s] writing dependency_links to msg_interfaces.egg-info/dependency_links.txt
[0.544s] writing top-level names to msg_interfaces.egg-info/top_level.txt
[0.548s] reading manifest file 'msg_interfaces.egg-info/SOURCES.txt'
[0.551s] writing manifest file 'msg_interfaces.egg-info/SOURCES.txt'
[0.607s] [100%] Built target ament_cmake_python_build_msg_interfaces_egg
[0.632s] Invoked command in '/home/fhp/FRA532-MobileRobot/MobileRobot_ws/build/msg_interfaces' returned '0': CMAKE_PREFIX_PATH=${CMAKE_PREFIX_PATH}:/opt/ros/humble /usr/bin/cmake --build /home/fhp/FRA532-MobileRobot/MobileRobot_ws/build/msg_interfaces -- -j12 -l12
[0.799s] Invoking command in '/home/fhp/FRA532-MobileRobot/MobileRobot_ws/build/msg_interfaces': CMAKE_PREFIX_PATH=${CMAKE_PREFIX_PATH}:/opt/ros/humble /usr/bin/cmake --install /home/fhp/FRA532-MobileRobot/MobileRobot_ws/build/msg_interfaces
[0.815s] -- Install configuration: ""
[0.816s] -- Execute custom install script
[0.817s] -- Up-to-date symlink: /home/fhp/FRA532-MobileRobot/MobileRobot_ws/install/msg_interfaces/share/ament_index/resource_index/rosidl_interfaces/msg_interfaces
[0.818s] -- Up-to-date symlink: /home/fhp/FRA532-MobileRobot/MobileRobot_ws/install/msg_interfaces/include/msg_interfaces/msg_interfaces/msg/rosidl_generator_c__visibility_control.h
[0.819s] -- Up-to-date symlink: /home/fhp/FRA532-MobileRobot/MobileRobot_ws/install/msg_interfaces/include/msg_interfaces/msg_interfaces/srv/command_gui.h
[0.820s] -- Up-to-date symlink: /home/fhp/FRA532-MobileRobot/MobileRobot_ws/install/msg_interfaces/include/msg_interfaces/msg_interfaces/srv/detail/command_gui__functions.h
[0.820s] -- Up-to-date symlink: /home/fhp/FRA532-MobileRobot/MobileRobot_ws/install/msg_interfaces/include/msg_interfaces/msg_interfaces/srv/detail/command_gui__struct.h
[0.820s] -- Up-to-date symlink: /home/fhp/FRA532-MobileRobot/MobileRobot_ws/install/msg_interfaces/include/msg_interfaces/msg_interfaces/srv/detail/command_gui__type_support.h
[0.820s] -- Up-to-date symlink: /home/fhp/FRA532-MobileRobot/MobileRobot_ws/install/msg_interfaces/include/msg_interfaces/msg_interfaces/srv/detail/goal_path__functions.h
[0.821s] -- Up-to-date symlink: /home/fhp/FRA532-MobileRobot/MobileRobot_ws/install/msg_interfaces/include/msg_interfaces/msg_interfaces/srv/detail/goal_path__struct.h
[0.821s] -- Up-to-date symlink: /home/fhp/FRA532-MobileRobot/MobileRobot_ws/install/msg_interfaces/include/msg_interfaces/msg_interfaces/srv/detail/goal_path__type_support.h
[0.821s] -- Up-to-date symlink: /home/fhp/FRA532-MobileRobot/MobileRobot_ws/install/msg_interfaces/include/msg_interfaces/msg_interfaces/srv/detail/local_path__functions.h
[0.821s] -- Up-to-date symlink: /home/fhp/FRA532-MobileRobot/MobileRobot_ws/install/msg_interfaces/include/msg_interfaces/msg_interfaces/srv/detail/local_path__struct.h
[0.821s] -- Up-to-date symlink: /home/fhp/FRA532-MobileRobot/MobileRobot_ws/install/msg_interfaces/include/msg_interfaces/msg_interfaces/srv/detail/local_path__type_support.h
[0.822s] -- Up-to-date symlink: /home/fhp/FRA532-MobileRobot/MobileRobot_ws/install/msg_interfaces/include/msg_interfaces/msg_interfaces/srv/detail/send_point__functions.h
[0.822s] -- Up-to-date symlink: /home/fhp/FRA532-MobileRobot/MobileRobot_ws/install/msg_interfaces/include/msg_interfaces/msg_interfaces/srv/detail/send_point__struct.h
[0.822s] -- Up-to-date symlink: /home/fhp/FRA532-MobileRobot/MobileRobot_ws/install/msg_interfaces/include/msg_interfaces/msg_interfaces/srv/detail/send_point__type_support.h
[0.822s] -- Up-to-date symlink: /home/fhp/FRA532-MobileRobot/MobileRobot_ws/install/msg_interfaces/include/msg_interfaces/msg_interfaces/srv/goal_path.h
[0.823s] -- Up-to-date symlink: /home/fhp/FRA532-MobileRobot/MobileRobot_ws/install/msg_interfaces/include/msg_interfaces/msg_interfaces/srv/local_path.h
[0.823s] -- Up-to-date symlink: /home/fhp/FRA532-MobileRobot/MobileRobot_ws/install/msg_interfaces/include/msg_interfaces/msg_interfaces/srv/send_point.h
[0.823s] -- Up-to-date symlink: /home/fhp/FRA532-MobileRobot/MobileRobot_ws/install/msg_interfaces/share/msg_interfaces/environment/library_path.sh
[0.823s] -- Up-to-date symlink: /home/fhp/FRA532-MobileRobot/MobileRobot_ws/install/msg_interfaces/share/msg_interfaces/environment/library_path.dsv
[0.824s] -- Up-to-date symlink: /home/fhp/FRA532-MobileRobot/MobileRobot_ws/install/msg_interfaces/include/msg_interfaces/msg_interfaces/msg/rosidl_typesupport_fastrtps_c__visibility_control.h
[0.825s] -- Up-to-date symlink: /home/fhp/FRA532-MobileRobot/MobileRobot_ws/install/msg_interfaces/include/msg_interfaces/msg_interfaces/srv/detail/command_gui__rosidl_typesupport_fastrtps_c.h
[0.825s] -- Up-to-date symlink: /home/fhp/FRA532-MobileRobot/MobileRobot_ws/install/msg_interfaces/include/msg_interfaces/msg_interfaces/srv/detail/goal_path__rosidl_typesupport_fastrtps_c.h
[0.825s] -- Up-to-date symlink: /home/fhp/FRA532-MobileRobot/MobileRobot_ws/install/msg_interfaces/include/msg_interfaces/msg_interfaces/srv/detail/local_path__rosidl_typesupport_fastrtps_c.h
[0.825s] -- Up-to-date symlink: /home/fhp/FRA532-MobileRobot/MobileRobot_ws/install/msg_interfaces/include/msg_interfaces/msg_interfaces/srv/detail/send_point__rosidl_typesupport_fastrtps_c.h
[0.826s] -- Up-to-date symlink: /home/fhp/FRA532-MobileRobot/MobileRobot_ws/install/msg_interfaces/include/msg_interfaces/msg_interfaces/srv/command_gui.hpp
[0.826s] -- Up-to-date symlink: /home/fhp/FRA532-MobileRobot/MobileRobot_ws/install/msg_interfaces/include/msg_interfaces/msg_interfaces/srv/detail/command_gui__builder.hpp
[0.827s] -- Up-to-date symlink: /home/fhp/FRA532-MobileRobot/MobileRobot_ws/install/msg_interfaces/include/msg_interfaces/msg_interfaces/srv/detail/command_gui__struct.hpp
[0.827s] -- Up-to-date symlink: /home/fhp/FRA532-MobileRobot/MobileRobot_ws/install/msg_interfaces/include/msg_interfaces/msg_interfaces/srv/detail/command_gui__traits.hpp
[0.827s] -- Up-to-date symlink: /home/fhp/FRA532-MobileRobot/MobileRobot_ws/install/msg_interfaces/include/msg_interfaces/msg_interfaces/srv/detail/goal_path__builder.hpp
[0.827s] -- Up-to-date symlink: /home/fhp/FRA532-MobileRobot/MobileRobot_ws/install/msg_interfaces/include/msg_interfaces/msg_interfaces/srv/detail/goal_path__struct.hpp
[0.828s] -- Up-to-date symlink: /home/fhp/FRA532-MobileRobot/MobileRobot_ws/install/msg_interfaces/include/msg_interfaces/msg_interfaces/srv/detail/goal_path__traits.hpp
[0.828s] -- Up-to-date symlink: /home/fhp/FRA532-MobileRobot/MobileRobot_ws/install/msg_interfaces/include/msg_interfaces/msg_interfaces/srv/detail/local_path__builder.hpp
[0.828s] -- Up-to-date symlink: /home/fhp/FRA532-MobileRobot/MobileRobot_ws/install/msg_interfaces/include/msg_interfaces/msg_interfaces/srv/detail/local_path__struct.hpp
[0.828s] -- Up-to-date symlink: /home/fhp/FRA532-MobileRobot/MobileRobot_ws/install/msg_interfaces/include/msg_interfaces/msg_interfaces/srv/detail/local_path__traits.hpp
[0.829s] -- Up-to-date symlink: /home/fhp/FRA532-MobileRobot/MobileRobot_ws/install/msg_interfaces/include/msg_interfaces/msg_interfaces/srv/detail/send_point__builder.hpp
[0.829s] -- Up-to-date symlink: /home/fhp/FRA532-MobileRobot/MobileRobot_ws/install/msg_interfaces/include/msg_interfaces/msg_interfaces/srv/detail/send_point__struct.hpp
[0.829s] -- Up-to-date symlink: /home/fhp/FRA532-MobileRobot/MobileRobot_ws/install/msg_interfaces/include/msg_interfaces/msg_interfaces/srv/detail/send_point__traits.hpp
[0.829s] -- Up-to-date symlink: /home/fhp/FRA532-MobileRobot/MobileRobot_ws/install/msg_interfaces/include/msg_interfaces/msg_interfaces/srv/goal_path.hpp
[0.830s] -- Up-to-date symlink: /home/fhp/FRA532-MobileRobot/MobileRobot_ws/install/msg_interfaces/include/msg_interfaces/msg_interfaces/srv/local_path.hpp
[0.830s] -- Up-to-date symlink: /home/fhp/FRA532-MobileRobot/MobileRobot_ws/install/msg_interfaces/include/msg_interfaces/msg_interfaces/srv/send_point.hpp
[0.831s] -- Up-to-date symlink: /home/fhp/FRA532-MobileRobot/MobileRobot_ws/install/msg_interfaces/include/msg_interfaces/msg_interfaces/msg/rosidl_typesupport_fastrtps_cpp__visibility_control.h
[0.831s] -- Up-to-date symlink: /home/fhp/FRA532-MobileRobot/MobileRobot_ws/install/msg_interfaces/include/msg_interfaces/msg_interfaces/srv/detail/command_gui__rosidl_typesupport_fastrtps_cpp.hpp
[0.831s] -- Up-to-date symlink: /home/fhp/FRA532-MobileRobot/MobileRobot_ws/install/msg_interfaces/include/msg_interfaces/msg_interfaces/srv/detail/goal_path__rosidl_typesupport_fastrtps_cpp.hpp
[0.831s] -- Up-to-date symlink: /home/fhp/FRA532-MobileRobot/MobileRobot_ws/install/msg_interfaces/include/msg_interfaces/msg_interfaces/srv/detail/local_path__rosidl_typesupport_fastrtps_cpp.hpp
[0.832s] -- Up-to-date symlink: /home/fhp/FRA532-MobileRobot/MobileRobot_ws/install/msg_interfaces/include/msg_interfaces/msg_interfaces/srv/detail/send_point__rosidl_typesupport_fastrtps_cpp.hpp
[0.832s] -- Up-to-date symlink: /home/fhp/FRA532-MobileRobot/MobileRobot_ws/install/msg_interfaces/include/msg_interfaces/msg_interfaces/msg/rosidl_typesupport_introspection_c__visibility_control.h
[0.832s] -- Up-to-date symlink: /home/fhp/FRA532-MobileRobot/MobileRobot_ws/install/msg_interfaces/include/msg_interfaces/msg_interfaces/srv/detail/command_gui__rosidl_typesupport_introspection_c.h
[0.833s] -- Up-to-date symlink: /home/fhp/FRA532-MobileRobot/MobileRobot_ws/install/msg_interfaces/include/msg_interfaces/msg_interfaces/srv/detail/goal_path__rosidl_typesupport_introspection_c.h
[0.833s] -- Up-to-date symlink: /home/fhp/FRA532-MobileRobot/MobileRobot_ws/install/msg_interfaces/include/msg_interfaces/msg_interfaces/srv/detail/local_path__rosidl_typesupport_introspection_c.h
[0.833s] -- Up-to-date symlink: /home/fhp/FRA532-MobileRobot/MobileRobot_ws/install/msg_interfaces/include/msg_interfaces/msg_interfaces/srv/detail/send_point__rosidl_typesupport_introspection_c.h
[0.834s] -- Up-to-date symlink: /home/fhp/FRA532-MobileRobot/MobileRobot_ws/install/msg_interfaces/include/msg_interfaces/msg_interfaces/srv/detail/command_gui__rosidl_typesupport_introspection_cpp.hpp
[0.834s] -- Up-to-date symlink: /home/fhp/FRA532-MobileRobot/MobileRobot_ws/install/msg_interfaces/include/msg_interfaces/msg_interfaces/srv/detail/goal_path__rosidl_typesupport_introspection_cpp.hpp
[0.834s] -- Up-to-date symlink: /home/fhp/FRA532-MobileRobot/MobileRobot_ws/install/msg_interfaces/include/msg_interfaces/msg_interfaces/srv/detail/local_path__rosidl_typesupport_introspection_cpp.hpp
[0.834s] -- Up-to-date symlink: /home/fhp/FRA532-MobileRobot/MobileRobot_ws/install/msg_interfaces/include/msg_interfaces/msg_interfaces/srv/detail/send_point__rosidl_typesupport_introspection_cpp.hpp
[0.835s] -- Up-to-date symlink: /home/fhp/FRA532-MobileRobot/MobileRobot_ws/install/msg_interfaces/share/msg_interfaces/environment/pythonpath.sh
[0.835s] -- Up-to-date symlink: /home/fhp/FRA532-MobileRobot/MobileRobot_ws/install/msg_interfaces/share/msg_interfaces/environment/pythonpath.dsv
[0.836s] -- Up-to-date symlink: /home/fhp/FRA532-MobileRobot/MobileRobot_ws/install/msg_interfaces/local/lib/python3.10/dist-packages/msg_interfaces-0.0.0-py3.10.egg-info/PKG-INFO
[0.836s] -- Up-to-date symlink: /home/fhp/FRA532-MobileRobot/MobileRobot_ws/install/msg_interfaces/local/lib/python3.10/dist-packages/msg_interfaces-0.0.0-py3.10.egg-info/SOURCES.txt
[0.836s] -- Up-to-date symlink: /home/fhp/FRA532-MobileRobot/MobileRobot_ws/install/msg_interfaces/local/lib/python3.10/dist-packages/msg_interfaces-0.0.0-py3.10.egg-info/dependency_links.txt
[0.836s] -- Up-to-date symlink: /home/fhp/FRA532-MobileRobot/MobileRobot_ws/install/msg_interfaces/local/lib/python3.10/dist-packages/msg_interfaces-0.0.0-py3.10.egg-info/top_level.txt
[0.837s] -- Up-to-date symlink: /home/fhp/FRA532-MobileRobot/MobileRobot_ws/install/msg_interfaces/local/lib/python3.10/dist-packages/msg_interfaces/__init__.py
[0.837s] -- Up-to-date symlink: /home/fhp/FRA532-MobileRobot/MobileRobot_ws/install/msg_interfaces/local/lib/python3.10/dist-packages/msg_interfaces/_msg_interfaces_s.ep.rosidl_typesupport_c.c
[0.837s] -- Up-to-date symlink: /home/fhp/FRA532-MobileRobot/MobileRobot_ws/install/msg_interfaces/local/lib/python3.10/dist-packages/msg_interfaces/_msg_interfaces_s.ep.rosidl_typesupport_fastrtps_c.c
[0.837s] -- Up-to-date symlink: /home/fhp/FRA532-MobileRobot/MobileRobot_ws/install/msg_interfaces/local/lib/python3.10/dist-packages/msg_interfaces/_msg_interfaces_s.ep.rosidl_typesupport_introspection_c.c
[0.837s] -- Up-to-date symlink: /home/fhp/FRA532-MobileRobot/MobileRobot_ws/install/msg_interfaces/local/lib/python3.10/dist-packages/msg_interfaces/libmsg_interfaces__rosidl_generator_py.so
[0.837s] -- Up-to-date symlink: /home/fhp/FRA532-MobileRobot/MobileRobot_ws/install/msg_interfaces/local/lib/python3.10/dist-packages/msg_interfaces/msg_interfaces_s__rosidl_typesupport_c.cpython-310-x86_64-linux-gnu.so
[0.838s] -- Up-to-date symlink: /home/fhp/FRA532-MobileRobot/MobileRobot_ws/install/msg_interfaces/local/lib/python3.10/dist-packages/msg_interfaces/msg_interfaces_s__rosidl_typesupport_fastrtps_c.cpython-310-x86_64-linux-gnu.so
[0.838s] -- Up-to-date symlink: /home/fhp/FRA532-MobileRobot/MobileRobot_ws/install/msg_interfaces/local/lib/python3.10/dist-packages/msg_interfaces/msg_interfaces_s__rosidl_typesupport_introspection_c.cpython-310-x86_64-linux-gnu.so
[0.838s] -- Up-to-date symlink: /home/fhp/FRA532-MobileRobot/MobileRobot_ws/install/msg_interfaces/local/lib/python3.10/dist-packages/msg_interfaces/srv/__init__.py
[0.838s] -- Up-to-date symlink: /home/fhp/FRA532-MobileRobot/MobileRobot_ws/install/msg_interfaces/local/lib/python3.10/dist-packages/msg_interfaces/srv/_command_gui.py
[0.838s] -- Up-to-date symlink: /home/fhp/FRA532-MobileRobot/MobileRobot_ws/install/msg_interfaces/local/lib/python3.10/dist-packages/msg_interfaces/srv/_command_gui_s.c
[0.838s] -- Up-to-date symlink: /home/fhp/FRA532-MobileRobot/MobileRobot_ws/install/msg_interfaces/local/lib/python3.10/dist-packages/msg_interfaces/srv/_goal_path.py
[0.838s] -- Up-to-date symlink: /home/fhp/FRA532-MobileRobot/MobileRobot_ws/install/msg_interfaces/local/lib/python3.10/dist-packages/msg_interfaces/srv/_goal_path_s.c
[0.838s] -- Up-to-date symlink: /home/fhp/FRA532-MobileRobot/MobileRobot_ws/install/msg_interfaces/local/lib/python3.10/dist-packages/msg_interfaces/srv/_local_path.py
[0.839s] -- Up-to-date symlink: /home/fhp/FRA532-MobileRobot/MobileRobot_ws/install/msg_interfaces/local/lib/python3.10/dist-packages/msg_interfaces/srv/_local_path_s.c
[0.839s] -- Up-to-date symlink: /home/fhp/FRA532-MobileRobot/MobileRobot_ws/install/msg_interfaces/local/lib/python3.10/dist-packages/msg_interfaces/srv/_send_point.py
[0.839s] -- Up-to-date symlink: /home/fhp/FRA532-MobileRobot/MobileRobot_ws/install/msg_interfaces/local/lib/python3.10/dist-packages/msg_interfaces/srv/_send_point_s.c
[0.839s] -- Up-to-date symlink: /home/fhp/FRA532-MobileRobot/MobileRobot_ws/install/msg_interfaces/local/lib/python3.10/dist-packages/msg_interfaces/msg_interfaces_s__rosidl_typesupport_fastrtps_c.cpython-310-x86_64-linux-gnu.so
[0.840s] -- Up-to-date symlink: /home/fhp/FRA532-MobileRobot/MobileRobot_ws/install/msg_interfaces/local/lib/python3.10/dist-packages/msg_interfaces/msg_interfaces_s__rosidl_typesupport_introspection_c.cpython-310-x86_64-linux-gnu.so
[0.840s] -- Up-to-date symlink: /home/fhp/FRA532-MobileRobot/MobileRobot_ws/install/msg_interfaces/local/lib/python3.10/dist-packages/msg_interfaces/msg_interfaces_s__rosidl_typesupport_c.cpython-310-x86_64-linux-gnu.so
[0.841s] -- Up-to-date symlink: /home/fhp/FRA532-MobileRobot/MobileRobot_ws/install/msg_interfaces/share/msg_interfaces/srv/GoalPath.idl
[0.841s] -- Up-to-date symlink: /home/fhp/FRA532-MobileRobot/MobileRobot_ws/install/msg_interfaces/share/msg_interfaces/srv/SendPoint.idl
[0.841s] -- Up-to-date symlink: /home/fhp/FRA532-MobileRobot/MobileRobot_ws/install/msg_interfaces/share/msg_interfaces/srv/CommandGUI.idl
[0.842s] -- Up-to-date symlink: /home/fhp/FRA532-MobileRobot/MobileRobot_ws/install/msg_interfaces/share/msg_interfaces/srv/LocalPath.idl
[0.842s] -- Up-to-date symlink: /home/fhp/FRA532-MobileRobot/MobileRobot_ws/install/msg_interfaces/share/msg_interfaces/srv/GoalPath.srv
[0.842s] -- Up-to-date symlink: /home/fhp/FRA532-MobileRobot/MobileRobot_ws/install/msg_interfaces/share/msg_interfaces/srv/GoalPath_Request.msg
[0.843s] -- Up-to-date symlink: /home/fhp/FRA532-MobileRobot/MobileRobot_ws/install/msg_interfaces/share/msg_interfaces/srv/GoalPath_Response.msg
[0.843s] -- Up-to-date symlink: /home/fhp/FRA532-MobileRobot/MobileRobot_ws/install/msg_interfaces/share/msg_interfaces/srv/SendPoint.srv
[0.843s] -- Up-to-date symlink: /home/fhp/FRA532-MobileRobot/MobileRobot_ws/install/msg_interfaces/share/msg_interfaces/srv/SendPoint_Request.msg
[0.844s] -- Up-to-date symlink: /home/fhp/FRA532-MobileRobot/MobileRobot_ws/install/msg_interfaces/share/msg_interfaces/srv/SendPoint_Response.msg
[0.844s] -- Up-to-date symlink: /home/fhp/FRA532-MobileRobot/MobileRobot_ws/install/msg_interfaces/share/msg_interfaces/srv/CommandGUI.srv
[0.844s] -- Up-to-date symlink: /home/fhp/FRA532-MobileRobot/MobileRobot_ws/install/msg_interfaces/share/msg_interfaces/srv/CommandGUI_Request.msg
[0.845s] -- Up-to-date symlink: /home/fhp/FRA532-MobileRobot/MobileRobot_ws/install/msg_interfaces/share/msg_interfaces/srv/CommandGUI_Response.msg
[0.845s] -- Up-to-date symlink: /home/fhp/FRA532-MobileRobot/MobileRobot_ws/install/msg_interfaces/share/msg_interfaces/srv/LocalPath.srv
[0.845s] -- Up-to-date symlink: /home/fhp/FRA532-MobileRobot/MobileRobot_ws/install/msg_interfaces/share/msg_interfaces/srv/LocalPath_Request.msg
[0.846s] -- Up-to-date symlink: /home/fhp/FRA532-MobileRobot/MobileRobot_ws/install/msg_interfaces/share/msg_interfaces/srv/LocalPath_Response.msg
[0.846s] -- Up-to-date symlink: /home/fhp/FRA532-MobileRobot/MobileRobot_ws/install/msg_interfaces/share/ament_index/resource_index/package_run_dependencies/msg_interfaces
[0.846s] -- Up-to-date symlink: /home/fhp/FRA532-MobileRobot/MobileRobot_ws/install/msg_interfaces/share/ament_index/resource_index/parent_prefix_path/msg_interfaces
[0.847s] -- Up-to-date symlink: /home/fhp/FRA532-MobileRobot/MobileRobot_ws/install/msg_interfaces/share/msg_interfaces/environment/ament_prefix_path.sh
[0.847s] -- Up-to-date symlink: /home/fhp/FRA532-MobileRobot/MobileRobot_ws/install/msg_interfaces/share/msg_interfaces/environment/ament_prefix_path.dsv
[0.847s] -- Up-to-date symlink: /home/fhp/FRA532-MobileRobot/MobileRobot_ws/install/msg_interfaces/share/msg_interfaces/environment/path.sh
[0.847s] -- Up-to-date symlink: /home/fhp/FRA532-MobileRobot/MobileRobot_ws/install/msg_interfaces/share/msg_interfaces/environment/path.dsv
[0.848s] -- Up-to-date symlink: /home/fhp/FRA532-MobileRobot/MobileRobot_ws/install/msg_interfaces/share/msg_interfaces/local_setup.bash
[0.848s] -- Up-to-date symlink: /home/fhp/FRA532-MobileRobot/MobileRobot_ws/install/msg_interfaces/share/msg_interfaces/local_setup.sh
[0.848s] -- Up-to-date symlink: /home/fhp/FRA532-MobileRobot/MobileRobot_ws/install/msg_interfaces/share/msg_interfaces/local_setup.zsh
[0.849s] -- Up-to-date symlink: /home/fhp/FRA532-MobileRobot/MobileRobot_ws/install/msg_interfaces/share/msg_interfaces/local_setup.dsv
[0.849s] -- Symlinking: /home/fhp/FRA532-MobileRobot/MobileRobot_ws/install/msg_interfaces/share/msg_interfaces/package.dsv
[0.867s] -- Up-to-date symlink: /home/fhp/FRA532-MobileRobot/MobileRobot_ws/install/msg_interfaces/share/ament_index/resource_index/packages/msg_interfaces
[0.867s] -- Up-to-date symlink: /home/fhp/FRA532-MobileRobot/MobileRobot_ws/install/msg_interfaces/share/msg_interfaces/cmake/rosidl_cmake-extras.cmake
[0.868s] -- Up-to-date symlink: /home/fhp/FRA532-MobileRobot/MobileRobot_ws/install/msg_interfaces/share/msg_interfaces/cmake/ament_cmake_export_dependencies-extras.cmake
[0.868s] -- Up-to-date symlink: /home/fhp/FRA532-MobileRobot/MobileRobot_ws/install/msg_interfaces/share/msg_interfaces/cmake/ament_cmake_export_include_directories-extras.cmake
[0.868s] -- Up-to-date symlink: /home/fhp/FRA532-MobileRobot/MobileRobot_ws/install/msg_interfaces/share/msg_interfaces/cmake/ament_cmake_export_libraries-extras.cmake
[0.868s] -- Up-to-date symlink: /home/fhp/FRA532-MobileRobot/MobileRobot_ws/install/msg_interfaces/share/msg_interfaces/cmake/ament_cmake_export_targets-extras.cmake
[0.869s] -- Up-to-date symlink: /home/fhp/FRA532-MobileRobot/MobileRobot_ws/install/msg_interfaces/share/msg_interfaces/cmake/rosidl_cmake_export_typesupport_targets-extras.cmake
[0.869s] -- Up-to-date symlink: /home/fhp/FRA532-MobileRobot/MobileRobot_ws/install/msg_interfaces/share/msg_interfaces/cmake/rosidl_cmake_export_typesupport_libraries-extras.cmake
[0.869s] -- Up-to-date symlink: /home/fhp/FRA532-MobileRobot/MobileRobot_ws/install/msg_interfaces/share/msg_interfaces/cmake/msg_interfacesConfig.cmake
[0.870s] -- Up-to-date symlink: /home/fhp/FRA532-MobileRobot/MobileRobot_ws/install/msg_interfaces/share/msg_interfaces/cmake/msg_interfacesConfig-version.cmake
[0.870s] -- Up-to-date symlink: /home/fhp/FRA532-MobileRobot/MobileRobot_ws/install/msg_interfaces/share/msg_interfaces/package.xml
[0.871s] -- Up-to-date: /home/fhp/FRA532-MobileRobot/MobileRobot_ws/install/msg_interfaces/lib/libmsg_interfaces__rosidl_generator_c.so
[0.872s] -- Up-to-date: /home/fhp/FRA532-MobileRobot/MobileRobot_ws/install/msg_interfaces/lib/libmsg_interfaces__rosidl_typesupport_fastrtps_c.so
[0.872s] -- Up-to-date: /home/fhp/FRA532-MobileRobot/MobileRobot_ws/install/msg_interfaces/lib/libmsg_interfaces__rosidl_typesupport_fastrtps_cpp.so
[0.873s] -- Up-to-date: /home/fhp/FRA532-MobileRobot/MobileRobot_ws/install/msg_interfaces/lib/libmsg_interfaces__rosidl_typesupport_introspection_c.so
[0.873s] -- Up-to-date: /home/fhp/FRA532-MobileRobot/MobileRobot_ws/install/msg_interfaces/lib/libmsg_interfaces__rosidl_typesupport_c.so
[0.874s] -- Up-to-date: /home/fhp/FRA532-MobileRobot/MobileRobot_ws/install/msg_interfaces/lib/libmsg_interfaces__rosidl_typesupport_introspection_cpp.so
[0.874s] -- Up-to-date: /home/fhp/FRA532-MobileRobot/MobileRobot_ws/install/msg_interfaces/lib/libmsg_interfaces__rosidl_typesupport_cpp.so
[0.935s] Listing '/home/fhp/FRA532-MobileRobot/MobileRobot_ws/install/msg_interfaces/local/lib/python3.10/dist-packages/msg_interfaces'...
[0.935s] Listing '/home/fhp/FRA532-MobileRobot/MobileRobot_ws/install/msg_interfaces/local/lib/python3.10/dist-packages/msg_interfaces/srv'...
[0.944s] -- Up-to-date: /home/fhp/FRA532-MobileRobot/MobileRobot_ws/install/msg_interfaces/lib/libmsg_interfaces__rosidl_generator_py.so
[0.945s] -- Up-to-date: /home/fhp/FRA532-MobileRobot/MobileRobot_ws/install/msg_interfaces/share/msg_interfaces/cmake/export_msg_interfaces__rosidl_generator_cExport.cmake
[0.946s] -- Up-to-date: /home/fhp/FRA532-MobileRobot/MobileRobot_ws/install/msg_interfaces/share/msg_interfaces/cmake/export_msg_interfaces__rosidl_generator_cExport-noconfig.cmake
[0.946s] -- Up-to-date: /home/fhp/FRA532-MobileRobot/MobileRobot_ws/install/msg_interfaces/share/msg_interfaces/cmake/export_msg_interfaces__rosidl_typesupport_fastrtps_cExport.cmake
[0.946s] -- Up-to-date: /home/fhp/FRA532-MobileRobot/MobileRobot_ws/install/msg_interfaces/share/msg_interfaces/cmake/export_msg_interfaces__rosidl_typesupport_fastrtps_cExport-noconfig.cmake
[0.946s] -- Up-to-date: /home/fhp/FRA532-MobileRobot/MobileRobot_ws/install/msg_interfaces/share/msg_interfaces/cmake/export_msg_interfaces__rosidl_generator_cppExport.cmake
[0.947s] -- Up-to-date: /home/fhp/FRA532-MobileRobot/MobileRobot_ws/install/msg_interfaces/share/msg_interfaces/cmake/export_msg_interfaces__rosidl_typesupport_fastrtps_cppExport.cmake
[0.947s] -- Up-to-date: /home/fhp/FRA532-MobileRobot/MobileRobot_ws/install/msg_interfaces/share/msg_interfaces/cmake/export_msg_interfaces__rosidl_typesupport_fastrtps_cppExport-noconfig.cmake
[0.947s] -- Up-to-date: /home/fhp/FRA532-MobileRobot/MobileRobot_ws/install/msg_interfaces/share/msg_interfaces/cmake/msg_interfaces__rosidl_typesupport_introspection_cExport.cmake
[0.947s] -- Up-to-date: /home/fhp/FRA532-MobileRobot/MobileRobot_ws/install/msg_interfaces/share/msg_interfaces/cmake/msg_interfaces__rosidl_typesupport_introspection_cExport-noconfig.cmake
[0.948s] -- Up-to-date: /home/fhp/FRA532-MobileRobot/MobileRobot_ws/install/msg_interfaces/share/msg_interfaces/cmake/msg_interfaces__rosidl_typesupport_cExport.cmake
[0.948s] -- Up-to-date: /home/fhp/FRA532-MobileRobot/MobileRobot_ws/install/msg_interfaces/share/msg_interfaces/cmake/msg_interfaces__rosidl_typesupport_cExport-noconfig.cmake
[0.948s] -- Up-to-date: /home/fhp/FRA532-MobileRobot/MobileRobot_ws/install/msg_interfaces/share/msg_interfaces/cmake/msg_interfaces__rosidl_typesupport_introspection_cppExport.cmake
[0.949s] -- Up-to-date: /home/fhp/FRA532-MobileRobot/MobileRobot_ws/install/msg_interfaces/share/msg_interfaces/cmake/msg_interfaces__rosidl_typesupport_introspection_cppExport-noconfig.cmake
[0.949s] -- Up-to-date: /home/fhp/FRA532-MobileRobot/MobileRobot_ws/install/msg_interfaces/share/msg_interfaces/cmake/msg_interfaces__rosidl_typesupport_cppExport.cmake
[0.949s] -- Up-to-date: /home/fhp/FRA532-MobileRobot/MobileRobot_ws/install/msg_interfaces/share/msg_interfaces/cmake/msg_interfaces__rosidl_typesupport_cppExport-noconfig.cmake
[0.949s] -- Up-to-date: /home/fhp/FRA532-MobileRobot/MobileRobot_ws/install/msg_interfaces/share/msg_interfaces/cmake/export_msg_interfaces__rosidl_generator_pyExport.cmake
[0.949s] -- Up-to-date: /home/fhp/FRA532-MobileRobot/MobileRobot_ws/install/msg_interfaces/share/msg_interfaces/cmake/export_msg_interfaces__rosidl_generator_pyExport-noconfig.cmake
[0.958s] Invoked command in '/home/fhp/FRA532-MobileRobot/MobileRobot_ws/build/msg_interfaces' returned '0': CMAKE_PREFIX_PATH=${CMAKE_PREFIX_PATH}:/opt/ros/humble /usr/bin/cmake --install /home/fhp/FRA532-MobileRobot/MobileRobot_ws/build/msg_interfaces
