[0.018s] Invoking command in '/home/fhp/MobileRobot_ws/build/msg_interfaces': CMAKE_PREFIX_PATH=${CMAKE_PREFIX_PATH}:/opt/ros/humble /usr/bin/cmake --build /home/fhp/MobileRobot_ws/build/msg_interfaces -- -j12 -l12
[0.047s] -- Found ament_cmake: 1.3.3 (/opt/ros/humble/share/ament_cmake/cmake)
[0.237s] -- Override CMake install command with custom implementation using symlinks instead of copying resources
[0.248s] -- Found ament_lint_auto: 0.12.5 (/opt/ros/humble/share/ament_lint_auto/cmake)
[0.325s] -- Found std_msgs: 4.2.3 (/opt/ros/humble/share/std_msgs/cmake)
[0.362s] -- Found rosidl_generator_c: 3.1.4 (/opt/ros/humble/share/rosidl_generator_c/cmake)
[0.365s] -- Found rosidl_adapter: 3.1.4 (/opt/ros/humble/share/rosidl_adapter/cmake)
[0.372s] -- Found rosidl_generator_cpp: 3.1.4 (/opt/ros/humble/share/rosidl_generator_cpp/cmake)
[0.385s] -- Using all available rosidl_typesupport_c: rosidl_typesupport_fastrtps_c;rosidl_typesupport_introspection_c
[0.405s] -- Using all available rosidl_typesupport_cpp: rosidl_typesupport_fastrtps_cpp;rosidl_typesupport_introspection_cpp
[0.467s] -- Found rosidl_default_generators: 1.2.0 (/opt/ros/humble/share/rosidl_default_generators/cmake)
[0.723s] -- Found ament_cmake_ros: 0.10.0 (/opt/ros/humble/share/ament_cmake_ros/cmake)
[1.132s] -- Using all available rosidl_typesupport_c: rosidl_typesupport_fastrtps_c;rosidl_typesupport_introspection_c
[1.279s] -- Using all available rosidl_typesupport_cpp: rosidl_typesupport_fastrtps_cpp;rosidl_typesupport_introspection_cpp
[1.305s] -- Found python_cmake_module: 0.10.0 (/opt/ros/humble/share/python_cmake_module/cmake)
[1.330s] -- Using PYTHON_EXECUTABLE: /usr/bin/python3
[1.330s] -- Using PYTHON_INCLUDE_DIRS: /usr/include/python3.10
[1.331s] -- Using PYTHON_LIBRARIES: /usr/lib/x86_64-linux-gnu/libpython3.10.so
[1.365s] -- Added test 'lint_cmake' to check CMake code style
[1.365s] -- Added test 'xmllint' to check XML markup files
[1.375s] -- Configuring done
[1.420s] -- Generating done
[1.423s] -- Build files have been written to: /home/fhp/MobileRobot_ws/build/msg_interfaces
[1.457s] [  2%] [34m[1mGenerating C code for ROS interfaces[0m
[1.470s] [  5%] [34m[1mGenerating C++ code for ROS interfaces[0m
[1.491s] [  5%] Built target ament_cmake_python_symlink_msg_interfaces
[1.777s] running egg_info
[1.778s] writing msg_interfaces.egg-info/PKG-INFO
[1.778s] writing dependency_links to msg_interfaces.egg-info/dependency_links.txt
[1.778s] writing top-level names to msg_interfaces.egg-info/top_level.txt
[1.782s] reading manifest file 'msg_interfaces.egg-info/SOURCES.txt'
[1.782s] writing manifest file 'msg_interfaces.egg-info/SOURCES.txt'
[1.880s] [  5%] Built target ament_cmake_python_build_msg_interfaces_egg
[1.923s] [  5%] Built target msg_interfaces__cpp
[1.943s] [35m[1mConsolidate compiler generated dependencies of target msg_interfaces__rosidl_generator_c[0m
[1.943s] [ 10%] [34m[1mGenerating C++ introspection for ROS interfaces[0m
[1.943s] [ 10%] [34m[1mGenerating C++ type support for eProsima Fast-RTPS[0m
[1.943s] [ 12%] [34m[1mGenerating C++ type support dispatch for ROS interfaces[0m
[1.968s] [ 15%] [32mBuilding C object CMakeFiles/msg_interfaces__rosidl_generator_c.dir/rosidl_generator_c/msg_interfaces/srv/detail/send_point__functions.c.o[0m
[1.971s] [ 17%] [32mBuilding C object CMakeFiles/msg_interfaces__rosidl_generator_c.dir/rosidl_generator_c/msg_interfaces/srv/detail/goal_path__functions.c.o[0m
[2.130s] [ 20%] [32m[1mLinking C shared library libmsg_interfaces__rosidl_generator_c.so[0m
[2.208s] [ 20%] Built target msg_interfaces__rosidl_generator_c
[2.225s] [ 28%] [34m[1mGenerating C introspection for ROS interfaces[0m
[2.225s] [ 28%] [34m[1mGenerating C type support dispatch for ROS interfaces[0m
[2.225s] [ 28%] [34m[1mGenerating C type support for eProsima Fast-RTPS[0m
[2.368s] [35m[1mConsolidate compiler generated dependencies of target msg_interfaces__rosidl_typesupport_cpp[0m
[2.393s] [ 33%] [32mBuilding CXX object CMakeFiles/msg_interfaces__rosidl_typesupport_cpp.dir/rosidl_typesupport_cpp/msg_interfaces/srv/send_point__type_support.cpp.o[0m
[2.394s] [ 33%] [32mBuilding CXX object CMakeFiles/msg_interfaces__rosidl_typesupport_cpp.dir/rosidl_typesupport_cpp/msg_interfaces/srv/goal_path__type_support.cpp.o[0m
[2.512s] [35m[1mConsolidate compiler generated dependencies of target msg_interfaces__rosidl_typesupport_introspection_cpp[0m
[2.519s] [35m[1mConsolidate compiler generated dependencies of target msg_interfaces__rosidl_typesupport_fastrtps_cpp[0m
[2.539s] [ 35%] [32mBuilding CXX object CMakeFiles/msg_interfaces__rosidl_typesupport_introspection_cpp.dir/rosidl_typesupport_introspection_cpp/msg_interfaces/srv/detail/send_point__type_support.cpp.o[0m
[2.544s] [ 38%] [32mBuilding CXX object CMakeFiles/msg_interfaces__rosidl_typesupport_introspection_cpp.dir/rosidl_typesupport_introspection_cpp/msg_interfaces/srv/detail/goal_path__type_support.cpp.o[0m
[2.549s] [ 41%] [32mBuilding CXX object CMakeFiles/msg_interfaces__rosidl_typesupport_fastrtps_cpp.dir/rosidl_typesupport_fastrtps_cpp/msg_interfaces/srv/detail/dds_fastrtps/goal_path__type_support.cpp.o[0m
[2.555s] [ 43%] [32mBuilding CXX object CMakeFiles/msg_interfaces__rosidl_typesupport_fastrtps_cpp.dir/rosidl_typesupport_fastrtps_cpp/msg_interfaces/srv/detail/dds_fastrtps/send_point__type_support.cpp.o[0m
[2.857s] [35m[1mConsolidate compiler generated dependencies of target msg_interfaces__rosidl_typesupport_c[0m
[2.907s] [ 46%] [32mBuilding CXX object CMakeFiles/msg_interfaces__rosidl_typesupport_c.dir/rosidl_typesupport_c/msg_interfaces/srv/send_point__type_support.cpp.o[0m
[2.916s] [ 48%] [32mBuilding CXX object CMakeFiles/msg_interfaces__rosidl_typesupport_c.dir/rosidl_typesupport_c/msg_interfaces/srv/goal_path__type_support.cpp.o[0m
[2.955s] [35m[1mConsolidate compiler generated dependencies of target msg_interfaces__rosidl_typesupport_fastrtps_c[0m
[3.013s] [ 51%] [32mBuilding CXX object CMakeFiles/msg_interfaces__rosidl_typesupport_fastrtps_c.dir/rosidl_typesupport_fastrtps_c/msg_interfaces/srv/detail/goal_path__type_support_c.cpp.o[0m
[3.044s] [ 53%] [32mBuilding CXX object CMakeFiles/msg_interfaces__rosidl_typesupport_fastrtps_c.dir/rosidl_typesupport_fastrtps_c/msg_interfaces/srv/detail/send_point__type_support_c.cpp.o[0m
[3.062s] [35m[1mConsolidate compiler generated dependencies of target msg_interfaces__rosidl_typesupport_introspection_c[0m
[3.105s] [ 58%] [32mBuilding C object CMakeFiles/msg_interfaces__rosidl_typesupport_introspection_c.dir/rosidl_typesupport_introspection_c/msg_interfaces/srv/detail/send_point__type_support.c.o[0m
[3.105s] [ 58%] [32m[1mLinking CXX shared library libmsg_interfaces__rosidl_typesupport_c.so[0m
[3.106s] [ 61%] [32mBuilding C object CMakeFiles/msg_interfaces__rosidl_typesupport_introspection_c.dir/rosidl_typesupport_introspection_c/msg_interfaces/srv/detail/goal_path__type_support.c.o[0m
[3.182s] [ 64%] [32m[1mLinking CXX shared library libmsg_interfaces__rosidl_typesupport_cpp.so[0m
[3.254s] [ 66%] [32m[1mLinking C shared library libmsg_interfaces__rosidl_typesupport_introspection_c.so[0m
[3.283s] [ 66%] Built target msg_interfaces__rosidl_typesupport_c
[3.318s] [ 66%] Built target msg_interfaces__rosidl_typesupport_cpp
[3.348s] [ 66%] Built target msg_interfaces__rosidl_typesupport_introspection_c
[3.550s] [ 69%] [32m[1mLinking CXX shared library libmsg_interfaces__rosidl_typesupport_introspection_cpp.so[0m
[3.621s] [ 71%] [32m[1mLinking CXX shared library libmsg_interfaces__rosidl_typesupport_fastrtps_cpp.so[0m
[3.706s] [ 74%] [32m[1mLinking CXX shared library libmsg_interfaces__rosidl_typesupport_fastrtps_c.so[0m
[3.730s] [ 74%] Built target msg_interfaces__rosidl_typesupport_introspection_cpp
[3.848s] [ 74%] Built target msg_interfaces__rosidl_typesupport_fastrtps_cpp
[3.880s] [ 74%] Built target msg_interfaces__rosidl_typesupport_fastrtps_c
[3.902s] [ 74%] Built target msg_interfaces
[3.924s] [ 76%] [34m[1mGenerating Python code for ROS interfaces[0m
[4.449s] [ 76%] Built target msg_interfaces__py
[4.464s] [35m[1mConsolidate compiler generated dependencies of target msg_interfaces__rosidl_generator_py[0m
[4.478s] [ 82%] [32mBuilding C object CMakeFiles/msg_interfaces__rosidl_generator_py.dir/rosidl_generator_py/msg_interfaces/srv/_goal_path_s.c.o[0m
[4.478s] [ 82%] [32mBuilding C object CMakeFiles/msg_interfaces__rosidl_generator_py.dir/rosidl_generator_py/msg_interfaces/srv/_send_point_s.c.o[0m
[4.630s] [ 84%] [32m[1mLinking C shared library rosidl_generator_py/msg_interfaces/libmsg_interfaces__rosidl_generator_py.so[0m
[4.687s] [ 84%] Built target msg_interfaces__rosidl_generator_py
[4.700s] [35m[1mConsolidate compiler generated dependencies of target msg_interfaces__rosidl_typesupport_introspection_c__pyext[0m
[4.702s] [35m[1mConsolidate compiler generated dependencies of target msg_interfaces__rosidl_typesupport_c__pyext[0m
[4.702s] [35m[1mConsolidate compiler generated dependencies of target msg_interfaces__rosidl_typesupport_fastrtps_c__pyext[0m
[4.719s] [ 92%] [32mBuilding C object CMakeFiles/msg_interfaces__rosidl_typesupport_c__pyext.dir/rosidl_generator_py/msg_interfaces/_msg_interfaces_s.ep.rosidl_typesupport_c.c.o[0m
[4.719s] [ 92%] [32mBuilding C object CMakeFiles/msg_interfaces__rosidl_typesupport_introspection_c__pyext.dir/rosidl_generator_py/msg_interfaces/_msg_interfaces_s.ep.rosidl_typesupport_introspection_c.c.o[0m
[4.719s] [ 92%] [32mBuilding C object CMakeFiles/msg_interfaces__rosidl_typesupport_fastrtps_c__pyext.dir/rosidl_generator_py/msg_interfaces/_msg_interfaces_s.ep.rosidl_typesupport_fastrtps_c.c.o[0m
[4.836s] [ 94%] [32m[1mLinking C shared library rosidl_generator_py/msg_interfaces/msg_interfaces_s__rosidl_typesupport_c.cpython-310-x86_64-linux-gnu.so[0m
[4.848s] [100%] [32m[1mLinking C shared library rosidl_generator_py/msg_interfaces/msg_interfaces_s__rosidl_typesupport_introspection_c.cpython-310-x86_64-linux-gnu.so[0m
[4.848s] [100%] [32m[1mLinking C shared library rosidl_generator_py/msg_interfaces/msg_interfaces_s__rosidl_typesupport_fastrtps_c.cpython-310-x86_64-linux-gnu.so[0m
[4.884s] [100%] Built target msg_interfaces__rosidl_typesupport_c__pyext
[4.898s] [100%] Built target msg_interfaces__rosidl_typesupport_fastrtps_c__pyext
[4.912s] [100%] Built target msg_interfaces__rosidl_typesupport_introspection_c__pyext
[4.926s] Invoked command in '/home/fhp/MobileRobot_ws/build/msg_interfaces' returned '0': CMAKE_PREFIX_PATH=${CMAKE_PREFIX_PATH}:/opt/ros/humble /usr/bin/cmake --build /home/fhp/MobileRobot_ws/build/msg_interfaces -- -j12 -l12
[4.986s] Invoking command in '/home/fhp/MobileRobot_ws/build/msg_interfaces': CMAKE_PREFIX_PATH=${CMAKE_PREFIX_PATH}:/opt/ros/humble /usr/bin/cmake --install /home/fhp/MobileRobot_ws/build/msg_interfaces
[4.994s] -- Install configuration: ""
[4.995s] -- Execute custom install script
[4.995s] -- Up-to-date symlink: /home/fhp/MobileRobot_ws/install/msg_interfaces/share/ament_index/resource_index/rosidl_interfaces/msg_interfaces
[4.996s] -- Up-to-date symlink: /home/fhp/MobileRobot_ws/install/msg_interfaces/include/msg_interfaces/msg_interfaces/msg/rosidl_generator_c__visibility_control.h
[4.996s] -- Up-to-date symlink: /home/fhp/MobileRobot_ws/install/msg_interfaces/include/msg_interfaces/msg_interfaces/srv/detail/goal_path__functions.h
[4.996s] -- Up-to-date symlink: /home/fhp/MobileRobot_ws/install/msg_interfaces/include/msg_interfaces/msg_interfaces/srv/detail/goal_path__struct.h
[4.996s] -- Up-to-date symlink: /home/fhp/MobileRobot_ws/install/msg_interfaces/include/msg_interfaces/msg_interfaces/srv/detail/goal_path__type_support.h
[4.997s] -- Symlinking: /home/fhp/MobileRobot_ws/install/msg_interfaces/include/msg_interfaces/msg_interfaces/srv/detail/send_point__functions.h
[5.007s] -- Symlinking: /home/fhp/MobileRobot_ws/install/msg_interfaces/include/msg_interfaces/msg_interfaces/srv/detail/send_point__struct.h
[5.015s] -- Symlinking: /home/fhp/MobileRobot_ws/install/msg_interfaces/include/msg_interfaces/msg_interfaces/srv/detail/send_point__type_support.h
[5.024s] -- Up-to-date symlink: /home/fhp/MobileRobot_ws/install/msg_interfaces/include/msg_interfaces/msg_interfaces/srv/goal_path.h
[5.024s] -- Symlinking: /home/fhp/MobileRobot_ws/install/msg_interfaces/include/msg_interfaces/msg_interfaces/srv/send_point.h
[5.037s] -- Up-to-date symlink: /home/fhp/MobileRobot_ws/install/msg_interfaces/share/msg_interfaces/environment/library_path.sh
[5.037s] -- Up-to-date symlink: /home/fhp/MobileRobot_ws/install/msg_interfaces/share/msg_interfaces/environment/library_path.dsv
[5.038s] -- Up-to-date symlink: /home/fhp/MobileRobot_ws/install/msg_interfaces/include/msg_interfaces/msg_interfaces/msg/rosidl_typesupport_fastrtps_c__visibility_control.h
[5.038s] -- Up-to-date symlink: /home/fhp/MobileRobot_ws/install/msg_interfaces/include/msg_interfaces/msg_interfaces/srv/detail/goal_path__rosidl_typesupport_fastrtps_c.h
[5.038s] -- Symlinking: /home/fhp/MobileRobot_ws/install/msg_interfaces/include/msg_interfaces/msg_interfaces/srv/detail/send_point__rosidl_typesupport_fastrtps_c.h
[5.046s] -- Up-to-date symlink: /home/fhp/MobileRobot_ws/install/msg_interfaces/include/msg_interfaces/msg_interfaces/srv/detail/goal_path__builder.hpp
[5.047s] -- Up-to-date symlink: /home/fhp/MobileRobot_ws/install/msg_interfaces/include/msg_interfaces/msg_interfaces/srv/detail/goal_path__struct.hpp
[5.047s] -- Up-to-date symlink: /home/fhp/MobileRobot_ws/install/msg_interfaces/include/msg_interfaces/msg_interfaces/srv/detail/goal_path__traits.hpp
[5.047s] -- Symlinking: /home/fhp/MobileRobot_ws/install/msg_interfaces/include/msg_interfaces/msg_interfaces/srv/detail/send_point__builder.hpp
[5.055s] -- Symlinking: /home/fhp/MobileRobot_ws/install/msg_interfaces/include/msg_interfaces/msg_interfaces/srv/detail/send_point__struct.hpp
[5.067s] -- Symlinking: /home/fhp/MobileRobot_ws/install/msg_interfaces/include/msg_interfaces/msg_interfaces/srv/detail/send_point__traits.hpp
[5.075s] -- Up-to-date symlink: /home/fhp/MobileRobot_ws/install/msg_interfaces/include/msg_interfaces/msg_interfaces/srv/goal_path.hpp
[5.075s] -- Symlinking: /home/fhp/MobileRobot_ws/install/msg_interfaces/include/msg_interfaces/msg_interfaces/srv/send_point.hpp
[5.087s] -- Up-to-date symlink: /home/fhp/MobileRobot_ws/install/msg_interfaces/include/msg_interfaces/msg_interfaces/msg/rosidl_typesupport_fastrtps_cpp__visibility_control.h
[5.087s] -- Up-to-date symlink: /home/fhp/MobileRobot_ws/install/msg_interfaces/include/msg_interfaces/msg_interfaces/srv/detail/goal_path__rosidl_typesupport_fastrtps_cpp.hpp
[5.087s] -- Symlinking: /home/fhp/MobileRobot_ws/install/msg_interfaces/include/msg_interfaces/msg_interfaces/srv/detail/send_point__rosidl_typesupport_fastrtps_cpp.hpp
[5.100s] -- Up-to-date symlink: /home/fhp/MobileRobot_ws/install/msg_interfaces/include/msg_interfaces/msg_interfaces/msg/rosidl_typesupport_introspection_c__visibility_control.h
[5.100s] -- Up-to-date symlink: /home/fhp/MobileRobot_ws/install/msg_interfaces/include/msg_interfaces/msg_interfaces/srv/detail/goal_path__rosidl_typesupport_introspection_c.h
[5.100s] -- Symlinking: /home/fhp/MobileRobot_ws/install/msg_interfaces/include/msg_interfaces/msg_interfaces/srv/detail/send_point__rosidl_typesupport_introspection_c.h
[5.108s] -- Up-to-date symlink: /home/fhp/MobileRobot_ws/install/msg_interfaces/include/msg_interfaces/msg_interfaces/srv/detail/goal_path__rosidl_typesupport_introspection_cpp.hpp
[5.108s] -- Symlinking: /home/fhp/MobileRobot_ws/install/msg_interfaces/include/msg_interfaces/msg_interfaces/srv/detail/send_point__rosidl_typesupport_introspection_cpp.hpp
[5.117s] -- Up-to-date symlink: /home/fhp/MobileRobot_ws/install/msg_interfaces/share/msg_interfaces/environment/pythonpath.sh
[5.118s] -- Up-to-date symlink: /home/fhp/MobileRobot_ws/install/msg_interfaces/share/msg_interfaces/environment/pythonpath.dsv
[5.118s] -- Up-to-date symlink: /home/fhp/MobileRobot_ws/install/msg_interfaces/local/lib/python3.10/dist-packages/msg_interfaces-0.0.0-py3.10.egg-info/PKG-INFO
[5.118s] -- Up-to-date symlink: /home/fhp/MobileRobot_ws/install/msg_interfaces/local/lib/python3.10/dist-packages/msg_interfaces-0.0.0-py3.10.egg-info/SOURCES.txt
[5.118s] -- Up-to-date symlink: /home/fhp/MobileRobot_ws/install/msg_interfaces/local/lib/python3.10/dist-packages/msg_interfaces-0.0.0-py3.10.egg-info/dependency_links.txt
[5.118s] -- Up-to-date symlink: /home/fhp/MobileRobot_ws/install/msg_interfaces/local/lib/python3.10/dist-packages/msg_interfaces-0.0.0-py3.10.egg-info/top_level.txt
[5.118s] -- Up-to-date symlink: /home/fhp/MobileRobot_ws/install/msg_interfaces/local/lib/python3.10/dist-packages/msg_interfaces/__init__.py
[5.118s] -- Up-to-date symlink: /home/fhp/MobileRobot_ws/install/msg_interfaces/local/lib/python3.10/dist-packages/msg_interfaces/_msg_interfaces_s.ep.rosidl_typesupport_c.c
[5.118s] -- Up-to-date symlink: /home/fhp/MobileRobot_ws/install/msg_interfaces/local/lib/python3.10/dist-packages/msg_interfaces/_msg_interfaces_s.ep.rosidl_typesupport_fastrtps_c.c
[5.118s] -- Up-to-date symlink: /home/fhp/MobileRobot_ws/install/msg_interfaces/local/lib/python3.10/dist-packages/msg_interfaces/_msg_interfaces_s.ep.rosidl_typesupport_introspection_c.c
[5.119s] -- Up-to-date symlink: /home/fhp/MobileRobot_ws/install/msg_interfaces/local/lib/python3.10/dist-packages/msg_interfaces/libmsg_interfaces__rosidl_generator_py.so
[5.119s] -- Up-to-date symlink: /home/fhp/MobileRobot_ws/install/msg_interfaces/local/lib/python3.10/dist-packages/msg_interfaces/msg_interfaces_s__rosidl_typesupport_c.cpython-310-x86_64-linux-gnu.so
[5.119s] -- Up-to-date symlink: /home/fhp/MobileRobot_ws/install/msg_interfaces/local/lib/python3.10/dist-packages/msg_interfaces/msg_interfaces_s__rosidl_typesupport_fastrtps_c.cpython-310-x86_64-linux-gnu.so
[5.119s] -- Up-to-date symlink: /home/fhp/MobileRobot_ws/install/msg_interfaces/local/lib/python3.10/dist-packages/msg_interfaces/msg_interfaces_s__rosidl_typesupport_introspection_c.cpython-310-x86_64-linux-gnu.so
[5.119s] -- Up-to-date symlink: /home/fhp/MobileRobot_ws/install/msg_interfaces/local/lib/python3.10/dist-packages/msg_interfaces/srv/__init__.py
[5.119s] -- Up-to-date symlink: /home/fhp/MobileRobot_ws/install/msg_interfaces/local/lib/python3.10/dist-packages/msg_interfaces/srv/_goal_path.py
[5.119s] -- Up-to-date symlink: /home/fhp/MobileRobot_ws/install/msg_interfaces/local/lib/python3.10/dist-packages/msg_interfaces/srv/_goal_path_s.c
[5.119s] -- Symlinking: /home/fhp/MobileRobot_ws/install/msg_interfaces/local/lib/python3.10/dist-packages/msg_interfaces/srv/_send_point.py
[5.131s] -- Symlinking: /home/fhp/MobileRobot_ws/install/msg_interfaces/local/lib/python3.10/dist-packages/msg_interfaces/srv/_send_point_s.c
[5.140s] -- Up-to-date symlink: /home/fhp/MobileRobot_ws/install/msg_interfaces/local/lib/python3.10/dist-packages/msg_interfaces/msg_interfaces_s__rosidl_typesupport_fastrtps_c.cpython-310-x86_64-linux-gnu.so
[5.141s] -- Up-to-date symlink: /home/fhp/MobileRobot_ws/install/msg_interfaces/local/lib/python3.10/dist-packages/msg_interfaces/msg_interfaces_s__rosidl_typesupport_introspection_c.cpython-310-x86_64-linux-gnu.so
[5.141s] -- Up-to-date symlink: /home/fhp/MobileRobot_ws/install/msg_interfaces/local/lib/python3.10/dist-packages/msg_interfaces/msg_interfaces_s__rosidl_typesupport_c.cpython-310-x86_64-linux-gnu.so
[5.141s] -- Up-to-date symlink: /home/fhp/MobileRobot_ws/install/msg_interfaces/share/msg_interfaces/srv/GoalPath.idl
[5.141s] -- Symlinking: /home/fhp/MobileRobot_ws/install/msg_interfaces/share/msg_interfaces/srv/SendPoint.idl
[5.152s] -- Up-to-date symlink: /home/fhp/MobileRobot_ws/install/msg_interfaces/share/msg_interfaces/srv/GoalPath.srv
[5.152s] -- Up-to-date symlink: /home/fhp/MobileRobot_ws/install/msg_interfaces/share/msg_interfaces/srv/GoalPath_Request.msg
[5.152s] -- Up-to-date symlink: /home/fhp/MobileRobot_ws/install/msg_interfaces/share/msg_interfaces/srv/GoalPath_Response.msg
[5.152s] -- Symlinking: /home/fhp/MobileRobot_ws/install/msg_interfaces/share/msg_interfaces/srv/SendPoint.srv
[5.163s] -- Symlinking: /home/fhp/MobileRobot_ws/install/msg_interfaces/share/msg_interfaces/srv/SendPoint_Request.msg
[5.171s] -- Symlinking: /home/fhp/MobileRobot_ws/install/msg_interfaces/share/msg_interfaces/srv/SendPoint_Response.msg
[5.182s] -- Up-to-date symlink: /home/fhp/MobileRobot_ws/install/msg_interfaces/share/ament_index/resource_index/package_run_dependencies/msg_interfaces
[5.183s] -- Up-to-date symlink: /home/fhp/MobileRobot_ws/install/msg_interfaces/share/ament_index/resource_index/parent_prefix_path/msg_interfaces
[5.183s] -- Up-to-date symlink: /home/fhp/MobileRobot_ws/install/msg_interfaces/share/msg_interfaces/environment/ament_prefix_path.sh
[5.183s] -- Up-to-date symlink: /home/fhp/MobileRobot_ws/install/msg_interfaces/share/msg_interfaces/environment/ament_prefix_path.dsv
[5.183s] -- Up-to-date symlink: /home/fhp/MobileRobot_ws/install/msg_interfaces/share/msg_interfaces/environment/path.sh
[5.183s] -- Up-to-date symlink: /home/fhp/MobileRobot_ws/install/msg_interfaces/share/msg_interfaces/environment/path.dsv
[5.184s] -- Up-to-date symlink: /home/fhp/MobileRobot_ws/install/msg_interfaces/share/msg_interfaces/local_setup.bash
[5.184s] -- Up-to-date symlink: /home/fhp/MobileRobot_ws/install/msg_interfaces/share/msg_interfaces/local_setup.sh
[5.184s] -- Up-to-date symlink: /home/fhp/MobileRobot_ws/install/msg_interfaces/share/msg_interfaces/local_setup.zsh
[5.184s] -- Up-to-date symlink: /home/fhp/MobileRobot_ws/install/msg_interfaces/share/msg_interfaces/local_setup.dsv
[5.184s] -- Symlinking: /home/fhp/MobileRobot_ws/install/msg_interfaces/share/msg_interfaces/package.dsv
[5.196s] -- Up-to-date symlink: /home/fhp/MobileRobot_ws/install/msg_interfaces/share/ament_index/resource_index/packages/msg_interfaces
[5.196s] -- Up-to-date symlink: /home/fhp/MobileRobot_ws/install/msg_interfaces/share/msg_interfaces/cmake/rosidl_cmake-extras.cmake
[5.196s] -- Up-to-date symlink: /home/fhp/MobileRobot_ws/install/msg_interfaces/share/msg_interfaces/cmake/ament_cmake_export_dependencies-extras.cmake
[5.196s] -- Up-to-date symlink: /home/fhp/MobileRobot_ws/install/msg_interfaces/share/msg_interfaces/cmake/ament_cmake_export_include_directories-extras.cmake
[5.196s] -- Up-to-date symlink: /home/fhp/MobileRobot_ws/install/msg_interfaces/share/msg_interfaces/cmake/ament_cmake_export_libraries-extras.cmake
[5.197s] -- Up-to-date symlink: /home/fhp/MobileRobot_ws/install/msg_interfaces/share/msg_interfaces/cmake/ament_cmake_export_targets-extras.cmake
[5.197s] -- Up-to-date symlink: /home/fhp/MobileRobot_ws/install/msg_interfaces/share/msg_interfaces/cmake/rosidl_cmake_export_typesupport_targets-extras.cmake
[5.197s] -- Up-to-date symlink: /home/fhp/MobileRobot_ws/install/msg_interfaces/share/msg_interfaces/cmake/rosidl_cmake_export_typesupport_libraries-extras.cmake
[5.198s] -- Up-to-date symlink: /home/fhp/MobileRobot_ws/install/msg_interfaces/share/msg_interfaces/cmake/msg_interfacesConfig.cmake
[5.198s] -- Up-to-date symlink: /home/fhp/MobileRobot_ws/install/msg_interfaces/share/msg_interfaces/cmake/msg_interfacesConfig-version.cmake
[5.198s] -- Up-to-date symlink: /home/fhp/MobileRobot_ws/install/msg_interfaces/share/msg_interfaces/package.xml
[5.199s] -- Installing: /home/fhp/MobileRobot_ws/install/msg_interfaces/lib/libmsg_interfaces__rosidl_generator_c.so
[5.199s] -- Set runtime path of "/home/fhp/MobileRobot_ws/install/msg_interfaces/lib/libmsg_interfaces__rosidl_generator_c.so" to ""
[5.200s] -- Installing: /home/fhp/MobileRobot_ws/install/msg_interfaces/lib/libmsg_interfaces__rosidl_typesupport_fastrtps_c.so
[5.200s] -- Set runtime path of "/home/fhp/MobileRobot_ws/install/msg_interfaces/lib/libmsg_interfaces__rosidl_typesupport_fastrtps_c.so" to ""
[5.201s] -- Installing: /home/fhp/MobileRobot_ws/install/msg_interfaces/lib/libmsg_interfaces__rosidl_typesupport_fastrtps_cpp.so
[5.201s] -- Set runtime path of "/home/fhp/MobileRobot_ws/install/msg_interfaces/lib/libmsg_interfaces__rosidl_typesupport_fastrtps_cpp.so" to ""
[5.202s] -- Installing: /home/fhp/MobileRobot_ws/install/msg_interfaces/lib/libmsg_interfaces__rosidl_typesupport_introspection_c.so
[5.202s] -- Set runtime path of "/home/fhp/MobileRobot_ws/install/msg_interfaces/lib/libmsg_interfaces__rosidl_typesupport_introspection_c.so" to ""
[5.202s] -- Installing: /home/fhp/MobileRobot_ws/install/msg_interfaces/lib/libmsg_interfaces__rosidl_typesupport_c.so
[5.202s] -- Set runtime path of "/home/fhp/MobileRobot_ws/install/msg_interfaces/lib/libmsg_interfaces__rosidl_typesupport_c.so" to ""
[5.203s] -- Installing: /home/fhp/MobileRobot_ws/install/msg_interfaces/lib/libmsg_interfaces__rosidl_typesupport_introspection_cpp.so
[5.203s] -- Set runtime path of "/home/fhp/MobileRobot_ws/install/msg_interfaces/lib/libmsg_interfaces__rosidl_typesupport_introspection_cpp.so" to ""
[5.203s] -- Installing: /home/fhp/MobileRobot_ws/install/msg_interfaces/lib/libmsg_interfaces__rosidl_typesupport_cpp.so
[5.203s] -- Set runtime path of "/home/fhp/MobileRobot_ws/install/msg_interfaces/lib/libmsg_interfaces__rosidl_typesupport_cpp.so" to ""
[5.246s] Listing '/home/fhp/MobileRobot_ws/install/msg_interfaces/local/lib/python3.10/dist-packages/msg_interfaces'...
[5.246s] Compiling '/home/fhp/MobileRobot_ws/install/msg_interfaces/local/lib/python3.10/dist-packages/msg_interfaces/__init__.py'...
[5.246s] Listing '/home/fhp/MobileRobot_ws/install/msg_interfaces/local/lib/python3.10/dist-packages/msg_interfaces/srv'...
[5.246s] Compiling '/home/fhp/MobileRobot_ws/install/msg_interfaces/local/lib/python3.10/dist-packages/msg_interfaces/srv/__init__.py'...
[5.246s] Compiling '/home/fhp/MobileRobot_ws/install/msg_interfaces/local/lib/python3.10/dist-packages/msg_interfaces/srv/_goal_path.py'...
[5.246s] Compiling '/home/fhp/MobileRobot_ws/install/msg_interfaces/local/lib/python3.10/dist-packages/msg_interfaces/srv/_send_point.py'...
[5.252s] -- Installing: /home/fhp/MobileRobot_ws/install/msg_interfaces/lib/libmsg_interfaces__rosidl_generator_py.so
[5.253s] -- Set runtime path of "/home/fhp/MobileRobot_ws/install/msg_interfaces/lib/libmsg_interfaces__rosidl_generator_py.so" to ""
[5.253s] -- Up-to-date: /home/fhp/MobileRobot_ws/install/msg_interfaces/share/msg_interfaces/cmake/export_msg_interfaces__rosidl_generator_cExport.cmake
[5.253s] -- Up-to-date: /home/fhp/MobileRobot_ws/install/msg_interfaces/share/msg_interfaces/cmake/export_msg_interfaces__rosidl_generator_cExport-noconfig.cmake
[5.254s] -- Up-to-date: /home/fhp/MobileRobot_ws/install/msg_interfaces/share/msg_interfaces/cmake/export_msg_interfaces__rosidl_typesupport_fastrtps_cExport.cmake
[5.254s] -- Up-to-date: /home/fhp/MobileRobot_ws/install/msg_interfaces/share/msg_interfaces/cmake/export_msg_interfaces__rosidl_typesupport_fastrtps_cExport-noconfig.cmake
[5.254s] -- Up-to-date: /home/fhp/MobileRobot_ws/install/msg_interfaces/share/msg_interfaces/cmake/export_msg_interfaces__rosidl_generator_cppExport.cmake
[5.255s] -- Up-to-date: /home/fhp/MobileRobot_ws/install/msg_interfaces/share/msg_interfaces/cmake/export_msg_interfaces__rosidl_typesupport_fastrtps_cppExport.cmake
[5.255s] -- Up-to-date: /home/fhp/MobileRobot_ws/install/msg_interfaces/share/msg_interfaces/cmake/export_msg_interfaces__rosidl_typesupport_fastrtps_cppExport-noconfig.cmake
[5.255s] -- Up-to-date: /home/fhp/MobileRobot_ws/install/msg_interfaces/share/msg_interfaces/cmake/msg_interfaces__rosidl_typesupport_introspection_cExport.cmake
[5.255s] -- Up-to-date: /home/fhp/MobileRobot_ws/install/msg_interfaces/share/msg_interfaces/cmake/msg_interfaces__rosidl_typesupport_introspection_cExport-noconfig.cmake
[5.255s] -- Up-to-date: /home/fhp/MobileRobot_ws/install/msg_interfaces/share/msg_interfaces/cmake/msg_interfaces__rosidl_typesupport_cExport.cmake
[5.255s] -- Up-to-date: /home/fhp/MobileRobot_ws/install/msg_interfaces/share/msg_interfaces/cmake/msg_interfaces__rosidl_typesupport_cExport-noconfig.cmake
[5.256s] -- Up-to-date: /home/fhp/MobileRobot_ws/install/msg_interfaces/share/msg_interfaces/cmake/msg_interfaces__rosidl_typesupport_introspection_cppExport.cmake
[5.256s] -- Up-to-date: /home/fhp/MobileRobot_ws/install/msg_interfaces/share/msg_interfaces/cmake/msg_interfaces__rosidl_typesupport_introspection_cppExport-noconfig.cmake
[5.256s] -- Up-to-date: /home/fhp/MobileRobot_ws/install/msg_interfaces/share/msg_interfaces/cmake/msg_interfaces__rosidl_typesupport_cppExport.cmake
[5.256s] -- Up-to-date: /home/fhp/MobileRobot_ws/install/msg_interfaces/share/msg_interfaces/cmake/msg_interfaces__rosidl_typesupport_cppExport-noconfig.cmake
[5.256s] -- Up-to-date: /home/fhp/MobileRobot_ws/install/msg_interfaces/share/msg_interfaces/cmake/export_msg_interfaces__rosidl_generator_pyExport.cmake
[5.257s] -- Up-to-date: /home/fhp/MobileRobot_ws/install/msg_interfaces/share/msg_interfaces/cmake/export_msg_interfaces__rosidl_generator_pyExport-noconfig.cmake
[5.263s] Invoked command in '/home/fhp/MobileRobot_ws/build/msg_interfaces' returned '0': CMAKE_PREFIX_PATH=${CMAKE_PREFIX_PATH}:/opt/ros/humble /usr/bin/cmake --install /home/fhp/MobileRobot_ws/build/msg_interfaces
