[0.518s] DEBUG:colcon:Command line arguments: ['/usr/bin/colcon', 'build', '--symlink-install']
[0.518s] DEBUG:colcon:Parsed command line arguments: Namespace(log_base=None, log_level=None, verb_name='build', build_base='build', install_base='install', merge_install=False, symlink_install=True, test_result_base=None, continue_on_error=False, executor='parallel', parallel_workers=12, event_handlers=None, ignore_user_meta=False, metas=['./colcon.meta'], base_paths=['.'], packages_ignore=None, packages_ignore_regex=None, paths=None, packages_up_to=None, packages_up_to_regex=None, packages_above=None, packages_above_and_dependencies=None, packages_above_depth=None, packages_select_by_dep=None, packages_skip_by_dep=None, packages_skip_up_to=None, packages_select_build_failed=False, packages_skip_build_finished=False, packages_select_test_failures=False, packages_skip_test_passed=False, packages_select=None, packages_skip=None, packages_select_regex=None, packages_skip_regex=None, packages_start=None, packages_end=None, allow_overriding=[], cmake_args=None, cmake_target=None, cmake_target_skip_unavailable=False, cmake_clean_cache=False, cmake_clean_first=False, cmake_force_configure=False, ament_cmake_args=None, catkin_cmake_args=None, catkin_skip_building_tests=False, verb_parser=<colcon_defaults.argument_parser.defaults.DefaultArgumentsDecorator object at 0x7fc3e2fb46a0>, verb_extension=<colcon_core.verb.build.BuildVerb object at 0x7fc3e3735390>, main=<bound method BuildVerb.main of <colcon_core.verb.build.BuildVerb object at 0x7fc3e3735390>>)
[0.573s] Level 1:colcon.colcon_core.package_discovery:discover_packages(colcon_meta) check parameters
[0.573s] Level 1:colcon.colcon_core.package_discovery:discover_packages(recursive) check parameters
[0.573s] Level 1:colcon.colcon_core.package_discovery:discover_packages(ignore) check parameters
[0.573s] Level 1:colcon.colcon_core.package_discovery:discover_packages(path) check parameters
[0.573s] Level 1:colcon.colcon_core.package_discovery:discover_packages(colcon_meta) discover
[0.573s] Level 1:colcon.colcon_core.package_discovery:discover_packages(recursive) discover
[0.573s] INFO:colcon.colcon_core.package_discovery:Crawling recursively for packages in '/home/fhp/MobileRobot_ws'
[0.573s] Level 1:colcon.colcon_core.package_identification:_identify(.) by extensions ['ignore', 'ignore_ament_install']
[0.574s] Level 1:colcon.colcon_core.package_identification:_identify(.) by extension 'ignore'
[0.574s] Level 1:colcon.colcon_core.package_identification:_identify(.) by extension 'ignore_ament_install'
[0.574s] Level 1:colcon.colcon_core.package_identification:_identify(.) by extensions ['colcon_pkg']
[0.574s] Level 1:colcon.colcon_core.package_identification:_identify(.) by extension 'colcon_pkg'
[0.574s] Level 1:colcon.colcon_core.package_identification:_identify(.) by extensions ['colcon_meta']
[0.574s] Level 1:colcon.colcon_core.package_identification:_identify(.) by extension 'colcon_meta'
[0.574s] Level 1:colcon.colcon_core.package_identification:_identify(.) by extensions ['ros']
[0.574s] Level 1:colcon.colcon_core.package_identification:_identify(.) by extension 'ros'
[0.590s] Level 1:colcon.colcon_core.package_identification:_identify(.) by extensions ['cmake', 'python']
[0.590s] Level 1:colcon.colcon_core.package_identification:_identify(.) by extension 'cmake'
[0.590s] Level 1:colcon.colcon_core.package_identification:_identify(.) by extension 'python'
[0.590s] Level 1:colcon.colcon_core.package_identification:_identify(.) by extensions ['python_setup_py']
[0.590s] Level 1:colcon.colcon_core.package_identification:_identify(.) by extension 'python_setup_py'
[0.590s] Level 1:colcon.colcon_core.package_identification:_identify(build) by extensions ['ignore', 'ignore_ament_install']
[0.590s] Level 1:colcon.colcon_core.package_identification:_identify(build) by extension 'ignore'
[0.590s] Level 1:colcon.colcon_core.package_identification:_identify(build) ignored
[0.590s] Level 1:colcon.colcon_core.package_identification:_identify(install) by extensions ['ignore', 'ignore_ament_install']
[0.591s] Level 1:colcon.colcon_core.package_identification:_identify(install) by extension 'ignore'
[0.591s] Level 1:colcon.colcon_core.package_identification:_identify(install) ignored
[0.591s] Level 1:colcon.colcon_core.package_identification:_identify(log) by extensions ['ignore', 'ignore_ament_install']
[0.591s] Level 1:colcon.colcon_core.package_identification:_identify(log) by extension 'ignore'
[0.591s] Level 1:colcon.colcon_core.package_identification:_identify(log) ignored
[0.591s] Level 1:colcon.colcon_core.package_identification:_identify(src) by extensions ['ignore', 'ignore_ament_install']
[0.591s] Level 1:colcon.colcon_core.package_identification:_identify(src) by extension 'ignore'
[0.591s] Level 1:colcon.colcon_core.package_identification:_identify(src) by extension 'ignore_ament_install'
[0.591s] Level 1:colcon.colcon_core.package_identification:_identify(src) by extensions ['colcon_pkg']
[0.591s] Level 1:colcon.colcon_core.package_identification:_identify(src) by extension 'colcon_pkg'
[0.592s] Level 1:colcon.colcon_core.package_identification:_identify(src) by extensions ['colcon_meta']
[0.592s] Level 1:colcon.colcon_core.package_identification:_identify(src) by extension 'colcon_meta'
[0.592s] Level 1:colcon.colcon_core.package_identification:_identify(src) by extensions ['ros']
[0.592s] Level 1:colcon.colcon_core.package_identification:_identify(src) by extension 'ros'
[0.592s] Level 1:colcon.colcon_core.package_identification:_identify(src) by extensions ['cmake', 'python']
[0.592s] Level 1:colcon.colcon_core.package_identification:_identify(src) by extension 'cmake'
[0.592s] Level 1:colcon.colcon_core.package_identification:_identify(src) by extension 'python'
[0.592s] Level 1:colcon.colcon_core.package_identification:_identify(src) by extensions ['python_setup_py']
[0.592s] Level 1:colcon.colcon_core.package_identification:_identify(src) by extension 'python_setup_py'
[0.592s] Level 1:colcon.colcon_core.package_identification:_identify(src/algorithm) by extensions ['ignore', 'ignore_ament_install']
[0.592s] Level 1:colcon.colcon_core.package_identification:_identify(src/algorithm) by extension 'ignore'
[0.592s] Level 1:colcon.colcon_core.package_identification:_identify(src/algorithm) by extension 'ignore_ament_install'
[0.592s] Level 1:colcon.colcon_core.package_identification:_identify(src/algorithm) by extensions ['colcon_pkg']
[0.592s] Level 1:colcon.colcon_core.package_identification:_identify(src/algorithm) by extension 'colcon_pkg'
[0.593s] Level 1:colcon.colcon_core.package_identification:_identify(src/algorithm) by extensions ['colcon_meta']
[0.593s] Level 1:colcon.colcon_core.package_identification:_identify(src/algorithm) by extension 'colcon_meta'
[0.593s] Level 1:colcon.colcon_core.package_identification:_identify(src/algorithm) by extensions ['ros']
[0.593s] Level 1:colcon.colcon_core.package_identification:_identify(src/algorithm) by extension 'ros'
[0.593s] Level 1:colcon.colcon_core.package_identification:_identify(src/algorithm) by extensions ['cmake', 'python']
[0.593s] Level 1:colcon.colcon_core.package_identification:_identify(src/algorithm) by extension 'cmake'
[0.593s] Level 1:colcon.colcon_core.package_identification:_identify(src/algorithm) by extension 'python'
[0.593s] Level 1:colcon.colcon_core.package_identification:_identify(src/algorithm) by extensions ['python_setup_py']
[0.593s] Level 1:colcon.colcon_core.package_identification:_identify(src/algorithm) by extension 'python_setup_py'
[0.593s] Level 1:colcon.colcon_core.package_identification:_identify(src/algorithm/__pycache__) by extensions ['ignore', 'ignore_ament_install']
[0.593s] Level 1:colcon.colcon_core.package_identification:_identify(src/algorithm/__pycache__) by extension 'ignore'
[0.593s] Level 1:colcon.colcon_core.package_identification:_identify(src/algorithm/__pycache__) by extension 'ignore_ament_install'
[0.593s] Level 1:colcon.colcon_core.package_identification:_identify(src/algorithm/__pycache__) by extensions ['colcon_pkg']
[0.593s] Level 1:colcon.colcon_core.package_identification:_identify(src/algorithm/__pycache__) by extension 'colcon_pkg'
[0.594s] Level 1:colcon.colcon_core.package_identification:_identify(src/algorithm/__pycache__) by extensions ['colcon_meta']
[0.594s] Level 1:colcon.colcon_core.package_identification:_identify(src/algorithm/__pycache__) by extension 'colcon_meta'
[0.594s] Level 1:colcon.colcon_core.package_identification:_identify(src/algorithm/__pycache__) by extensions ['ros']
[0.594s] Level 1:colcon.colcon_core.package_identification:_identify(src/algorithm/__pycache__) by extension 'ros'
[0.594s] Level 1:colcon.colcon_core.package_identification:_identify(src/algorithm/__pycache__) by extensions ['cmake', 'python']
[0.594s] Level 1:colcon.colcon_core.package_identification:_identify(src/algorithm/__pycache__) by extension 'cmake'
[0.594s] Level 1:colcon.colcon_core.package_identification:_identify(src/algorithm/__pycache__) by extension 'python'
[0.594s] Level 1:colcon.colcon_core.package_identification:_identify(src/algorithm/__pycache__) by extensions ['python_setup_py']
[0.594s] Level 1:colcon.colcon_core.package_identification:_identify(src/algorithm/__pycache__) by extension 'python_setup_py'
[0.594s] Level 1:colcon.colcon_core.package_identification:_identify(src/megarover_samples_ros2) by extensions ['ignore', 'ignore_ament_install']
[0.594s] Level 1:colcon.colcon_core.package_identification:_identify(src/megarover_samples_ros2) by extension 'ignore'
[0.594s] Level 1:colcon.colcon_core.package_identification:_identify(src/megarover_samples_ros2) by extension 'ignore_ament_install'
[0.594s] Level 1:colcon.colcon_core.package_identification:_identify(src/megarover_samples_ros2) by extensions ['colcon_pkg']
[0.594s] Level 1:colcon.colcon_core.package_identification:_identify(src/megarover_samples_ros2) by extension 'colcon_pkg'
[0.594s] Level 1:colcon.colcon_core.package_identification:_identify(src/megarover_samples_ros2) by extensions ['colcon_meta']
[0.595s] Level 1:colcon.colcon_core.package_identification:_identify(src/megarover_samples_ros2) by extension 'colcon_meta'
[0.595s] Level 1:colcon.colcon_core.package_identification:_identify(src/megarover_samples_ros2) by extensions ['ros']
[0.595s] Level 1:colcon.colcon_core.package_identification:_identify(src/megarover_samples_ros2) by extension 'ros'
[0.602s] DEBUG:colcon.colcon_core.package_identification:Package 'src/megarover_samples_ros2' with type 'ros.ament_cmake' and name 'megarover_samples_ros2'
[0.602s] Level 1:colcon.colcon_core.package_identification:_identify(src/msg_interfaces) by extensions ['ignore', 'ignore_ament_install']
[0.602s] Level 1:colcon.colcon_core.package_identification:_identify(src/msg_interfaces) by extension 'ignore'
[0.602s] Level 1:colcon.colcon_core.package_identification:_identify(src/msg_interfaces) by extension 'ignore_ament_install'
[0.602s] Level 1:colcon.colcon_core.package_identification:_identify(src/msg_interfaces) by extensions ['colcon_pkg']
[0.602s] Level 1:colcon.colcon_core.package_identification:_identify(src/msg_interfaces) by extension 'colcon_pkg'
[0.602s] Level 1:colcon.colcon_core.package_identification:_identify(src/msg_interfaces) by extensions ['colcon_meta']
[0.602s] Level 1:colcon.colcon_core.package_identification:_identify(src/msg_interfaces) by extension 'colcon_meta'
[0.602s] Level 1:colcon.colcon_core.package_identification:_identify(src/msg_interfaces) by extensions ['ros']
[0.603s] Level 1:colcon.colcon_core.package_identification:_identify(src/msg_interfaces) by extension 'ros'
[0.603s] DEBUG:colcon.colcon_core.package_identification:Package 'src/msg_interfaces' with type 'ros.ament_cmake' and name 'msg_interfaces'
[0.604s] Level 1:colcon.colcon_core.package_discovery:discover_packages(recursive) using defaults
[0.604s] Level 1:colcon.colcon_core.package_discovery:discover_packages(ignore) discover
[0.604s] Level 1:colcon.colcon_core.package_discovery:discover_packages(ignore) using defaults
[0.604s] Level 1:colcon.colcon_core.package_discovery:discover_packages(path) discover
[0.604s] Level 1:colcon.colcon_core.package_discovery:discover_packages(path) using defaults
[0.645s] Level 1:colcon.colcon_core.package_discovery:discover_packages(prefix_path) check parameters
[0.645s] Level 1:colcon.colcon_core.package_discovery:discover_packages(prefix_path) discover
[0.651s] DEBUG:colcon.colcon_installed_package_information.package_discovery:Found 2 installed packages in /home/fhp/MobileRobot_ws/install
[0.652s] DEBUG:colcon.colcon_installed_package_information.package_discovery:Found 1 installed packages in /home/fhp/ROS2_Directory/Test_ws/install
[0.654s] DEBUG:colcon.colcon_installed_package_information.package_discovery:Found 335 installed packages in /opt/ros/humble
[0.657s] Level 1:colcon.colcon_core.package_discovery:discover_packages(prefix_path) using defaults
[0.744s] Level 5:colcon.colcon_core.verb:set package 'megarover_samples_ros2' build argument 'cmake_args' from command line to 'None'
[0.744s] Level 5:colcon.colcon_core.verb:set package 'megarover_samples_ros2' build argument 'cmake_target' from command line to 'None'
[0.744s] Level 5:colcon.colcon_core.verb:set package 'megarover_samples_ros2' build argument 'cmake_target_skip_unavailable' from command line to 'False'
[0.744s] Level 5:colcon.colcon_core.verb:set package 'megarover_samples_ros2' build argument 'cmake_clean_cache' from command line to 'False'
[0.744s] Level 5:colcon.colcon_core.verb:set package 'megarover_samples_ros2' build argument 'cmake_clean_first' from command line to 'False'
[0.744s] Level 5:colcon.colcon_core.verb:set package 'megarover_samples_ros2' build argument 'cmake_force_configure' from command line to 'False'
[0.744s] Level 5:colcon.colcon_core.verb:set package 'megarover_samples_ros2' build argument 'ament_cmake_args' from command line to 'None'
[0.744s] Level 5:colcon.colcon_core.verb:set package 'megarover_samples_ros2' build argument 'catkin_cmake_args' from command line to 'None'
[0.744s] Level 5:colcon.colcon_core.verb:set package 'megarover_samples_ros2' build argument 'catkin_skip_building_tests' from command line to 'False'
[0.744s] DEBUG:colcon.colcon_core.verb:Building package 'megarover_samples_ros2' with the following arguments: {'ament_cmake_args': None, 'build_base': '/home/fhp/MobileRobot_ws/build/megarover_samples_ros2', 'catkin_cmake_args': None, 'catkin_skip_building_tests': False, 'cmake_args': None, 'cmake_clean_cache': False, 'cmake_clean_first': False, 'cmake_force_configure': False, 'cmake_target': None, 'cmake_target_skip_unavailable': False, 'install_base': '/home/fhp/MobileRobot_ws/install/megarover_samples_ros2', 'merge_install': False, 'path': '/home/fhp/MobileRobot_ws/src/megarover_samples_ros2', 'symlink_install': True, 'test_result_base': None}
[0.745s] Level 5:colcon.colcon_core.verb:set package 'msg_interfaces' build argument 'cmake_args' from command line to 'None'
[0.745s] Level 5:colcon.colcon_core.verb:set package 'msg_interfaces' build argument 'cmake_target' from command line to 'None'
[0.745s] Level 5:colcon.colcon_core.verb:set package 'msg_interfaces' build argument 'cmake_target_skip_unavailable' from command line to 'False'
[0.746s] Level 5:colcon.colcon_core.verb:set package 'msg_interfaces' build argument 'cmake_clean_cache' from command line to 'False'
[0.746s] Level 5:colcon.colcon_core.verb:set package 'msg_interfaces' build argument 'cmake_clean_first' from command line to 'False'
[0.746s] Level 5:colcon.colcon_core.verb:set package 'msg_interfaces' build argument 'cmake_force_configure' from command line to 'False'
[0.746s] Level 5:colcon.colcon_core.verb:set package 'msg_interfaces' build argument 'ament_cmake_args' from command line to 'None'
[0.746s] Level 5:colcon.colcon_core.verb:set package 'msg_interfaces' build argument 'catkin_cmake_args' from command line to 'None'
[0.746s] Level 5:colcon.colcon_core.verb:set package 'msg_interfaces' build argument 'catkin_skip_building_tests' from command line to 'False'
[0.746s] DEBUG:colcon.colcon_core.verb:Building package 'msg_interfaces' with the following arguments: {'ament_cmake_args': None, 'build_base': '/home/fhp/MobileRobot_ws/build/msg_interfaces', 'catkin_cmake_args': None, 'catkin_skip_building_tests': False, 'cmake_args': None, 'cmake_clean_cache': False, 'cmake_clean_first': False, 'cmake_force_configure': False, 'cmake_target': None, 'cmake_target_skip_unavailable': False, 'install_base': '/home/fhp/MobileRobot_ws/install/msg_interfaces', 'merge_install': False, 'path': '/home/fhp/MobileRobot_ws/src/msg_interfaces', 'symlink_install': True, 'test_result_base': None}
[0.747s] INFO:colcon.colcon_core.executor:Executing jobs using 'parallel' executor
[0.751s] DEBUG:colcon.colcon_parallel_executor.executor.parallel:run_until_complete
[0.751s] INFO:colcon.colcon_ros.task.ament_cmake.build:Building ROS package in '/home/fhp/MobileRobot_ws/src/megarover_samples_ros2' with build type 'ament_cmake'
[0.751s] INFO:colcon.colcon_cmake.task.cmake.build:Building CMake package in '/home/fhp/MobileRobot_ws/src/megarover_samples_ros2'
[0.763s] INFO:colcon.colcon_core.plugin_system:Skipping extension 'colcon_core.shell.bat': Not used on non-Windows systems
[0.763s] INFO:colcon.colcon_core.shell:Skip shell extension 'powershell' for command environment: Not usable outside of PowerShell
[0.763s] DEBUG:colcon.colcon_core.shell:Skip shell extension 'dsv' for command environment
[0.771s] INFO:colcon.colcon_ros.task.ament_cmake.build:Building ROS package in '/home/fhp/MobileRobot_ws/src/msg_interfaces' with build type 'ament_cmake'
[0.772s] INFO:colcon.colcon_cmake.task.cmake.build:Building CMake package in '/home/fhp/MobileRobot_ws/src/msg_interfaces'
[0.774s] INFO:colcon.colcon_core.shell:Skip shell extension 'powershell' for command environment: Not usable outside of PowerShell
[0.774s] DEBUG:colcon.colcon_core.shell:Skip shell extension 'dsv' for command environment
[0.789s] DEBUG:colcon.colcon_core.event_handler.log_command:Invoking command in '/home/fhp/MobileRobot_ws/build/megarover_samples_ros2': CMAKE_PREFIX_PATH=${CMAKE_PREFIX_PATH}:/opt/ros/humble /usr/bin/cmake --build /home/fhp/MobileRobot_ws/build/megarover_samples_ros2 -- -j12 -l12
[0.799s] DEBUG:colcon.colcon_core.event_handler.log_command:Invoking command in '/home/fhp/MobileRobot_ws/build/msg_interfaces': CMAKE_PREFIX_PATH=${CMAKE_PREFIX_PATH}:/opt/ros/humble /usr/bin/cmake --build /home/fhp/MobileRobot_ws/build/msg_interfaces -- -j12 -l12
[0.936s] DEBUG:colcon.colcon_core.event_handler.log_command:Invoked command in '/home/fhp/MobileRobot_ws/build/megarover_samples_ros2' returned '0': CMAKE_PREFIX_PATH=${CMAKE_PREFIX_PATH}:/opt/ros/humble /usr/bin/cmake --build /home/fhp/MobileRobot_ws/build/megarover_samples_ros2 -- -j12 -l12
[0.989s] DEBUG:colcon.colcon_core.event_handler.log_command:Invoking command in '/home/fhp/MobileRobot_ws/build/megarover_samples_ros2': CMAKE_PREFIX_PATH=${CMAKE_PREFIX_PATH}:/opt/ros/humble /usr/bin/cmake --install /home/fhp/MobileRobot_ws/build/megarover_samples_ros2
[1.039s] Level 1:colcon.colcon_core.environment:create_environment_scripts_only(megarover_samples_ros2)
[1.039s] DEBUG:colcon.colcon_core.event_handler.log_command:Invoked command in '/home/fhp/MobileRobot_ws/build/megarover_samples_ros2' returned '0': CMAKE_PREFIX_PATH=${CMAKE_PREFIX_PATH}:/opt/ros/humble /usr/bin/cmake --install /home/fhp/MobileRobot_ws/build/megarover_samples_ros2
[1.051s] Level 1:colcon.colcon_core.environment:checking '/home/fhp/MobileRobot_ws/install/megarover_samples_ros2' for CMake module files
[1.054s] Level 1:colcon.colcon_core.environment:checking '/home/fhp/MobileRobot_ws/install/megarover_samples_ros2' for CMake config files
[1.063s] Level 1:colcon.colcon_core.shell:create_environment_hook('megarover_samples_ros2', 'cmake_prefix_path')
[1.065s] INFO:colcon.colcon_core.shell:Creating environment hook '/home/fhp/MobileRobot_ws/install/megarover_samples_ros2/share/megarover_samples_ros2/hook/cmake_prefix_path.ps1'
[1.067s] INFO:colcon.colcon_core.shell:Creating environment descriptor '/home/fhp/MobileRobot_ws/install/megarover_samples_ros2/share/megarover_samples_ros2/hook/cmake_prefix_path.dsv'
[1.067s] INFO:colcon.colcon_core.shell:Creating environment hook '/home/fhp/MobileRobot_ws/install/megarover_samples_ros2/share/megarover_samples_ros2/hook/cmake_prefix_path.sh'
[1.069s] Level 1:colcon.colcon_core.environment:checking '/home/fhp/MobileRobot_ws/install/megarover_samples_ros2/lib'
[1.069s] Level 1:colcon.colcon_core.shell:create_environment_hook('megarover_samples_ros2', 'ld_library_path_lib')
[1.071s] INFO:colcon.colcon_core.shell:Creating environment hook '/home/fhp/MobileRobot_ws/install/megarover_samples_ros2/share/megarover_samples_ros2/hook/ld_library_path_lib.ps1'
[1.072s] INFO:colcon.colcon_core.shell:Creating environment descriptor '/home/fhp/MobileRobot_ws/install/megarover_samples_ros2/share/megarover_samples_ros2/hook/ld_library_path_lib.dsv'
[1.072s] INFO:colcon.colcon_core.shell:Creating environment hook '/home/fhp/MobileRobot_ws/install/megarover_samples_ros2/share/megarover_samples_ros2/hook/ld_library_path_lib.sh'
[1.073s] Level 1:colcon.colcon_core.environment:checking '/home/fhp/MobileRobot_ws/install/megarover_samples_ros2/bin'
[1.073s] Level 1:colcon.colcon_core.environment:checking '/home/fhp/MobileRobot_ws/install/megarover_samples_ros2/lib/pkgconfig/megarover_samples_ros2.pc'
[1.073s] Level 1:colcon.colcon_core.environment:checking '/home/fhp/MobileRobot_ws/install/megarover_samples_ros2/lib/python3.10/site-packages'
[1.074s] Level 1:colcon.colcon_core.environment:checking '/home/fhp/MobileRobot_ws/install/megarover_samples_ros2/bin'
[1.076s] INFO:colcon.colcon_core.shell:Creating package script '/home/fhp/MobileRobot_ws/install/megarover_samples_ros2/share/megarover_samples_ros2/package.ps1'
[1.077s] INFO:colcon.colcon_core.shell:Creating package descriptor '/home/fhp/MobileRobot_ws/install/megarover_samples_ros2/share/megarover_samples_ros2/package.dsv'
[1.078s] INFO:colcon.colcon_core.shell:Creating package script '/home/fhp/MobileRobot_ws/install/megarover_samples_ros2/share/megarover_samples_ros2/package.sh'
[1.079s] INFO:colcon.colcon_core.shell:Creating package script '/home/fhp/MobileRobot_ws/install/megarover_samples_ros2/share/megarover_samples_ros2/package.bash'
[1.081s] INFO:colcon.colcon_core.shell:Creating package script '/home/fhp/MobileRobot_ws/install/megarover_samples_ros2/share/megarover_samples_ros2/package.zsh'
[1.083s] Level 1:colcon.colcon_core.environment:create_file_with_runtime_dependencies(/home/fhp/MobileRobot_ws/install/megarover_samples_ros2/share/colcon-core/packages/megarover_samples_ros2)
[1.115s] Level 1:colcon.colcon_core.environment:create_environment_scripts_only(megarover_samples_ros2)
[1.118s] Level 1:colcon.colcon_core.environment:checking '/home/fhp/MobileRobot_ws/install/megarover_samples_ros2' for CMake module files
[1.119s] Level 1:colcon.colcon_core.environment:checking '/home/fhp/MobileRobot_ws/install/megarover_samples_ros2' for CMake config files
[1.120s] Level 1:colcon.colcon_core.shell:create_environment_hook('megarover_samples_ros2', 'cmake_prefix_path')
[1.122s] INFO:colcon.colcon_core.shell:Creating environment hook '/home/fhp/MobileRobot_ws/install/megarover_samples_ros2/share/megarover_samples_ros2/hook/cmake_prefix_path.ps1'
[1.122s] INFO:colcon.colcon_core.shell:Creating environment descriptor '/home/fhp/MobileRobot_ws/install/megarover_samples_ros2/share/megarover_samples_ros2/hook/cmake_prefix_path.dsv'
[1.123s] INFO:colcon.colcon_core.shell:Creating environment hook '/home/fhp/MobileRobot_ws/install/megarover_samples_ros2/share/megarover_samples_ros2/hook/cmake_prefix_path.sh'
[1.123s] Level 1:colcon.colcon_core.environment:checking '/home/fhp/MobileRobot_ws/install/megarover_samples_ros2/lib'
[1.124s] Level 1:colcon.colcon_core.shell:create_environment_hook('megarover_samples_ros2', 'ld_library_path_lib')
[1.125s] INFO:colcon.colcon_core.shell:Creating environment hook '/home/fhp/MobileRobot_ws/install/megarover_samples_ros2/share/megarover_samples_ros2/hook/ld_library_path_lib.ps1'
[1.126s] INFO:colcon.colcon_core.shell:Creating environment descriptor '/home/fhp/MobileRobot_ws/install/megarover_samples_ros2/share/megarover_samples_ros2/hook/ld_library_path_lib.dsv'
[1.126s] INFO:colcon.colcon_core.shell:Creating environment hook '/home/fhp/MobileRobot_ws/install/megarover_samples_ros2/share/megarover_samples_ros2/hook/ld_library_path_lib.sh'
[1.127s] Level 1:colcon.colcon_core.environment:checking '/home/fhp/MobileRobot_ws/install/megarover_samples_ros2/bin'
[1.127s] Level 1:colcon.colcon_core.environment:checking '/home/fhp/MobileRobot_ws/install/megarover_samples_ros2/lib/pkgconfig/megarover_samples_ros2.pc'
[1.127s] Level 1:colcon.colcon_core.environment:checking '/home/fhp/MobileRobot_ws/install/megarover_samples_ros2/lib/python3.10/site-packages'
[1.127s] Level 1:colcon.colcon_core.environment:checking '/home/fhp/MobileRobot_ws/install/megarover_samples_ros2/bin'
[1.129s] INFO:colcon.colcon_core.shell:Creating package script '/home/fhp/MobileRobot_ws/install/megarover_samples_ros2/share/megarover_samples_ros2/package.ps1'
[1.130s] INFO:colcon.colcon_core.shell:Creating package descriptor '/home/fhp/MobileRobot_ws/install/megarover_samples_ros2/share/megarover_samples_ros2/package.dsv'
[1.131s] INFO:colcon.colcon_core.shell:Creating package script '/home/fhp/MobileRobot_ws/install/megarover_samples_ros2/share/megarover_samples_ros2/package.sh'
[1.131s] INFO:colcon.colcon_core.shell:Creating package script '/home/fhp/MobileRobot_ws/install/megarover_samples_ros2/share/megarover_samples_ros2/package.bash'
[1.131s] INFO:colcon.colcon_core.shell:Creating package script '/home/fhp/MobileRobot_ws/install/megarover_samples_ros2/share/megarover_samples_ros2/package.zsh'
[1.132s] Level 1:colcon.colcon_core.environment:create_file_with_runtime_dependencies(/home/fhp/MobileRobot_ws/install/megarover_samples_ros2/share/colcon-core/packages/megarover_samples_ros2)
[1.384s] DEBUG:colcon.colcon_core.event_handler.log_command:Invoked command in '/home/fhp/MobileRobot_ws/build/msg_interfaces' returned '0': CMAKE_PREFIX_PATH=${CMAKE_PREFIX_PATH}:/opt/ros/humble /usr/bin/cmake --build /home/fhp/MobileRobot_ws/build/msg_interfaces -- -j12 -l12
[1.511s] DEBUG:colcon.colcon_core.event_handler.log_command:Invoking command in '/home/fhp/MobileRobot_ws/build/msg_interfaces': CMAKE_PREFIX_PATH=${CMAKE_PREFIX_PATH}:/opt/ros/humble /usr/bin/cmake --install /home/fhp/MobileRobot_ws/build/msg_interfaces
[1.648s] Level 1:colcon.colcon_core.environment:create_environment_scripts_only(msg_interfaces)
[1.651s] Level 1:colcon.colcon_core.environment:checking '/home/fhp/MobileRobot_ws/install/msg_interfaces' for CMake module files
[1.652s] DEBUG:colcon.colcon_core.event_handler.log_command:Invoked command in '/home/fhp/MobileRobot_ws/build/msg_interfaces' returned '0': CMAKE_PREFIX_PATH=${CMAKE_PREFIX_PATH}:/opt/ros/humble /usr/bin/cmake --install /home/fhp/MobileRobot_ws/build/msg_interfaces
[1.652s] Level 1:colcon.colcon_core.environment:checking '/home/fhp/MobileRobot_ws/install/msg_interfaces' for CMake config files
[1.653s] Level 1:colcon.colcon_core.shell:create_environment_hook('msg_interfaces', 'cmake_prefix_path')
[1.655s] INFO:colcon.colcon_core.shell:Creating environment hook '/home/fhp/MobileRobot_ws/install/msg_interfaces/share/msg_interfaces/hook/cmake_prefix_path.ps1'
[1.656s] INFO:colcon.colcon_core.shell:Creating environment descriptor '/home/fhp/MobileRobot_ws/install/msg_interfaces/share/msg_interfaces/hook/cmake_prefix_path.dsv'
[1.656s] INFO:colcon.colcon_core.shell:Creating environment hook '/home/fhp/MobileRobot_ws/install/msg_interfaces/share/msg_interfaces/hook/cmake_prefix_path.sh'
[1.657s] Level 1:colcon.colcon_core.environment:checking '/home/fhp/MobileRobot_ws/install/msg_interfaces/lib'
[1.657s] Level 1:colcon.colcon_core.shell:create_environment_hook('msg_interfaces', 'ld_library_path_lib')
[1.659s] INFO:colcon.colcon_core.shell:Creating environment hook '/home/fhp/MobileRobot_ws/install/msg_interfaces/share/msg_interfaces/hook/ld_library_path_lib.ps1'
[1.660s] INFO:colcon.colcon_core.shell:Creating environment descriptor '/home/fhp/MobileRobot_ws/install/msg_interfaces/share/msg_interfaces/hook/ld_library_path_lib.dsv'
[1.660s] INFO:colcon.colcon_core.shell:Creating environment hook '/home/fhp/MobileRobot_ws/install/msg_interfaces/share/msg_interfaces/hook/ld_library_path_lib.sh'
[1.661s] Level 1:colcon.colcon_core.environment:checking '/home/fhp/MobileRobot_ws/install/msg_interfaces/bin'
[1.661s] Level 1:colcon.colcon_core.environment:checking '/home/fhp/MobileRobot_ws/install/msg_interfaces/lib/pkgconfig/msg_interfaces.pc'
[1.661s] Level 1:colcon.colcon_core.environment:checking '/home/fhp/MobileRobot_ws/install/msg_interfaces/lib/python3.10/site-packages'
[1.661s] Level 1:colcon.colcon_core.environment:checking '/home/fhp/MobileRobot_ws/install/msg_interfaces/bin'
[1.663s] INFO:colcon.colcon_core.shell:Creating package script '/home/fhp/MobileRobot_ws/install/msg_interfaces/share/msg_interfaces/package.ps1'
[1.664s] INFO:colcon.colcon_core.shell:Creating package descriptor '/home/fhp/MobileRobot_ws/install/msg_interfaces/share/msg_interfaces/package.dsv'
[1.664s] INFO:colcon.colcon_core.shell:Creating package script '/home/fhp/MobileRobot_ws/install/msg_interfaces/share/msg_interfaces/package.sh'
[1.665s] INFO:colcon.colcon_core.shell:Creating package script '/home/fhp/MobileRobot_ws/install/msg_interfaces/share/msg_interfaces/package.bash'
[1.665s] INFO:colcon.colcon_core.shell:Creating package script '/home/fhp/MobileRobot_ws/install/msg_interfaces/share/msg_interfaces/package.zsh'
[1.665s] Level 1:colcon.colcon_core.environment:create_file_with_runtime_dependencies(/home/fhp/MobileRobot_ws/install/msg_interfaces/share/colcon-core/packages/msg_interfaces)
[1.784s] Level 1:colcon.colcon_core.environment:create_environment_scripts_only(msg_interfaces)
[1.788s] Level 1:colcon.colcon_core.environment:checking '/home/fhp/MobileRobot_ws/install/msg_interfaces' for CMake module files
[1.789s] Level 1:colcon.colcon_core.environment:checking '/home/fhp/MobileRobot_ws/install/msg_interfaces' for CMake config files
[1.791s] Level 1:colcon.colcon_core.shell:create_environment_hook('msg_interfaces', 'cmake_prefix_path')
[1.793s] INFO:colcon.colcon_core.shell:Creating environment hook '/home/fhp/MobileRobot_ws/install/msg_interfaces/share/msg_interfaces/hook/cmake_prefix_path.ps1'
[1.794s] INFO:colcon.colcon_core.shell:Creating environment descriptor '/home/fhp/MobileRobot_ws/install/msg_interfaces/share/msg_interfaces/hook/cmake_prefix_path.dsv'
[1.795s] INFO:colcon.colcon_core.shell:Creating environment hook '/home/fhp/MobileRobot_ws/install/msg_interfaces/share/msg_interfaces/hook/cmake_prefix_path.sh'
[1.796s] Level 1:colcon.colcon_core.environment:checking '/home/fhp/MobileRobot_ws/install/msg_interfaces/lib'
[1.796s] Level 1:colcon.colcon_core.shell:create_environment_hook('msg_interfaces', 'ld_library_path_lib')
[1.799s] INFO:colcon.colcon_core.shell:Creating environment hook '/home/fhp/MobileRobot_ws/install/msg_interfaces/share/msg_interfaces/hook/ld_library_path_lib.ps1'
[1.799s] INFO:colcon.colcon_core.shell:Creating environment descriptor '/home/fhp/MobileRobot_ws/install/msg_interfaces/share/msg_interfaces/hook/ld_library_path_lib.dsv'
[1.800s] INFO:colcon.colcon_core.shell:Creating environment hook '/home/fhp/MobileRobot_ws/install/msg_interfaces/share/msg_interfaces/hook/ld_library_path_lib.sh'
[1.801s] Level 1:colcon.colcon_core.environment:checking '/home/fhp/MobileRobot_ws/install/msg_interfaces/bin'
[1.801s] Level 1:colcon.colcon_core.environment:checking '/home/fhp/MobileRobot_ws/install/msg_interfaces/lib/pkgconfig/msg_interfaces.pc'
[1.801s] Level 1:colcon.colcon_core.environment:checking '/home/fhp/MobileRobot_ws/install/msg_interfaces/lib/python3.10/site-packages'
[1.802s] Level 1:colcon.colcon_core.environment:checking '/home/fhp/MobileRobot_ws/install/msg_interfaces/bin'
[1.805s] INFO:colcon.colcon_core.shell:Creating package script '/home/fhp/MobileRobot_ws/install/msg_interfaces/share/msg_interfaces/package.ps1'
[1.806s] INFO:colcon.colcon_core.shell:Creating package descriptor '/home/fhp/MobileRobot_ws/install/msg_interfaces/share/msg_interfaces/package.dsv'
[1.807s] INFO:colcon.colcon_core.shell:Creating package script '/home/fhp/MobileRobot_ws/install/msg_interfaces/share/msg_interfaces/package.sh'
[1.807s] INFO:colcon.colcon_core.shell:Creating package script '/home/fhp/MobileRobot_ws/install/msg_interfaces/share/msg_interfaces/package.bash'
[1.808s] INFO:colcon.colcon_core.shell:Creating package script '/home/fhp/MobileRobot_ws/install/msg_interfaces/share/msg_interfaces/package.zsh'
[1.809s] Level 1:colcon.colcon_core.environment:create_file_with_runtime_dependencies(/home/fhp/MobileRobot_ws/install/msg_interfaces/share/colcon-core/packages/msg_interfaces)
[1.809s] DEBUG:colcon.colcon_parallel_executor.executor.parallel:closing loop
[1.810s] DEBUG:colcon.colcon_parallel_executor.executor.parallel:loop closed
[1.810s] DEBUG:colcon.colcon_parallel_executor.executor.parallel:run_until_complete finished with '0'
[1.810s] DEBUG:colcon.colcon_core.event_reactor:joining thread
[1.826s] INFO:colcon.colcon_core.plugin_system:Skipping extension 'colcon_notification.desktop_notification.terminal_notifier': Not used on non-Darwin systems
[1.826s] INFO:colcon.colcon_core.plugin_system:Skipping extension 'colcon_notification.desktop_notification.win32': Not used on non-Windows systems
[1.826s] INFO:colcon.colcon_notification.desktop_notification:Sending desktop notification using 'notify2'
[1.862s] DEBUG:colcon.colcon_core.event_reactor:joined thread
[1.865s] INFO:colcon.colcon_core.shell:Creating prefix script '/home/fhp/MobileRobot_ws/install/local_setup.ps1'
[1.868s] INFO:colcon.colcon_core.shell:Creating prefix util module '/home/fhp/MobileRobot_ws/install/_local_setup_util_ps1.py'
[1.871s] INFO:colcon.colcon_core.shell:Creating prefix chain script '/home/fhp/MobileRobot_ws/install/setup.ps1'
[1.875s] INFO:colcon.colcon_core.shell:Creating prefix script '/home/fhp/MobileRobot_ws/install/local_setup.sh'
[1.877s] INFO:colcon.colcon_core.shell:Creating prefix util module '/home/fhp/MobileRobot_ws/install/_local_setup_util_sh.py'
[1.878s] INFO:colcon.colcon_core.shell:Creating prefix chain script '/home/fhp/MobileRobot_ws/install/setup.sh'
[1.881s] INFO:colcon.colcon_core.shell:Creating prefix script '/home/fhp/MobileRobot_ws/install/local_setup.bash'
[1.883s] INFO:colcon.colcon_core.shell:Creating prefix chain script '/home/fhp/MobileRobot_ws/install/setup.bash'
[1.887s] INFO:colcon.colcon_core.shell:Creating prefix script '/home/fhp/MobileRobot_ws/install/local_setup.zsh'
[1.888s] INFO:colcon.colcon_core.shell:Creating prefix chain script '/home/fhp/MobileRobot_ws/install/setup.zsh'
