[0.026s] Invoking command in '/home/fhp/MobileRobot_ws/build/megarover_samples_ros2': CMAKE_PREFIX_PATH=${CMAKE_PREFIX_PATH}:/opt/ros/humble /usr/bin/cmake --build /home/fhp/MobileRobot_ws/build/megarover_samples_ros2 -- -j12 -l12
[0.054s] -- Found ament_cmake: 1.3.3 (/opt/ros/humble/share/ament_cmake/cmake)
[0.246s] -- Override CMake install command with custom implementation using symlinks instead of copying resources
[0.251s] -- Found gazebo_ros_pkgs: 3.7.0 (/opt/ros/humble/share/gazebo_ros_pkgs/cmake)
[0.251s] -- Found sensor_msgs: 4.2.3 (/opt/ros/humble/share/sensor_msgs/cmake)
[0.275s] -- Found rosidl_generator_c: 3.1.4 (/opt/ros/humble/share/rosidl_generator_c/cmake)
[0.278s] -- Found rosidl_adapter: 3.1.4 (/opt/ros/humble/share/rosidl_adapter/cmake)
[0.283s] -- Found rosidl_generator_cpp: 3.1.4 (/opt/ros/humble/share/rosidl_generator_cpp/cmake)
[0.293s] -- Using all available rosidl_typesupport_c: rosidl_typesupport_fastrtps_c;rosidl_typesupport_introspection_c
[0.306s] -- Using all available rosidl_typesupport_cpp: rosidl_typesupport_fastrtps_cpp;rosidl_typesupport_introspection_cpp
[0.495s] -- Found ament_lint_auto: 0.12.5 (/opt/ros/humble/share/ament_lint_auto/cmake)
[0.580s] -- Added test 'copyright' to check source files copyright and LICENSE
[0.584s] -- Added test 'cppcheck' to perform static code analysis on C / C++ code
[0.584s] -- Configured cppcheck include dirs: 
[0.584s] -- Configured cppcheck exclude dirs and/or files: 
[0.587s] -- Added test 'cpplint' to check C / C++ code against the Google style
[0.587s] -- Configured cpplint exclude dirs and/or files: 
[0.587s] -- Added test 'flake8' to check Python code syntax and style conventions
[0.588s] -- Added test 'lint_cmake' to check CMake code style
[0.589s] -- Added test 'pep257' to check Python code against some of the docstring style conventions in PEP 257
[0.592s] -- Added test 'uncrustify' to check C / C++ code style
[0.592s] -- Configured uncrustify additional arguments: 
[0.592s] -- Added test 'xmllint' to check XML markup files
[0.593s] -- Configuring done
[0.598s] -- Generating done
[0.599s] -- Build files have been written to: /home/fhp/MobileRobot_ws/build/megarover_samples_ros2
[0.622s] [35m[1mConsolidate compiler generated dependencies of target pub_odom[0m
[0.633s] [ 50%] [32mBuilding CXX object CMakeFiles/pub_odom.dir/src/pub_odom.cpp.o[0m
[0.658s] [100%] [32m[1mLinking CXX executable pub_odom[0m
[0.698s] [100%] Built target pub_odom
[0.709s] Invoked command in '/home/fhp/MobileRobot_ws/build/megarover_samples_ros2' returned '0': CMAKE_PREFIX_PATH=${CMAKE_PREFIX_PATH}:/opt/ros/humble /usr/bin/cmake --build /home/fhp/MobileRobot_ws/build/megarover_samples_ros2 -- -j12 -l12
[0.732s] Invoking command in '/home/fhp/MobileRobot_ws/build/megarover_samples_ros2': CMAKE_PREFIX_PATH=${CMAKE_PREFIX_PATH}:/opt/ros/humble /usr/bin/cmake --install /home/fhp/MobileRobot_ws/build/megarover_samples_ros2
[0.738s] -- Install configuration: ""
[0.738s] -- Execute custom install script
[0.738s] -- Up-to-date symlink: /home/fhp/MobileRobot_ws/install/megarover_samples_ros2/lib/megarover_samples_ros2/pub_odom
[0.739s] -- Up-to-date symlink: /home/fhp/MobileRobot_ws/install/megarover_samples_ros2/share/megarover_samples_ros2/config/diff_drive_controller.yaml
[0.739s] -- Up-to-date symlink: /home/fhp/MobileRobot_ws/install/megarover_samples_ros2/share/megarover_samples_ros2/config/mapper_params_online_sync.yaml
[0.739s] -- Up-to-date symlink: /home/fhp/MobileRobot_ws/install/megarover_samples_ros2/share/megarover_samples_ros2/config/navigation_param.yaml
[0.739s] -- Up-to-date symlink: /home/fhp/MobileRobot_ws/install/megarover_samples_ros2/share/megarover_samples_ros2/launch/robot_state_publisher.launch.py
[0.739s] -- Up-to-date symlink: /home/fhp/MobileRobot_ws/install/megarover_samples_ros2/share/megarover_samples_ros2/launch/vmegarover_mapping.launch.py
[0.739s] -- Up-to-date symlink: /home/fhp/MobileRobot_ws/install/megarover_samples_ros2/share/megarover_samples_ros2/launch/vmegarover_navigation.launch.py
[0.739s] -- Up-to-date symlink: /home/fhp/MobileRobot_ws/install/megarover_samples_ros2/share/megarover_samples_ros2/launch/vmegarover_save_map.launch.py
[0.739s] -- Up-to-date symlink: /home/fhp/MobileRobot_ws/install/megarover_samples_ros2/share/megarover_samples_ros2/launch/vmegarover_with_empty_world.launch.py
[0.739s] -- Up-to-date symlink: /home/fhp/MobileRobot_ws/install/megarover_samples_ros2/share/megarover_samples_ros2/launch/vmegarover_with_sample_world.launch.py
[0.739s] -- Up-to-date symlink: /home/fhp/MobileRobot_ws/install/megarover_samples_ros2/share/megarover_samples_ros2/maps/vmegarover_samplemap.pgm
[0.739s] -- Up-to-date symlink: /home/fhp/MobileRobot_ws/install/megarover_samples_ros2/share/megarover_samples_ros2/maps/vmegarover_samplemap.yaml
[0.740s] -- Up-to-date symlink: /home/fhp/MobileRobot_ws/install/megarover_samples_ros2/share/megarover_samples_ros2/models/vmegarover/meshes/dae/lrf.dae
[0.740s] -- Up-to-date symlink: /home/fhp/MobileRobot_ws/install/megarover_samples_ros2/share/megarover_samples_ros2/models/vmegarover/meshes/dae/main_body.dae
[0.740s] -- Up-to-date symlink: /home/fhp/MobileRobot_ws/install/megarover_samples_ros2/share/megarover_samples_ros2/models/vmegarover/meshes/dae/megarover.dae
[0.740s] -- Up-to-date symlink: /home/fhp/MobileRobot_ws/install/megarover_samples_ros2/share/megarover_samples_ros2/models/vmegarover/meshes/dae/r5.png
[0.740s] -- Up-to-date symlink: /home/fhp/MobileRobot_ws/install/megarover_samples_ros2/share/megarover_samples_ros2/models/vmegarover/meshes/dae/r5_lrf.png
[0.740s] -- Up-to-date symlink: /home/fhp/MobileRobot_ws/install/megarover_samples_ros2/share/megarover_samples_ros2/models/vmegarover/meshes/dae/vmega_body.dae
[0.740s] -- Up-to-date symlink: /home/fhp/MobileRobot_ws/install/megarover_samples_ros2/share/megarover_samples_ros2/models/vmegarover/meshes/dae/vmega_wheel.dae
[0.740s] -- Up-to-date symlink: /home/fhp/MobileRobot_ws/install/megarover_samples_ros2/share/megarover_samples_ros2/models/vmegarover/meshes/stl/lrf.stl
[0.740s] -- Up-to-date symlink: /home/fhp/MobileRobot_ws/install/megarover_samples_ros2/share/megarover_samples_ros2/models/vmegarover/meshes/stl/megarover.stl
[0.741s] -- Up-to-date symlink: /home/fhp/MobileRobot_ws/install/megarover_samples_ros2/share/megarover_samples_ros2/models/vmegarover/meshes/stl/vmega_body.stl
[0.741s] -- Up-to-date symlink: /home/fhp/MobileRobot_ws/install/megarover_samples_ros2/share/megarover_samples_ros2/models/vmegarover/meshes/stl/vmega_wheel.stl
[0.741s] -- Up-to-date symlink: /home/fhp/MobileRobot_ws/install/megarover_samples_ros2/share/megarover_samples_ros2/robots/vmegarover.urdf.xacro
[0.741s] -- Up-to-date symlink: /home/fhp/MobileRobot_ws/install/megarover_samples_ros2/share/megarover_samples_ros2/rviz/mapping.rviz
[0.741s] -- Up-to-date symlink: /home/fhp/MobileRobot_ws/install/megarover_samples_ros2/share/megarover_samples_ros2/rviz/navigation.rviz
[0.741s] -- Up-to-date symlink: /home/fhp/MobileRobot_ws/install/megarover_samples_ros2/share/megarover_samples_ros2/scripts/create_fix_urdf.py
[0.741s] -- Up-to-date symlink: /home/fhp/MobileRobot_ws/install/megarover_samples_ros2/share/megarover_samples_ros2/urdf/body/body.gazebo.xacro
[0.741s] -- Up-to-date symlink: /home/fhp/MobileRobot_ws/install/megarover_samples_ros2/share/megarover_samples_ros2/urdf/body/vbody.urdf.xacro
[0.742s] -- Up-to-date symlink: /home/fhp/MobileRobot_ws/install/megarover_samples_ros2/share/megarover_samples_ros2/urdf/common.xacro
[0.742s] -- Up-to-date symlink: /home/fhp/MobileRobot_ws/install/megarover_samples_ros2/share/megarover_samples_ros2/urdf/lrf/lrf.gazebo.xacro
[0.742s] -- Up-to-date symlink: /home/fhp/MobileRobot_ws/install/megarover_samples_ros2/share/megarover_samples_ros2/urdf/lrf/lrf.urdf.xacro
[0.742s] -- Up-to-date symlink: /home/fhp/MobileRobot_ws/install/megarover_samples_ros2/share/megarover_samples_ros2/urdf/wheel/vwheel.urdf.xacro
[0.742s] -- Up-to-date symlink: /home/fhp/MobileRobot_ws/install/megarover_samples_ros2/share/megarover_samples_ros2/urdf/wheel/wheel.gazebo.xacro
[0.742s] -- Up-to-date symlink: /home/fhp/MobileRobot_ws/install/megarover_samples_ros2/share/megarover_samples_ros2/worlds/vmegarover_sample.world
[0.742s] -- Up-to-date symlink: /home/fhp/MobileRobot_ws/install/megarover_samples_ros2/share/ament_index/resource_index/package_run_dependencies/megarover_samples_ros2
[0.742s] -- Up-to-date symlink: /home/fhp/MobileRobot_ws/install/megarover_samples_ros2/share/ament_index/resource_index/parent_prefix_path/megarover_samples_ros2
[0.742s] -- Up-to-date symlink: /home/fhp/MobileRobot_ws/install/megarover_samples_ros2/share/megarover_samples_ros2/environment/ament_prefix_path.sh
[0.743s] -- Up-to-date symlink: /home/fhp/MobileRobot_ws/install/megarover_samples_ros2/share/megarover_samples_ros2/environment/ament_prefix_path.dsv
[0.743s] -- Up-to-date symlink: /home/fhp/MobileRobot_ws/install/megarover_samples_ros2/share/megarover_samples_ros2/environment/path.sh
[0.743s] -- Up-to-date symlink: /home/fhp/MobileRobot_ws/install/megarover_samples_ros2/share/megarover_samples_ros2/environment/path.dsv
[0.743s] -- Up-to-date symlink: /home/fhp/MobileRobot_ws/install/megarover_samples_ros2/share/megarover_samples_ros2/local_setup.bash
[0.743s] -- Up-to-date symlink: /home/fhp/MobileRobot_ws/install/megarover_samples_ros2/share/megarover_samples_ros2/local_setup.sh
[0.743s] -- Up-to-date symlink: /home/fhp/MobileRobot_ws/install/megarover_samples_ros2/share/megarover_samples_ros2/local_setup.zsh
[0.743s] -- Up-to-date symlink: /home/fhp/MobileRobot_ws/install/megarover_samples_ros2/share/megarover_samples_ros2/local_setup.dsv
[0.743s] -- Symlinking: /home/fhp/MobileRobot_ws/install/megarover_samples_ros2/share/megarover_samples_ros2/package.dsv
[0.752s] -- Up-to-date symlink: /home/fhp/MobileRobot_ws/install/megarover_samples_ros2/share/ament_index/resource_index/packages/megarover_samples_ros2
[0.752s] -- Up-to-date symlink: /home/fhp/MobileRobot_ws/install/megarover_samples_ros2/share/megarover_samples_ros2/cmake/megarover_samples_ros2Config.cmake
[0.752s] -- Up-to-date symlink: /home/fhp/MobileRobot_ws/install/megarover_samples_ros2/share/megarover_samples_ros2/cmake/megarover_samples_ros2Config-version.cmake
[0.752s] -- Up-to-date symlink: /home/fhp/MobileRobot_ws/install/megarover_samples_ros2/share/megarover_samples_ros2/package.xml
[0.757s] Invoked command in '/home/fhp/MobileRobot_ws/build/megarover_samples_ros2' returned '0': CMAKE_PREFIX_PATH=${CMAKE_PREFIX_PATH}:/opt/ros/humble /usr/bin/cmake --install /home/fhp/MobileRobot_ws/build/megarover_samples_ros2
