[0.312s] DEBUG:colcon:Command line arguments: ['/usr/bin/colcon', 'build', '--symlink-install']
[0.312s] DEBUG:colcon:Parsed command line arguments: Namespace(log_base=None, log_level=None, verb_name='build', build_base='build', install_base='install', merge_install=False, symlink_install=True, test_result_base=None, continue_on_error=False, executor='parallel', parallel_workers=12, event_handlers=None, ignore_user_meta=False, metas=['./colcon.meta'], base_paths=['.'], packages_ignore=None, packages_ignore_regex=None, paths=None, packages_up_to=None, packages_up_to_regex=None, packages_above=None, packages_above_and_dependencies=None, packages_above_depth=None, packages_select_by_dep=None, packages_skip_by_dep=None, packages_skip_up_to=None, packages_select_build_failed=False, packages_skip_build_finished=False, packages_select_test_failures=False, packages_skip_test_passed=False, packages_select=None, packages_skip=None, packages_select_regex=None, packages_skip_regex=None, packages_start=None, packages_end=None, allow_overriding=[], cmake_args=None, cmake_target=None, cmake_target_skip_unavailable=False, cmake_clean_cache=False, cmake_clean_first=False, cmake_force_configure=False, ament_cmake_args=None, catkin_cmake_args=None, catkin_skip_building_tests=False, verb_parser=<colcon_defaults.argument_parser.defaults.DefaultArgumentsDecorator object at 0x7f729b5364d0>, verb_extension=<colcon_core.verb.build.BuildVerb object at 0x7f729bc8f100>, main=<bound method BuildVerb.main of <colcon_core.verb.build.BuildVerb object at 0x7f729bc8f100>>)
[0.338s] Level 1:colcon.colcon_core.package_discovery:discover_packages(colcon_meta) check parameters
[0.338s] Level 1:colcon.colcon_core.package_discovery:discover_packages(recursive) check parameters
[0.338s] Level 1:colcon.colcon_core.package_discovery:discover_packages(ignore) check parameters
[0.338s] Level 1:colcon.colcon_core.package_discovery:discover_packages(path) check parameters
[0.338s] Level 1:colcon.colcon_core.package_discovery:discover_packages(colcon_meta) discover
[0.338s] Level 1:colcon.colcon_core.package_discovery:discover_packages(recursive) discover
[0.338s] INFO:colcon.colcon_core.package_discovery:Crawling recursively for packages in '/home/fhp/MobileRobot_ws'
[0.338s] Level 1:colcon.colcon_core.package_identification:_identify(.) by extensions ['ignore', 'ignore_ament_install']
[0.338s] Level 1:colcon.colcon_core.package_identification:_identify(.) by extension 'ignore'
[0.338s] Level 1:colcon.colcon_core.package_identification:_identify(.) by extension 'ignore_ament_install'
[0.338s] Level 1:colcon.colcon_core.package_identification:_identify(.) by extensions ['colcon_pkg']
[0.338s] Level 1:colcon.colcon_core.package_identification:_identify(.) by extension 'colcon_pkg'
[0.338s] Level 1:colcon.colcon_core.package_identification:_identify(.) by extensions ['colcon_meta']
[0.338s] Level 1:colcon.colcon_core.package_identification:_identify(.) by extension 'colcon_meta'
[0.338s] Level 1:colcon.colcon_core.package_identification:_identify(.) by extensions ['ros']
[0.338s] Level 1:colcon.colcon_core.package_identification:_identify(.) by extension 'ros'
[0.347s] Level 1:colcon.colcon_core.package_identification:_identify(.) by extensions ['cmake', 'python']
[0.347s] Level 1:colcon.colcon_core.package_identification:_identify(.) by extension 'cmake'
[0.347s] Level 1:colcon.colcon_core.package_identification:_identify(.) by extension 'python'
[0.347s] Level 1:colcon.colcon_core.package_identification:_identify(.) by extensions ['python_setup_py']
[0.347s] Level 1:colcon.colcon_core.package_identification:_identify(.) by extension 'python_setup_py'
[0.347s] Level 1:colcon.colcon_core.package_identification:_identify(build) by extensions ['ignore', 'ignore_ament_install']
[0.347s] Level 1:colcon.colcon_core.package_identification:_identify(build) by extension 'ignore'
[0.347s] Level 1:colcon.colcon_core.package_identification:_identify(build) ignored
[0.347s] Level 1:colcon.colcon_core.package_identification:_identify(install) by extensions ['ignore', 'ignore_ament_install']
[0.347s] Level 1:colcon.colcon_core.package_identification:_identify(install) by extension 'ignore'
[0.348s] Level 1:colcon.colcon_core.package_identification:_identify(install) ignored
[0.348s] Level 1:colcon.colcon_core.package_identification:_identify(log) by extensions ['ignore', 'ignore_ament_install']
[0.348s] Level 1:colcon.colcon_core.package_identification:_identify(log) by extension 'ignore'
[0.348s] Level 1:colcon.colcon_core.package_identification:_identify(log) ignored
[0.348s] Level 1:colcon.colcon_core.package_identification:_identify(src) by extensions ['ignore', 'ignore_ament_install']
[0.348s] Level 1:colcon.colcon_core.package_identification:_identify(src) by extension 'ignore'
[0.348s] Level 1:colcon.colcon_core.package_identification:_identify(src) by extension 'ignore_ament_install'
[0.348s] Level 1:colcon.colcon_core.package_identification:_identify(src) by extensions ['colcon_pkg']
[0.348s] Level 1:colcon.colcon_core.package_identification:_identify(src) by extension 'colcon_pkg'
[0.348s] Level 1:colcon.colcon_core.package_identification:_identify(src) by extensions ['colcon_meta']
[0.348s] Level 1:colcon.colcon_core.package_identification:_identify(src) by extension 'colcon_meta'
[0.348s] Level 1:colcon.colcon_core.package_identification:_identify(src) by extensions ['ros']
[0.348s] Level 1:colcon.colcon_core.package_identification:_identify(src) by extension 'ros'
[0.348s] Level 1:colcon.colcon_core.package_identification:_identify(src) by extensions ['cmake', 'python']
[0.348s] Level 1:colcon.colcon_core.package_identification:_identify(src) by extension 'cmake'
[0.348s] Level 1:colcon.colcon_core.package_identification:_identify(src) by extension 'python'
[0.348s] Level 1:colcon.colcon_core.package_identification:_identify(src) by extensions ['python_setup_py']
[0.348s] Level 1:colcon.colcon_core.package_identification:_identify(src) by extension 'python_setup_py'
[0.348s] Level 1:colcon.colcon_core.package_identification:_identify(src/algorithm) by extensions ['ignore', 'ignore_ament_install']
[0.348s] Level 1:colcon.colcon_core.package_identification:_identify(src/algorithm) by extension 'ignore'
[0.348s] Level 1:colcon.colcon_core.package_identification:_identify(src/algorithm) by extension 'ignore_ament_install'
[0.348s] Level 1:colcon.colcon_core.package_identification:_identify(src/algorithm) by extensions ['colcon_pkg']
[0.348s] Level 1:colcon.colcon_core.package_identification:_identify(src/algorithm) by extension 'colcon_pkg'
[0.349s] Level 1:colcon.colcon_core.package_identification:_identify(src/algorithm) by extensions ['colcon_meta']
[0.349s] Level 1:colcon.colcon_core.package_identification:_identify(src/algorithm) by extension 'colcon_meta'
[0.349s] Level 1:colcon.colcon_core.package_identification:_identify(src/algorithm) by extensions ['ros']
[0.349s] Level 1:colcon.colcon_core.package_identification:_identify(src/algorithm) by extension 'ros'
[0.349s] Level 1:colcon.colcon_core.package_identification:_identify(src/algorithm) by extensions ['cmake', 'python']
[0.349s] Level 1:colcon.colcon_core.package_identification:_identify(src/algorithm) by extension 'cmake'
[0.349s] Level 1:colcon.colcon_core.package_identification:_identify(src/algorithm) by extension 'python'
[0.349s] Level 1:colcon.colcon_core.package_identification:_identify(src/algorithm) by extensions ['python_setup_py']
[0.349s] Level 1:colcon.colcon_core.package_identification:_identify(src/algorithm) by extension 'python_setup_py'
[0.349s] Level 1:colcon.colcon_core.package_identification:_identify(src/algorithm/__pycache__) by extensions ['ignore', 'ignore_ament_install']
[0.349s] Level 1:colcon.colcon_core.package_identification:_identify(src/algorithm/__pycache__) by extension 'ignore'
[0.349s] Level 1:colcon.colcon_core.package_identification:_identify(src/algorithm/__pycache__) by extension 'ignore_ament_install'
[0.349s] Level 1:colcon.colcon_core.package_identification:_identify(src/algorithm/__pycache__) by extensions ['colcon_pkg']
[0.349s] Level 1:colcon.colcon_core.package_identification:_identify(src/algorithm/__pycache__) by extension 'colcon_pkg'
[0.349s] Level 1:colcon.colcon_core.package_identification:_identify(src/algorithm/__pycache__) by extensions ['colcon_meta']
[0.349s] Level 1:colcon.colcon_core.package_identification:_identify(src/algorithm/__pycache__) by extension 'colcon_meta'
[0.349s] Level 1:colcon.colcon_core.package_identification:_identify(src/algorithm/__pycache__) by extensions ['ros']
[0.349s] Level 1:colcon.colcon_core.package_identification:_identify(src/algorithm/__pycache__) by extension 'ros'
[0.349s] Level 1:colcon.colcon_core.package_identification:_identify(src/algorithm/__pycache__) by extensions ['cmake', 'python']
[0.349s] Level 1:colcon.colcon_core.package_identification:_identify(src/algorithm/__pycache__) by extension 'cmake'
[0.349s] Level 1:colcon.colcon_core.package_identification:_identify(src/algorithm/__pycache__) by extension 'python'
[0.349s] Level 1:colcon.colcon_core.package_identification:_identify(src/algorithm/__pycache__) by extensions ['python_setup_py']
[0.349s] Level 1:colcon.colcon_core.package_identification:_identify(src/algorithm/__pycache__) by extension 'python_setup_py'
[0.349s] Level 1:colcon.colcon_core.package_identification:_identify(src/msg_interfaces) by extensions ['ignore', 'ignore_ament_install']
[0.349s] Level 1:colcon.colcon_core.package_identification:_identify(src/msg_interfaces) by extension 'ignore'
[0.349s] Level 1:colcon.colcon_core.package_identification:_identify(src/msg_interfaces) by extension 'ignore_ament_install'
[0.350s] Level 1:colcon.colcon_core.package_identification:_identify(src/msg_interfaces) by extensions ['colcon_pkg']
[0.350s] Level 1:colcon.colcon_core.package_identification:_identify(src/msg_interfaces) by extension 'colcon_pkg'
[0.350s] Level 1:colcon.colcon_core.package_identification:_identify(src/msg_interfaces) by extensions ['colcon_meta']
[0.350s] Level 1:colcon.colcon_core.package_identification:_identify(src/msg_interfaces) by extension 'colcon_meta'
[0.350s] Level 1:colcon.colcon_core.package_identification:_identify(src/msg_interfaces) by extensions ['ros']
[0.350s] Level 1:colcon.colcon_core.package_identification:_identify(src/msg_interfaces) by extension 'ros'
[0.353s] DEBUG:colcon.colcon_core.package_identification:Package 'src/msg_interfaces' with type 'ros.ament_cmake' and name 'msg_interfaces'
[0.353s] Level 1:colcon.colcon_core.package_identification:_identify(src/navigation) by extensions ['ignore', 'ignore_ament_install']
[0.353s] Level 1:colcon.colcon_core.package_identification:_identify(src/navigation) by extension 'ignore'
[0.353s] Level 1:colcon.colcon_core.package_identification:_identify(src/navigation) by extension 'ignore_ament_install'
[0.353s] Level 1:colcon.colcon_core.package_identification:_identify(src/navigation) by extensions ['colcon_pkg']
[0.353s] Level 1:colcon.colcon_core.package_identification:_identify(src/navigation) by extension 'colcon_pkg'
[0.353s] Level 1:colcon.colcon_core.package_identification:_identify(src/navigation) by extensions ['colcon_meta']
[0.353s] Level 1:colcon.colcon_core.package_identification:_identify(src/navigation) by extension 'colcon_meta'
[0.353s] Level 1:colcon.colcon_core.package_identification:_identify(src/navigation) by extensions ['ros']
[0.353s] Level 1:colcon.colcon_core.package_identification:_identify(src/navigation) by extension 'ros'
[0.354s] DEBUG:colcon.colcon_core.package_identification:Package 'src/navigation' with type 'ros.ament_cmake' and name 'navigation'
[0.354s] Level 1:colcon.colcon_core.package_identification:_identify(src/robot_description) by extensions ['ignore', 'ignore_ament_install']
[0.354s] Level 1:colcon.colcon_core.package_identification:_identify(src/robot_description) by extension 'ignore'
[0.354s] Level 1:colcon.colcon_core.package_identification:_identify(src/robot_description) by extension 'ignore_ament_install'
[0.354s] Level 1:colcon.colcon_core.package_identification:_identify(src/robot_description) by extensions ['colcon_pkg']
[0.354s] Level 1:colcon.colcon_core.package_identification:_identify(src/robot_description) by extension 'colcon_pkg'
[0.354s] Level 1:colcon.colcon_core.package_identification:_identify(src/robot_description) by extensions ['colcon_meta']
[0.354s] Level 1:colcon.colcon_core.package_identification:_identify(src/robot_description) by extension 'colcon_meta'
[0.354s] Level 1:colcon.colcon_core.package_identification:_identify(src/robot_description) by extensions ['ros']
[0.354s] Level 1:colcon.colcon_core.package_identification:_identify(src/robot_description) by extension 'ros'
[0.355s] DEBUG:colcon.colcon_core.package_identification:Package 'src/robot_description' with type 'ros.ament_cmake' and name 'robot_description'
[0.355s] Level 1:colcon.colcon_core.package_discovery:discover_packages(recursive) using defaults
[0.355s] Level 1:colcon.colcon_core.package_discovery:discover_packages(ignore) discover
[0.355s] Level 1:colcon.colcon_core.package_discovery:discover_packages(ignore) using defaults
[0.355s] Level 1:colcon.colcon_core.package_discovery:discover_packages(path) discover
[0.355s] Level 1:colcon.colcon_core.package_discovery:discover_packages(path) using defaults
[0.375s] Level 1:colcon.colcon_core.package_discovery:discover_packages(prefix_path) check parameters
[0.375s] Level 1:colcon.colcon_core.package_discovery:discover_packages(prefix_path) discover
[0.379s] DEBUG:colcon.colcon_installed_package_information.package_discovery:Found 2 installed packages in /home/fhp/MobileRobot_ws/install
[0.379s] DEBUG:colcon.colcon_installed_package_information.package_discovery:Found 1 installed packages in /home/fhp/ROS2_Directory/Test_ws/install
[0.381s] DEBUG:colcon.colcon_installed_package_information.package_discovery:Found 335 installed packages in /opt/ros/humble
[0.382s] Level 1:colcon.colcon_core.package_discovery:discover_packages(prefix_path) using defaults
[0.436s] Level 5:colcon.colcon_core.verb:set package 'msg_interfaces' build argument 'cmake_args' from command line to 'None'
[0.436s] Level 5:colcon.colcon_core.verb:set package 'msg_interfaces' build argument 'cmake_target' from command line to 'None'
[0.436s] Level 5:colcon.colcon_core.verb:set package 'msg_interfaces' build argument 'cmake_target_skip_unavailable' from command line to 'False'
[0.436s] Level 5:colcon.colcon_core.verb:set package 'msg_interfaces' build argument 'cmake_clean_cache' from command line to 'False'
[0.436s] Level 5:colcon.colcon_core.verb:set package 'msg_interfaces' build argument 'cmake_clean_first' from command line to 'False'
[0.436s] Level 5:colcon.colcon_core.verb:set package 'msg_interfaces' build argument 'cmake_force_configure' from command line to 'False'
[0.436s] Level 5:colcon.colcon_core.verb:set package 'msg_interfaces' build argument 'ament_cmake_args' from command line to 'None'
[0.436s] Level 5:colcon.colcon_core.verb:set package 'msg_interfaces' build argument 'catkin_cmake_args' from command line to 'None'
[0.436s] Level 5:colcon.colcon_core.verb:set package 'msg_interfaces' build argument 'catkin_skip_building_tests' from command line to 'False'
[0.436s] DEBUG:colcon.colcon_core.verb:Building package 'msg_interfaces' with the following arguments: {'ament_cmake_args': None, 'build_base': '/home/fhp/MobileRobot_ws/build/msg_interfaces', 'catkin_cmake_args': None, 'catkin_skip_building_tests': False, 'cmake_args': None, 'cmake_clean_cache': False, 'cmake_clean_first': False, 'cmake_force_configure': False, 'cmake_target': None, 'cmake_target_skip_unavailable': False, 'install_base': '/home/fhp/MobileRobot_ws/install/msg_interfaces', 'merge_install': False, 'path': '/home/fhp/MobileRobot_ws/src/msg_interfaces', 'symlink_install': True, 'test_result_base': None}
[0.437s] Level 5:colcon.colcon_core.verb:set package 'navigation' build argument 'cmake_args' from command line to 'None'
[0.437s] Level 5:colcon.colcon_core.verb:set package 'navigation' build argument 'cmake_target' from command line to 'None'
[0.437s] Level 5:colcon.colcon_core.verb:set package 'navigation' build argument 'cmake_target_skip_unavailable' from command line to 'False'
[0.437s] Level 5:colcon.colcon_core.verb:set package 'navigation' build argument 'cmake_clean_cache' from command line to 'False'
[0.437s] Level 5:colcon.colcon_core.verb:set package 'navigation' build argument 'cmake_clean_first' from command line to 'False'
[0.437s] Level 5:colcon.colcon_core.verb:set package 'navigation' build argument 'cmake_force_configure' from command line to 'False'
[0.437s] Level 5:colcon.colcon_core.verb:set package 'navigation' build argument 'ament_cmake_args' from command line to 'None'
[0.437s] Level 5:colcon.colcon_core.verb:set package 'navigation' build argument 'catkin_cmake_args' from command line to 'None'
[0.437s] Level 5:colcon.colcon_core.verb:set package 'navigation' build argument 'catkin_skip_building_tests' from command line to 'False'
[0.437s] DEBUG:colcon.colcon_core.verb:Building package 'navigation' with the following arguments: {'ament_cmake_args': None, 'build_base': '/home/fhp/MobileRobot_ws/build/navigation', 'catkin_cmake_args': None, 'catkin_skip_building_tests': False, 'cmake_args': None, 'cmake_clean_cache': False, 'cmake_clean_first': False, 'cmake_force_configure': False, 'cmake_target': None, 'cmake_target_skip_unavailable': False, 'install_base': '/home/fhp/MobileRobot_ws/install/navigation', 'merge_install': False, 'path': '/home/fhp/MobileRobot_ws/src/navigation', 'symlink_install': True, 'test_result_base': None}
[0.438s] Level 5:colcon.colcon_core.verb:set package 'robot_description' build argument 'cmake_args' from command line to 'None'
[0.438s] Level 5:colcon.colcon_core.verb:set package 'robot_description' build argument 'cmake_target' from command line to 'None'
[0.438s] Level 5:colcon.colcon_core.verb:set package 'robot_description' build argument 'cmake_target_skip_unavailable' from command line to 'False'
[0.438s] Level 5:colcon.colcon_core.verb:set package 'robot_description' build argument 'cmake_clean_cache' from command line to 'False'
[0.438s] Level 5:colcon.colcon_core.verb:set package 'robot_description' build argument 'cmake_clean_first' from command line to 'False'
[0.438s] Level 5:colcon.colcon_core.verb:set package 'robot_description' build argument 'cmake_force_configure' from command line to 'False'
[0.438s] Level 5:colcon.colcon_core.verb:set package 'robot_description' build argument 'ament_cmake_args' from command line to 'None'
[0.438s] Level 5:colcon.colcon_core.verb:set package 'robot_description' build argument 'catkin_cmake_args' from command line to 'None'
[0.438s] Level 5:colcon.colcon_core.verb:set package 'robot_description' build argument 'catkin_skip_building_tests' from command line to 'False'
[0.438s] DEBUG:colcon.colcon_core.verb:Building package 'robot_description' with the following arguments: {'ament_cmake_args': None, 'build_base': '/home/fhp/MobileRobot_ws/build/robot_description', 'catkin_cmake_args': None, 'catkin_skip_building_tests': False, 'cmake_args': None, 'cmake_clean_cache': False, 'cmake_clean_first': False, 'cmake_force_configure': False, 'cmake_target': None, 'cmake_target_skip_unavailable': False, 'install_base': '/home/fhp/MobileRobot_ws/install/robot_description', 'merge_install': False, 'path': '/home/fhp/MobileRobot_ws/src/robot_description', 'symlink_install': True, 'test_result_base': None}
[0.438s] INFO:colcon.colcon_core.executor:Executing jobs using 'parallel' executor
[0.441s] DEBUG:colcon.colcon_parallel_executor.executor.parallel:run_until_complete
[0.441s] INFO:colcon.colcon_ros.task.ament_cmake.build:Building ROS package in '/home/fhp/MobileRobot_ws/src/msg_interfaces' with build type 'ament_cmake'
[0.441s] INFO:colcon.colcon_cmake.task.cmake.build:Building CMake package in '/home/fhp/MobileRobot_ws/src/msg_interfaces'
[0.448s] INFO:colcon.colcon_core.plugin_system:Skipping extension 'colcon_core.shell.bat': Not used on non-Windows systems
[0.448s] INFO:colcon.colcon_core.shell:Skip shell extension 'powershell' for command environment: Not usable outside of PowerShell
[0.448s] DEBUG:colcon.colcon_core.shell:Skip shell extension 'dsv' for command environment
[0.453s] INFO:colcon.colcon_ros.task.ament_cmake.build:Building ROS package in '/home/fhp/MobileRobot_ws/src/navigation' with build type 'ament_cmake'
[0.454s] INFO:colcon.colcon_cmake.task.cmake.build:Building CMake package in '/home/fhp/MobileRobot_ws/src/navigation'
[0.455s] INFO:colcon.colcon_core.shell:Skip shell extension 'powershell' for command environment: Not usable outside of PowerShell
[0.455s] DEBUG:colcon.colcon_core.shell:Skip shell extension 'dsv' for command environment
[0.460s] INFO:colcon.colcon_ros.task.ament_cmake.build:Building ROS package in '/home/fhp/MobileRobot_ws/src/robot_description' with build type 'ament_cmake'
[0.460s] INFO:colcon.colcon_cmake.task.cmake.build:Building CMake package in '/home/fhp/MobileRobot_ws/src/robot_description'
[0.461s] INFO:colcon.colcon_core.shell:Skip shell extension 'powershell' for command environment: Not usable outside of PowerShell
[0.461s] DEBUG:colcon.colcon_core.shell:Skip shell extension 'dsv' for command environment
[0.473s] DEBUG:colcon.colcon_core.event_handler.log_command:Invoking command in '/home/fhp/MobileRobot_ws/build/msg_interfaces': CMAKE_PREFIX_PATH=${CMAKE_PREFIX_PATH}:/opt/ros/humble /usr/bin/cmake --build /home/fhp/MobileRobot_ws/build/msg_interfaces -- -j12 -l12
[0.476s] DEBUG:colcon.colcon_core.event_handler.log_command:Invoking command in '/home/fhp/MobileRobot_ws/build/navigation': CMAKE_PREFIX_PATH=${CMAKE_PREFIX_PATH}:/opt/ros/humble /usr/bin/cmake /home/fhp/MobileRobot_ws/src/navigation -DAMENT_CMAKE_SYMLINK_INSTALL=1 -DCMAKE_INSTALL_PREFIX=/home/fhp/MobileRobot_ws/install/navigation
[0.478s] DEBUG:colcon.colcon_core.event_handler.log_command:Invoking command in '/home/fhp/MobileRobot_ws/build/robot_description': CMAKE_PREFIX_PATH=${CMAKE_PREFIX_PATH}:/opt/ros/humble /usr/bin/cmake /home/fhp/MobileRobot_ws/src/robot_description -DAMENT_CMAKE_SYMLINK_INSTALL=1 -DCMAKE_INSTALL_PREFIX=/home/fhp/MobileRobot_ws/install/robot_description
[0.856s] DEBUG:colcon.colcon_core.event_handler.log_command:Invoked command in '/home/fhp/MobileRobot_ws/build/msg_interfaces' returned '0': CMAKE_PREFIX_PATH=${CMAKE_PREFIX_PATH}:/opt/ros/humble /usr/bin/cmake --build /home/fhp/MobileRobot_ws/build/msg_interfaces -- -j12 -l12
[0.926s] DEBUG:colcon.colcon_core.event_handler.log_command:Invoking command in '/home/fhp/MobileRobot_ws/build/msg_interfaces': CMAKE_PREFIX_PATH=${CMAKE_PREFIX_PATH}:/opt/ros/humble /usr/bin/cmake --install /home/fhp/MobileRobot_ws/build/msg_interfaces
[1.004s] Level 1:colcon.colcon_core.environment:create_environment_scripts_only(msg_interfaces)
[1.006s] DEBUG:colcon.colcon_core.event_handler.log_command:Invoked command in '/home/fhp/MobileRobot_ws/build/msg_interfaces' returned '0': CMAKE_PREFIX_PATH=${CMAKE_PREFIX_PATH}:/opt/ros/humble /usr/bin/cmake --install /home/fhp/MobileRobot_ws/build/msg_interfaces
[1.012s] Level 1:colcon.colcon_core.environment:checking '/home/fhp/MobileRobot_ws/install/msg_interfaces' for CMake module files
[1.013s] Level 1:colcon.colcon_core.environment:checking '/home/fhp/MobileRobot_ws/install/msg_interfaces' for CMake config files
[1.013s] Level 1:colcon.colcon_core.shell:create_environment_hook('msg_interfaces', 'cmake_prefix_path')
[1.015s] INFO:colcon.colcon_core.shell:Creating environment hook '/home/fhp/MobileRobot_ws/install/msg_interfaces/share/msg_interfaces/hook/cmake_prefix_path.ps1'
[1.015s] INFO:colcon.colcon_core.shell:Creating environment descriptor '/home/fhp/MobileRobot_ws/install/msg_interfaces/share/msg_interfaces/hook/cmake_prefix_path.dsv'
[1.016s] INFO:colcon.colcon_core.shell:Creating environment hook '/home/fhp/MobileRobot_ws/install/msg_interfaces/share/msg_interfaces/hook/cmake_prefix_path.sh'
[1.017s] Level 1:colcon.colcon_core.environment:checking '/home/fhp/MobileRobot_ws/install/msg_interfaces/lib'
[1.017s] Level 1:colcon.colcon_core.shell:create_environment_hook('msg_interfaces', 'ld_library_path_lib')
[1.018s] INFO:colcon.colcon_core.shell:Creating environment hook '/home/fhp/MobileRobot_ws/install/msg_interfaces/share/msg_interfaces/hook/ld_library_path_lib.ps1'
[1.019s] INFO:colcon.colcon_core.shell:Creating environment descriptor '/home/fhp/MobileRobot_ws/install/msg_interfaces/share/msg_interfaces/hook/ld_library_path_lib.dsv'
[1.019s] INFO:colcon.colcon_core.shell:Creating environment hook '/home/fhp/MobileRobot_ws/install/msg_interfaces/share/msg_interfaces/hook/ld_library_path_lib.sh'
[1.019s] Level 1:colcon.colcon_core.environment:checking '/home/fhp/MobileRobot_ws/install/msg_interfaces/bin'
[1.019s] Level 1:colcon.colcon_core.environment:checking '/home/fhp/MobileRobot_ws/install/msg_interfaces/lib/pkgconfig/msg_interfaces.pc'
[1.020s] Level 1:colcon.colcon_core.environment:checking '/home/fhp/MobileRobot_ws/install/msg_interfaces/lib/python3.10/site-packages'
[1.020s] Level 1:colcon.colcon_core.environment:checking '/home/fhp/MobileRobot_ws/install/msg_interfaces/bin'
[1.021s] INFO:colcon.colcon_core.shell:Creating package script '/home/fhp/MobileRobot_ws/install/msg_interfaces/share/msg_interfaces/package.ps1'
[1.022s] INFO:colcon.colcon_core.shell:Creating package descriptor '/home/fhp/MobileRobot_ws/install/msg_interfaces/share/msg_interfaces/package.dsv'
[1.023s] INFO:colcon.colcon_core.shell:Creating package script '/home/fhp/MobileRobot_ws/install/msg_interfaces/share/msg_interfaces/package.sh'
[1.024s] INFO:colcon.colcon_core.shell:Creating package script '/home/fhp/MobileRobot_ws/install/msg_interfaces/share/msg_interfaces/package.bash'
[1.024s] INFO:colcon.colcon_core.shell:Creating package script '/home/fhp/MobileRobot_ws/install/msg_interfaces/share/msg_interfaces/package.zsh'
[1.025s] Level 1:colcon.colcon_core.environment:create_file_with_runtime_dependencies(/home/fhp/MobileRobot_ws/install/msg_interfaces/share/colcon-core/packages/msg_interfaces)
[1.084s] Level 1:colcon.colcon_core.environment:create_environment_scripts_only(msg_interfaces)
[1.086s] Level 1:colcon.colcon_core.environment:checking '/home/fhp/MobileRobot_ws/install/msg_interfaces' for CMake module files
[1.087s] Level 1:colcon.colcon_core.environment:checking '/home/fhp/MobileRobot_ws/install/msg_interfaces' for CMake config files
[1.088s] Level 1:colcon.colcon_core.shell:create_environment_hook('msg_interfaces', 'cmake_prefix_path')
[1.090s] INFO:colcon.colcon_core.shell:Creating environment hook '/home/fhp/MobileRobot_ws/install/msg_interfaces/share/msg_interfaces/hook/cmake_prefix_path.ps1'
[1.090s] INFO:colcon.colcon_core.shell:Creating environment descriptor '/home/fhp/MobileRobot_ws/install/msg_interfaces/share/msg_interfaces/hook/cmake_prefix_path.dsv'
[1.091s] INFO:colcon.colcon_core.shell:Creating environment hook '/home/fhp/MobileRobot_ws/install/msg_interfaces/share/msg_interfaces/hook/cmake_prefix_path.sh'
[1.091s] Level 1:colcon.colcon_core.environment:checking '/home/fhp/MobileRobot_ws/install/msg_interfaces/lib'
[1.091s] Level 1:colcon.colcon_core.shell:create_environment_hook('msg_interfaces', 'ld_library_path_lib')
[1.093s] INFO:colcon.colcon_core.shell:Creating environment hook '/home/fhp/MobileRobot_ws/install/msg_interfaces/share/msg_interfaces/hook/ld_library_path_lib.ps1'
[1.093s] INFO:colcon.colcon_core.shell:Creating environment descriptor '/home/fhp/MobileRobot_ws/install/msg_interfaces/share/msg_interfaces/hook/ld_library_path_lib.dsv'
[1.093s] INFO:colcon.colcon_core.shell:Creating environment hook '/home/fhp/MobileRobot_ws/install/msg_interfaces/share/msg_interfaces/hook/ld_library_path_lib.sh'
[1.094s] Level 1:colcon.colcon_core.environment:checking '/home/fhp/MobileRobot_ws/install/msg_interfaces/bin'
[1.094s] Level 1:colcon.colcon_core.environment:checking '/home/fhp/MobileRobot_ws/install/msg_interfaces/lib/pkgconfig/msg_interfaces.pc'
[1.094s] Level 1:colcon.colcon_core.environment:checking '/home/fhp/MobileRobot_ws/install/msg_interfaces/lib/python3.10/site-packages'
[1.094s] Level 1:colcon.colcon_core.environment:checking '/home/fhp/MobileRobot_ws/install/msg_interfaces/bin'
[1.095s] INFO:colcon.colcon_core.shell:Creating package script '/home/fhp/MobileRobot_ws/install/msg_interfaces/share/msg_interfaces/package.ps1'
[1.096s] INFO:colcon.colcon_core.shell:Creating package descriptor '/home/fhp/MobileRobot_ws/install/msg_interfaces/share/msg_interfaces/package.dsv'
[1.097s] INFO:colcon.colcon_core.shell:Creating package script '/home/fhp/MobileRobot_ws/install/msg_interfaces/share/msg_interfaces/package.sh'
[1.097s] INFO:colcon.colcon_core.shell:Creating package script '/home/fhp/MobileRobot_ws/install/msg_interfaces/share/msg_interfaces/package.bash'
[1.097s] INFO:colcon.colcon_core.shell:Creating package script '/home/fhp/MobileRobot_ws/install/msg_interfaces/share/msg_interfaces/package.zsh'
[1.097s] Level 1:colcon.colcon_core.environment:create_file_with_runtime_dependencies(/home/fhp/MobileRobot_ws/install/msg_interfaces/share/colcon-core/packages/msg_interfaces)
[1.200s] DEBUG:colcon.colcon_core.event_handler.log_command:Invoked command in '/home/fhp/MobileRobot_ws/build/navigation' returned '0': CMAKE_PREFIX_PATH=${CMAKE_PREFIX_PATH}:/opt/ros/humble /usr/bin/cmake /home/fhp/MobileRobot_ws/src/navigation -DAMENT_CMAKE_SYMLINK_INSTALL=1 -DCMAKE_INSTALL_PREFIX=/home/fhp/MobileRobot_ws/install/navigation
[1.203s] DEBUG:colcon.colcon_core.event_handler.log_command:Invoking command in '/home/fhp/MobileRobot_ws/build/navigation': CMAKE_PREFIX_PATH=${CMAKE_PREFIX_PATH}:/opt/ros/humble /usr/bin/cmake --build /home/fhp/MobileRobot_ws/build/navigation -- -j12 -l12
[1.236s] DEBUG:colcon.colcon_core.event_handler.log_command:Invoked command in '/home/fhp/MobileRobot_ws/build/navigation' returned '0': CMAKE_PREFIX_PATH=${CMAKE_PREFIX_PATH}:/opt/ros/humble /usr/bin/cmake --build /home/fhp/MobileRobot_ws/build/navigation -- -j12 -l12
[1.251s] DEBUG:colcon.colcon_core.event_handler.log_command:Invoking command in '/home/fhp/MobileRobot_ws/build/navigation': CMAKE_PREFIX_PATH=${CMAKE_PREFIX_PATH}:/opt/ros/humble /usr/bin/cmake --install /home/fhp/MobileRobot_ws/build/navigation
[1.407s] Level 1:colcon.colcon_core.environment:create_environment_scripts_only(navigation)
[1.411s] Level 1:colcon.colcon_core.environment:checking '/home/fhp/MobileRobot_ws/install/navigation' for CMake module files
[1.412s] DEBUG:colcon.colcon_core.event_handler.log_command:Invoked command in '/home/fhp/MobileRobot_ws/build/navigation' returned '0': CMAKE_PREFIX_PATH=${CMAKE_PREFIX_PATH}:/opt/ros/humble /usr/bin/cmake --install /home/fhp/MobileRobot_ws/build/navigation
[1.413s] Level 1:colcon.colcon_core.environment:checking '/home/fhp/MobileRobot_ws/install/navigation' for CMake config files
[1.413s] Level 1:colcon.colcon_core.shell:create_environment_hook('navigation', 'cmake_prefix_path')
[1.415s] INFO:colcon.colcon_core.shell:Creating environment hook '/home/fhp/MobileRobot_ws/install/navigation/share/navigation/hook/cmake_prefix_path.ps1'
[1.416s] INFO:colcon.colcon_core.shell:Creating environment descriptor '/home/fhp/MobileRobot_ws/install/navigation/share/navigation/hook/cmake_prefix_path.dsv'
[1.416s] INFO:colcon.colcon_core.shell:Creating environment hook '/home/fhp/MobileRobot_ws/install/navigation/share/navigation/hook/cmake_prefix_path.sh'
[1.417s] Level 1:colcon.colcon_core.environment:checking '/home/fhp/MobileRobot_ws/install/navigation/lib'
[1.417s] Level 1:colcon.colcon_core.environment:checking '/home/fhp/MobileRobot_ws/install/navigation/bin'
[1.417s] Level 1:colcon.colcon_core.environment:checking '/home/fhp/MobileRobot_ws/install/navigation/lib/pkgconfig/navigation.pc'
[1.418s] Level 1:colcon.colcon_core.environment:checking '/home/fhp/MobileRobot_ws/install/navigation/lib/python3.10/site-packages'
[1.418s] Level 1:colcon.colcon_core.environment:checking '/home/fhp/MobileRobot_ws/install/navigation/bin'
[1.421s] INFO:colcon.colcon_core.shell:Creating package script '/home/fhp/MobileRobot_ws/install/navigation/share/navigation/package.ps1'
[1.422s] INFO:colcon.colcon_core.shell:Creating package descriptor '/home/fhp/MobileRobot_ws/install/navigation/share/navigation/package.dsv'
[1.423s] INFO:colcon.colcon_core.shell:Creating package script '/home/fhp/MobileRobot_ws/install/navigation/share/navigation/package.sh'
[1.423s] INFO:colcon.colcon_core.shell:Creating package script '/home/fhp/MobileRobot_ws/install/navigation/share/navigation/package.bash'
[1.424s] INFO:colcon.colcon_core.shell:Creating package script '/home/fhp/MobileRobot_ws/install/navigation/share/navigation/package.zsh'
[1.424s] Level 1:colcon.colcon_core.environment:create_file_with_runtime_dependencies(/home/fhp/MobileRobot_ws/install/navigation/share/colcon-core/packages/navigation)
[1.452s] Level 1:colcon.colcon_core.environment:create_environment_scripts_only(navigation)
[1.456s] Level 1:colcon.colcon_core.environment:checking '/home/fhp/MobileRobot_ws/install/navigation' for CMake module files
[1.457s] Level 1:colcon.colcon_core.environment:checking '/home/fhp/MobileRobot_ws/install/navigation' for CMake config files
[1.457s] Level 1:colcon.colcon_core.shell:create_environment_hook('navigation', 'cmake_prefix_path')
[1.458s] INFO:colcon.colcon_core.shell:Creating environment hook '/home/fhp/MobileRobot_ws/install/navigation/share/navigation/hook/cmake_prefix_path.ps1'
[1.458s] INFO:colcon.colcon_core.shell:Creating environment descriptor '/home/fhp/MobileRobot_ws/install/navigation/share/navigation/hook/cmake_prefix_path.dsv'
[1.458s] INFO:colcon.colcon_core.shell:Creating environment hook '/home/fhp/MobileRobot_ws/install/navigation/share/navigation/hook/cmake_prefix_path.sh'
[1.459s] Level 1:colcon.colcon_core.environment:checking '/home/fhp/MobileRobot_ws/install/navigation/lib'
[1.459s] Level 1:colcon.colcon_core.environment:checking '/home/fhp/MobileRobot_ws/install/navigation/bin'
[1.459s] Level 1:colcon.colcon_core.environment:checking '/home/fhp/MobileRobot_ws/install/navigation/lib/pkgconfig/navigation.pc'
[1.459s] Level 1:colcon.colcon_core.environment:checking '/home/fhp/MobileRobot_ws/install/navigation/lib/python3.10/site-packages'
[1.459s] Level 1:colcon.colcon_core.environment:checking '/home/fhp/MobileRobot_ws/install/navigation/bin'
[1.460s] INFO:colcon.colcon_core.shell:Creating package script '/home/fhp/MobileRobot_ws/install/navigation/share/navigation/package.ps1'
[1.461s] INFO:colcon.colcon_core.shell:Creating package descriptor '/home/fhp/MobileRobot_ws/install/navigation/share/navigation/package.dsv'
[1.461s] INFO:colcon.colcon_core.shell:Creating package script '/home/fhp/MobileRobot_ws/install/navigation/share/navigation/package.sh'
[1.461s] INFO:colcon.colcon_core.shell:Creating package script '/home/fhp/MobileRobot_ws/install/navigation/share/navigation/package.bash'
[1.461s] INFO:colcon.colcon_core.shell:Creating package script '/home/fhp/MobileRobot_ws/install/navigation/share/navigation/package.zsh'
[1.462s] Level 1:colcon.colcon_core.environment:create_file_with_runtime_dependencies(/home/fhp/MobileRobot_ws/install/navigation/share/colcon-core/packages/navigation)
[1.503s] DEBUG:colcon.colcon_core.event_handler.log_command:Invoked command in '/home/fhp/MobileRobot_ws/build/robot_description' returned '0': CMAKE_PREFIX_PATH=${CMAKE_PREFIX_PATH}:/opt/ros/humble /usr/bin/cmake /home/fhp/MobileRobot_ws/src/robot_description -DAMENT_CMAKE_SYMLINK_INSTALL=1 -DCMAKE_INSTALL_PREFIX=/home/fhp/MobileRobot_ws/install/robot_description
[1.504s] DEBUG:colcon.colcon_core.event_handler.log_command:Invoking command in '/home/fhp/MobileRobot_ws/build/robot_description': CMAKE_PREFIX_PATH=${CMAKE_PREFIX_PATH}:/opt/ros/humble /usr/bin/cmake --build /home/fhp/MobileRobot_ws/build/robot_description -- -j12 -l12
[1.634s] DEBUG:colcon.colcon_core.event_handler.log_command:Invoked command in '/home/fhp/MobileRobot_ws/build/robot_description' returned '0': CMAKE_PREFIX_PATH=${CMAKE_PREFIX_PATH}:/opt/ros/humble /usr/bin/cmake --build /home/fhp/MobileRobot_ws/build/robot_description -- -j12 -l12
[1.664s] DEBUG:colcon.colcon_core.event_handler.log_command:Invoking command in '/home/fhp/MobileRobot_ws/build/robot_description': CMAKE_PREFIX_PATH=${CMAKE_PREFIX_PATH}:/opt/ros/humble /usr/bin/cmake --install /home/fhp/MobileRobot_ws/build/robot_description
[2.485s] Level 1:colcon.colcon_core.environment:create_environment_scripts_only(robot_description)
[2.489s] Level 1:colcon.colcon_core.environment:checking '/home/fhp/MobileRobot_ws/install/robot_description' for CMake module files
[2.490s] DEBUG:colcon.colcon_core.event_handler.log_command:Invoked command in '/home/fhp/MobileRobot_ws/build/robot_description' returned '0': CMAKE_PREFIX_PATH=${CMAKE_PREFIX_PATH}:/opt/ros/humble /usr/bin/cmake --install /home/fhp/MobileRobot_ws/build/robot_description
[2.491s] Level 1:colcon.colcon_core.environment:checking '/home/fhp/MobileRobot_ws/install/robot_description' for CMake config files
[2.492s] Level 1:colcon.colcon_core.shell:create_environment_hook('robot_description', 'cmake_prefix_path')
[2.495s] INFO:colcon.colcon_core.shell:Creating environment hook '/home/fhp/MobileRobot_ws/install/robot_description/share/robot_description/hook/cmake_prefix_path.ps1'
[2.496s] INFO:colcon.colcon_core.shell:Creating environment descriptor '/home/fhp/MobileRobot_ws/install/robot_description/share/robot_description/hook/cmake_prefix_path.dsv'
[2.496s] INFO:colcon.colcon_core.shell:Creating environment hook '/home/fhp/MobileRobot_ws/install/robot_description/share/robot_description/hook/cmake_prefix_path.sh'
[2.497s] Level 1:colcon.colcon_core.environment:checking '/home/fhp/MobileRobot_ws/install/robot_description/lib'
[2.497s] Level 1:colcon.colcon_core.environment:checking '/home/fhp/MobileRobot_ws/install/robot_description/bin'
[2.497s] Level 1:colcon.colcon_core.environment:checking '/home/fhp/MobileRobot_ws/install/robot_description/lib/pkgconfig/robot_description.pc'
[2.497s] Level 1:colcon.colcon_core.environment:checking '/home/fhp/MobileRobot_ws/install/robot_description/lib/python3.10/site-packages'
[2.498s] Level 1:colcon.colcon_core.environment:checking '/home/fhp/MobileRobot_ws/install/robot_description/bin'
[2.500s] INFO:colcon.colcon_core.shell:Creating package script '/home/fhp/MobileRobot_ws/install/robot_description/share/robot_description/package.ps1'
[2.501s] INFO:colcon.colcon_core.shell:Creating package descriptor '/home/fhp/MobileRobot_ws/install/robot_description/share/robot_description/package.dsv'
[2.502s] INFO:colcon.colcon_core.shell:Creating package script '/home/fhp/MobileRobot_ws/install/robot_description/share/robot_description/package.sh'
[2.502s] INFO:colcon.colcon_core.shell:Creating package script '/home/fhp/MobileRobot_ws/install/robot_description/share/robot_description/package.bash'
[2.503s] INFO:colcon.colcon_core.shell:Creating package script '/home/fhp/MobileRobot_ws/install/robot_description/share/robot_description/package.zsh'
[2.503s] Level 1:colcon.colcon_core.environment:create_file_with_runtime_dependencies(/home/fhp/MobileRobot_ws/install/robot_description/share/colcon-core/packages/robot_description)
[2.538s] Level 1:colcon.colcon_core.environment:create_environment_scripts_only(robot_description)
[2.540s] Level 1:colcon.colcon_core.environment:checking '/home/fhp/MobileRobot_ws/install/robot_description' for CMake module files
[2.540s] Level 1:colcon.colcon_core.environment:checking '/home/fhp/MobileRobot_ws/install/robot_description' for CMake config files
[2.540s] Level 1:colcon.colcon_core.shell:create_environment_hook('robot_description', 'cmake_prefix_path')
[2.541s] INFO:colcon.colcon_core.shell:Creating environment hook '/home/fhp/MobileRobot_ws/install/robot_description/share/robot_description/hook/cmake_prefix_path.ps1'
[2.542s] INFO:colcon.colcon_core.shell:Creating environment descriptor '/home/fhp/MobileRobot_ws/install/robot_description/share/robot_description/hook/cmake_prefix_path.dsv'
[2.542s] INFO:colcon.colcon_core.shell:Creating environment hook '/home/fhp/MobileRobot_ws/install/robot_description/share/robot_description/hook/cmake_prefix_path.sh'
[2.542s] Level 1:colcon.colcon_core.environment:checking '/home/fhp/MobileRobot_ws/install/robot_description/lib'
[2.542s] Level 1:colcon.colcon_core.environment:checking '/home/fhp/MobileRobot_ws/install/robot_description/bin'
[2.542s] Level 1:colcon.colcon_core.environment:checking '/home/fhp/MobileRobot_ws/install/robot_description/lib/pkgconfig/robot_description.pc'
[2.542s] Level 1:colcon.colcon_core.environment:checking '/home/fhp/MobileRobot_ws/install/robot_description/lib/python3.10/site-packages'
[2.543s] Level 1:colcon.colcon_core.environment:checking '/home/fhp/MobileRobot_ws/install/robot_description/bin'
[2.544s] INFO:colcon.colcon_core.shell:Creating package script '/home/fhp/MobileRobot_ws/install/robot_description/share/robot_description/package.ps1'
[2.544s] INFO:colcon.colcon_core.shell:Creating package descriptor '/home/fhp/MobileRobot_ws/install/robot_description/share/robot_description/package.dsv'
[2.545s] INFO:colcon.colcon_core.shell:Creating package script '/home/fhp/MobileRobot_ws/install/robot_description/share/robot_description/package.sh'
[2.545s] INFO:colcon.colcon_core.shell:Creating package script '/home/fhp/MobileRobot_ws/install/robot_description/share/robot_description/package.bash'
[2.545s] INFO:colcon.colcon_core.shell:Creating package script '/home/fhp/MobileRobot_ws/install/robot_description/share/robot_description/package.zsh'
[2.545s] Level 1:colcon.colcon_core.environment:create_file_with_runtime_dependencies(/home/fhp/MobileRobot_ws/install/robot_description/share/colcon-core/packages/robot_description)
[2.546s] DEBUG:colcon.colcon_parallel_executor.executor.parallel:closing loop
[2.546s] DEBUG:colcon.colcon_parallel_executor.executor.parallel:loop closed
[2.546s] DEBUG:colcon.colcon_parallel_executor.executor.parallel:run_until_complete finished with '0'
[2.546s] DEBUG:colcon.colcon_core.event_reactor:joining thread
[2.562s] INFO:colcon.colcon_core.plugin_system:Skipping extension 'colcon_notification.desktop_notification.terminal_notifier': Not used on non-Darwin systems
[2.562s] INFO:colcon.colcon_core.plugin_system:Skipping extension 'colcon_notification.desktop_notification.win32': Not used on non-Windows systems
[2.562s] INFO:colcon.colcon_notification.desktop_notification:Sending desktop notification using 'notify2'
[2.602s] DEBUG:colcon.colcon_core.event_reactor:joined thread
[2.603s] INFO:colcon.colcon_core.shell:Creating prefix script '/home/fhp/MobileRobot_ws/install/local_setup.ps1'
[2.604s] INFO:colcon.colcon_core.shell:Creating prefix util module '/home/fhp/MobileRobot_ws/install/_local_setup_util_ps1.py'
[2.605s] INFO:colcon.colcon_core.shell:Creating prefix chain script '/home/fhp/MobileRobot_ws/install/setup.ps1'
[2.607s] INFO:colcon.colcon_core.shell:Creating prefix script '/home/fhp/MobileRobot_ws/install/local_setup.sh'
[2.607s] INFO:colcon.colcon_core.shell:Creating prefix util module '/home/fhp/MobileRobot_ws/install/_local_setup_util_sh.py'
[2.608s] INFO:colcon.colcon_core.shell:Creating prefix chain script '/home/fhp/MobileRobot_ws/install/setup.sh'
[2.609s] INFO:colcon.colcon_core.shell:Creating prefix script '/home/fhp/MobileRobot_ws/install/local_setup.bash'
[2.610s] INFO:colcon.colcon_core.shell:Creating prefix chain script '/home/fhp/MobileRobot_ws/install/setup.bash'
[2.611s] INFO:colcon.colcon_core.shell:Creating prefix script '/home/fhp/MobileRobot_ws/install/local_setup.zsh'
[2.612s] INFO:colcon.colcon_core.shell:Creating prefix chain script '/home/fhp/MobileRobot_ws/install/setup.zsh'
