[0.367s] DEBUG:colcon:Command line arguments: ['/usr/bin/colcon', 'build', '--symlink-install']
[0.367s] DEBUG:colcon:Parsed command line arguments: Namespace(log_base=None, log_level=None, verb_name='build', build_base='build', install_base='install', merge_install=False, symlink_install=True, test_result_base=None, continue_on_error=False, executor='parallel', parallel_workers=12, event_handlers=None, ignore_user_meta=False, metas=['./colcon.meta'], base_paths=['.'], packages_ignore=None, packages_ignore_regex=None, paths=None, packages_up_to=None, packages_up_to_regex=None, packages_above=None, packages_above_and_dependencies=None, packages_above_depth=None, packages_select_by_dep=None, packages_skip_by_dep=None, packages_skip_up_to=None, packages_select_build_failed=False, packages_skip_build_finished=False, packages_select_test_failures=False, packages_skip_test_passed=False, packages_select=None, packages_skip=None, packages_select_regex=None, packages_skip_regex=None, packages_start=None, packages_end=None, allow_overriding=[], cmake_args=None, cmake_target=None, cmake_target_skip_unavailable=False, cmake_clean_cache=False, cmake_clean_first=False, cmake_force_configure=False, ament_cmake_args=None, catkin_cmake_args=None, catkin_skip_building_tests=False, verb_parser=<colcon_defaults.argument_parser.defaults.DefaultArgumentsDecorator object at 0x7fa8f27d3d30>, verb_extension=<colcon_core.verb.build.BuildVerb object at 0x7fa8f2f880d0>, main=<bound method BuildVerb.main of <colcon_core.verb.build.BuildVerb object at 0x7fa8f2f880d0>>)
[0.395s] Level 1:colcon.colcon_core.package_discovery:discover_packages(colcon_meta) check parameters
[0.395s] Level 1:colcon.colcon_core.package_discovery:discover_packages(recursive) check parameters
[0.395s] Level 1:colcon.colcon_core.package_discovery:discover_packages(ignore) check parameters
[0.395s] Level 1:colcon.colcon_core.package_discovery:discover_packages(path) check parameters
[0.395s] Level 1:colcon.colcon_core.package_discovery:discover_packages(colcon_meta) discover
[0.395s] Level 1:colcon.colcon_core.package_discovery:discover_packages(recursive) discover
[0.395s] INFO:colcon.colcon_core.package_discovery:Crawling recursively for packages in '/home/fhp/MobileRobot_ws'
[0.396s] Level 1:colcon.colcon_core.package_identification:_identify(.) by extensions ['ignore', 'ignore_ament_install']
[0.396s] Level 1:colcon.colcon_core.package_identification:_identify(.) by extension 'ignore'
[0.396s] Level 1:colcon.colcon_core.package_identification:_identify(.) by extension 'ignore_ament_install'
[0.396s] Level 1:colcon.colcon_core.package_identification:_identify(.) by extensions ['colcon_pkg']
[0.396s] Level 1:colcon.colcon_core.package_identification:_identify(.) by extension 'colcon_pkg'
[0.396s] Level 1:colcon.colcon_core.package_identification:_identify(.) by extensions ['colcon_meta']
[0.396s] Level 1:colcon.colcon_core.package_identification:_identify(.) by extension 'colcon_meta'
[0.396s] Level 1:colcon.colcon_core.package_identification:_identify(.) by extensions ['ros']
[0.396s] Level 1:colcon.colcon_core.package_identification:_identify(.) by extension 'ros'
[0.405s] Level 1:colcon.colcon_core.package_identification:_identify(.) by extensions ['cmake', 'python']
[0.405s] Level 1:colcon.colcon_core.package_identification:_identify(.) by extension 'cmake'
[0.406s] Level 1:colcon.colcon_core.package_identification:_identify(.) by extension 'python'
[0.406s] Level 1:colcon.colcon_core.package_identification:_identify(.) by extensions ['python_setup_py']
[0.406s] Level 1:colcon.colcon_core.package_identification:_identify(.) by extension 'python_setup_py'
[0.406s] Level 1:colcon.colcon_core.package_identification:_identify(build) by extensions ['ignore', 'ignore_ament_install']
[0.406s] Level 1:colcon.colcon_core.package_identification:_identify(build) by extension 'ignore'
[0.406s] Level 1:colcon.colcon_core.package_identification:_identify(build) ignored
[0.406s] Level 1:colcon.colcon_core.package_identification:_identify(install) by extensions ['ignore', 'ignore_ament_install']
[0.406s] Level 1:colcon.colcon_core.package_identification:_identify(install) by extension 'ignore'
[0.406s] Level 1:colcon.colcon_core.package_identification:_identify(install) ignored
[0.406s] Level 1:colcon.colcon_core.package_identification:_identify(log) by extensions ['ignore', 'ignore_ament_install']
[0.406s] Level 1:colcon.colcon_core.package_identification:_identify(log) by extension 'ignore'
[0.406s] Level 1:colcon.colcon_core.package_identification:_identify(log) ignored
[0.406s] Level 1:colcon.colcon_core.package_identification:_identify(src) by extensions ['ignore', 'ignore_ament_install']
[0.406s] Level 1:colcon.colcon_core.package_identification:_identify(src) by extension 'ignore'
[0.406s] Level 1:colcon.colcon_core.package_identification:_identify(src) by extension 'ignore_ament_install'
[0.406s] Level 1:colcon.colcon_core.package_identification:_identify(src) by extensions ['colcon_pkg']
[0.407s] Level 1:colcon.colcon_core.package_identification:_identify(src) by extension 'colcon_pkg'
[0.407s] Level 1:colcon.colcon_core.package_identification:_identify(src) by extensions ['colcon_meta']
[0.407s] Level 1:colcon.colcon_core.package_identification:_identify(src) by extension 'colcon_meta'
[0.407s] Level 1:colcon.colcon_core.package_identification:_identify(src) by extensions ['ros']
[0.407s] Level 1:colcon.colcon_core.package_identification:_identify(src) by extension 'ros'
[0.407s] Level 1:colcon.colcon_core.package_identification:_identify(src) by extensions ['cmake', 'python']
[0.407s] Level 1:colcon.colcon_core.package_identification:_identify(src) by extension 'cmake'
[0.407s] Level 1:colcon.colcon_core.package_identification:_identify(src) by extension 'python'
[0.407s] Level 1:colcon.colcon_core.package_identification:_identify(src) by extensions ['python_setup_py']
[0.407s] Level 1:colcon.colcon_core.package_identification:_identify(src) by extension 'python_setup_py'
[0.407s] Level 1:colcon.colcon_core.package_identification:_identify(src/algorithm) by extensions ['ignore', 'ignore_ament_install']
[0.407s] Level 1:colcon.colcon_core.package_identification:_identify(src/algorithm) by extension 'ignore'
[0.407s] Level 1:colcon.colcon_core.package_identification:_identify(src/algorithm) by extension 'ignore_ament_install'
[0.407s] Level 1:colcon.colcon_core.package_identification:_identify(src/algorithm) by extensions ['colcon_pkg']
[0.407s] Level 1:colcon.colcon_core.package_identification:_identify(src/algorithm) by extension 'colcon_pkg'
[0.407s] Level 1:colcon.colcon_core.package_identification:_identify(src/algorithm) by extensions ['colcon_meta']
[0.407s] Level 1:colcon.colcon_core.package_identification:_identify(src/algorithm) by extension 'colcon_meta'
[0.407s] Level 1:colcon.colcon_core.package_identification:_identify(src/algorithm) by extensions ['ros']
[0.407s] Level 1:colcon.colcon_core.package_identification:_identify(src/algorithm) by extension 'ros'
[0.407s] Level 1:colcon.colcon_core.package_identification:_identify(src/algorithm) by extensions ['cmake', 'python']
[0.407s] Level 1:colcon.colcon_core.package_identification:_identify(src/algorithm) by extension 'cmake'
[0.407s] Level 1:colcon.colcon_core.package_identification:_identify(src/algorithm) by extension 'python'
[0.407s] Level 1:colcon.colcon_core.package_identification:_identify(src/algorithm) by extensions ['python_setup_py']
[0.407s] Level 1:colcon.colcon_core.package_identification:_identify(src/algorithm) by extension 'python_setup_py'
[0.408s] Level 1:colcon.colcon_core.package_identification:_identify(src/algorithm/__pycache__) by extensions ['ignore', 'ignore_ament_install']
[0.408s] Level 1:colcon.colcon_core.package_identification:_identify(src/algorithm/__pycache__) by extension 'ignore'
[0.408s] Level 1:colcon.colcon_core.package_identification:_identify(src/algorithm/__pycache__) by extension 'ignore_ament_install'
[0.408s] Level 1:colcon.colcon_core.package_identification:_identify(src/algorithm/__pycache__) by extensions ['colcon_pkg']
[0.408s] Level 1:colcon.colcon_core.package_identification:_identify(src/algorithm/__pycache__) by extension 'colcon_pkg'
[0.408s] Level 1:colcon.colcon_core.package_identification:_identify(src/algorithm/__pycache__) by extensions ['colcon_meta']
[0.408s] Level 1:colcon.colcon_core.package_identification:_identify(src/algorithm/__pycache__) by extension 'colcon_meta'
[0.408s] Level 1:colcon.colcon_core.package_identification:_identify(src/algorithm/__pycache__) by extensions ['ros']
[0.408s] Level 1:colcon.colcon_core.package_identification:_identify(src/algorithm/__pycache__) by extension 'ros'
[0.408s] Level 1:colcon.colcon_core.package_identification:_identify(src/algorithm/__pycache__) by extensions ['cmake', 'python']
[0.408s] Level 1:colcon.colcon_core.package_identification:_identify(src/algorithm/__pycache__) by extension 'cmake'
[0.408s] Level 1:colcon.colcon_core.package_identification:_identify(src/algorithm/__pycache__) by extension 'python'
[0.408s] Level 1:colcon.colcon_core.package_identification:_identify(src/algorithm/__pycache__) by extensions ['python_setup_py']
[0.408s] Level 1:colcon.colcon_core.package_identification:_identify(src/algorithm/__pycache__) by extension 'python_setup_py'
[0.408s] Level 1:colcon.colcon_core.package_identification:_identify(src/megarover_samples_ros2) by extensions ['ignore', 'ignore_ament_install']
[0.408s] Level 1:colcon.colcon_core.package_identification:_identify(src/megarover_samples_ros2) by extension 'ignore'
[0.408s] Level 1:colcon.colcon_core.package_identification:_identify(src/megarover_samples_ros2) by extension 'ignore_ament_install'
[0.408s] Level 1:colcon.colcon_core.package_identification:_identify(src/megarover_samples_ros2) by extensions ['colcon_pkg']
[0.408s] Level 1:colcon.colcon_core.package_identification:_identify(src/megarover_samples_ros2) by extension 'colcon_pkg'
[0.408s] Level 1:colcon.colcon_core.package_identification:_identify(src/megarover_samples_ros2) by extensions ['colcon_meta']
[0.408s] Level 1:colcon.colcon_core.package_identification:_identify(src/megarover_samples_ros2) by extension 'colcon_meta'
[0.408s] Level 1:colcon.colcon_core.package_identification:_identify(src/megarover_samples_ros2) by extensions ['ros']
[0.408s] Level 1:colcon.colcon_core.package_identification:_identify(src/megarover_samples_ros2) by extension 'ros'
[0.414s] DEBUG:colcon.colcon_core.package_identification:Package 'src/megarover_samples_ros2' with type 'ros.ament_cmake' and name 'megarover_samples_ros2'
[0.414s] Level 1:colcon.colcon_core.package_identification:_identify(src/msg_interfaces) by extensions ['ignore', 'ignore_ament_install']
[0.414s] Level 1:colcon.colcon_core.package_identification:_identify(src/msg_interfaces) by extension 'ignore'
[0.414s] Level 1:colcon.colcon_core.package_identification:_identify(src/msg_interfaces) by extension 'ignore_ament_install'
[0.414s] Level 1:colcon.colcon_core.package_identification:_identify(src/msg_interfaces) by extensions ['colcon_pkg']
[0.414s] Level 1:colcon.colcon_core.package_identification:_identify(src/msg_interfaces) by extension 'colcon_pkg'
[0.414s] Level 1:colcon.colcon_core.package_identification:_identify(src/msg_interfaces) by extensions ['colcon_meta']
[0.414s] Level 1:colcon.colcon_core.package_identification:_identify(src/msg_interfaces) by extension 'colcon_meta'
[0.414s] Level 1:colcon.colcon_core.package_identification:_identify(src/msg_interfaces) by extensions ['ros']
[0.414s] Level 1:colcon.colcon_core.package_identification:_identify(src/msg_interfaces) by extension 'ros'
[0.415s] DEBUG:colcon.colcon_core.package_identification:Package 'src/msg_interfaces' with type 'ros.ament_cmake' and name 'msg_interfaces'
[0.415s] Level 1:colcon.colcon_core.package_identification:_identify(src/navigation) by extensions ['ignore', 'ignore_ament_install']
[0.415s] Level 1:colcon.colcon_core.package_identification:_identify(src/navigation) by extension 'ignore'
[0.415s] Level 1:colcon.colcon_core.package_identification:_identify(src/navigation) by extension 'ignore_ament_install'
[0.415s] Level 1:colcon.colcon_core.package_identification:_identify(src/navigation) by extensions ['colcon_pkg']
[0.415s] Level 1:colcon.colcon_core.package_identification:_identify(src/navigation) by extension 'colcon_pkg'
[0.415s] Level 1:colcon.colcon_core.package_identification:_identify(src/navigation) by extensions ['colcon_meta']
[0.415s] Level 1:colcon.colcon_core.package_identification:_identify(src/navigation) by extension 'colcon_meta'
[0.415s] Level 1:colcon.colcon_core.package_identification:_identify(src/navigation) by extensions ['ros']
[0.415s] Level 1:colcon.colcon_core.package_identification:_identify(src/navigation) by extension 'ros'
[0.415s] DEBUG:colcon.colcon_core.package_identification:Package 'src/navigation' with type 'ros.ament_cmake' and name 'navigation'
[0.415s] Level 1:colcon.colcon_core.package_discovery:discover_packages(recursive) using defaults
[0.415s] Level 1:colcon.colcon_core.package_discovery:discover_packages(ignore) discover
[0.415s] Level 1:colcon.colcon_core.package_discovery:discover_packages(ignore) using defaults
[0.415s] Level 1:colcon.colcon_core.package_discovery:discover_packages(path) discover
[0.415s] Level 1:colcon.colcon_core.package_discovery:discover_packages(path) using defaults
[0.441s] Level 1:colcon.colcon_core.package_discovery:discover_packages(prefix_path) check parameters
[0.441s] Level 1:colcon.colcon_core.package_discovery:discover_packages(prefix_path) discover
[0.445s] DEBUG:colcon.colcon_installed_package_information.package_discovery:Found 4 installed packages in /home/fhp/MobileRobot_ws/install
[0.446s] DEBUG:colcon.colcon_installed_package_information.package_discovery:Found 1 installed packages in /home/fhp/ROS2_Directory/Test_ws/install
[0.447s] DEBUG:colcon.colcon_installed_package_information.package_discovery:Found 335 installed packages in /opt/ros/humble
[0.448s] Level 1:colcon.colcon_core.package_discovery:discover_packages(prefix_path) using defaults
[0.507s] Level 5:colcon.colcon_core.verb:set package 'megarover_samples_ros2' build argument 'cmake_args' from command line to 'None'
[0.507s] Level 5:colcon.colcon_core.verb:set package 'megarover_samples_ros2' build argument 'cmake_target' from command line to 'None'
[0.507s] Level 5:colcon.colcon_core.verb:set package 'megarover_samples_ros2' build argument 'cmake_target_skip_unavailable' from command line to 'False'
[0.507s] Level 5:colcon.colcon_core.verb:set package 'megarover_samples_ros2' build argument 'cmake_clean_cache' from command line to 'False'
[0.507s] Level 5:colcon.colcon_core.verb:set package 'megarover_samples_ros2' build argument 'cmake_clean_first' from command line to 'False'
[0.507s] Level 5:colcon.colcon_core.verb:set package 'megarover_samples_ros2' build argument 'cmake_force_configure' from command line to 'False'
[0.507s] Level 5:colcon.colcon_core.verb:set package 'megarover_samples_ros2' build argument 'ament_cmake_args' from command line to 'None'
[0.507s] Level 5:colcon.colcon_core.verb:set package 'megarover_samples_ros2' build argument 'catkin_cmake_args' from command line to 'None'
[0.507s] Level 5:colcon.colcon_core.verb:set package 'megarover_samples_ros2' build argument 'catkin_skip_building_tests' from command line to 'False'
[0.507s] DEBUG:colcon.colcon_core.verb:Building package 'megarover_samples_ros2' with the following arguments: {'ament_cmake_args': None, 'build_base': '/home/fhp/MobileRobot_ws/build/megarover_samples_ros2', 'catkin_cmake_args': None, 'catkin_skip_building_tests': False, 'cmake_args': None, 'cmake_clean_cache': False, 'cmake_clean_first': False, 'cmake_force_configure': False, 'cmake_target': None, 'cmake_target_skip_unavailable': False, 'install_base': '/home/fhp/MobileRobot_ws/install/megarover_samples_ros2', 'merge_install': False, 'path': '/home/fhp/MobileRobot_ws/src/megarover_samples_ros2', 'symlink_install': True, 'test_result_base': None}
[0.508s] Level 5:colcon.colcon_core.verb:set package 'msg_interfaces' build argument 'cmake_args' from command line to 'None'
[0.508s] Level 5:colcon.colcon_core.verb:set package 'msg_interfaces' build argument 'cmake_target' from command line to 'None'
[0.508s] Level 5:colcon.colcon_core.verb:set package 'msg_interfaces' build argument 'cmake_target_skip_unavailable' from command line to 'False'
[0.508s] Level 5:colcon.colcon_core.verb:set package 'msg_interfaces' build argument 'cmake_clean_cache' from command line to 'False'
[0.508s] Level 5:colcon.colcon_core.verb:set package 'msg_interfaces' build argument 'cmake_clean_first' from command line to 'False'
[0.508s] Level 5:colcon.colcon_core.verb:set package 'msg_interfaces' build argument 'cmake_force_configure' from command line to 'False'
[0.508s] Level 5:colcon.colcon_core.verb:set package 'msg_interfaces' build argument 'ament_cmake_args' from command line to 'None'
[0.508s] Level 5:colcon.colcon_core.verb:set package 'msg_interfaces' build argument 'catkin_cmake_args' from command line to 'None'
[0.508s] Level 5:colcon.colcon_core.verb:set package 'msg_interfaces' build argument 'catkin_skip_building_tests' from command line to 'False'
[0.508s] DEBUG:colcon.colcon_core.verb:Building package 'msg_interfaces' with the following arguments: {'ament_cmake_args': None, 'build_base': '/home/fhp/MobileRobot_ws/build/msg_interfaces', 'catkin_cmake_args': None, 'catkin_skip_building_tests': False, 'cmake_args': None, 'cmake_clean_cache': False, 'cmake_clean_first': False, 'cmake_force_configure': False, 'cmake_target': None, 'cmake_target_skip_unavailable': False, 'install_base': '/home/fhp/MobileRobot_ws/install/msg_interfaces', 'merge_install': False, 'path': '/home/fhp/MobileRobot_ws/src/msg_interfaces', 'symlink_install': True, 'test_result_base': None}
[0.509s] Level 5:colcon.colcon_core.verb:set package 'navigation' build argument 'cmake_args' from command line to 'None'
[0.509s] Level 5:colcon.colcon_core.verb:set package 'navigation' build argument 'cmake_target' from command line to 'None'
[0.509s] Level 5:colcon.colcon_core.verb:set package 'navigation' build argument 'cmake_target_skip_unavailable' from command line to 'False'
[0.509s] Level 5:colcon.colcon_core.verb:set package 'navigation' build argument 'cmake_clean_cache' from command line to 'False'
[0.509s] Level 5:colcon.colcon_core.verb:set package 'navigation' build argument 'cmake_clean_first' from command line to 'False'
[0.509s] Level 5:colcon.colcon_core.verb:set package 'navigation' build argument 'cmake_force_configure' from command line to 'False'
[0.509s] Level 5:colcon.colcon_core.verb:set package 'navigation' build argument 'ament_cmake_args' from command line to 'None'
[0.509s] Level 5:colcon.colcon_core.verb:set package 'navigation' build argument 'catkin_cmake_args' from command line to 'None'
[0.509s] Level 5:colcon.colcon_core.verb:set package 'navigation' build argument 'catkin_skip_building_tests' from command line to 'False'
[0.509s] DEBUG:colcon.colcon_core.verb:Building package 'navigation' with the following arguments: {'ament_cmake_args': None, 'build_base': '/home/fhp/MobileRobot_ws/build/navigation', 'catkin_cmake_args': None, 'catkin_skip_building_tests': False, 'cmake_args': None, 'cmake_clean_cache': False, 'cmake_clean_first': False, 'cmake_force_configure': False, 'cmake_target': None, 'cmake_target_skip_unavailable': False, 'install_base': '/home/fhp/MobileRobot_ws/install/navigation', 'merge_install': False, 'path': '/home/fhp/MobileRobot_ws/src/navigation', 'symlink_install': True, 'test_result_base': None}
[0.509s] INFO:colcon.colcon_core.executor:Executing jobs using 'parallel' executor
[0.512s] DEBUG:colcon.colcon_parallel_executor.executor.parallel:run_until_complete
[0.512s] INFO:colcon.colcon_ros.task.ament_cmake.build:Building ROS package in '/home/fhp/MobileRobot_ws/src/megarover_samples_ros2' with build type 'ament_cmake'
[0.512s] INFO:colcon.colcon_cmake.task.cmake.build:Building CMake package in '/home/fhp/MobileRobot_ws/src/megarover_samples_ros2'
[0.521s] INFO:colcon.colcon_core.plugin_system:Skipping extension 'colcon_core.shell.bat': Not used on non-Windows systems
[0.522s] INFO:colcon.colcon_core.shell:Skip shell extension 'powershell' for command environment: Not usable outside of PowerShell
[0.522s] DEBUG:colcon.colcon_core.shell:Skip shell extension 'dsv' for command environment
[0.527s] INFO:colcon.colcon_ros.task.ament_cmake.build:Building ROS package in '/home/fhp/MobileRobot_ws/src/msg_interfaces' with build type 'ament_cmake'
[0.527s] INFO:colcon.colcon_cmake.task.cmake.build:Building CMake package in '/home/fhp/MobileRobot_ws/src/msg_interfaces'
[0.528s] INFO:colcon.colcon_core.shell:Skip shell extension 'powershell' for command environment: Not usable outside of PowerShell
[0.528s] DEBUG:colcon.colcon_core.shell:Skip shell extension 'dsv' for command environment
[0.534s] INFO:colcon.colcon_ros.task.ament_cmake.build:Building ROS package in '/home/fhp/MobileRobot_ws/src/navigation' with build type 'ament_cmake'
[0.535s] INFO:colcon.colcon_cmake.task.cmake.build:Building CMake package in '/home/fhp/MobileRobot_ws/src/navigation'
[0.537s] INFO:colcon.colcon_core.shell:Skip shell extension 'powershell' for command environment: Not usable outside of PowerShell
[0.537s] DEBUG:colcon.colcon_core.shell:Skip shell extension 'dsv' for command environment
[0.551s] DEBUG:colcon.colcon_core.event_handler.log_command:Invoking command in '/home/fhp/MobileRobot_ws/build/megarover_samples_ros2': CMAKE_PREFIX_PATH=${CMAKE_PREFIX_PATH}:/opt/ros/humble /usr/bin/cmake --build /home/fhp/MobileRobot_ws/build/megarover_samples_ros2 -- -j12 -l12
[0.559s] DEBUG:colcon.colcon_core.event_handler.log_command:Invoking command in '/home/fhp/MobileRobot_ws/build/msg_interfaces': CMAKE_PREFIX_PATH=${CMAKE_PREFIX_PATH}:/opt/ros/humble /usr/bin/cmake --build /home/fhp/MobileRobot_ws/build/msg_interfaces -- -j12 -l12
[0.564s] DEBUG:colcon.colcon_core.event_handler.log_command:Invoking command in '/home/fhp/MobileRobot_ws/build/navigation': CMAKE_PREFIX_PATH=${CMAKE_PREFIX_PATH}:/opt/ros/humble /usr/bin/cmake --build /home/fhp/MobileRobot_ws/build/navigation -- -j12 -l12
[0.641s] DEBUG:colcon.colcon_core.event_handler.log_command:Invoked command in '/home/fhp/MobileRobot_ws/build/megarover_samples_ros2' returned '0': CMAKE_PREFIX_PATH=${CMAKE_PREFIX_PATH}:/opt/ros/humble /usr/bin/cmake --build /home/fhp/MobileRobot_ws/build/megarover_samples_ros2 -- -j12 -l12
[0.721s] DEBUG:colcon.colcon_core.event_handler.log_command:Invoking command in '/home/fhp/MobileRobot_ws/build/megarover_samples_ros2': CMAKE_PREFIX_PATH=${CMAKE_PREFIX_PATH}:/opt/ros/humble /usr/bin/cmake --install /home/fhp/MobileRobot_ws/build/megarover_samples_ros2
[0.761s] Level 1:colcon.colcon_core.environment:create_environment_scripts_only(megarover_samples_ros2)
[0.764s] DEBUG:colcon.colcon_core.event_handler.log_command:Invoked command in '/home/fhp/MobileRobot_ws/build/megarover_samples_ros2' returned '0': CMAKE_PREFIX_PATH=${CMAKE_PREFIX_PATH}:/opt/ros/humble /usr/bin/cmake --install /home/fhp/MobileRobot_ws/build/megarover_samples_ros2
[0.776s] Level 1:colcon.colcon_core.environment:checking '/home/fhp/MobileRobot_ws/install/megarover_samples_ros2' for CMake module files
[0.777s] Level 1:colcon.colcon_core.environment:checking '/home/fhp/MobileRobot_ws/install/megarover_samples_ros2' for CMake config files
[0.778s] Level 1:colcon.colcon_core.shell:create_environment_hook('megarover_samples_ros2', 'cmake_prefix_path')
[0.781s] INFO:colcon.colcon_core.shell:Creating environment hook '/home/fhp/MobileRobot_ws/install/megarover_samples_ros2/share/megarover_samples_ros2/hook/cmake_prefix_path.ps1'
[0.783s] INFO:colcon.colcon_core.shell:Creating environment descriptor '/home/fhp/MobileRobot_ws/install/megarover_samples_ros2/share/megarover_samples_ros2/hook/cmake_prefix_path.dsv'
[0.784s] INFO:colcon.colcon_core.shell:Creating environment hook '/home/fhp/MobileRobot_ws/install/megarover_samples_ros2/share/megarover_samples_ros2/hook/cmake_prefix_path.sh'
[0.786s] Level 1:colcon.colcon_core.environment:checking '/home/fhp/MobileRobot_ws/install/megarover_samples_ros2/lib'
[0.786s] Level 1:colcon.colcon_core.shell:create_environment_hook('megarover_samples_ros2', 'ld_library_path_lib')
[0.787s] INFO:colcon.colcon_core.shell:Creating environment hook '/home/fhp/MobileRobot_ws/install/megarover_samples_ros2/share/megarover_samples_ros2/hook/ld_library_path_lib.ps1'
[0.788s] INFO:colcon.colcon_core.shell:Creating environment descriptor '/home/fhp/MobileRobot_ws/install/megarover_samples_ros2/share/megarover_samples_ros2/hook/ld_library_path_lib.dsv'
[0.789s] INFO:colcon.colcon_core.shell:Creating environment hook '/home/fhp/MobileRobot_ws/install/megarover_samples_ros2/share/megarover_samples_ros2/hook/ld_library_path_lib.sh'
[0.789s] Level 1:colcon.colcon_core.environment:checking '/home/fhp/MobileRobot_ws/install/megarover_samples_ros2/bin'
[0.789s] Level 1:colcon.colcon_core.environment:checking '/home/fhp/MobileRobot_ws/install/megarover_samples_ros2/lib/pkgconfig/megarover_samples_ros2.pc'
[0.789s] Level 1:colcon.colcon_core.environment:checking '/home/fhp/MobileRobot_ws/install/megarover_samples_ros2/lib/python3.10/site-packages'
[0.790s] Level 1:colcon.colcon_core.environment:checking '/home/fhp/MobileRobot_ws/install/megarover_samples_ros2/bin'
[0.791s] INFO:colcon.colcon_core.shell:Creating package script '/home/fhp/MobileRobot_ws/install/megarover_samples_ros2/share/megarover_samples_ros2/package.ps1'
[0.794s] INFO:colcon.colcon_core.shell:Creating package descriptor '/home/fhp/MobileRobot_ws/install/megarover_samples_ros2/share/megarover_samples_ros2/package.dsv'
[0.795s] INFO:colcon.colcon_core.shell:Creating package script '/home/fhp/MobileRobot_ws/install/megarover_samples_ros2/share/megarover_samples_ros2/package.sh'
[0.796s] INFO:colcon.colcon_core.shell:Creating package script '/home/fhp/MobileRobot_ws/install/megarover_samples_ros2/share/megarover_samples_ros2/package.bash'
[0.797s] INFO:colcon.colcon_core.shell:Creating package script '/home/fhp/MobileRobot_ws/install/megarover_samples_ros2/share/megarover_samples_ros2/package.zsh'
[0.797s] Level 1:colcon.colcon_core.environment:create_file_with_runtime_dependencies(/home/fhp/MobileRobot_ws/install/megarover_samples_ros2/share/colcon-core/packages/megarover_samples_ros2)
[0.833s] Level 1:colcon.colcon_core.environment:create_environment_scripts_only(megarover_samples_ros2)
[0.836s] Level 1:colcon.colcon_core.environment:checking '/home/fhp/MobileRobot_ws/install/megarover_samples_ros2' for CMake module files
[0.838s] Level 1:colcon.colcon_core.environment:checking '/home/fhp/MobileRobot_ws/install/megarover_samples_ros2' for CMake config files
[0.839s] Level 1:colcon.colcon_core.shell:create_environment_hook('megarover_samples_ros2', 'cmake_prefix_path')
[0.841s] INFO:colcon.colcon_core.shell:Creating environment hook '/home/fhp/MobileRobot_ws/install/megarover_samples_ros2/share/megarover_samples_ros2/hook/cmake_prefix_path.ps1'
[0.844s] INFO:colcon.colcon_core.shell:Creating environment descriptor '/home/fhp/MobileRobot_ws/install/megarover_samples_ros2/share/megarover_samples_ros2/hook/cmake_prefix_path.dsv'
[0.845s] INFO:colcon.colcon_core.shell:Creating environment hook '/home/fhp/MobileRobot_ws/install/megarover_samples_ros2/share/megarover_samples_ros2/hook/cmake_prefix_path.sh'
[0.847s] Level 1:colcon.colcon_core.environment:checking '/home/fhp/MobileRobot_ws/install/megarover_samples_ros2/lib'
[0.847s] Level 1:colcon.colcon_core.shell:create_environment_hook('megarover_samples_ros2', 'ld_library_path_lib')
[0.849s] INFO:colcon.colcon_core.shell:Creating environment hook '/home/fhp/MobileRobot_ws/install/megarover_samples_ros2/share/megarover_samples_ros2/hook/ld_library_path_lib.ps1'
[0.849s] INFO:colcon.colcon_core.shell:Creating environment descriptor '/home/fhp/MobileRobot_ws/install/megarover_samples_ros2/share/megarover_samples_ros2/hook/ld_library_path_lib.dsv'
[0.850s] INFO:colcon.colcon_core.shell:Creating environment hook '/home/fhp/MobileRobot_ws/install/megarover_samples_ros2/share/megarover_samples_ros2/hook/ld_library_path_lib.sh'
[0.851s] Level 1:colcon.colcon_core.environment:checking '/home/fhp/MobileRobot_ws/install/megarover_samples_ros2/bin'
[0.851s] Level 1:colcon.colcon_core.environment:checking '/home/fhp/MobileRobot_ws/install/megarover_samples_ros2/lib/pkgconfig/megarover_samples_ros2.pc'
[0.851s] Level 1:colcon.colcon_core.environment:checking '/home/fhp/MobileRobot_ws/install/megarover_samples_ros2/lib/python3.10/site-packages'
[0.851s] Level 1:colcon.colcon_core.environment:checking '/home/fhp/MobileRobot_ws/install/megarover_samples_ros2/bin'
[0.854s] INFO:colcon.colcon_core.shell:Creating package script '/home/fhp/MobileRobot_ws/install/megarover_samples_ros2/share/megarover_samples_ros2/package.ps1'
[0.855s] INFO:colcon.colcon_core.shell:Creating package descriptor '/home/fhp/MobileRobot_ws/install/megarover_samples_ros2/share/megarover_samples_ros2/package.dsv'
[0.857s] INFO:colcon.colcon_core.shell:Creating package script '/home/fhp/MobileRobot_ws/install/megarover_samples_ros2/share/megarover_samples_ros2/package.sh'
[0.859s] INFO:colcon.colcon_core.shell:Creating package script '/home/fhp/MobileRobot_ws/install/megarover_samples_ros2/share/megarover_samples_ros2/package.bash'
[0.860s] INFO:colcon.colcon_core.shell:Creating package script '/home/fhp/MobileRobot_ws/install/megarover_samples_ros2/share/megarover_samples_ros2/package.zsh'
[0.861s] Level 1:colcon.colcon_core.environment:create_file_with_runtime_dependencies(/home/fhp/MobileRobot_ws/install/megarover_samples_ros2/share/colcon-core/packages/megarover_samples_ros2)
[1.031s] DEBUG:colcon.colcon_core.event_handler.log_command:Invoked command in '/home/fhp/MobileRobot_ws/build/navigation' returned '0': CMAKE_PREFIX_PATH=${CMAKE_PREFIX_PATH}:/opt/ros/humble /usr/bin/cmake --build /home/fhp/MobileRobot_ws/build/navigation -- -j12 -l12
[1.056s] DEBUG:colcon.colcon_core.event_handler.log_command:Invoking command in '/home/fhp/MobileRobot_ws/build/navigation': CMAKE_PREFIX_PATH=${CMAKE_PREFIX_PATH}:/opt/ros/humble /usr/bin/cmake --install /home/fhp/MobileRobot_ws/build/navigation
[1.068s] DEBUG:colcon.colcon_core.event_handler.log_command:Invoked command in '/home/fhp/MobileRobot_ws/build/msg_interfaces' returned '0': CMAKE_PREFIX_PATH=${CMAKE_PREFIX_PATH}:/opt/ros/humble /usr/bin/cmake --build /home/fhp/MobileRobot_ws/build/msg_interfaces -- -j12 -l12
[1.078s] Level 1:colcon.colcon_core.environment:create_environment_scripts_only(navigation)
[1.078s] DEBUG:colcon.colcon_core.event_handler.log_command:Invoked command in '/home/fhp/MobileRobot_ws/build/navigation' returned '0': CMAKE_PREFIX_PATH=${CMAKE_PREFIX_PATH}:/opt/ros/humble /usr/bin/cmake --install /home/fhp/MobileRobot_ws/build/navigation
[1.080s] Level 1:colcon.colcon_core.environment:checking '/home/fhp/MobileRobot_ws/install/navigation' for CMake module files
[1.081s] Level 1:colcon.colcon_core.environment:checking '/home/fhp/MobileRobot_ws/install/navigation' for CMake config files
[1.082s] Level 1:colcon.colcon_core.shell:create_environment_hook('navigation', 'cmake_prefix_path')
[1.083s] INFO:colcon.colcon_core.shell:Creating environment hook '/home/fhp/MobileRobot_ws/install/navigation/share/navigation/hook/cmake_prefix_path.ps1'
[1.084s] INFO:colcon.colcon_core.shell:Creating environment descriptor '/home/fhp/MobileRobot_ws/install/navigation/share/navigation/hook/cmake_prefix_path.dsv'
[1.084s] INFO:colcon.colcon_core.shell:Creating environment hook '/home/fhp/MobileRobot_ws/install/navigation/share/navigation/hook/cmake_prefix_path.sh'
[1.085s] Level 1:colcon.colcon_core.environment:checking '/home/fhp/MobileRobot_ws/install/navigation/lib'
[1.085s] Level 1:colcon.colcon_core.environment:checking '/home/fhp/MobileRobot_ws/install/navigation/bin'
[1.085s] Level 1:colcon.colcon_core.environment:checking '/home/fhp/MobileRobot_ws/install/navigation/lib/pkgconfig/navigation.pc'
[1.086s] Level 1:colcon.colcon_core.environment:checking '/home/fhp/MobileRobot_ws/install/navigation/lib/python3.10/site-packages'
[1.086s] Level 1:colcon.colcon_core.environment:checking '/home/fhp/MobileRobot_ws/install/navigation/bin'
[1.088s] INFO:colcon.colcon_core.shell:Creating package script '/home/fhp/MobileRobot_ws/install/navigation/share/navigation/package.ps1'
[1.088s] INFO:colcon.colcon_core.shell:Creating package descriptor '/home/fhp/MobileRobot_ws/install/navigation/share/navigation/package.dsv'
[1.089s] INFO:colcon.colcon_core.shell:Creating package script '/home/fhp/MobileRobot_ws/install/navigation/share/navigation/package.sh'
[1.089s] INFO:colcon.colcon_core.shell:Creating package script '/home/fhp/MobileRobot_ws/install/navigation/share/navigation/package.bash'
[1.089s] INFO:colcon.colcon_core.shell:Creating package script '/home/fhp/MobileRobot_ws/install/navigation/share/navigation/package.zsh'
[1.089s] Level 1:colcon.colcon_core.environment:create_file_with_runtime_dependencies(/home/fhp/MobileRobot_ws/install/navigation/share/colcon-core/packages/navigation)
[1.115s] Level 1:colcon.colcon_core.environment:create_environment_scripts_only(navigation)
[1.117s] Level 1:colcon.colcon_core.environment:checking '/home/fhp/MobileRobot_ws/install/navigation' for CMake module files
[1.118s] Level 1:colcon.colcon_core.environment:checking '/home/fhp/MobileRobot_ws/install/navigation' for CMake config files
[1.118s] Level 1:colcon.colcon_core.shell:create_environment_hook('navigation', 'cmake_prefix_path')
[1.119s] INFO:colcon.colcon_core.shell:Creating environment hook '/home/fhp/MobileRobot_ws/install/navigation/share/navigation/hook/cmake_prefix_path.ps1'
[1.120s] INFO:colcon.colcon_core.shell:Creating environment descriptor '/home/fhp/MobileRobot_ws/install/navigation/share/navigation/hook/cmake_prefix_path.dsv'
[1.120s] INFO:colcon.colcon_core.shell:Creating environment hook '/home/fhp/MobileRobot_ws/install/navigation/share/navigation/hook/cmake_prefix_path.sh'
[1.120s] Level 1:colcon.colcon_core.environment:checking '/home/fhp/MobileRobot_ws/install/navigation/lib'
[1.120s] Level 1:colcon.colcon_core.environment:checking '/home/fhp/MobileRobot_ws/install/navigation/bin'
[1.121s] Level 1:colcon.colcon_core.environment:checking '/home/fhp/MobileRobot_ws/install/navigation/lib/pkgconfig/navigation.pc'
[1.121s] Level 1:colcon.colcon_core.environment:checking '/home/fhp/MobileRobot_ws/install/navigation/lib/python3.10/site-packages'
[1.121s] Level 1:colcon.colcon_core.environment:checking '/home/fhp/MobileRobot_ws/install/navigation/bin'
[1.122s] INFO:colcon.colcon_core.shell:Creating package script '/home/fhp/MobileRobot_ws/install/navigation/share/navigation/package.ps1'
[1.123s] INFO:colcon.colcon_core.shell:Creating package descriptor '/home/fhp/MobileRobot_ws/install/navigation/share/navigation/package.dsv'
[1.123s] INFO:colcon.colcon_core.shell:Creating package script '/home/fhp/MobileRobot_ws/install/navigation/share/navigation/package.sh'
[1.123s] INFO:colcon.colcon_core.shell:Creating package script '/home/fhp/MobileRobot_ws/install/navigation/share/navigation/package.bash'
[1.124s] INFO:colcon.colcon_core.shell:Creating package script '/home/fhp/MobileRobot_ws/install/navigation/share/navigation/package.zsh'
[1.124s] Level 1:colcon.colcon_core.environment:create_file_with_runtime_dependencies(/home/fhp/MobileRobot_ws/install/navigation/share/colcon-core/packages/navigation)
[1.145s] DEBUG:colcon.colcon_core.event_handler.log_command:Invoking command in '/home/fhp/MobileRobot_ws/build/msg_interfaces': CMAKE_PREFIX_PATH=${CMAKE_PREFIX_PATH}:/opt/ros/humble /usr/bin/cmake --install /home/fhp/MobileRobot_ws/build/msg_interfaces
[1.216s] Level 1:colcon.colcon_core.environment:create_environment_scripts_only(msg_interfaces)
[1.217s] Level 1:colcon.colcon_core.environment:checking '/home/fhp/MobileRobot_ws/install/msg_interfaces' for CMake module files
[1.218s] DEBUG:colcon.colcon_core.event_handler.log_command:Invoked command in '/home/fhp/MobileRobot_ws/build/msg_interfaces' returned '0': CMAKE_PREFIX_PATH=${CMAKE_PREFIX_PATH}:/opt/ros/humble /usr/bin/cmake --install /home/fhp/MobileRobot_ws/build/msg_interfaces
[1.219s] Level 1:colcon.colcon_core.environment:checking '/home/fhp/MobileRobot_ws/install/msg_interfaces' for CMake config files
[1.219s] Level 1:colcon.colcon_core.shell:create_environment_hook('msg_interfaces', 'cmake_prefix_path')
[1.220s] INFO:colcon.colcon_core.shell:Creating environment hook '/home/fhp/MobileRobot_ws/install/msg_interfaces/share/msg_interfaces/hook/cmake_prefix_path.ps1'
[1.221s] INFO:colcon.colcon_core.shell:Creating environment descriptor '/home/fhp/MobileRobot_ws/install/msg_interfaces/share/msg_interfaces/hook/cmake_prefix_path.dsv'
[1.221s] INFO:colcon.colcon_core.shell:Creating environment hook '/home/fhp/MobileRobot_ws/install/msg_interfaces/share/msg_interfaces/hook/cmake_prefix_path.sh'
[1.222s] Level 1:colcon.colcon_core.environment:checking '/home/fhp/MobileRobot_ws/install/msg_interfaces/lib'
[1.222s] Level 1:colcon.colcon_core.shell:create_environment_hook('msg_interfaces', 'ld_library_path_lib')
[1.224s] INFO:colcon.colcon_core.shell:Creating environment hook '/home/fhp/MobileRobot_ws/install/msg_interfaces/share/msg_interfaces/hook/ld_library_path_lib.ps1'
[1.224s] INFO:colcon.colcon_core.shell:Creating environment descriptor '/home/fhp/MobileRobot_ws/install/msg_interfaces/share/msg_interfaces/hook/ld_library_path_lib.dsv'
[1.224s] INFO:colcon.colcon_core.shell:Creating environment hook '/home/fhp/MobileRobot_ws/install/msg_interfaces/share/msg_interfaces/hook/ld_library_path_lib.sh'
[1.225s] Level 1:colcon.colcon_core.environment:checking '/home/fhp/MobileRobot_ws/install/msg_interfaces/bin'
[1.225s] Level 1:colcon.colcon_core.environment:checking '/home/fhp/MobileRobot_ws/install/msg_interfaces/lib/pkgconfig/msg_interfaces.pc'
[1.225s] Level 1:colcon.colcon_core.environment:checking '/home/fhp/MobileRobot_ws/install/msg_interfaces/lib/python3.10/site-packages'
[1.225s] Level 1:colcon.colcon_core.environment:checking '/home/fhp/MobileRobot_ws/install/msg_interfaces/bin'
[1.227s] INFO:colcon.colcon_core.shell:Creating package script '/home/fhp/MobileRobot_ws/install/msg_interfaces/share/msg_interfaces/package.ps1'
[1.227s] INFO:colcon.colcon_core.shell:Creating package descriptor '/home/fhp/MobileRobot_ws/install/msg_interfaces/share/msg_interfaces/package.dsv'
[1.228s] INFO:colcon.colcon_core.shell:Creating package script '/home/fhp/MobileRobot_ws/install/msg_interfaces/share/msg_interfaces/package.sh'
[1.228s] INFO:colcon.colcon_core.shell:Creating package script '/home/fhp/MobileRobot_ws/install/msg_interfaces/share/msg_interfaces/package.bash'
[1.228s] INFO:colcon.colcon_core.shell:Creating package script '/home/fhp/MobileRobot_ws/install/msg_interfaces/share/msg_interfaces/package.zsh'
[1.229s] Level 1:colcon.colcon_core.environment:create_file_with_runtime_dependencies(/home/fhp/MobileRobot_ws/install/msg_interfaces/share/colcon-core/packages/msg_interfaces)
[1.296s] Level 1:colcon.colcon_core.environment:create_environment_scripts_only(msg_interfaces)
[1.298s] Level 1:colcon.colcon_core.environment:checking '/home/fhp/MobileRobot_ws/install/msg_interfaces' for CMake module files
[1.298s] Level 1:colcon.colcon_core.environment:checking '/home/fhp/MobileRobot_ws/install/msg_interfaces' for CMake config files
[1.299s] Level 1:colcon.colcon_core.shell:create_environment_hook('msg_interfaces', 'cmake_prefix_path')
[1.300s] INFO:colcon.colcon_core.shell:Creating environment hook '/home/fhp/MobileRobot_ws/install/msg_interfaces/share/msg_interfaces/hook/cmake_prefix_path.ps1'
[1.300s] INFO:colcon.colcon_core.shell:Creating environment descriptor '/home/fhp/MobileRobot_ws/install/msg_interfaces/share/msg_interfaces/hook/cmake_prefix_path.dsv'
[1.301s] INFO:colcon.colcon_core.shell:Creating environment hook '/home/fhp/MobileRobot_ws/install/msg_interfaces/share/msg_interfaces/hook/cmake_prefix_path.sh'
[1.301s] Level 1:colcon.colcon_core.environment:checking '/home/fhp/MobileRobot_ws/install/msg_interfaces/lib'
[1.301s] Level 1:colcon.colcon_core.shell:create_environment_hook('msg_interfaces', 'ld_library_path_lib')
[1.303s] INFO:colcon.colcon_core.shell:Creating environment hook '/home/fhp/MobileRobot_ws/install/msg_interfaces/share/msg_interfaces/hook/ld_library_path_lib.ps1'
[1.303s] INFO:colcon.colcon_core.shell:Creating environment descriptor '/home/fhp/MobileRobot_ws/install/msg_interfaces/share/msg_interfaces/hook/ld_library_path_lib.dsv'
[1.303s] INFO:colcon.colcon_core.shell:Creating environment hook '/home/fhp/MobileRobot_ws/install/msg_interfaces/share/msg_interfaces/hook/ld_library_path_lib.sh'
[1.304s] Level 1:colcon.colcon_core.environment:checking '/home/fhp/MobileRobot_ws/install/msg_interfaces/bin'
[1.304s] Level 1:colcon.colcon_core.environment:checking '/home/fhp/MobileRobot_ws/install/msg_interfaces/lib/pkgconfig/msg_interfaces.pc'
[1.304s] Level 1:colcon.colcon_core.environment:checking '/home/fhp/MobileRobot_ws/install/msg_interfaces/lib/python3.10/site-packages'
[1.304s] Level 1:colcon.colcon_core.environment:checking '/home/fhp/MobileRobot_ws/install/msg_interfaces/bin'
[1.306s] INFO:colcon.colcon_core.shell:Creating package script '/home/fhp/MobileRobot_ws/install/msg_interfaces/share/msg_interfaces/package.ps1'
[1.307s] INFO:colcon.colcon_core.shell:Creating package descriptor '/home/fhp/MobileRobot_ws/install/msg_interfaces/share/msg_interfaces/package.dsv'
[1.308s] INFO:colcon.colcon_core.shell:Creating package script '/home/fhp/MobileRobot_ws/install/msg_interfaces/share/msg_interfaces/package.sh'
[1.308s] INFO:colcon.colcon_core.shell:Creating package script '/home/fhp/MobileRobot_ws/install/msg_interfaces/share/msg_interfaces/package.bash'
[1.308s] INFO:colcon.colcon_core.shell:Creating package script '/home/fhp/MobileRobot_ws/install/msg_interfaces/share/msg_interfaces/package.zsh'
[1.308s] Level 1:colcon.colcon_core.environment:create_file_with_runtime_dependencies(/home/fhp/MobileRobot_ws/install/msg_interfaces/share/colcon-core/packages/msg_interfaces)
[1.309s] DEBUG:colcon.colcon_parallel_executor.executor.parallel:closing loop
[1.309s] DEBUG:colcon.colcon_parallel_executor.executor.parallel:loop closed
[1.309s] DEBUG:colcon.colcon_parallel_executor.executor.parallel:run_until_complete finished with '0'
[1.309s] DEBUG:colcon.colcon_core.event_reactor:joining thread
[1.316s] INFO:colcon.colcon_core.plugin_system:Skipping extension 'colcon_notification.desktop_notification.terminal_notifier': Not used on non-Darwin systems
[1.316s] INFO:colcon.colcon_core.plugin_system:Skipping extension 'colcon_notification.desktop_notification.win32': Not used on non-Windows systems
[1.316s] INFO:colcon.colcon_notification.desktop_notification:Sending desktop notification using 'notify2'
[1.332s] DEBUG:colcon.colcon_core.event_reactor:joined thread
[1.333s] INFO:colcon.colcon_core.shell:Creating prefix script '/home/fhp/MobileRobot_ws/install/local_setup.ps1'
[1.335s] INFO:colcon.colcon_core.shell:Creating prefix util module '/home/fhp/MobileRobot_ws/install/_local_setup_util_ps1.py'
[1.337s] INFO:colcon.colcon_core.shell:Creating prefix chain script '/home/fhp/MobileRobot_ws/install/setup.ps1'
[1.341s] INFO:colcon.colcon_core.shell:Creating prefix script '/home/fhp/MobileRobot_ws/install/local_setup.sh'
[1.342s] INFO:colcon.colcon_core.shell:Creating prefix util module '/home/fhp/MobileRobot_ws/install/_local_setup_util_sh.py'
[1.342s] INFO:colcon.colcon_core.shell:Creating prefix chain script '/home/fhp/MobileRobot_ws/install/setup.sh'
[1.344s] INFO:colcon.colcon_core.shell:Creating prefix script '/home/fhp/MobileRobot_ws/install/local_setup.bash'
[1.345s] INFO:colcon.colcon_core.shell:Creating prefix chain script '/home/fhp/MobileRobot_ws/install/setup.bash'
[1.346s] INFO:colcon.colcon_core.shell:Creating prefix script '/home/fhp/MobileRobot_ws/install/local_setup.zsh'
[1.347s] INFO:colcon.colcon_core.shell:Creating prefix chain script '/home/fhp/MobileRobot_ws/install/setup.zsh'
