[0.015s] Invoking command in '/home/fhp/FRA532-MobileRobot/MobileRobot_ws/build/navigation': CMAKE_PREFIX_PATH=${CMAKE_PREFIX_PATH}:/opt/ros/humble /usr/bin/cmake /home/fhp/FRA532-MobileRobot/MobileRobot_ws/src/navigation -DAMENT_CMAKE_SYMLINK_INSTALL=1 -DCMAKE_INSTALL_PREFIX=/home/fhp/FRA532-MobileRobot/MobileRobot_ws/install/navigation
[0.113s] -- The C compiler identification is GNU 11.3.0
[0.187s] -- The CXX compiler identification is GNU 11.3.0
[0.193s] -- Detecting C compiler ABI info
[0.258s] -- Detecting C compiler ABI info - done
[0.265s] -- Check for working C compiler: /usr/bin/cc - skipped
[0.265s] -- Detecting C compile features
[0.265s] -- Detecting C compile features - done
[0.268s] -- Detecting CXX compiler ABI info
[0.341s] -- Detecting CXX compiler ABI info - done
[0.351s] -- Check for working CXX compiler: /usr/bin/c++ - skipped
[0.351s] -- Detecting CXX compile features
[0.352s] -- Detecting CXX compile features - done
[0.360s] -- Found ament_cmake: 1.3.3 (/opt/ros/humble/share/ament_cmake/cmake)
[0.547s] -- Found Python3: /usr/bin/python3.10 (found version "3.10.6") found components: Interpreter 
[0.631s] -- Override CMake install command with custom implementation using symlinks instead of copying resources
[0.652s] -- Found ament_lint_auto: 0.12.5 (/opt/ros/humble/share/ament_lint_auto/cmake)
[0.718s] -- Added test 'flake8' to check Python code syntax and style conventions
[0.718s] -- Added test 'lint_cmake' to check CMake code style
[0.719s] -- Added test 'pep257' to check Python code against some of the docstring style conventions in PEP 257
[0.720s] -- Added test 'xmllint' to check XML markup files
[0.721s] -- Configuring done
[0.723s] -- Generating done
[0.724s] -- Build files have been written to: /home/fhp/FRA532-MobileRobot/MobileRobot_ws/build/navigation
[0.728s] Invoked command in '/home/fhp/FRA532-MobileRobot/MobileRobot_ws/build/navigation' returned '0': CMAKE_PREFIX_PATH=${CMAKE_PREFIX_PATH}:/opt/ros/humble /usr/bin/cmake /home/fhp/FRA532-MobileRobot/MobileRobot_ws/src/navigation -DAMENT_CMAKE_SYMLINK_INSTALL=1 -DCMAKE_INSTALL_PREFIX=/home/fhp/FRA532-MobileRobot/MobileRobot_ws/install/navigation
[0.731s] Invoking command in '/home/fhp/FRA532-MobileRobot/MobileRobot_ws/build/navigation': CMAKE_PREFIX_PATH=${CMAKE_PREFIX_PATH}:/opt/ros/humble /usr/bin/cmake --build /home/fhp/FRA532-MobileRobot/MobileRobot_ws/build/navigation -- -j12 -l12
[0.762s] Invoked command in '/home/fhp/FRA532-MobileRobot/MobileRobot_ws/build/navigation' returned '0': CMAKE_PREFIX_PATH=${CMAKE_PREFIX_PATH}:/opt/ros/humble /usr/bin/cmake --build /home/fhp/FRA532-MobileRobot/MobileRobot_ws/build/navigation -- -j12 -l12
[0.791s] Invoking command in '/home/fhp/FRA532-MobileRobot/MobileRobot_ws/build/navigation': CMAKE_PREFIX_PATH=${CMAKE_PREFIX_PATH}:/opt/ros/humble /usr/bin/cmake --install /home/fhp/FRA532-MobileRobot/MobileRobot_ws/build/navigation
[0.797s] -- Install configuration: ""
[0.797s] -- Execute custom install script
[0.798s] -- Symlinking: /home/fhp/FRA532-MobileRobot/MobileRobot_ws/install/navigation/lib/navigation/GlobalPlanning_A-star.py
[0.807s] -- Symlinking: /home/fhp/FRA532-MobileRobot/MobileRobot_ws/install/navigation/lib/navigation/path_tracking.py
[0.820s] -- Symlinking: /home/fhp/FRA532-MobileRobot/MobileRobot_ws/install/navigation/lib/navigation/Behavior_server.py
[0.828s] -- Symlinking: /home/fhp/FRA532-MobileRobot/MobileRobot_ws/install/navigation/share/navigation/launch/navigate_with_static_environment.launch.py
[0.836s] -- Symlinking: /home/fhp/FRA532-MobileRobot/MobileRobot_ws/install/navigation/share/ament_index/resource_index/package_run_dependencies/navigation
[0.844s] -- Symlinking: /home/fhp/FRA532-MobileRobot/MobileRobot_ws/install/navigation/share/ament_index/resource_index/parent_prefix_path/navigation
[0.852s] -- Symlinking: /home/fhp/FRA532-MobileRobot/MobileRobot_ws/install/navigation/share/navigation/environment/ament_prefix_path.sh
[0.859s] -- Symlinking: /home/fhp/FRA532-MobileRobot/MobileRobot_ws/install/navigation/share/navigation/environment/ament_prefix_path.dsv
[0.867s] -- Symlinking: /home/fhp/FRA532-MobileRobot/MobileRobot_ws/install/navigation/share/navigation/environment/path.sh
[0.874s] -- Symlinking: /home/fhp/FRA532-MobileRobot/MobileRobot_ws/install/navigation/share/navigation/environment/path.dsv
[0.882s] -- Symlinking: /home/fhp/FRA532-MobileRobot/MobileRobot_ws/install/navigation/share/navigation/local_setup.bash
[0.889s] -- Symlinking: /home/fhp/FRA532-MobileRobot/MobileRobot_ws/install/navigation/share/navigation/local_setup.sh
[0.897s] -- Symlinking: /home/fhp/FRA532-MobileRobot/MobileRobot_ws/install/navigation/share/navigation/local_setup.zsh
[0.905s] -- Symlinking: /home/fhp/FRA532-MobileRobot/MobileRobot_ws/install/navigation/share/navigation/local_setup.dsv
[0.913s] -- Symlinking: /home/fhp/FRA532-MobileRobot/MobileRobot_ws/install/navigation/share/navigation/package.dsv
[0.920s] -- Symlinking: /home/fhp/FRA532-MobileRobot/MobileRobot_ws/install/navigation/share/ament_index/resource_index/packages/navigation
[0.928s] -- Symlinking: /home/fhp/FRA532-MobileRobot/MobileRobot_ws/install/navigation/share/navigation/cmake/navigationConfig.cmake
[0.937s] -- Symlinking: /home/fhp/FRA532-MobileRobot/MobileRobot_ws/install/navigation/share/navigation/cmake/navigationConfig-version.cmake
[0.944s] -- Symlinking: /home/fhp/FRA532-MobileRobot/MobileRobot_ws/install/navigation/share/navigation/package.xml
[0.956s] Invoked command in '/home/fhp/FRA532-MobileRobot/MobileRobot_ws/build/navigation' returned '0': CMAKE_PREFIX_PATH=${CMAKE_PREFIX_PATH}:/opt/ros/humble /usr/bin/cmake --install /home/fhp/FRA532-MobileRobot/MobileRobot_ws/build/navigation
