[0.019s] Invoking command in '/home/fhp/FRA532-MobileRobot/MobileRobot_ws/build/navigation': CMAKE_PREFIX_PATH=${CMAKE_PREFIX_PATH}:/opt/ros/humble /usr/bin/cmake --build /home/fhp/FRA532-MobileRobot/MobileRobot_ws/build/navigation -- -j12 -l12
[0.079s] Invoked command in '/home/fhp/FRA532-MobileRobot/MobileRobot_ws/build/navigation' returned '0': CMAKE_PREFIX_PATH=${CMAKE_PREFIX_PATH}:/opt/ros/humble /usr/bin/cmake --build /home/fhp/FRA532-MobileRobot/MobileRobot_ws/build/navigation -- -j12 -l12
[0.105s] Invoking command in '/home/fhp/FRA532-MobileRobot/MobileRobot_ws/build/navigation': CMAKE_PREFIX_PATH=${CMAKE_PREFIX_PATH}:/opt/ros/humble /usr/bin/cmake --install /home/fhp/FRA532-MobileRobot/MobileRobot_ws/build/navigation
[0.112s] -- Install configuration: ""
[0.112s] -- Execute custom install script
[0.113s] -- Up-to-date symlink: /home/fhp/FRA532-MobileRobot/MobileRobot_ws/install/navigation/lib/navigation/GlobalPlanning_A-star.py
[0.113s] -- Up-to-date symlink: /home/fhp/FRA532-MobileRobot/MobileRobot_ws/install/navigation/lib/navigation/path_tracking.py
[0.113s] -- Up-to-date symlink: /home/fhp/FRA532-MobileRobot/MobileRobot_ws/install/navigation/lib/navigation/Behavior_server.py
[0.114s] -- Up-to-date symlink: /home/fhp/FRA532-MobileRobot/MobileRobot_ws/install/navigation/lib/navigation/LocalPlanning_PotentialField.py
[0.114s] -- Up-to-date symlink: /home/fhp/FRA532-MobileRobot/MobileRobot_ws/install/navigation/share/navigation/launch/navigate_with_static_environment.launch.py
[0.114s] -- Up-to-date symlink: /home/fhp/FRA532-MobileRobot/MobileRobot_ws/install/navigation/share/ament_index/resource_index/package_run_dependencies/navigation
[0.115s] -- Up-to-date symlink: /home/fhp/FRA532-MobileRobot/MobileRobot_ws/install/navigation/share/ament_index/resource_index/parent_prefix_path/navigation
[0.115s] -- Up-to-date symlink: /home/fhp/FRA532-MobileRobot/MobileRobot_ws/install/navigation/share/navigation/environment/ament_prefix_path.sh
[0.115s] -- Up-to-date symlink: /home/fhp/FRA532-MobileRobot/MobileRobot_ws/install/navigation/share/navigation/environment/ament_prefix_path.dsv
[0.115s] -- Up-to-date symlink: /home/fhp/FRA532-MobileRobot/MobileRobot_ws/install/navigation/share/navigation/environment/path.sh
[0.115s] -- Up-to-date symlink: /home/fhp/FRA532-MobileRobot/MobileRobot_ws/install/navigation/share/navigation/environment/path.dsv
[0.116s] -- Up-to-date symlink: /home/fhp/FRA532-MobileRobot/MobileRobot_ws/install/navigation/share/navigation/local_setup.bash
[0.116s] -- Up-to-date symlink: /home/fhp/FRA532-MobileRobot/MobileRobot_ws/install/navigation/share/navigation/local_setup.sh
[0.116s] -- Up-to-date symlink: /home/fhp/FRA532-MobileRobot/MobileRobot_ws/install/navigation/share/navigation/local_setup.zsh
[0.116s] -- Up-to-date symlink: /home/fhp/FRA532-MobileRobot/MobileRobot_ws/install/navigation/share/navigation/local_setup.dsv
[0.116s] -- Symlinking: /home/fhp/FRA532-MobileRobot/MobileRobot_ws/install/navigation/share/navigation/package.dsv
[0.125s] -- Up-to-date symlink: /home/fhp/FRA532-MobileRobot/MobileRobot_ws/install/navigation/share/ament_index/resource_index/packages/navigation
[0.125s] -- Up-to-date symlink: /home/fhp/FRA532-MobileRobot/MobileRobot_ws/install/navigation/share/navigation/cmake/navigationConfig.cmake
[0.127s] -- Up-to-date symlink: /home/fhp/FRA532-MobileRobot/MobileRobot_ws/install/navigation/share/navigation/cmake/navigationConfig-version.cmake
[0.128s] -- Up-to-date symlink: /home/fhp/FRA532-MobileRobot/MobileRobot_ws/install/navigation/share/navigation/package.xml
[0.129s] Invoked command in '/home/fhp/FRA532-MobileRobot/MobileRobot_ws/build/navigation' returned '0': CMAKE_PREFIX_PATH=${CMAKE_PREFIX_PATH}:/opt/ros/humble /usr/bin/cmake --install /home/fhp/FRA532-MobileRobot/MobileRobot_ws/build/navigation
