-- Found ament_cmake: 1.3.3 (/opt/ros/humble/share/ament_cmake/cmake)
-- Override CMake install command with custom implementation using symlinks instead of copying resources
-- Found gazebo_ros_pkgs: 3.7.0 (/opt/ros/humble/share/gazebo_ros_pkgs/cmake)
-- Found sensor_msgs: 4.2.3 (/opt/ros/humble/share/sensor_msgs/cmake)
-- Found rosidl_generator_c: 3.1.4 (/opt/ros/humble/share/rosidl_generator_c/cmake)
-- Found rosidl_adapter: 3.1.4 (/opt/ros/humble/share/rosidl_adapter/cmake)
-- Found rosidl_generator_cpp: 3.1.4 (/opt/ros/humble/share/rosidl_generator_cpp/cmake)
-- Using all available rosidl_typesupport_c: rosidl_typesupport_fastrtps_c;rosidl_typesupport_introspection_c
-- Using all available rosidl_typesupport_cpp: rosidl_typesupport_fastrtps_cpp;rosidl_typesupport_introspection_cpp
-- Found ament_lint_auto: 0.12.5 (/opt/ros/humble/share/ament_lint_auto/cmake)
-- Found rosidl_default_generators: 1.2.0 (/opt/ros/humble/share/rosidl_default_generators/cmake)
-- Found ament_cmake_ros: 0.10.0 (/opt/ros/humble/share/ament_cmake_ros/cmake)
-- Using all available rosidl_typesupport_c: rosidl_typesupport_fastrtps_c;rosidl_typesupport_introspection_c
-- Using all available rosidl_typesupport_cpp: rosidl_typesupport_fastrtps_cpp;rosidl_typesupport_introspection_cpp
-- Found PythonInterp: /usr/bin/python3 (found suitable version "3.10.6", minimum required is "3.6") 
-- Found python_cmake_module: 0.10.0 (/opt/ros/humble/share/python_cmake_module/cmake)
-- Found PythonLibs: /usr/lib/x86_64-linux-gnu/libpython3.10.so (found suitable version "3.10.6", minimum required is "3.5") 
-- Using PYTHON_EXECUTABLE: /usr/bin/python3
-- Using PYTHON_INCLUDE_DIRS: /usr/include/python3.10
-- Using PYTHON_LIBRARIES: /usr/lib/x86_64-linux-gnu/libpython3.10.so
-- Found PythonExtra: .so  
-- Added test 'copyright' to check source files copyright and LICENSE
-- Added test 'cppcheck' to perform static code analysis on C / C++ code
-- Configured cppcheck include dirs: 
-- Configured cppcheck exclude dirs and/or files: 
-- Added test 'cpplint' to check C / C++ code against the Google style
-- Configured cpplint exclude dirs and/or files: 
-- Added test 'flake8' to check Python code syntax and style conventions
-- Added test 'lint_cmake' to check CMake code style
-- Added test 'pep257' to check Python code against some of the docstring style conventions in PEP 257
-- Added test 'uncrustify' to check C / C++ code style
-- Configured uncrustify additional arguments: 
-- Added test 'xmllint' to check XML markup files
-- Configuring done
-- Generating done
-- Build files have been written to: /home/fhp/MobileRobot_ws/build/megarover_samples_ros2
[  3%] [34m[1mGenerating C code for ROS interfaces[0m
[35m[1mConsolidate compiler generated dependencies of target pub_odom[0m
[  9%] [34m[1mGenerating C++ code for ROS interfaces[0m
[  9%] [32mBuilding CXX object CMakeFiles/pub_odom.dir/src/pub_odom.cpp.o[0m
[  9%] Built target ament_cmake_python_symlink_megarover_samples_ros2
[ 12%] [32m[1mLinking CXX executable pub_odom[0m
[ 12%] Built target pub_odom
running egg_info
creating megarover_samples_ros2.egg-info
writing megarover_samples_ros2.egg-info/PKG-INFO
writing dependency_links to megarover_samples_ros2.egg-info/dependency_links.txt
writing top-level names to megarover_samples_ros2.egg-info/top_level.txt
writing manifest file 'megarover_samples_ros2.egg-info/SOURCES.txt'
reading manifest file 'megarover_samples_ros2.egg-info/SOURCES.txt'
writing manifest file 'megarover_samples_ros2.egg-info/SOURCES.txt'
[ 12%] Built target megarover_samples_ros2__cpp
[ 21%] [34m[1mGenerating C++ type support dispatch for ROS interfaces[0m
[ 21%] [34m[1mGenerating C++ type support for eProsima Fast-RTPS[0m
[ 21%] [34m[1mGenerating C++ introspection for ROS interfaces[0m
[ 24%] [32mBuilding C object CMakeFiles/megarover_samples_ros2__rosidl_generator_c.dir/rosidl_generator_c/megarover_samples_ros2/srv/detail/goal_path__functions.c.o[0m
[ 24%] Built target ament_cmake_python_build_megarover_samples_ros2_egg
[ 27%] [32m[1mLinking C shared library libmegarover_samples_ros2__rosidl_generator_c.so[0m
[ 27%] Built target megarover_samples_ros2__rosidl_generator_c
[ 36%] [34m[1mGenerating C type support dispatch for ROS interfaces[0m
[ 36%] [34m[1mGenerating C introspection for ROS interfaces[0m
[ 36%] [34m[1mGenerating C type support for eProsima Fast-RTPS[0m
[ 39%] [32mBuilding CXX object CMakeFiles/megarover_samples_ros2__rosidl_typesupport_cpp.dir/rosidl_typesupport_cpp/megarover_samples_ros2/srv/goal_path__type_support.cpp.o[0m
[ 42%] [32mBuilding CXX object CMakeFiles/megarover_samples_ros2__rosidl_typesupport_introspection_cpp.dir/rosidl_typesupport_introspection_cpp/megarover_samples_ros2/srv/detail/goal_path__type_support.cpp.o[0m
[ 45%] [32mBuilding CXX object CMakeFiles/megarover_samples_ros2__rosidl_typesupport_fastrtps_cpp.dir/rosidl_typesupport_fastrtps_cpp/megarover_samples_ros2/srv/detail/dds_fastrtps/goal_path__type_support.cpp.o[0m
[ 48%] [32mBuilding CXX object CMakeFiles/megarover_samples_ros2__rosidl_typesupport_c.dir/rosidl_typesupport_c/megarover_samples_ros2/srv/goal_path__type_support.cpp.o[0m
[ 51%] [32mBuilding C object CMakeFiles/megarover_samples_ros2__rosidl_typesupport_introspection_c.dir/rosidl_typesupport_introspection_c/megarover_samples_ros2/srv/detail/goal_path__type_support.c.o[0m
[ 54%] [32mBuilding CXX object CMakeFiles/megarover_samples_ros2__rosidl_typesupport_fastrtps_c.dir/rosidl_typesupport_fastrtps_c/megarover_samples_ros2/srv/detail/goal_path__type_support_c.cpp.o[0m
[ 57%] [32m[1mLinking CXX shared library libmegarover_samples_ros2__rosidl_typesupport_c.so[0m
[ 60%] [32m[1mLinking C shared library libmegarover_samples_ros2__rosidl_typesupport_introspection_c.so[0m
[ 60%] Built target megarover_samples_ros2__rosidl_typesupport_c
[ 60%] Built target megarover_samples_ros2__rosidl_typesupport_introspection_c
[ 63%] [32m[1mLinking CXX shared library libmegarover_samples_ros2__rosidl_typesupport_cpp.so[0m
[ 63%] Built target megarover_samples_ros2__rosidl_typesupport_cpp
[ 66%] [32m[1mLinking CXX shared library libmegarover_samples_ros2__rosidl_typesupport_introspection_cpp.so[0m
[ 69%] [32m[1mLinking CXX shared library libmegarover_samples_ros2__rosidl_typesupport_fastrtps_cpp.so[0m
[ 72%] [32m[1mLinking CXX shared library libmegarover_samples_ros2__rosidl_typesupport_fastrtps_c.so[0m
[ 72%] Built target megarover_samples_ros2__rosidl_typesupport_introspection_cpp
[ 72%] Built target megarover_samples_ros2__rosidl_typesupport_fastrtps_cpp
[ 72%] Built target megarover_samples_ros2__rosidl_typesupport_fastrtps_c
[ 72%] Built target megarover_samples_ros2
[ 75%] [34m[1mGenerating Python code for ROS interfaces[0m
[ 75%] Built target megarover_samples_ros2__py
[ 78%] [32mBuilding C object CMakeFiles/megarover_samples_ros2__rosidl_generator_py.dir/rosidl_generator_py/megarover_samples_ros2/srv/_goal_path_s.c.o[0m
[ 81%] [32m[1mLinking C shared library rosidl_generator_py/megarover_samples_ros2/libmegarover_samples_ros2__rosidl_generator_py.so[0m
[ 81%] Built target megarover_samples_ros2__rosidl_generator_py
[ 87%] [32mBuilding C object CMakeFiles/megarover_samples_ros2__rosidl_typesupport_fastrtps_c__pyext.dir/rosidl_generator_py/megarover_samples_ros2/_megarover_samples_ros2_s.ep.rosidl_typesupport_fastrtps_c.c.o[0m
[ 87%] [32mBuilding C object CMakeFiles/megarover_samples_ros2__rosidl_typesupport_introspection_c__pyext.dir/rosidl_generator_py/megarover_samples_ros2/_megarover_samples_ros2_s.ep.rosidl_typesupport_introspection_c.c.o[0m
[ 90%] [32mBuilding C object CMakeFiles/megarover_samples_ros2__rosidl_typesupport_c__pyext.dir/rosidl_generator_py/megarover_samples_ros2/_megarover_samples_ros2_s.ep.rosidl_typesupport_c.c.o[0m
[ 93%] [32m[1mLinking C shared library rosidl_generator_py/megarover_samples_ros2/megarover_samples_ros2_s__rosidl_typesupport_fastrtps_c.cpython-310-x86_64-linux-gnu.so[0m
[ 96%] [32m[1mLinking C shared library rosidl_generator_py/megarover_samples_ros2/megarover_samples_ros2_s__rosidl_typesupport_introspection_c.cpython-310-x86_64-linux-gnu.so[0m
[100%] [32m[1mLinking C shared library rosidl_generator_py/megarover_samples_ros2/megarover_samples_ros2_s__rosidl_typesupport_c.cpython-310-x86_64-linux-gnu.so[0m
[100%] Built target megarover_samples_ros2__rosidl_typesupport_fastrtps_c__pyext
[100%] Built target megarover_samples_ros2__rosidl_typesupport_introspection_c__pyext
[100%] Built target megarover_samples_ros2__rosidl_typesupport_c__pyext
-- Install configuration: ""
-- Execute custom install script
-- Up-to-date symlink: /home/fhp/MobileRobot_ws/install/megarover_samples_ros2/lib/megarover_samples_ros2/pub_odom
-- Up-to-date symlink: /home/fhp/MobileRobot_ws/install/megarover_samples_ros2/share/megarover_samples_ros2/config/diff_drive_controller.yaml
-- Up-to-date symlink: /home/fhp/MobileRobot_ws/install/megarover_samples_ros2/share/megarover_samples_ros2/config/mapper_params_online_sync.yaml
-- Up-to-date symlink: /home/fhp/MobileRobot_ws/install/megarover_samples_ros2/share/megarover_samples_ros2/config/navigation_param.yaml
-- Up-to-date symlink: /home/fhp/MobileRobot_ws/install/megarover_samples_ros2/share/megarover_samples_ros2/launch/__pycache__/vmegarover_mapping.launch.cpython-310.pyc
-- Up-to-date symlink: /home/fhp/MobileRobot_ws/install/megarover_samples_ros2/share/megarover_samples_ros2/launch/__pycache__/vmegarover_with_sample_world.launch.cpython-310.pyc
-- Up-to-date symlink: /home/fhp/MobileRobot_ws/install/megarover_samples_ros2/share/megarover_samples_ros2/launch/robot_state_publisher.launch.py
-- Up-to-date symlink: /home/fhp/MobileRobot_ws/install/megarover_samples_ros2/share/megarover_samples_ros2/launch/vmegarover_mapping.launch.py
-- Up-to-date symlink: /home/fhp/MobileRobot_ws/install/megarover_samples_ros2/share/megarover_samples_ros2/launch/vmegarover_navigation.launch.py
-- Up-to-date symlink: /home/fhp/MobileRobot_ws/install/megarover_samples_ros2/share/megarover_samples_ros2/launch/vmegarover_save_map.launch.py
-- Up-to-date symlink: /home/fhp/MobileRobot_ws/install/megarover_samples_ros2/share/megarover_samples_ros2/launch/vmegarover_with_empty_world.launch.py
-- Up-to-date symlink: /home/fhp/MobileRobot_ws/install/megarover_samples_ros2/share/megarover_samples_ros2/launch/vmegarover_with_sample_world.launch.py
-- Up-to-date symlink: /home/fhp/MobileRobot_ws/install/megarover_samples_ros2/share/megarover_samples_ros2/maps/vmegarover_samplemap.pgm
-- Up-to-date symlink: /home/fhp/MobileRobot_ws/install/megarover_samples_ros2/share/megarover_samples_ros2/maps/vmegarover_samplemap.yaml
-- Up-to-date symlink: /home/fhp/MobileRobot_ws/install/megarover_samples_ros2/share/megarover_samples_ros2/models/vmegarover/meshes/dae/lrf.dae
-- Up-to-date symlink: /home/fhp/MobileRobot_ws/install/megarover_samples_ros2/share/megarover_samples_ros2/models/vmegarover/meshes/dae/main_body.dae
-- Up-to-date symlink: /home/fhp/MobileRobot_ws/install/megarover_samples_ros2/share/megarover_samples_ros2/models/vmegarover/meshes/dae/megarover.dae
-- Up-to-date symlink: /home/fhp/MobileRobot_ws/install/megarover_samples_ros2/share/megarover_samples_ros2/models/vmegarover/meshes/dae/r5.png
-- Up-to-date symlink: /home/fhp/MobileRobot_ws/install/megarover_samples_ros2/share/megarover_samples_ros2/models/vmegarover/meshes/dae/r5_lrf.png
-- Up-to-date symlink: /home/fhp/MobileRobot_ws/install/megarover_samples_ros2/share/megarover_samples_ros2/models/vmegarover/meshes/dae/vmega_body.dae
-- Up-to-date symlink: /home/fhp/MobileRobot_ws/install/megarover_samples_ros2/share/megarover_samples_ros2/models/vmegarover/meshes/dae/vmega_wheel.dae
-- Up-to-date symlink: /home/fhp/MobileRobot_ws/install/megarover_samples_ros2/share/megarover_samples_ros2/models/vmegarover/meshes/stl/lrf.stl
-- Up-to-date symlink: /home/fhp/MobileRobot_ws/install/megarover_samples_ros2/share/megarover_samples_ros2/models/vmegarover/meshes/stl/megarover.stl
-- Up-to-date symlink: /home/fhp/MobileRobot_ws/install/megarover_samples_ros2/share/megarover_samples_ros2/models/vmegarover/meshes/stl/vmega_body.stl
-- Up-to-date symlink: /home/fhp/MobileRobot_ws/install/megarover_samples_ros2/share/megarover_samples_ros2/models/vmegarover/meshes/stl/vmega_wheel.stl
-- Up-to-date symlink: /home/fhp/MobileRobot_ws/install/megarover_samples_ros2/share/megarover_samples_ros2/robots/vmegarover.urdf.xacro
-- Up-to-date symlink: /home/fhp/MobileRobot_ws/install/megarover_samples_ros2/share/megarover_samples_ros2/rviz/mapping.rviz
-- Up-to-date symlink: /home/fhp/MobileRobot_ws/install/megarover_samples_ros2/share/megarover_samples_ros2/rviz/navigation.rviz
-- Up-to-date symlink: /home/fhp/MobileRobot_ws/install/megarover_samples_ros2/share/megarover_samples_ros2/scripts/A_star.py
-- Up-to-date symlink: /home/fhp/MobileRobot_ws/install/megarover_samples_ros2/share/megarover_samples_ros2/scripts/create_fix_urdf.py
-- Up-to-date symlink: /home/fhp/MobileRobot_ws/install/megarover_samples_ros2/share/megarover_samples_ros2/scripts/follow_object.py
-- Up-to-date symlink: /home/fhp/MobileRobot_ws/install/megarover_samples_ros2/share/megarover_samples_ros2/scripts/grid_mapping.py
-- Up-to-date symlink: /home/fhp/MobileRobot_ws/install/megarover_samples_ros2/share/megarover_samples_ros2/scripts/pure_pursuit.py
-- Up-to-date symlink: /home/fhp/MobileRobot_ws/install/megarover_samples_ros2/share/megarover_samples_ros2/scripts/test.py
-- Up-to-date symlink: /home/fhp/MobileRobot_ws/install/megarover_samples_ros2/share/megarover_samples_ros2/scripts/test2.py
-- Up-to-date symlink: /home/fhp/MobileRobot_ws/install/megarover_samples_ros2/share/megarover_samples_ros2/urdf/body/body.gazebo.xacro
-- Up-to-date symlink: /home/fhp/MobileRobot_ws/install/megarover_samples_ros2/share/megarover_samples_ros2/urdf/body/vbody.urdf.xacro
-- Up-to-date symlink: /home/fhp/MobileRobot_ws/install/megarover_samples_ros2/share/megarover_samples_ros2/urdf/common.xacro
-- Up-to-date symlink: /home/fhp/MobileRobot_ws/install/megarover_samples_ros2/share/megarover_samples_ros2/urdf/lrf/lrf.gazebo.xacro
-- Up-to-date symlink: /home/fhp/MobileRobot_ws/install/megarover_samples_ros2/share/megarover_samples_ros2/urdf/lrf/lrf.urdf.xacro
-- Up-to-date symlink: /home/fhp/MobileRobot_ws/install/megarover_samples_ros2/share/megarover_samples_ros2/urdf/wheel/vwheel.urdf.xacro
-- Up-to-date symlink: /home/fhp/MobileRobot_ws/install/megarover_samples_ros2/share/megarover_samples_ros2/urdf/wheel/wheel.gazebo.xacro
-- Up-to-date symlink: /home/fhp/MobileRobot_ws/install/megarover_samples_ros2/share/megarover_samples_ros2/worlds/vmegarover_sample.world
-- Up-to-date symlink: /home/fhp/MobileRobot_ws/install/megarover_samples_ros2/lib/megarover_samples_ros2/follow_object.py
-- Up-to-date symlink: /home/fhp/MobileRobot_ws/install/megarover_samples_ros2/lib/megarover_samples_ros2/grid_mapping.py
-- Up-to-date symlink: /home/fhp/MobileRobot_ws/install/megarover_samples_ros2/lib/megarover_samples_ros2/pure_pursuit.py
-- Up-to-date symlink: /home/fhp/MobileRobot_ws/install/megarover_samples_ros2/lib/megarover_samples_ros2/A_star.py
-- Up-to-date symlink: /home/fhp/MobileRobot_ws/install/megarover_samples_ros2/lib/megarover_samples_ros2/test.py
-- Symlinking: /home/fhp/MobileRobot_ws/install/megarover_samples_ros2/share/ament_index/resource_index/rosidl_interfaces/megarover_samples_ros2
-- Symlinking: /home/fhp/MobileRobot_ws/install/megarover_samples_ros2/include/megarover_samples_ros2/megarover_samples_ros2/msg/rosidl_generator_c__visibility_control.h
-- Symlinking: /home/fhp/MobileRobot_ws/install/megarover_samples_ros2/include/megarover_samples_ros2/megarover_samples_ros2/srv/detail/goal_path__functions.h
-- Symlinking: /home/fhp/MobileRobot_ws/install/megarover_samples_ros2/include/megarover_samples_ros2/megarover_samples_ros2/srv/detail/goal_path__struct.h
-- Symlinking: /home/fhp/MobileRobot_ws/install/megarover_samples_ros2/include/megarover_samples_ros2/megarover_samples_ros2/srv/detail/goal_path__type_support.h
-- Symlinking: /home/fhp/MobileRobot_ws/install/megarover_samples_ros2/include/megarover_samples_ros2/megarover_samples_ros2/srv/goal_path.h
-- Symlinking: /home/fhp/MobileRobot_ws/install/megarover_samples_ros2/share/megarover_samples_ros2/environment/library_path.sh
-- Symlinking: /home/fhp/MobileRobot_ws/install/megarover_samples_ros2/share/megarover_samples_ros2/environment/library_path.dsv
-- Symlinking: /home/fhp/MobileRobot_ws/install/megarover_samples_ros2/include/megarover_samples_ros2/megarover_samples_ros2/msg/rosidl_typesupport_fastrtps_c__visibility_control.h
-- Symlinking: /home/fhp/MobileRobot_ws/install/megarover_samples_ros2/include/megarover_samples_ros2/megarover_samples_ros2/srv/detail/goal_path__rosidl_typesupport_fastrtps_c.h
-- Symlinking: /home/fhp/MobileRobot_ws/install/megarover_samples_ros2/include/megarover_samples_ros2/megarover_samples_ros2/srv/detail/goal_path__builder.hpp
-- Symlinking: /home/fhp/MobileRobot_ws/install/megarover_samples_ros2/include/megarover_samples_ros2/megarover_samples_ros2/srv/detail/goal_path__struct.hpp
-- Symlinking: /home/fhp/MobileRobot_ws/install/megarover_samples_ros2/include/megarover_samples_ros2/megarover_samples_ros2/srv/detail/goal_path__traits.hpp
-- Symlinking: /home/fhp/MobileRobot_ws/install/megarover_samples_ros2/include/megarover_samples_ros2/megarover_samples_ros2/srv/goal_path.hpp
-- Symlinking: /home/fhp/MobileRobot_ws/install/megarover_samples_ros2/include/megarover_samples_ros2/megarover_samples_ros2/msg/rosidl_typesupport_fastrtps_cpp__visibility_control.h
-- Symlinking: /home/fhp/MobileRobot_ws/install/megarover_samples_ros2/include/megarover_samples_ros2/megarover_samples_ros2/srv/detail/goal_path__rosidl_typesupport_fastrtps_cpp.hpp
-- Symlinking: /home/fhp/MobileRobot_ws/install/megarover_samples_ros2/include/megarover_samples_ros2/megarover_samples_ros2/msg/rosidl_typesupport_introspection_c__visibility_control.h
-- Symlinking: /home/fhp/MobileRobot_ws/install/megarover_samples_ros2/include/megarover_samples_ros2/megarover_samples_ros2/srv/detail/goal_path__rosidl_typesupport_introspection_c.h
-- Symlinking: /home/fhp/MobileRobot_ws/install/megarover_samples_ros2/include/megarover_samples_ros2/megarover_samples_ros2/srv/detail/goal_path__rosidl_typesupport_introspection_cpp.hpp
-- Symlinking: /home/fhp/MobileRobot_ws/install/megarover_samples_ros2/share/megarover_samples_ros2/environment/pythonpath.sh
-- Symlinking: /home/fhp/MobileRobot_ws/install/megarover_samples_ros2/share/megarover_samples_ros2/environment/pythonpath.dsv
-- Symlinking: /home/fhp/MobileRobot_ws/install/megarover_samples_ros2/local/lib/python3.10/dist-packages/megarover_samples_ros2-0.0.0-py3.10.egg-info/PKG-INFO
-- Symlinking: /home/fhp/MobileRobot_ws/install/megarover_samples_ros2/local/lib/python3.10/dist-packages/megarover_samples_ros2-0.0.0-py3.10.egg-info/SOURCES.txt
-- Symlinking: /home/fhp/MobileRobot_ws/install/megarover_samples_ros2/local/lib/python3.10/dist-packages/megarover_samples_ros2-0.0.0-py3.10.egg-info/dependency_links.txt
-- Symlinking: /home/fhp/MobileRobot_ws/install/megarover_samples_ros2/local/lib/python3.10/dist-packages/megarover_samples_ros2-0.0.0-py3.10.egg-info/top_level.txt
-- Symlinking: /home/fhp/MobileRobot_ws/install/megarover_samples_ros2/local/lib/python3.10/dist-packages/megarover_samples_ros2/__init__.py
-- Symlinking: /home/fhp/MobileRobot_ws/install/megarover_samples_ros2/local/lib/python3.10/dist-packages/megarover_samples_ros2/_megarover_samples_ros2_s.ep.rosidl_typesupport_c.c
-- Symlinking: /home/fhp/MobileRobot_ws/install/megarover_samples_ros2/local/lib/python3.10/dist-packages/megarover_samples_ros2/_megarover_samples_ros2_s.ep.rosidl_typesupport_fastrtps_c.c
-- Symlinking: /home/fhp/MobileRobot_ws/install/megarover_samples_ros2/local/lib/python3.10/dist-packages/megarover_samples_ros2/_megarover_samples_ros2_s.ep.rosidl_typesupport_introspection_c.c
-- Symlinking: /home/fhp/MobileRobot_ws/install/megarover_samples_ros2/local/lib/python3.10/dist-packages/megarover_samples_ros2/libmegarover_samples_ros2__rosidl_generator_py.so
-- Symlinking: /home/fhp/MobileRobot_ws/install/megarover_samples_ros2/local/lib/python3.10/dist-packages/megarover_samples_ros2/megarover_samples_ros2_s__rosidl_typesupport_c.cpython-310-x86_64-linux-gnu.so
-- Symlinking: /home/fhp/MobileRobot_ws/install/megarover_samples_ros2/local/lib/python3.10/dist-packages/megarover_samples_ros2/megarover_samples_ros2_s__rosidl_typesupport_fastrtps_c.cpython-310-x86_64-linux-gnu.so
-- Symlinking: /home/fhp/MobileRobot_ws/install/megarover_samples_ros2/local/lib/python3.10/dist-packages/megarover_samples_ros2/megarover_samples_ros2_s__rosidl_typesupport_introspection_c.cpython-310-x86_64-linux-gnu.so
-- Symlinking: /home/fhp/MobileRobot_ws/install/megarover_samples_ros2/local/lib/python3.10/dist-packages/megarover_samples_ros2/srv/__init__.py
-- Symlinking: /home/fhp/MobileRobot_ws/install/megarover_samples_ros2/local/lib/python3.10/dist-packages/megarover_samples_ros2/srv/_goal_path.py
-- Symlinking: /home/fhp/MobileRobot_ws/install/megarover_samples_ros2/local/lib/python3.10/dist-packages/megarover_samples_ros2/srv/_goal_path_s.c
-- Up-to-date symlink: /home/fhp/MobileRobot_ws/install/megarover_samples_ros2/local/lib/python3.10/dist-packages/megarover_samples_ros2/megarover_samples_ros2_s__rosidl_typesupport_fastrtps_c.cpython-310-x86_64-linux-gnu.so
-- Up-to-date symlink: /home/fhp/MobileRobot_ws/install/megarover_samples_ros2/local/lib/python3.10/dist-packages/megarover_samples_ros2/megarover_samples_ros2_s__rosidl_typesupport_introspection_c.cpython-310-x86_64-linux-gnu.so
-- Up-to-date symlink: /home/fhp/MobileRobot_ws/install/megarover_samples_ros2/local/lib/python3.10/dist-packages/megarover_samples_ros2/megarover_samples_ros2_s__rosidl_typesupport_c.cpython-310-x86_64-linux-gnu.so
-- Symlinking: /home/fhp/MobileRobot_ws/install/megarover_samples_ros2/share/megarover_samples_ros2/srv/GoalPath.idl
-- Symlinking: /home/fhp/MobileRobot_ws/install/megarover_samples_ros2/share/megarover_samples_ros2/srv/GoalPath.srv
-- Symlinking: /home/fhp/MobileRobot_ws/install/megarover_samples_ros2/share/megarover_samples_ros2/srv/GoalPath_Request.msg
-- Symlinking: /home/fhp/MobileRobot_ws/install/megarover_samples_ros2/share/megarover_samples_ros2/srv/GoalPath_Response.msg
-- Up-to-date symlink: /home/fhp/MobileRobot_ws/install/megarover_samples_ros2/share/ament_index/resource_index/package_run_dependencies/megarover_samples_ros2
-- Up-to-date symlink: /home/fhp/MobileRobot_ws/install/megarover_samples_ros2/share/ament_index/resource_index/parent_prefix_path/megarover_samples_ros2
-- Up-to-date symlink: /home/fhp/MobileRobot_ws/install/megarover_samples_ros2/share/megarover_samples_ros2/environment/ament_prefix_path.sh
-- Up-to-date symlink: /home/fhp/MobileRobot_ws/install/megarover_samples_ros2/share/megarover_samples_ros2/environment/ament_prefix_path.dsv
-- Up-to-date symlink: /home/fhp/MobileRobot_ws/install/megarover_samples_ros2/share/megarover_samples_ros2/environment/path.sh
-- Up-to-date symlink: /home/fhp/MobileRobot_ws/install/megarover_samples_ros2/share/megarover_samples_ros2/environment/path.dsv
-- Up-to-date symlink: /home/fhp/MobileRobot_ws/install/megarover_samples_ros2/share/megarover_samples_ros2/local_setup.bash
-- Up-to-date symlink: /home/fhp/MobileRobot_ws/install/megarover_samples_ros2/share/megarover_samples_ros2/local_setup.sh
-- Up-to-date symlink: /home/fhp/MobileRobot_ws/install/megarover_samples_ros2/share/megarover_samples_ros2/local_setup.zsh
-- Up-to-date symlink: /home/fhp/MobileRobot_ws/install/megarover_samples_ros2/share/megarover_samples_ros2/local_setup.dsv
-- Symlinking: /home/fhp/MobileRobot_ws/install/megarover_samples_ros2/share/megarover_samples_ros2/package.dsv
-- Up-to-date symlink: /home/fhp/MobileRobot_ws/install/megarover_samples_ros2/share/ament_index/resource_index/packages/megarover_samples_ros2
-- Symlinking: /home/fhp/MobileRobot_ws/install/megarover_samples_ros2/share/megarover_samples_ros2/cmake/rosidl_cmake-extras.cmake
-- Symlinking: /home/fhp/MobileRobot_ws/install/megarover_samples_ros2/share/megarover_samples_ros2/cmake/ament_cmake_export_dependencies-extras.cmake
-- Symlinking: /home/fhp/MobileRobot_ws/install/megarover_samples_ros2/share/megarover_samples_ros2/cmake/ament_cmake_export_include_directories-extras.cmake
-- Symlinking: /home/fhp/MobileRobot_ws/install/megarover_samples_ros2/share/megarover_samples_ros2/cmake/ament_cmake_export_libraries-extras.cmake
-- Symlinking: /home/fhp/MobileRobot_ws/install/megarover_samples_ros2/share/megarover_samples_ros2/cmake/ament_cmake_export_targets-extras.cmake
-- Symlinking: /home/fhp/MobileRobot_ws/install/megarover_samples_ros2/share/megarover_samples_ros2/cmake/rosidl_cmake_export_typesupport_targets-extras.cmake
-- Symlinking: /home/fhp/MobileRobot_ws/install/megarover_samples_ros2/share/megarover_samples_ros2/cmake/rosidl_cmake_export_typesupport_libraries-extras.cmake
-- Up-to-date symlink: /home/fhp/MobileRobot_ws/install/megarover_samples_ros2/share/megarover_samples_ros2/cmake/megarover_samples_ros2Config.cmake
-- Up-to-date symlink: /home/fhp/MobileRobot_ws/install/megarover_samples_ros2/share/megarover_samples_ros2/cmake/megarover_samples_ros2Config-version.cmake
-- Up-to-date symlink: /home/fhp/MobileRobot_ws/install/megarover_samples_ros2/share/megarover_samples_ros2/package.xml
-- Installing: /home/fhp/MobileRobot_ws/install/megarover_samples_ros2/lib/libmegarover_samples_ros2__rosidl_generator_c.so
-- Set runtime path of "/home/fhp/MobileRobot_ws/install/megarover_samples_ros2/lib/libmegarover_samples_ros2__rosidl_generator_c.so" to ""
-- Installing: /home/fhp/MobileRobot_ws/install/megarover_samples_ros2/lib/libmegarover_samples_ros2__rosidl_typesupport_fastrtps_c.so
-- Set runtime path of "/home/fhp/MobileRobot_ws/install/megarover_samples_ros2/lib/libmegarover_samples_ros2__rosidl_typesupport_fastrtps_c.so" to ""
-- Installing: /home/fhp/MobileRobot_ws/install/megarover_samples_ros2/lib/libmegarover_samples_ros2__rosidl_typesupport_fastrtps_cpp.so
-- Set runtime path of "/home/fhp/MobileRobot_ws/install/megarover_samples_ros2/lib/libmegarover_samples_ros2__rosidl_typesupport_fastrtps_cpp.so" to ""
-- Installing: /home/fhp/MobileRobot_ws/install/megarover_samples_ros2/lib/libmegarover_samples_ros2__rosidl_typesupport_introspection_c.so
-- Set runtime path of "/home/fhp/MobileRobot_ws/install/megarover_samples_ros2/lib/libmegarover_samples_ros2__rosidl_typesupport_introspection_c.so" to ""
-- Installing: /home/fhp/MobileRobot_ws/install/megarover_samples_ros2/lib/libmegarover_samples_ros2__rosidl_typesupport_c.so
-- Set runtime path of "/home/fhp/MobileRobot_ws/install/megarover_samples_ros2/lib/libmegarover_samples_ros2__rosidl_typesupport_c.so" to ""
-- Installing: /home/fhp/MobileRobot_ws/install/megarover_samples_ros2/lib/libmegarover_samples_ros2__rosidl_typesupport_introspection_cpp.so
-- Set runtime path of "/home/fhp/MobileRobot_ws/install/megarover_samples_ros2/lib/libmegarover_samples_ros2__rosidl_typesupport_introspection_cpp.so" to ""
-- Installing: /home/fhp/MobileRobot_ws/install/megarover_samples_ros2/lib/libmegarover_samples_ros2__rosidl_typesupport_cpp.so
-- Set runtime path of "/home/fhp/MobileRobot_ws/install/megarover_samples_ros2/lib/libmegarover_samples_ros2__rosidl_typesupport_cpp.so" to ""
Listing '/home/fhp/MobileRobot_ws/install/megarover_samples_ros2/local/lib/python3.10/dist-packages/megarover_samples_ros2'...
Compiling '/home/fhp/MobileRobot_ws/install/megarover_samples_ros2/local/lib/python3.10/dist-packages/megarover_samples_ros2/__init__.py'...
Listing '/home/fhp/MobileRobot_ws/install/megarover_samples_ros2/local/lib/python3.10/dist-packages/megarover_samples_ros2/srv'...
Compiling '/home/fhp/MobileRobot_ws/install/megarover_samples_ros2/local/lib/python3.10/dist-packages/megarover_samples_ros2/srv/__init__.py'...
Compiling '/home/fhp/MobileRobot_ws/install/megarover_samples_ros2/local/lib/python3.10/dist-packages/megarover_samples_ros2/srv/_goal_path.py'...
-- Installing: /home/fhp/MobileRobot_ws/install/megarover_samples_ros2/lib/libmegarover_samples_ros2__rosidl_generator_py.so
-- Set runtime path of "/home/fhp/MobileRobot_ws/install/megarover_samples_ros2/lib/libmegarover_samples_ros2__rosidl_generator_py.so" to ""
-- Installing: /home/fhp/MobileRobot_ws/install/megarover_samples_ros2/share/megarover_samples_ros2/cmake/export_megarover_samples_ros2__rosidl_generator_cExport.cmake
-- Installing: /home/fhp/MobileRobot_ws/install/megarover_samples_ros2/share/megarover_samples_ros2/cmake/export_megarover_samples_ros2__rosidl_generator_cExport-noconfig.cmake
-- Installing: /home/fhp/MobileRobot_ws/install/megarover_samples_ros2/share/megarover_samples_ros2/cmake/export_megarover_samples_ros2__rosidl_typesupport_fastrtps_cExport.cmake
-- Installing: /home/fhp/MobileRobot_ws/install/megarover_samples_ros2/share/megarover_samples_ros2/cmake/export_megarover_samples_ros2__rosidl_typesupport_fastrtps_cExport-noconfig.cmake
-- Installing: /home/fhp/MobileRobot_ws/install/megarover_samples_ros2/share/megarover_samples_ros2/cmake/export_megarover_samples_ros2__rosidl_generator_cppExport.cmake
-- Installing: /home/fhp/MobileRobot_ws/install/megarover_samples_ros2/share/megarover_samples_ros2/cmake/export_megarover_samples_ros2__rosidl_typesupport_fastrtps_cppExport.cmake
-- Installing: /home/fhp/MobileRobot_ws/install/megarover_samples_ros2/share/megarover_samples_ros2/cmake/export_megarover_samples_ros2__rosidl_typesupport_fastrtps_cppExport-noconfig.cmake
-- Installing: /home/fhp/MobileRobot_ws/install/megarover_samples_ros2/share/megarover_samples_ros2/cmake/megarover_samples_ros2__rosidl_typesupport_introspection_cExport.cmake
-- Installing: /home/fhp/MobileRobot_ws/install/megarover_samples_ros2/share/megarover_samples_ros2/cmake/megarover_samples_ros2__rosidl_typesupport_introspection_cExport-noconfig.cmake
-- Installing: /home/fhp/MobileRobot_ws/install/megarover_samples_ros2/share/megarover_samples_ros2/cmake/megarover_samples_ros2__rosidl_typesupport_cExport.cmake
-- Installing: /home/fhp/MobileRobot_ws/install/megarover_samples_ros2/share/megarover_samples_ros2/cmake/megarover_samples_ros2__rosidl_typesupport_cExport-noconfig.cmake
-- Installing: /home/fhp/MobileRobot_ws/install/megarover_samples_ros2/share/megarover_samples_ros2/cmake/megarover_samples_ros2__rosidl_typesupport_introspection_cppExport.cmake
-- Installing: /home/fhp/MobileRobot_ws/install/megarover_samples_ros2/share/megarover_samples_ros2/cmake/megarover_samples_ros2__rosidl_typesupport_introspection_cppExport-noconfig.cmake
-- Installing: /home/fhp/MobileRobot_ws/install/megarover_samples_ros2/share/megarover_samples_ros2/cmake/megarover_samples_ros2__rosidl_typesupport_cppExport.cmake
-- Installing: /home/fhp/MobileRobot_ws/install/megarover_samples_ros2/share/megarover_samples_ros2/cmake/megarover_samples_ros2__rosidl_typesupport_cppExport-noconfig.cmake
-- Installing: /home/fhp/MobileRobot_ws/install/megarover_samples_ros2/share/megarover_samples_ros2/cmake/export_megarover_samples_ros2__rosidl_generator_pyExport.cmake
-- Installing: /home/fhp/MobileRobot_ws/install/megarover_samples_ros2/share/megarover_samples_ros2/cmake/export_megarover_samples_ros2__rosidl_generator_pyExport-noconfig.cmake
