[0.024s] Invoking command in '/home/fhp/MobileRobot_ws/build/megarover_samples_ros2': CMAKE_PREFIX_PATH=${CMAKE_PREFIX_PATH}:/opt/ros/humble /usr/bin/cmake --build /home/fhp/MobileRobot_ws/build/megarover_samples_ros2 -- -j12 -l12
[0.057s] -- Found ament_cmake: 1.3.3 (/opt/ros/humble/share/ament_cmake/cmake)
[0.185s] -- Override CMake install command with custom implementation using symlinks instead of copying resources
[0.201s] -- Found gazebo_ros_pkgs: 3.7.0 (/opt/ros/humble/share/gazebo_ros_pkgs/cmake)
[0.201s] -- Found sensor_msgs: 4.2.3 (/opt/ros/humble/share/sensor_msgs/cmake)
[0.240s] -- Found rosidl_generator_c: 3.1.4 (/opt/ros/humble/share/rosidl_generator_c/cmake)
[0.244s] -- Found rosidl_adapter: 3.1.4 (/opt/ros/humble/share/rosidl_adapter/cmake)
[0.252s] -- Found rosidl_generator_cpp: 3.1.4 (/opt/ros/humble/share/rosidl_generator_cpp/cmake)
[0.265s] -- Using all available rosidl_typesupport_c: rosidl_typesupport_fastrtps_c;rosidl_typesupport_introspection_c
[0.282s] -- Using all available rosidl_typesupport_cpp: rosidl_typesupport_fastrtps_cpp;rosidl_typesupport_introspection_cpp
[0.481s] -- Found ament_lint_auto: 0.12.5 (/opt/ros/humble/share/ament_lint_auto/cmake)
[0.545s] -- Found rosidl_default_generators: 1.2.0 (/opt/ros/humble/share/rosidl_default_generators/cmake)
[0.761s] -- Found ament_cmake_ros: 0.10.0 (/opt/ros/humble/share/ament_cmake_ros/cmake)
[1.166s] -- Using all available rosidl_typesupport_c: rosidl_typesupport_fastrtps_c;rosidl_typesupport_introspection_c
[1.297s] -- Using all available rosidl_typesupport_cpp: rosidl_typesupport_fastrtps_cpp;rosidl_typesupport_introspection_cpp
[1.316s] -- Found PythonInterp: /usr/bin/python3 (found suitable version "3.10.6", minimum required is "3.6") 
[1.317s] -- Found python_cmake_module: 0.10.0 (/opt/ros/humble/share/python_cmake_module/cmake)
[1.341s] -- Found PythonLibs: /usr/lib/x86_64-linux-gnu/libpython3.10.so (found suitable version "3.10.6", minimum required is "3.5") 
[1.341s] -- Using PYTHON_EXECUTABLE: /usr/bin/python3
[1.341s] -- Using PYTHON_INCLUDE_DIRS: /usr/include/python3.10
[1.341s] -- Using PYTHON_LIBRARIES: /usr/lib/x86_64-linux-gnu/libpython3.10.so
[1.362s] -- Found PythonExtra: .so  
[1.423s] -- Added test 'copyright' to check source files copyright and LICENSE
[1.428s] -- Added test 'cppcheck' to perform static code analysis on C / C++ code
[1.428s] -- Configured cppcheck include dirs: 
[1.428s] -- Configured cppcheck exclude dirs and/or files: 
[1.432s] -- Added test 'cpplint' to check C / C++ code against the Google style
[1.432s] -- Configured cpplint exclude dirs and/or files: 
[1.433s] -- Added test 'flake8' to check Python code syntax and style conventions
[1.434s] -- Added test 'lint_cmake' to check CMake code style
[1.435s] -- Added test 'pep257' to check Python code against some of the docstring style conventions in PEP 257
[1.439s] -- Added test 'uncrustify' to check C / C++ code style
[1.439s] -- Configured uncrustify additional arguments: 
[1.440s] -- Added test 'xmllint' to check XML markup files
[1.445s] -- Configuring done
[1.477s] -- Generating done
[1.480s] -- Build files have been written to: /home/fhp/MobileRobot_ws/build/megarover_samples_ros2
[1.510s] [  3%] [34m[1mGenerating C code for ROS interfaces[0m
[1.510s] [35m[1mConsolidate compiler generated dependencies of target pub_odom[0m
[1.520s] [  9%] [34m[1mGenerating C++ code for ROS interfaces[0m
[1.520s] [  9%] [32mBuilding CXX object CMakeFiles/pub_odom.dir/src/pub_odom.cpp.o[0m
[1.529s] [  9%] Built target ament_cmake_python_symlink_megarover_samples_ros2
[1.594s] [ 12%] [32m[1mLinking CXX executable pub_odom[0m
[1.654s] [ 12%] Built target pub_odom
[1.754s] running egg_info
[1.755s] creating megarover_samples_ros2.egg-info
[1.755s] writing megarover_samples_ros2.egg-info/PKG-INFO
[1.755s] writing dependency_links to megarover_samples_ros2.egg-info/dependency_links.txt
[1.755s] writing top-level names to megarover_samples_ros2.egg-info/top_level.txt
[1.756s] writing manifest file 'megarover_samples_ros2.egg-info/SOURCES.txt'
[1.758s] reading manifest file 'megarover_samples_ros2.egg-info/SOURCES.txt'
[1.759s] writing manifest file 'megarover_samples_ros2.egg-info/SOURCES.txt'
[1.792s] [ 12%] Built target megarover_samples_ros2__cpp
[1.806s] [ 21%] [34m[1mGenerating C++ type support dispatch for ROS interfaces[0m
[1.806s] [ 21%] [34m[1mGenerating C++ type support for eProsima Fast-RTPS[0m
[1.806s] [ 21%] [34m[1mGenerating C++ introspection for ROS interfaces[0m
[1.806s] [ 24%] [32mBuilding C object CMakeFiles/megarover_samples_ros2__rosidl_generator_c.dir/rosidl_generator_c/megarover_samples_ros2/srv/detail/goal_path__functions.c.o[0m
[1.830s] [ 24%] Built target ament_cmake_python_build_megarover_samples_ros2_egg
[1.906s] [ 27%] [32m[1mLinking C shared library libmegarover_samples_ros2__rosidl_generator_c.so[0m
[1.941s] [ 27%] Built target megarover_samples_ros2__rosidl_generator_c
[1.951s] [ 36%] [34m[1mGenerating C type support dispatch for ROS interfaces[0m
[1.951s] [ 36%] [34m[1mGenerating C introspection for ROS interfaces[0m
[1.951s] [ 36%] [34m[1mGenerating C type support for eProsima Fast-RTPS[0m
[2.062s] [ 39%] [32mBuilding CXX object CMakeFiles/megarover_samples_ros2__rosidl_typesupport_cpp.dir/rosidl_typesupport_cpp/megarover_samples_ros2/srv/goal_path__type_support.cpp.o[0m
[2.067s] [ 42%] [32mBuilding CXX object CMakeFiles/megarover_samples_ros2__rosidl_typesupport_introspection_cpp.dir/rosidl_typesupport_introspection_cpp/megarover_samples_ros2/srv/detail/goal_path__type_support.cpp.o[0m
[2.085s] [ 45%] [32mBuilding CXX object CMakeFiles/megarover_samples_ros2__rosidl_typesupport_fastrtps_cpp.dir/rosidl_typesupport_fastrtps_cpp/megarover_samples_ros2/srv/detail/dds_fastrtps/goal_path__type_support.cpp.o[0m
[2.240s] [ 48%] [32mBuilding CXX object CMakeFiles/megarover_samples_ros2__rosidl_typesupport_c.dir/rosidl_typesupport_c/megarover_samples_ros2/srv/goal_path__type_support.cpp.o[0m
[2.245s] [ 51%] [32mBuilding C object CMakeFiles/megarover_samples_ros2__rosidl_typesupport_introspection_c.dir/rosidl_typesupport_introspection_c/megarover_samples_ros2/srv/detail/goal_path__type_support.c.o[0m
[2.276s] [ 54%] [32mBuilding CXX object CMakeFiles/megarover_samples_ros2__rosidl_typesupport_fastrtps_c.dir/rosidl_typesupport_fastrtps_c/megarover_samples_ros2/srv/detail/goal_path__type_support_c.cpp.o[0m
[2.282s] [ 57%] [32m[1mLinking CXX shared library libmegarover_samples_ros2__rosidl_typesupport_c.so[0m
[2.292s] [ 60%] [32m[1mLinking C shared library libmegarover_samples_ros2__rosidl_typesupport_introspection_c.so[0m
[2.326s] [ 60%] Built target megarover_samples_ros2__rosidl_typesupport_c
[2.326s] [ 60%] Built target megarover_samples_ros2__rosidl_typesupport_introspection_c
[2.350s] [ 63%] [32m[1mLinking CXX shared library libmegarover_samples_ros2__rosidl_typesupport_cpp.so[0m
[2.393s] [ 63%] Built target megarover_samples_ros2__rosidl_typesupport_cpp
[2.476s] [ 66%] [32m[1mLinking CXX shared library libmegarover_samples_ros2__rosidl_typesupport_introspection_cpp.so[0m
[2.482s] [ 69%] [32m[1mLinking CXX shared library libmegarover_samples_ros2__rosidl_typesupport_fastrtps_cpp.so[0m
[2.577s] [ 72%] [32m[1mLinking CXX shared library libmegarover_samples_ros2__rosidl_typesupport_fastrtps_c.so[0m
[2.577s] [ 72%] Built target megarover_samples_ros2__rosidl_typesupport_introspection_cpp
[2.599s] [ 72%] Built target megarover_samples_ros2__rosidl_typesupport_fastrtps_cpp
[2.678s] [ 72%] Built target megarover_samples_ros2__rosidl_typesupport_fastrtps_c
[2.701s] [ 72%] Built target megarover_samples_ros2
[2.729s] [ 75%] [34m[1mGenerating Python code for ROS interfaces[0m
[3.037s] [ 75%] Built target megarover_samples_ros2__py
[3.058s] [ 78%] [32mBuilding C object CMakeFiles/megarover_samples_ros2__rosidl_generator_py.dir/rosidl_generator_py/megarover_samples_ros2/srv/_goal_path_s.c.o[0m
[3.154s] [ 81%] [32m[1mLinking C shared library rosidl_generator_py/megarover_samples_ros2/libmegarover_samples_ros2__rosidl_generator_py.so[0m
[3.216s] [ 81%] Built target megarover_samples_ros2__rosidl_generator_py
[3.236s] [ 87%] [32mBuilding C object CMakeFiles/megarover_samples_ros2__rosidl_typesupport_fastrtps_c__pyext.dir/rosidl_generator_py/megarover_samples_ros2/_megarover_samples_ros2_s.ep.rosidl_typesupport_fastrtps_c.c.o[0m
[3.236s] [ 87%] [32mBuilding C object CMakeFiles/megarover_samples_ros2__rosidl_typesupport_introspection_c__pyext.dir/rosidl_generator_py/megarover_samples_ros2/_megarover_samples_ros2_s.ep.rosidl_typesupport_introspection_c.c.o[0m
[3.241s] [ 90%] [32mBuilding C object CMakeFiles/megarover_samples_ros2__rosidl_typesupport_c__pyext.dir/rosidl_generator_py/megarover_samples_ros2/_megarover_samples_ros2_s.ep.rosidl_typesupport_c.c.o[0m
[3.319s] [ 93%] [32m[1mLinking C shared library rosidl_generator_py/megarover_samples_ros2/megarover_samples_ros2_s__rosidl_typesupport_fastrtps_c.cpython-310-x86_64-linux-gnu.so[0m
[3.321s] [ 96%] [32m[1mLinking C shared library rosidl_generator_py/megarover_samples_ros2/megarover_samples_ros2_s__rosidl_typesupport_introspection_c.cpython-310-x86_64-linux-gnu.so[0m
[3.354s] [100%] [32m[1mLinking C shared library rosidl_generator_py/megarover_samples_ros2/megarover_samples_ros2_s__rosidl_typesupport_c.cpython-310-x86_64-linux-gnu.so[0m
[3.360s] [100%] Built target megarover_samples_ros2__rosidl_typesupport_fastrtps_c__pyext
[3.360s] [100%] Built target megarover_samples_ros2__rosidl_typesupport_introspection_c__pyext
[3.394s] [100%] Built target megarover_samples_ros2__rosidl_typesupport_c__pyext
[3.414s] Invoked command in '/home/fhp/MobileRobot_ws/build/megarover_samples_ros2' returned '0': CMAKE_PREFIX_PATH=${CMAKE_PREFIX_PATH}:/opt/ros/humble /usr/bin/cmake --build /home/fhp/MobileRobot_ws/build/megarover_samples_ros2 -- -j12 -l12
[3.458s] Invoking command in '/home/fhp/MobileRobot_ws/build/megarover_samples_ros2': CMAKE_PREFIX_PATH=${CMAKE_PREFIX_PATH}:/opt/ros/humble /usr/bin/cmake --install /home/fhp/MobileRobot_ws/build/megarover_samples_ros2
[3.465s] -- Install configuration: ""
[3.465s] -- Execute custom install script
[3.465s] -- Up-to-date symlink: /home/fhp/MobileRobot_ws/install/megarover_samples_ros2/lib/megarover_samples_ros2/pub_odom
[3.466s] -- Up-to-date symlink: /home/fhp/MobileRobot_ws/install/megarover_samples_ros2/share/megarover_samples_ros2/config/diff_drive_controller.yaml
[3.466s] -- Up-to-date symlink: /home/fhp/MobileRobot_ws/install/megarover_samples_ros2/share/megarover_samples_ros2/config/mapper_params_online_sync.yaml
[3.466s] -- Up-to-date symlink: /home/fhp/MobileRobot_ws/install/megarover_samples_ros2/share/megarover_samples_ros2/config/navigation_param.yaml
[3.466s] -- Up-to-date symlink: /home/fhp/MobileRobot_ws/install/megarover_samples_ros2/share/megarover_samples_ros2/launch/__pycache__/vmegarover_mapping.launch.cpython-310.pyc
[3.466s] -- Up-to-date symlink: /home/fhp/MobileRobot_ws/install/megarover_samples_ros2/share/megarover_samples_ros2/launch/__pycache__/vmegarover_with_sample_world.launch.cpython-310.pyc
[3.466s] -- Up-to-date symlink: /home/fhp/MobileRobot_ws/install/megarover_samples_ros2/share/megarover_samples_ros2/launch/robot_state_publisher.launch.py
[3.466s] -- Up-to-date symlink: /home/fhp/MobileRobot_ws/install/megarover_samples_ros2/share/megarover_samples_ros2/launch/vmegarover_mapping.launch.py
[3.466s] -- Up-to-date symlink: /home/fhp/MobileRobot_ws/install/megarover_samples_ros2/share/megarover_samples_ros2/launch/vmegarover_navigation.launch.py
[3.467s] -- Up-to-date symlink: /home/fhp/MobileRobot_ws/install/megarover_samples_ros2/share/megarover_samples_ros2/launch/vmegarover_save_map.launch.py
[3.467s] -- Up-to-date symlink: /home/fhp/MobileRobot_ws/install/megarover_samples_ros2/share/megarover_samples_ros2/launch/vmegarover_with_empty_world.launch.py
[3.467s] -- Up-to-date symlink: /home/fhp/MobileRobot_ws/install/megarover_samples_ros2/share/megarover_samples_ros2/launch/vmegarover_with_sample_world.launch.py
[3.467s] -- Up-to-date symlink: /home/fhp/MobileRobot_ws/install/megarover_samples_ros2/share/megarover_samples_ros2/maps/vmegarover_samplemap.pgm
[3.467s] -- Up-to-date symlink: /home/fhp/MobileRobot_ws/install/megarover_samples_ros2/share/megarover_samples_ros2/maps/vmegarover_samplemap.yaml
[3.467s] -- Up-to-date symlink: /home/fhp/MobileRobot_ws/install/megarover_samples_ros2/share/megarover_samples_ros2/models/vmegarover/meshes/dae/lrf.dae
[3.467s] -- Up-to-date symlink: /home/fhp/MobileRobot_ws/install/megarover_samples_ros2/share/megarover_samples_ros2/models/vmegarover/meshes/dae/main_body.dae
[3.467s] -- Up-to-date symlink: /home/fhp/MobileRobot_ws/install/megarover_samples_ros2/share/megarover_samples_ros2/models/vmegarover/meshes/dae/megarover.dae
[3.468s] -- Up-to-date symlink: /home/fhp/MobileRobot_ws/install/megarover_samples_ros2/share/megarover_samples_ros2/models/vmegarover/meshes/dae/r5.png
[3.468s] -- Up-to-date symlink: /home/fhp/MobileRobot_ws/install/megarover_samples_ros2/share/megarover_samples_ros2/models/vmegarover/meshes/dae/r5_lrf.png
[3.468s] -- Up-to-date symlink: /home/fhp/MobileRobot_ws/install/megarover_samples_ros2/share/megarover_samples_ros2/models/vmegarover/meshes/dae/vmega_body.dae
[3.468s] -- Up-to-date symlink: /home/fhp/MobileRobot_ws/install/megarover_samples_ros2/share/megarover_samples_ros2/models/vmegarover/meshes/dae/vmega_wheel.dae
[3.468s] -- Up-to-date symlink: /home/fhp/MobileRobot_ws/install/megarover_samples_ros2/share/megarover_samples_ros2/models/vmegarover/meshes/stl/lrf.stl
[3.468s] -- Up-to-date symlink: /home/fhp/MobileRobot_ws/install/megarover_samples_ros2/share/megarover_samples_ros2/models/vmegarover/meshes/stl/megarover.stl
[3.468s] -- Up-to-date symlink: /home/fhp/MobileRobot_ws/install/megarover_samples_ros2/share/megarover_samples_ros2/models/vmegarover/meshes/stl/vmega_body.stl
[3.468s] -- Up-to-date symlink: /home/fhp/MobileRobot_ws/install/megarover_samples_ros2/share/megarover_samples_ros2/models/vmegarover/meshes/stl/vmega_wheel.stl
[3.468s] -- Up-to-date symlink: /home/fhp/MobileRobot_ws/install/megarover_samples_ros2/share/megarover_samples_ros2/robots/vmegarover.urdf.xacro
[3.468s] -- Up-to-date symlink: /home/fhp/MobileRobot_ws/install/megarover_samples_ros2/share/megarover_samples_ros2/rviz/mapping.rviz
[3.469s] -- Up-to-date symlink: /home/fhp/MobileRobot_ws/install/megarover_samples_ros2/share/megarover_samples_ros2/rviz/navigation.rviz
[3.469s] -- Up-to-date symlink: /home/fhp/MobileRobot_ws/install/megarover_samples_ros2/share/megarover_samples_ros2/scripts/A_star.py
[3.469s] -- Up-to-date symlink: /home/fhp/MobileRobot_ws/install/megarover_samples_ros2/share/megarover_samples_ros2/scripts/create_fix_urdf.py
[3.469s] -- Up-to-date symlink: /home/fhp/MobileRobot_ws/install/megarover_samples_ros2/share/megarover_samples_ros2/scripts/follow_object.py
[3.469s] -- Up-to-date symlink: /home/fhp/MobileRobot_ws/install/megarover_samples_ros2/share/megarover_samples_ros2/scripts/grid_mapping.py
[3.469s] -- Up-to-date symlink: /home/fhp/MobileRobot_ws/install/megarover_samples_ros2/share/megarover_samples_ros2/scripts/pure_pursuit.py
[3.469s] -- Up-to-date symlink: /home/fhp/MobileRobot_ws/install/megarover_samples_ros2/share/megarover_samples_ros2/scripts/test.py
[3.469s] -- Up-to-date symlink: /home/fhp/MobileRobot_ws/install/megarover_samples_ros2/share/megarover_samples_ros2/scripts/test2.py
[3.469s] -- Up-to-date symlink: /home/fhp/MobileRobot_ws/install/megarover_samples_ros2/share/megarover_samples_ros2/urdf/body/body.gazebo.xacro
[3.469s] -- Up-to-date symlink: /home/fhp/MobileRobot_ws/install/megarover_samples_ros2/share/megarover_samples_ros2/urdf/body/vbody.urdf.xacro
[3.469s] -- Up-to-date symlink: /home/fhp/MobileRobot_ws/install/megarover_samples_ros2/share/megarover_samples_ros2/urdf/common.xacro
[3.469s] -- Up-to-date symlink: /home/fhp/MobileRobot_ws/install/megarover_samples_ros2/share/megarover_samples_ros2/urdf/lrf/lrf.gazebo.xacro
[3.470s] -- Up-to-date symlink: /home/fhp/MobileRobot_ws/install/megarover_samples_ros2/share/megarover_samples_ros2/urdf/lrf/lrf.urdf.xacro
[3.470s] -- Up-to-date symlink: /home/fhp/MobileRobot_ws/install/megarover_samples_ros2/share/megarover_samples_ros2/urdf/wheel/vwheel.urdf.xacro
[3.470s] -- Up-to-date symlink: /home/fhp/MobileRobot_ws/install/megarover_samples_ros2/share/megarover_samples_ros2/urdf/wheel/wheel.gazebo.xacro
[3.470s] -- Up-to-date symlink: /home/fhp/MobileRobot_ws/install/megarover_samples_ros2/share/megarover_samples_ros2/worlds/vmegarover_sample.world
[3.470s] -- Up-to-date symlink: /home/fhp/MobileRobot_ws/install/megarover_samples_ros2/lib/megarover_samples_ros2/follow_object.py
[3.470s] -- Up-to-date symlink: /home/fhp/MobileRobot_ws/install/megarover_samples_ros2/lib/megarover_samples_ros2/grid_mapping.py
[3.470s] -- Up-to-date symlink: /home/fhp/MobileRobot_ws/install/megarover_samples_ros2/lib/megarover_samples_ros2/pure_pursuit.py
[3.470s] -- Up-to-date symlink: /home/fhp/MobileRobot_ws/install/megarover_samples_ros2/lib/megarover_samples_ros2/A_star.py
[3.470s] -- Up-to-date symlink: /home/fhp/MobileRobot_ws/install/megarover_samples_ros2/lib/megarover_samples_ros2/test.py
[3.470s] -- Symlinking: /home/fhp/MobileRobot_ws/install/megarover_samples_ros2/share/ament_index/resource_index/rosidl_interfaces/megarover_samples_ros2
[3.479s] -- Symlinking: /home/fhp/MobileRobot_ws/install/megarover_samples_ros2/include/megarover_samples_ros2/megarover_samples_ros2/msg/rosidl_generator_c__visibility_control.h
[3.492s] -- Symlinking: /home/fhp/MobileRobot_ws/install/megarover_samples_ros2/include/megarover_samples_ros2/megarover_samples_ros2/srv/detail/goal_path__functions.h
[3.500s] -- Symlinking: /home/fhp/MobileRobot_ws/install/megarover_samples_ros2/include/megarover_samples_ros2/megarover_samples_ros2/srv/detail/goal_path__struct.h
[3.513s] -- Symlinking: /home/fhp/MobileRobot_ws/install/megarover_samples_ros2/include/megarover_samples_ros2/megarover_samples_ros2/srv/detail/goal_path__type_support.h
[3.528s] -- Symlinking: /home/fhp/MobileRobot_ws/install/megarover_samples_ros2/include/megarover_samples_ros2/megarover_samples_ros2/srv/goal_path.h
[3.537s] -- Symlinking: /home/fhp/MobileRobot_ws/install/megarover_samples_ros2/share/megarover_samples_ros2/environment/library_path.sh
[3.551s] -- Symlinking: /home/fhp/MobileRobot_ws/install/megarover_samples_ros2/share/megarover_samples_ros2/environment/library_path.dsv
[3.561s] -- Symlinking: /home/fhp/MobileRobot_ws/install/megarover_samples_ros2/include/megarover_samples_ros2/megarover_samples_ros2/msg/rosidl_typesupport_fastrtps_c__visibility_control.h
[3.569s] -- Symlinking: /home/fhp/MobileRobot_ws/install/megarover_samples_ros2/include/megarover_samples_ros2/megarover_samples_ros2/srv/detail/goal_path__rosidl_typesupport_fastrtps_c.h
[3.577s] -- Symlinking: /home/fhp/MobileRobot_ws/install/megarover_samples_ros2/include/megarover_samples_ros2/megarover_samples_ros2/srv/detail/goal_path__builder.hpp
[3.585s] -- Symlinking: /home/fhp/MobileRobot_ws/install/megarover_samples_ros2/include/megarover_samples_ros2/megarover_samples_ros2/srv/detail/goal_path__struct.hpp
[3.592s] -- Symlinking: /home/fhp/MobileRobot_ws/install/megarover_samples_ros2/include/megarover_samples_ros2/megarover_samples_ros2/srv/detail/goal_path__traits.hpp
[3.600s] -- Symlinking: /home/fhp/MobileRobot_ws/install/megarover_samples_ros2/include/megarover_samples_ros2/megarover_samples_ros2/srv/goal_path.hpp
[3.608s] -- Symlinking: /home/fhp/MobileRobot_ws/install/megarover_samples_ros2/include/megarover_samples_ros2/megarover_samples_ros2/msg/rosidl_typesupport_fastrtps_cpp__visibility_control.h
[3.617s] -- Symlinking: /home/fhp/MobileRobot_ws/install/megarover_samples_ros2/include/megarover_samples_ros2/megarover_samples_ros2/srv/detail/goal_path__rosidl_typesupport_fastrtps_cpp.hpp
[3.631s] -- Symlinking: /home/fhp/MobileRobot_ws/install/megarover_samples_ros2/include/megarover_samples_ros2/megarover_samples_ros2/msg/rosidl_typesupport_introspection_c__visibility_control.h
[3.639s] -- Symlinking: /home/fhp/MobileRobot_ws/install/megarover_samples_ros2/include/megarover_samples_ros2/megarover_samples_ros2/srv/detail/goal_path__rosidl_typesupport_introspection_c.h
[3.647s] -- Symlinking: /home/fhp/MobileRobot_ws/install/megarover_samples_ros2/include/megarover_samples_ros2/megarover_samples_ros2/srv/detail/goal_path__rosidl_typesupport_introspection_cpp.hpp
[3.654s] -- Symlinking: /home/fhp/MobileRobot_ws/install/megarover_samples_ros2/share/megarover_samples_ros2/environment/pythonpath.sh
[3.662s] -- Symlinking: /home/fhp/MobileRobot_ws/install/megarover_samples_ros2/share/megarover_samples_ros2/environment/pythonpath.dsv
[3.671s] -- Symlinking: /home/fhp/MobileRobot_ws/install/megarover_samples_ros2/local/lib/python3.10/dist-packages/megarover_samples_ros2-0.0.0-py3.10.egg-info/PKG-INFO
[3.679s] -- Symlinking: /home/fhp/MobileRobot_ws/install/megarover_samples_ros2/local/lib/python3.10/dist-packages/megarover_samples_ros2-0.0.0-py3.10.egg-info/SOURCES.txt
[3.688s] -- Symlinking: /home/fhp/MobileRobot_ws/install/megarover_samples_ros2/local/lib/python3.10/dist-packages/megarover_samples_ros2-0.0.0-py3.10.egg-info/dependency_links.txt
[3.694s] -- Symlinking: /home/fhp/MobileRobot_ws/install/megarover_samples_ros2/local/lib/python3.10/dist-packages/megarover_samples_ros2-0.0.0-py3.10.egg-info/top_level.txt
[3.703s] -- Symlinking: /home/fhp/MobileRobot_ws/install/megarover_samples_ros2/local/lib/python3.10/dist-packages/megarover_samples_ros2/__init__.py
[3.711s] -- Symlinking: /home/fhp/MobileRobot_ws/install/megarover_samples_ros2/local/lib/python3.10/dist-packages/megarover_samples_ros2/_megarover_samples_ros2_s.ep.rosidl_typesupport_c.c
[3.726s] -- Symlinking: /home/fhp/MobileRobot_ws/install/megarover_samples_ros2/local/lib/python3.10/dist-packages/megarover_samples_ros2/_megarover_samples_ros2_s.ep.rosidl_typesupport_fastrtps_c.c
[3.740s] -- Symlinking: /home/fhp/MobileRobot_ws/install/megarover_samples_ros2/local/lib/python3.10/dist-packages/megarover_samples_ros2/_megarover_samples_ros2_s.ep.rosidl_typesupport_introspection_c.c
[3.755s] -- Symlinking: /home/fhp/MobileRobot_ws/install/megarover_samples_ros2/local/lib/python3.10/dist-packages/megarover_samples_ros2/libmegarover_samples_ros2__rosidl_generator_py.so
[3.771s] -- Symlinking: /home/fhp/MobileRobot_ws/install/megarover_samples_ros2/local/lib/python3.10/dist-packages/megarover_samples_ros2/megarover_samples_ros2_s__rosidl_typesupport_c.cpython-310-x86_64-linux-gnu.so
[3.786s] -- Symlinking: /home/fhp/MobileRobot_ws/install/megarover_samples_ros2/local/lib/python3.10/dist-packages/megarover_samples_ros2/megarover_samples_ros2_s__rosidl_typesupport_fastrtps_c.cpython-310-x86_64-linux-gnu.so
[3.801s] -- Symlinking: /home/fhp/MobileRobot_ws/install/megarover_samples_ros2/local/lib/python3.10/dist-packages/megarover_samples_ros2/megarover_samples_ros2_s__rosidl_typesupport_introspection_c.cpython-310-x86_64-linux-gnu.so
[3.809s] -- Symlinking: /home/fhp/MobileRobot_ws/install/megarover_samples_ros2/local/lib/python3.10/dist-packages/megarover_samples_ros2/srv/__init__.py
[3.818s] -- Symlinking: /home/fhp/MobileRobot_ws/install/megarover_samples_ros2/local/lib/python3.10/dist-packages/megarover_samples_ros2/srv/_goal_path.py
[3.825s] -- Symlinking: /home/fhp/MobileRobot_ws/install/megarover_samples_ros2/local/lib/python3.10/dist-packages/megarover_samples_ros2/srv/_goal_path_s.c
[3.840s] -- Up-to-date symlink: /home/fhp/MobileRobot_ws/install/megarover_samples_ros2/local/lib/python3.10/dist-packages/megarover_samples_ros2/megarover_samples_ros2_s__rosidl_typesupport_fastrtps_c.cpython-310-x86_64-linux-gnu.so
[3.840s] -- Up-to-date symlink: /home/fhp/MobileRobot_ws/install/megarover_samples_ros2/local/lib/python3.10/dist-packages/megarover_samples_ros2/megarover_samples_ros2_s__rosidl_typesupport_introspection_c.cpython-310-x86_64-linux-gnu.so
[3.841s] -- Up-to-date symlink: /home/fhp/MobileRobot_ws/install/megarover_samples_ros2/local/lib/python3.10/dist-packages/megarover_samples_ros2/megarover_samples_ros2_s__rosidl_typesupport_c.cpython-310-x86_64-linux-gnu.so
[3.841s] -- Symlinking: /home/fhp/MobileRobot_ws/install/megarover_samples_ros2/share/megarover_samples_ros2/srv/GoalPath.idl
[3.856s] -- Symlinking: /home/fhp/MobileRobot_ws/install/megarover_samples_ros2/share/megarover_samples_ros2/srv/GoalPath.srv
[3.871s] -- Symlinking: /home/fhp/MobileRobot_ws/install/megarover_samples_ros2/share/megarover_samples_ros2/srv/GoalPath_Request.msg
[3.879s] -- Symlinking: /home/fhp/MobileRobot_ws/install/megarover_samples_ros2/share/megarover_samples_ros2/srv/GoalPath_Response.msg
[3.887s] -- Up-to-date symlink: /home/fhp/MobileRobot_ws/install/megarover_samples_ros2/share/ament_index/resource_index/package_run_dependencies/megarover_samples_ros2
[3.887s] -- Up-to-date symlink: /home/fhp/MobileRobot_ws/install/megarover_samples_ros2/share/ament_index/resource_index/parent_prefix_path/megarover_samples_ros2
[3.887s] -- Up-to-date symlink: /home/fhp/MobileRobot_ws/install/megarover_samples_ros2/share/megarover_samples_ros2/environment/ament_prefix_path.sh
[3.887s] -- Up-to-date symlink: /home/fhp/MobileRobot_ws/install/megarover_samples_ros2/share/megarover_samples_ros2/environment/ament_prefix_path.dsv
[3.888s] -- Up-to-date symlink: /home/fhp/MobileRobot_ws/install/megarover_samples_ros2/share/megarover_samples_ros2/environment/path.sh
[3.888s] -- Up-to-date symlink: /home/fhp/MobileRobot_ws/install/megarover_samples_ros2/share/megarover_samples_ros2/environment/path.dsv
[3.888s] -- Up-to-date symlink: /home/fhp/MobileRobot_ws/install/megarover_samples_ros2/share/megarover_samples_ros2/local_setup.bash
[3.888s] -- Up-to-date symlink: /home/fhp/MobileRobot_ws/install/megarover_samples_ros2/share/megarover_samples_ros2/local_setup.sh
[3.889s] -- Up-to-date symlink: /home/fhp/MobileRobot_ws/install/megarover_samples_ros2/share/megarover_samples_ros2/local_setup.zsh
[3.889s] -- Up-to-date symlink: /home/fhp/MobileRobot_ws/install/megarover_samples_ros2/share/megarover_samples_ros2/local_setup.dsv
[3.889s] -- Symlinking: /home/fhp/MobileRobot_ws/install/megarover_samples_ros2/share/megarover_samples_ros2/package.dsv
[3.897s] -- Up-to-date symlink: /home/fhp/MobileRobot_ws/install/megarover_samples_ros2/share/ament_index/resource_index/packages/megarover_samples_ros2
[3.897s] -- Symlinking: /home/fhp/MobileRobot_ws/install/megarover_samples_ros2/share/megarover_samples_ros2/cmake/rosidl_cmake-extras.cmake
[3.905s] -- Symlinking: /home/fhp/MobileRobot_ws/install/megarover_samples_ros2/share/megarover_samples_ros2/cmake/ament_cmake_export_dependencies-extras.cmake
[3.921s] -- Symlinking: /home/fhp/MobileRobot_ws/install/megarover_samples_ros2/share/megarover_samples_ros2/cmake/ament_cmake_export_include_directories-extras.cmake
[3.936s] -- Symlinking: /home/fhp/MobileRobot_ws/install/megarover_samples_ros2/share/megarover_samples_ros2/cmake/ament_cmake_export_libraries-extras.cmake
[3.951s] -- Symlinking: /home/fhp/MobileRobot_ws/install/megarover_samples_ros2/share/megarover_samples_ros2/cmake/ament_cmake_export_targets-extras.cmake
[3.967s] -- Symlinking: /home/fhp/MobileRobot_ws/install/megarover_samples_ros2/share/megarover_samples_ros2/cmake/rosidl_cmake_export_typesupport_targets-extras.cmake
[3.975s] -- Symlinking: /home/fhp/MobileRobot_ws/install/megarover_samples_ros2/share/megarover_samples_ros2/cmake/rosidl_cmake_export_typesupport_libraries-extras.cmake
[3.983s] -- Up-to-date symlink: /home/fhp/MobileRobot_ws/install/megarover_samples_ros2/share/megarover_samples_ros2/cmake/megarover_samples_ros2Config.cmake
[3.983s] -- Up-to-date symlink: /home/fhp/MobileRobot_ws/install/megarover_samples_ros2/share/megarover_samples_ros2/cmake/megarover_samples_ros2Config-version.cmake
[3.984s] -- Up-to-date symlink: /home/fhp/MobileRobot_ws/install/megarover_samples_ros2/share/megarover_samples_ros2/package.xml
[3.984s] -- Installing: /home/fhp/MobileRobot_ws/install/megarover_samples_ros2/lib/libmegarover_samples_ros2__rosidl_generator_c.so
[3.984s] -- Set runtime path of "/home/fhp/MobileRobot_ws/install/megarover_samples_ros2/lib/libmegarover_samples_ros2__rosidl_generator_c.so" to ""
[3.984s] -- Installing: /home/fhp/MobileRobot_ws/install/megarover_samples_ros2/lib/libmegarover_samples_ros2__rosidl_typesupport_fastrtps_c.so
[3.985s] -- Set runtime path of "/home/fhp/MobileRobot_ws/install/megarover_samples_ros2/lib/libmegarover_samples_ros2__rosidl_typesupport_fastrtps_c.so" to ""
[3.985s] -- Installing: /home/fhp/MobileRobot_ws/install/megarover_samples_ros2/lib/libmegarover_samples_ros2__rosidl_typesupport_fastrtps_cpp.so
[3.985s] -- Set runtime path of "/home/fhp/MobileRobot_ws/install/megarover_samples_ros2/lib/libmegarover_samples_ros2__rosidl_typesupport_fastrtps_cpp.so" to ""
[3.986s] -- Installing: /home/fhp/MobileRobot_ws/install/megarover_samples_ros2/lib/libmegarover_samples_ros2__rosidl_typesupport_introspection_c.so
[3.986s] -- Set runtime path of "/home/fhp/MobileRobot_ws/install/megarover_samples_ros2/lib/libmegarover_samples_ros2__rosidl_typesupport_introspection_c.so" to ""
[3.986s] -- Installing: /home/fhp/MobileRobot_ws/install/megarover_samples_ros2/lib/libmegarover_samples_ros2__rosidl_typesupport_c.so
[3.986s] -- Set runtime path of "/home/fhp/MobileRobot_ws/install/megarover_samples_ros2/lib/libmegarover_samples_ros2__rosidl_typesupport_c.so" to ""
[3.986s] -- Installing: /home/fhp/MobileRobot_ws/install/megarover_samples_ros2/lib/libmegarover_samples_ros2__rosidl_typesupport_introspection_cpp.so
[3.987s] -- Set runtime path of "/home/fhp/MobileRobot_ws/install/megarover_samples_ros2/lib/libmegarover_samples_ros2__rosidl_typesupport_introspection_cpp.so" to ""
[3.987s] -- Installing: /home/fhp/MobileRobot_ws/install/megarover_samples_ros2/lib/libmegarover_samples_ros2__rosidl_typesupport_cpp.so
[3.987s] -- Set runtime path of "/home/fhp/MobileRobot_ws/install/megarover_samples_ros2/lib/libmegarover_samples_ros2__rosidl_typesupport_cpp.so" to ""
[4.047s] Listing '/home/fhp/MobileRobot_ws/install/megarover_samples_ros2/local/lib/python3.10/dist-packages/megarover_samples_ros2'...
[4.047s] Compiling '/home/fhp/MobileRobot_ws/install/megarover_samples_ros2/local/lib/python3.10/dist-packages/megarover_samples_ros2/__init__.py'...
[4.047s] Listing '/home/fhp/MobileRobot_ws/install/megarover_samples_ros2/local/lib/python3.10/dist-packages/megarover_samples_ros2/srv'...
[4.047s] Compiling '/home/fhp/MobileRobot_ws/install/megarover_samples_ros2/local/lib/python3.10/dist-packages/megarover_samples_ros2/srv/__init__.py'...
[4.048s] Compiling '/home/fhp/MobileRobot_ws/install/megarover_samples_ros2/local/lib/python3.10/dist-packages/megarover_samples_ros2/srv/_goal_path.py'...
[4.052s] -- Installing: /home/fhp/MobileRobot_ws/install/megarover_samples_ros2/lib/libmegarover_samples_ros2__rosidl_generator_py.so
[4.052s] -- Set runtime path of "/home/fhp/MobileRobot_ws/install/megarover_samples_ros2/lib/libmegarover_samples_ros2__rosidl_generator_py.so" to ""
[4.052s] -- Installing: /home/fhp/MobileRobot_ws/install/megarover_samples_ros2/share/megarover_samples_ros2/cmake/export_megarover_samples_ros2__rosidl_generator_cExport.cmake
[4.053s] -- Installing: /home/fhp/MobileRobot_ws/install/megarover_samples_ros2/share/megarover_samples_ros2/cmake/export_megarover_samples_ros2__rosidl_generator_cExport-noconfig.cmake
[4.053s] -- Installing: /home/fhp/MobileRobot_ws/install/megarover_samples_ros2/share/megarover_samples_ros2/cmake/export_megarover_samples_ros2__rosidl_typesupport_fastrtps_cExport.cmake
[4.053s] -- Installing: /home/fhp/MobileRobot_ws/install/megarover_samples_ros2/share/megarover_samples_ros2/cmake/export_megarover_samples_ros2__rosidl_typesupport_fastrtps_cExport-noconfig.cmake
[4.053s] -- Installing: /home/fhp/MobileRobot_ws/install/megarover_samples_ros2/share/megarover_samples_ros2/cmake/export_megarover_samples_ros2__rosidl_generator_cppExport.cmake
[4.053s] -- Installing: /home/fhp/MobileRobot_ws/install/megarover_samples_ros2/share/megarover_samples_ros2/cmake/export_megarover_samples_ros2__rosidl_typesupport_fastrtps_cppExport.cmake
[4.054s] -- Installing: /home/fhp/MobileRobot_ws/install/megarover_samples_ros2/share/megarover_samples_ros2/cmake/export_megarover_samples_ros2__rosidl_typesupport_fastrtps_cppExport-noconfig.cmake
[4.054s] -- Installing: /home/fhp/MobileRobot_ws/install/megarover_samples_ros2/share/megarover_samples_ros2/cmake/megarover_samples_ros2__rosidl_typesupport_introspection_cExport.cmake
[4.054s] -- Installing: /home/fhp/MobileRobot_ws/install/megarover_samples_ros2/share/megarover_samples_ros2/cmake/megarover_samples_ros2__rosidl_typesupport_introspection_cExport-noconfig.cmake
[4.054s] -- Installing: /home/fhp/MobileRobot_ws/install/megarover_samples_ros2/share/megarover_samples_ros2/cmake/megarover_samples_ros2__rosidl_typesupport_cExport.cmake
[4.054s] -- Installing: /home/fhp/MobileRobot_ws/install/megarover_samples_ros2/share/megarover_samples_ros2/cmake/megarover_samples_ros2__rosidl_typesupport_cExport-noconfig.cmake
[4.054s] -- Installing: /home/fhp/MobileRobot_ws/install/megarover_samples_ros2/share/megarover_samples_ros2/cmake/megarover_samples_ros2__rosidl_typesupport_introspection_cppExport.cmake
[4.054s] -- Installing: /home/fhp/MobileRobot_ws/install/megarover_samples_ros2/share/megarover_samples_ros2/cmake/megarover_samples_ros2__rosidl_typesupport_introspection_cppExport-noconfig.cmake
[4.054s] -- Installing: /home/fhp/MobileRobot_ws/install/megarover_samples_ros2/share/megarover_samples_ros2/cmake/megarover_samples_ros2__rosidl_typesupport_cppExport.cmake
[4.054s] -- Installing: /home/fhp/MobileRobot_ws/install/megarover_samples_ros2/share/megarover_samples_ros2/cmake/megarover_samples_ros2__rosidl_typesupport_cppExport-noconfig.cmake
[4.054s] -- Installing: /home/fhp/MobileRobot_ws/install/megarover_samples_ros2/share/megarover_samples_ros2/cmake/export_megarover_samples_ros2__rosidl_generator_pyExport.cmake
[4.054s] -- Installing: /home/fhp/MobileRobot_ws/install/megarover_samples_ros2/share/megarover_samples_ros2/cmake/export_megarover_samples_ros2__rosidl_generator_pyExport-noconfig.cmake
[4.057s] Invoked command in '/home/fhp/MobileRobot_ws/build/megarover_samples_ros2' returned '0': CMAKE_PREFIX_PATH=${CMAKE_PREFIX_PATH}:/opt/ros/humble /usr/bin/cmake --install /home/fhp/MobileRobot_ws/build/megarover_samples_ros2
