[0.024s] Invoking command in '/home/fhp/MobileRobot_ws/build/megarover_samples_ros2': CMAKE_PREFIX_PATH=${CMAKE_PREFIX_PATH}:/opt/ros/humble /usr/bin/cmake --build /home/fhp/MobileRobot_ws/build/megarover_samples_ros2 -- -j12 -l12
[0.112s] [100%] Built target pub_odom
[0.131s] Invoked command in '/home/fhp/MobileRobot_ws/build/megarover_samples_ros2' returned '0': CMAKE_PREFIX_PATH=${CMAKE_PREFIX_PATH}:/opt/ros/humble /usr/bin/cmake --build /home/fhp/MobileRobot_ws/build/megarover_samples_ros2 -- -j12 -l12
[0.158s] Invoking command in '/home/fhp/MobileRobot_ws/build/megarover_samples_ros2': CMAKE_PREFIX_PATH=${CMAKE_PREFIX_PATH}:/opt/ros/humble /usr/bin/cmake --install /home/fhp/MobileRobot_ws/build/megarover_samples_ros2
[0.165s] -- Install configuration: ""
[0.166s] -- Execute custom install script
[0.167s] -- Up-to-date symlink: /home/fhp/MobileRobot_ws/install/megarover_samples_ros2/lib/megarover_samples_ros2/pub_odom
[0.168s] -- Up-to-date symlink: /home/fhp/MobileRobot_ws/install/megarover_samples_ros2/share/megarover_samples_ros2/config/diff_drive_controller.yaml
[0.168s] -- Up-to-date symlink: /home/fhp/MobileRobot_ws/install/megarover_samples_ros2/share/megarover_samples_ros2/config/mapper_params_online_sync.yaml
[0.168s] -- Up-to-date symlink: /home/fhp/MobileRobot_ws/install/megarover_samples_ros2/share/megarover_samples_ros2/config/navigation_param.yaml
[0.169s] -- Up-to-date symlink: /home/fhp/MobileRobot_ws/install/megarover_samples_ros2/share/megarover_samples_ros2/launch/__pycache__/vmegarover_mapping.launch.cpython-310.pyc
[0.169s] -- Up-to-date symlink: /home/fhp/MobileRobot_ws/install/megarover_samples_ros2/share/megarover_samples_ros2/launch/__pycache__/vmegarover_with_sample_world.launch.cpython-310.pyc
[0.169s] -- Up-to-date symlink: /home/fhp/MobileRobot_ws/install/megarover_samples_ros2/share/megarover_samples_ros2/launch/robot_state_publisher.launch.py
[0.170s] -- Up-to-date symlink: /home/fhp/MobileRobot_ws/install/megarover_samples_ros2/share/megarover_samples_ros2/launch/vmegarover_mapping.launch.py
[0.170s] -- Up-to-date symlink: /home/fhp/MobileRobot_ws/install/megarover_samples_ros2/share/megarover_samples_ros2/launch/vmegarover_navigation.launch.py
[0.170s] -- Up-to-date symlink: /home/fhp/MobileRobot_ws/install/megarover_samples_ros2/share/megarover_samples_ros2/launch/vmegarover_save_map.launch.py
[0.170s] -- Up-to-date symlink: /home/fhp/MobileRobot_ws/install/megarover_samples_ros2/share/megarover_samples_ros2/launch/vmegarover_with_empty_world.launch.py
[0.170s] -- Up-to-date symlink: /home/fhp/MobileRobot_ws/install/megarover_samples_ros2/share/megarover_samples_ros2/launch/vmegarover_with_sample_world.launch.py
[0.171s] -- Up-to-date symlink: /home/fhp/MobileRobot_ws/install/megarover_samples_ros2/share/megarover_samples_ros2/maps/vmegarover_samplemap.pgm
[0.171s] -- Up-to-date symlink: /home/fhp/MobileRobot_ws/install/megarover_samples_ros2/share/megarover_samples_ros2/maps/vmegarover_samplemap.yaml
[0.171s] -- Up-to-date symlink: /home/fhp/MobileRobot_ws/install/megarover_samples_ros2/share/megarover_samples_ros2/models/vmegarover/meshes/dae/lrf.dae
[0.171s] -- Up-to-date symlink: /home/fhp/MobileRobot_ws/install/megarover_samples_ros2/share/megarover_samples_ros2/models/vmegarover/meshes/dae/main_body.dae
[0.172s] -- Up-to-date symlink: /home/fhp/MobileRobot_ws/install/megarover_samples_ros2/share/megarover_samples_ros2/models/vmegarover/meshes/dae/megarover.dae
[0.172s] -- Up-to-date symlink: /home/fhp/MobileRobot_ws/install/megarover_samples_ros2/share/megarover_samples_ros2/models/vmegarover/meshes/dae/r5.png
[0.172s] -- Up-to-date symlink: /home/fhp/MobileRobot_ws/install/megarover_samples_ros2/share/megarover_samples_ros2/models/vmegarover/meshes/dae/r5_lrf.png
[0.172s] -- Up-to-date symlink: /home/fhp/MobileRobot_ws/install/megarover_samples_ros2/share/megarover_samples_ros2/models/vmegarover/meshes/dae/vmega_body.dae
[0.172s] -- Up-to-date symlink: /home/fhp/MobileRobot_ws/install/megarover_samples_ros2/share/megarover_samples_ros2/models/vmegarover/meshes/dae/vmega_wheel.dae
[0.172s] -- Up-to-date symlink: /home/fhp/MobileRobot_ws/install/megarover_samples_ros2/share/megarover_samples_ros2/models/vmegarover/meshes/stl/lrf.stl
[0.172s] -- Up-to-date symlink: /home/fhp/MobileRobot_ws/install/megarover_samples_ros2/share/megarover_samples_ros2/models/vmegarover/meshes/stl/megarover.stl
[0.173s] -- Up-to-date symlink: /home/fhp/MobileRobot_ws/install/megarover_samples_ros2/share/megarover_samples_ros2/models/vmegarover/meshes/stl/vmega_body.stl
[0.173s] -- Up-to-date symlink: /home/fhp/MobileRobot_ws/install/megarover_samples_ros2/share/megarover_samples_ros2/models/vmegarover/meshes/stl/vmega_wheel.stl
[0.173s] -- Up-to-date symlink: /home/fhp/MobileRobot_ws/install/megarover_samples_ros2/share/megarover_samples_ros2/robots/vmegarover.urdf.xacro
[0.174s] -- Up-to-date symlink: /home/fhp/MobileRobot_ws/install/megarover_samples_ros2/share/megarover_samples_ros2/rviz/mapping.rviz
[0.174s] -- Up-to-date symlink: /home/fhp/MobileRobot_ws/install/megarover_samples_ros2/share/megarover_samples_ros2/rviz/navigation.rviz
[0.174s] -- Up-to-date symlink: /home/fhp/MobileRobot_ws/install/megarover_samples_ros2/share/megarover_samples_ros2/scripts/A_star.py
[0.174s] -- Up-to-date symlink: /home/fhp/MobileRobot_ws/install/megarover_samples_ros2/share/megarover_samples_ros2/scripts/create_fix_urdf.py
[0.174s] -- Up-to-date symlink: /home/fhp/MobileRobot_ws/install/megarover_samples_ros2/share/megarover_samples_ros2/scripts/follow_object.py
[0.174s] -- Up-to-date symlink: /home/fhp/MobileRobot_ws/install/megarover_samples_ros2/share/megarover_samples_ros2/scripts/grid_mapping.py
[0.174s] -- Up-to-date symlink: /home/fhp/MobileRobot_ws/install/megarover_samples_ros2/share/megarover_samples_ros2/scripts/path_tracking.py
[0.175s] -- Up-to-date symlink: /home/fhp/MobileRobot_ws/install/megarover_samples_ros2/share/megarover_samples_ros2/scripts/pure_pursuit.py
[0.175s] -- Up-to-date symlink: /home/fhp/MobileRobot_ws/install/megarover_samples_ros2/share/megarover_samples_ros2/scripts/test2.py
[0.176s] -- Up-to-date symlink: /home/fhp/MobileRobot_ws/install/megarover_samples_ros2/share/megarover_samples_ros2/urdf/body/body.gazebo.xacro
[0.176s] -- Up-to-date symlink: /home/fhp/MobileRobot_ws/install/megarover_samples_ros2/share/megarover_samples_ros2/urdf/body/vbody.urdf.xacro
[0.176s] -- Up-to-date symlink: /home/fhp/MobileRobot_ws/install/megarover_samples_ros2/share/megarover_samples_ros2/urdf/common.xacro
[0.176s] -- Up-to-date symlink: /home/fhp/MobileRobot_ws/install/megarover_samples_ros2/share/megarover_samples_ros2/urdf/lrf/lrf.gazebo.xacro
[0.177s] -- Up-to-date symlink: /home/fhp/MobileRobot_ws/install/megarover_samples_ros2/share/megarover_samples_ros2/urdf/lrf/lrf.urdf.xacro
[0.177s] -- Up-to-date symlink: /home/fhp/MobileRobot_ws/install/megarover_samples_ros2/share/megarover_samples_ros2/urdf/wheel/vwheel.urdf.xacro
[0.177s] -- Up-to-date symlink: /home/fhp/MobileRobot_ws/install/megarover_samples_ros2/share/megarover_samples_ros2/urdf/wheel/wheel.gazebo.xacro
[0.177s] -- Up-to-date symlink: /home/fhp/MobileRobot_ws/install/megarover_samples_ros2/share/megarover_samples_ros2/worlds/vmegarover_sample.world
[0.178s] -- Up-to-date symlink: /home/fhp/MobileRobot_ws/install/megarover_samples_ros2/lib/megarover_samples_ros2/follow_object.py
[0.178s] -- Up-to-date symlink: /home/fhp/MobileRobot_ws/install/megarover_samples_ros2/lib/megarover_samples_ros2/grid_mapping.py
[0.178s] -- Up-to-date symlink: /home/fhp/MobileRobot_ws/install/megarover_samples_ros2/lib/megarover_samples_ros2/pure_pursuit.py
[0.178s] -- Up-to-date symlink: /home/fhp/MobileRobot_ws/install/megarover_samples_ros2/lib/megarover_samples_ros2/A_star.py
[0.178s] -- Up-to-date symlink: /home/fhp/MobileRobot_ws/install/megarover_samples_ros2/lib/megarover_samples_ros2/path_tracking.py
[0.178s] -- Up-to-date symlink: /home/fhp/MobileRobot_ws/install/megarover_samples_ros2/share/ament_index/resource_index/package_run_dependencies/megarover_samples_ros2
[0.179s] -- Up-to-date symlink: /home/fhp/MobileRobot_ws/install/megarover_samples_ros2/share/ament_index/resource_index/parent_prefix_path/megarover_samples_ros2
[0.179s] -- Up-to-date symlink: /home/fhp/MobileRobot_ws/install/megarover_samples_ros2/share/megarover_samples_ros2/environment/ament_prefix_path.sh
[0.179s] -- Up-to-date symlink: /home/fhp/MobileRobot_ws/install/megarover_samples_ros2/share/megarover_samples_ros2/environment/ament_prefix_path.dsv
[0.179s] -- Up-to-date symlink: /home/fhp/MobileRobot_ws/install/megarover_samples_ros2/share/megarover_samples_ros2/environment/path.sh
[0.179s] -- Up-to-date symlink: /home/fhp/MobileRobot_ws/install/megarover_samples_ros2/share/megarover_samples_ros2/environment/path.dsv
[0.180s] -- Up-to-date symlink: /home/fhp/MobileRobot_ws/install/megarover_samples_ros2/share/megarover_samples_ros2/local_setup.bash
[0.180s] -- Up-to-date symlink: /home/fhp/MobileRobot_ws/install/megarover_samples_ros2/share/megarover_samples_ros2/local_setup.sh
[0.180s] -- Up-to-date symlink: /home/fhp/MobileRobot_ws/install/megarover_samples_ros2/share/megarover_samples_ros2/local_setup.zsh
[0.180s] -- Up-to-date symlink: /home/fhp/MobileRobot_ws/install/megarover_samples_ros2/share/megarover_samples_ros2/local_setup.dsv
[0.180s] -- Symlinking: /home/fhp/MobileRobot_ws/install/megarover_samples_ros2/share/megarover_samples_ros2/package.dsv
[0.188s] -- Up-to-date symlink: /home/fhp/MobileRobot_ws/install/megarover_samples_ros2/share/ament_index/resource_index/packages/megarover_samples_ros2
[0.189s] -- Up-to-date symlink: /home/fhp/MobileRobot_ws/install/megarover_samples_ros2/share/megarover_samples_ros2/cmake/megarover_samples_ros2Config.cmake
[0.189s] -- Up-to-date symlink: /home/fhp/MobileRobot_ws/install/megarover_samples_ros2/share/megarover_samples_ros2/cmake/megarover_samples_ros2Config-version.cmake
[0.189s] -- Up-to-date symlink: /home/fhp/MobileRobot_ws/install/megarover_samples_ros2/share/megarover_samples_ros2/package.xml
[0.192s] Invoked command in '/home/fhp/MobileRobot_ws/build/megarover_samples_ros2' returned '0': CMAKE_PREFIX_PATH=${CMAKE_PREFIX_PATH}:/opt/ros/humble /usr/bin/cmake --install /home/fhp/MobileRobot_ws/build/megarover_samples_ros2
