[0.035s] Invoking command in '/home/fhp/MobileRobot_ws/build/navigation': CMAKE_PREFIX_PATH=${CMAKE_PREFIX_PATH}:/opt/ros/humble /usr/bin/cmake --build /home/fhp/MobileRobot_ws/build/navigation -- -j12 -l12
[0.119s] Invoked command in '/home/fhp/MobileRobot_ws/build/navigation' returned '0': CMAKE_PREFIX_PATH=${CMAKE_PREFIX_PATH}:/opt/ros/humble /usr/bin/cmake --build /home/fhp/MobileRobot_ws/build/navigation -- -j12 -l12
[0.239s] Invoking command in '/home/fhp/MobileRobot_ws/build/navigation': CMAKE_PREFIX_PATH=${CMAKE_PREFIX_PATH}:/opt/ros/humble /usr/bin/cmake --install /home/fhp/MobileRobot_ws/build/navigation
[0.262s] -- Install configuration: ""
[0.264s] -- Execute custom install script
[0.265s] -- Up-to-date symlink: /home/fhp/MobileRobot_ws/install/navigation/lib/navigation/grid_mapping.py
[0.265s] -- Up-to-date symlink: /home/fhp/MobileRobot_ws/install/navigation/lib/navigation/GlobalPlanning_A-star.py
[0.265s] -- Up-to-date symlink: /home/fhp/MobileRobot_ws/install/navigation/lib/navigation/path_tracking.py
[0.265s] -- Up-to-date symlink: /home/fhp/MobileRobot_ws/install/navigation/lib/navigation/Behavior_server.py
[0.265s] -- Up-to-date symlink: /home/fhp/MobileRobot_ws/install/navigation/share/ament_index/resource_index/package_run_dependencies/navigation
[0.266s] -- Up-to-date symlink: /home/fhp/MobileRobot_ws/install/navigation/share/ament_index/resource_index/parent_prefix_path/navigation
[0.266s] -- Up-to-date symlink: /home/fhp/MobileRobot_ws/install/navigation/share/navigation/environment/ament_prefix_path.sh
[0.266s] -- Up-to-date symlink: /home/fhp/MobileRobot_ws/install/navigation/share/navigation/environment/ament_prefix_path.dsv
[0.268s] -- Up-to-date symlink: /home/fhp/MobileRobot_ws/install/navigation/share/navigation/environment/path.sh
[0.268s] -- Up-to-date symlink: /home/fhp/MobileRobot_ws/install/navigation/share/navigation/environment/path.dsv
[0.268s] -- Up-to-date symlink: /home/fhp/MobileRobot_ws/install/navigation/share/navigation/local_setup.bash
[0.268s] -- Up-to-date symlink: /home/fhp/MobileRobot_ws/install/navigation/share/navigation/local_setup.sh
[0.268s] -- Up-to-date symlink: /home/fhp/MobileRobot_ws/install/navigation/share/navigation/local_setup.zsh
[0.269s] -- Up-to-date symlink: /home/fhp/MobileRobot_ws/install/navigation/share/navigation/local_setup.dsv
[0.269s] -- Symlinking: /home/fhp/MobileRobot_ws/install/navigation/share/navigation/package.dsv
[0.295s] -- Up-to-date symlink: /home/fhp/MobileRobot_ws/install/navigation/share/ament_index/resource_index/packages/navigation
[0.297s] -- Up-to-date symlink: /home/fhp/MobileRobot_ws/install/navigation/share/navigation/cmake/navigationConfig.cmake
[0.298s] -- Up-to-date symlink: /home/fhp/MobileRobot_ws/install/navigation/share/navigation/cmake/navigationConfig-version.cmake
[0.298s] -- Up-to-date symlink: /home/fhp/MobileRobot_ws/install/navigation/share/navigation/package.xml
[0.311s] Invoked command in '/home/fhp/MobileRobot_ws/build/navigation' returned '0': CMAKE_PREFIX_PATH=${CMAKE_PREFIX_PATH}:/opt/ros/humble /usr/bin/cmake --install /home/fhp/MobileRobot_ws/build/navigation
