[0.326s] DEBUG:colcon:Command line arguments: ['/usr/bin/colcon', 'build', '--symlink-install']
[0.327s] DEBUG:colcon:Parsed command line arguments: Namespace(log_base=None, log_level=None, verb_name='build', build_base='build', install_base='install', merge_install=False, symlink_install=True, test_result_base=None, continue_on_error=False, executor='parallel', parallel_workers=12, event_handlers=None, ignore_user_meta=False, metas=['./colcon.meta'], base_paths=['.'], packages_ignore=None, packages_ignore_regex=None, paths=None, packages_up_to=None, packages_up_to_regex=None, packages_above=None, packages_above_and_dependencies=None, packages_above_depth=None, packages_select_by_dep=None, packages_skip_by_dep=None, packages_skip_up_to=None, packages_select_build_failed=False, packages_skip_build_finished=False, packages_select_test_failures=False, packages_skip_test_passed=False, packages_select=None, packages_skip=None, packages_select_regex=None, packages_skip_regex=None, packages_start=None, packages_end=None, allow_overriding=[], cmake_args=None, cmake_target=None, cmake_target_skip_unavailable=False, cmake_clean_cache=False, cmake_clean_first=False, cmake_force_configure=False, ament_cmake_args=None, catkin_cmake_args=None, catkin_skip_building_tests=False, verb_parser=<colcon_defaults.argument_parser.defaults.DefaultArgumentsDecorator object at 0x7fec055bfe80>, verb_extension=<colcon_core.verb.build.BuildVerb object at 0x7fec05e0dc30>, main=<bound method BuildVerb.main of <colcon_core.verb.build.BuildVerb object at 0x7fec05e0dc30>>)
[0.355s] Level 1:colcon.colcon_core.package_discovery:discover_packages(colcon_meta) check parameters
[0.355s] Level 1:colcon.colcon_core.package_discovery:discover_packages(recursive) check parameters
[0.355s] Level 1:colcon.colcon_core.package_discovery:discover_packages(ignore) check parameters
[0.355s] Level 1:colcon.colcon_core.package_discovery:discover_packages(path) check parameters
[0.355s] Level 1:colcon.colcon_core.package_discovery:discover_packages(colcon_meta) discover
[0.356s] Level 1:colcon.colcon_core.package_discovery:discover_packages(recursive) discover
[0.356s] INFO:colcon.colcon_core.package_discovery:Crawling recursively for packages in '/home/fhp/FRA532-MobileRobot/MobileRobot_ws'
[0.356s] Level 1:colcon.colcon_core.package_identification:_identify(.) by extensions ['ignore', 'ignore_ament_install']
[0.356s] Level 1:colcon.colcon_core.package_identification:_identify(.) by extension 'ignore'
[0.356s] Level 1:colcon.colcon_core.package_identification:_identify(.) by extension 'ignore_ament_install'
[0.356s] Level 1:colcon.colcon_core.package_identification:_identify(.) by extensions ['colcon_pkg']
[0.356s] Level 1:colcon.colcon_core.package_identification:_identify(.) by extension 'colcon_pkg'
[0.356s] Level 1:colcon.colcon_core.package_identification:_identify(.) by extensions ['colcon_meta']
[0.356s] Level 1:colcon.colcon_core.package_identification:_identify(.) by extension 'colcon_meta'
[0.356s] Level 1:colcon.colcon_core.package_identification:_identify(.) by extensions ['ros']
[0.356s] Level 1:colcon.colcon_core.package_identification:_identify(.) by extension 'ros'
[0.366s] Level 1:colcon.colcon_core.package_identification:_identify(.) by extensions ['cmake', 'python']
[0.366s] Level 1:colcon.colcon_core.package_identification:_identify(.) by extension 'cmake'
[0.366s] Level 1:colcon.colcon_core.package_identification:_identify(.) by extension 'python'
[0.366s] Level 1:colcon.colcon_core.package_identification:_identify(.) by extensions ['python_setup_py']
[0.366s] Level 1:colcon.colcon_core.package_identification:_identify(.) by extension 'python_setup_py'
[0.367s] Level 1:colcon.colcon_core.package_identification:_identify(build) by extensions ['ignore', 'ignore_ament_install']
[0.367s] Level 1:colcon.colcon_core.package_identification:_identify(build) by extension 'ignore'
[0.367s] Level 1:colcon.colcon_core.package_identification:_identify(build) ignored
[0.367s] Level 1:colcon.colcon_core.package_identification:_identify(install) by extensions ['ignore', 'ignore_ament_install']
[0.367s] Level 1:colcon.colcon_core.package_identification:_identify(install) by extension 'ignore'
[0.367s] Level 1:colcon.colcon_core.package_identification:_identify(install) ignored
[0.367s] Level 1:colcon.colcon_core.package_identification:_identify(log) by extensions ['ignore', 'ignore_ament_install']
[0.367s] Level 1:colcon.colcon_core.package_identification:_identify(log) by extension 'ignore'
[0.367s] Level 1:colcon.colcon_core.package_identification:_identify(log) ignored
[0.367s] Level 1:colcon.colcon_core.package_identification:_identify(src) by extensions ['ignore', 'ignore_ament_install']
[0.367s] Level 1:colcon.colcon_core.package_identification:_identify(src) by extension 'ignore'
[0.367s] Level 1:colcon.colcon_core.package_identification:_identify(src) by extension 'ignore_ament_install'
[0.367s] Level 1:colcon.colcon_core.package_identification:_identify(src) by extensions ['colcon_pkg']
[0.367s] Level 1:colcon.colcon_core.package_identification:_identify(src) by extension 'colcon_pkg'
[0.367s] Level 1:colcon.colcon_core.package_identification:_identify(src) by extensions ['colcon_meta']
[0.367s] Level 1:colcon.colcon_core.package_identification:_identify(src) by extension 'colcon_meta'
[0.367s] Level 1:colcon.colcon_core.package_identification:_identify(src) by extensions ['ros']
[0.367s] Level 1:colcon.colcon_core.package_identification:_identify(src) by extension 'ros'
[0.367s] Level 1:colcon.colcon_core.package_identification:_identify(src) by extensions ['cmake', 'python']
[0.367s] Level 1:colcon.colcon_core.package_identification:_identify(src) by extension 'cmake'
[0.368s] Level 1:colcon.colcon_core.package_identification:_identify(src) by extension 'python'
[0.368s] Level 1:colcon.colcon_core.package_identification:_identify(src) by extensions ['python_setup_py']
[0.368s] Level 1:colcon.colcon_core.package_identification:_identify(src) by extension 'python_setup_py'
[0.368s] Level 1:colcon.colcon_core.package_identification:_identify(src/algorithm) by extensions ['ignore', 'ignore_ament_install']
[0.368s] Level 1:colcon.colcon_core.package_identification:_identify(src/algorithm) by extension 'ignore'
[0.368s] Level 1:colcon.colcon_core.package_identification:_identify(src/algorithm) by extension 'ignore_ament_install'
[0.368s] Level 1:colcon.colcon_core.package_identification:_identify(src/algorithm) by extensions ['colcon_pkg']
[0.368s] Level 1:colcon.colcon_core.package_identification:_identify(src/algorithm) by extension 'colcon_pkg'
[0.368s] Level 1:colcon.colcon_core.package_identification:_identify(src/algorithm) by extensions ['colcon_meta']
[0.368s] Level 1:colcon.colcon_core.package_identification:_identify(src/algorithm) by extension 'colcon_meta'
[0.368s] Level 1:colcon.colcon_core.package_identification:_identify(src/algorithm) by extensions ['ros']
[0.368s] Level 1:colcon.colcon_core.package_identification:_identify(src/algorithm) by extension 'ros'
[0.368s] Level 1:colcon.colcon_core.package_identification:_identify(src/algorithm) by extensions ['cmake', 'python']
[0.368s] Level 1:colcon.colcon_core.package_identification:_identify(src/algorithm) by extension 'cmake'
[0.368s] Level 1:colcon.colcon_core.package_identification:_identify(src/algorithm) by extension 'python'
[0.368s] Level 1:colcon.colcon_core.package_identification:_identify(src/algorithm) by extensions ['python_setup_py']
[0.368s] Level 1:colcon.colcon_core.package_identification:_identify(src/algorithm) by extension 'python_setup_py'
[0.368s] Level 1:colcon.colcon_core.package_identification:_identify(src/algorithm/__pycache__) by extensions ['ignore', 'ignore_ament_install']
[0.368s] Level 1:colcon.colcon_core.package_identification:_identify(src/algorithm/__pycache__) by extension 'ignore'
[0.368s] Level 1:colcon.colcon_core.package_identification:_identify(src/algorithm/__pycache__) by extension 'ignore_ament_install'
[0.368s] Level 1:colcon.colcon_core.package_identification:_identify(src/algorithm/__pycache__) by extensions ['colcon_pkg']
[0.368s] Level 1:colcon.colcon_core.package_identification:_identify(src/algorithm/__pycache__) by extension 'colcon_pkg'
[0.368s] Level 1:colcon.colcon_core.package_identification:_identify(src/algorithm/__pycache__) by extensions ['colcon_meta']
[0.368s] Level 1:colcon.colcon_core.package_identification:_identify(src/algorithm/__pycache__) by extension 'colcon_meta'
[0.369s] Level 1:colcon.colcon_core.package_identification:_identify(src/algorithm/__pycache__) by extensions ['ros']
[0.369s] Level 1:colcon.colcon_core.package_identification:_identify(src/algorithm/__pycache__) by extension 'ros'
[0.369s] Level 1:colcon.colcon_core.package_identification:_identify(src/algorithm/__pycache__) by extensions ['cmake', 'python']
[0.369s] Level 1:colcon.colcon_core.package_identification:_identify(src/algorithm/__pycache__) by extension 'cmake'
[0.369s] Level 1:colcon.colcon_core.package_identification:_identify(src/algorithm/__pycache__) by extension 'python'
[0.369s] Level 1:colcon.colcon_core.package_identification:_identify(src/algorithm/__pycache__) by extensions ['python_setup_py']
[0.369s] Level 1:colcon.colcon_core.package_identification:_identify(src/algorithm/__pycache__) by extension 'python_setup_py'
[0.369s] Level 1:colcon.colcon_core.package_identification:_identify(src/megarover_samples_ros2) by extensions ['ignore', 'ignore_ament_install']
[0.369s] Level 1:colcon.colcon_core.package_identification:_identify(src/megarover_samples_ros2) by extension 'ignore'
[0.369s] Level 1:colcon.colcon_core.package_identification:_identify(src/megarover_samples_ros2) by extension 'ignore_ament_install'
[0.369s] Level 1:colcon.colcon_core.package_identification:_identify(src/megarover_samples_ros2) by extensions ['colcon_pkg']
[0.369s] Level 1:colcon.colcon_core.package_identification:_identify(src/megarover_samples_ros2) by extension 'colcon_pkg'
[0.369s] Level 1:colcon.colcon_core.package_identification:_identify(src/megarover_samples_ros2) by extensions ['colcon_meta']
[0.369s] Level 1:colcon.colcon_core.package_identification:_identify(src/megarover_samples_ros2) by extension 'colcon_meta'
[0.369s] Level 1:colcon.colcon_core.package_identification:_identify(src/megarover_samples_ros2) by extensions ['ros']
[0.369s] Level 1:colcon.colcon_core.package_identification:_identify(src/megarover_samples_ros2) by extension 'ros'
[0.374s] DEBUG:colcon.colcon_core.package_identification:Package 'src/megarover_samples_ros2' with type 'ros.ament_cmake' and name 'megarover_samples_ros2'
[0.374s] Level 1:colcon.colcon_core.package_identification:_identify(src/msg_interfaces) by extensions ['ignore', 'ignore_ament_install']
[0.374s] Level 1:colcon.colcon_core.package_identification:_identify(src/msg_interfaces) by extension 'ignore'
[0.374s] Level 1:colcon.colcon_core.package_identification:_identify(src/msg_interfaces) by extension 'ignore_ament_install'
[0.374s] Level 1:colcon.colcon_core.package_identification:_identify(src/msg_interfaces) by extensions ['colcon_pkg']
[0.374s] Level 1:colcon.colcon_core.package_identification:_identify(src/msg_interfaces) by extension 'colcon_pkg'
[0.374s] Level 1:colcon.colcon_core.package_identification:_identify(src/msg_interfaces) by extensions ['colcon_meta']
[0.374s] Level 1:colcon.colcon_core.package_identification:_identify(src/msg_interfaces) by extension 'colcon_meta'
[0.374s] Level 1:colcon.colcon_core.package_identification:_identify(src/msg_interfaces) by extensions ['ros']
[0.374s] Level 1:colcon.colcon_core.package_identification:_identify(src/msg_interfaces) by extension 'ros'
[0.375s] DEBUG:colcon.colcon_core.package_identification:Package 'src/msg_interfaces' with type 'ros.ament_cmake' and name 'msg_interfaces'
[0.375s] Level 1:colcon.colcon_core.package_identification:_identify(src/navigation) by extensions ['ignore', 'ignore_ament_install']
[0.375s] Level 1:colcon.colcon_core.package_identification:_identify(src/navigation) by extension 'ignore'
[0.375s] Level 1:colcon.colcon_core.package_identification:_identify(src/navigation) by extension 'ignore_ament_install'
[0.375s] Level 1:colcon.colcon_core.package_identification:_identify(src/navigation) by extensions ['colcon_pkg']
[0.375s] Level 1:colcon.colcon_core.package_identification:_identify(src/navigation) by extension 'colcon_pkg'
[0.375s] Level 1:colcon.colcon_core.package_identification:_identify(src/navigation) by extensions ['colcon_meta']
[0.375s] Level 1:colcon.colcon_core.package_identification:_identify(src/navigation) by extension 'colcon_meta'
[0.375s] Level 1:colcon.colcon_core.package_identification:_identify(src/navigation) by extensions ['ros']
[0.375s] Level 1:colcon.colcon_core.package_identification:_identify(src/navigation) by extension 'ros'
[0.375s] DEBUG:colcon.colcon_core.package_identification:Package 'src/navigation' with type 'ros.ament_cmake' and name 'navigation'
[0.375s] Level 1:colcon.colcon_core.package_discovery:discover_packages(recursive) using defaults
[0.375s] Level 1:colcon.colcon_core.package_discovery:discover_packages(ignore) discover
[0.376s] Level 1:colcon.colcon_core.package_discovery:discover_packages(ignore) using defaults
[0.376s] Level 1:colcon.colcon_core.package_discovery:discover_packages(path) discover
[0.376s] Level 1:colcon.colcon_core.package_discovery:discover_packages(path) using defaults
[0.399s] Level 1:colcon.colcon_core.package_discovery:discover_packages(prefix_path) check parameters
[0.399s] Level 1:colcon.colcon_core.package_discovery:discover_packages(prefix_path) discover
[0.404s] DEBUG:colcon.colcon_installed_package_information.package_discovery:Found 3 installed packages in /home/fhp/FRA532-MobileRobot/MobileRobot_ws/install
[0.405s] DEBUG:colcon.colcon_installed_package_information.package_discovery:Found 1 installed packages in /home/fhp/ROS2_Directory/Test_ws/install
[0.406s] DEBUG:colcon.colcon_installed_package_information.package_discovery:Found 335 installed packages in /opt/ros/humble
[0.407s] Level 1:colcon.colcon_core.package_discovery:discover_packages(prefix_path) using defaults
[0.466s] Level 5:colcon.colcon_core.verb:set package 'megarover_samples_ros2' build argument 'cmake_args' from command line to 'None'
[0.466s] Level 5:colcon.colcon_core.verb:set package 'megarover_samples_ros2' build argument 'cmake_target' from command line to 'None'
[0.466s] Level 5:colcon.colcon_core.verb:set package 'megarover_samples_ros2' build argument 'cmake_target_skip_unavailable' from command line to 'False'
[0.466s] Level 5:colcon.colcon_core.verb:set package 'megarover_samples_ros2' build argument 'cmake_clean_cache' from command line to 'False'
[0.466s] Level 5:colcon.colcon_core.verb:set package 'megarover_samples_ros2' build argument 'cmake_clean_first' from command line to 'False'
[0.466s] Level 5:colcon.colcon_core.verb:set package 'megarover_samples_ros2' build argument 'cmake_force_configure' from command line to 'False'
[0.466s] Level 5:colcon.colcon_core.verb:set package 'megarover_samples_ros2' build argument 'ament_cmake_args' from command line to 'None'
[0.466s] Level 5:colcon.colcon_core.verb:set package 'megarover_samples_ros2' build argument 'catkin_cmake_args' from command line to 'None'
[0.466s] Level 5:colcon.colcon_core.verb:set package 'megarover_samples_ros2' build argument 'catkin_skip_building_tests' from command line to 'False'
[0.466s] DEBUG:colcon.colcon_core.verb:Building package 'megarover_samples_ros2' with the following arguments: {'ament_cmake_args': None, 'build_base': '/home/fhp/FRA532-MobileRobot/MobileRobot_ws/build/megarover_samples_ros2', 'catkin_cmake_args': None, 'catkin_skip_building_tests': False, 'cmake_args': None, 'cmake_clean_cache': False, 'cmake_clean_first': False, 'cmake_force_configure': False, 'cmake_target': None, 'cmake_target_skip_unavailable': False, 'install_base': '/home/fhp/FRA532-MobileRobot/MobileRobot_ws/install/megarover_samples_ros2', 'merge_install': False, 'path': '/home/fhp/FRA532-MobileRobot/MobileRobot_ws/src/megarover_samples_ros2', 'symlink_install': True, 'test_result_base': None}
[0.467s] Level 5:colcon.colcon_core.verb:set package 'msg_interfaces' build argument 'cmake_args' from command line to 'None'
[0.467s] Level 5:colcon.colcon_core.verb:set package 'msg_interfaces' build argument 'cmake_target' from command line to 'None'
[0.467s] Level 5:colcon.colcon_core.verb:set package 'msg_interfaces' build argument 'cmake_target_skip_unavailable' from command line to 'False'
[0.467s] Level 5:colcon.colcon_core.verb:set package 'msg_interfaces' build argument 'cmake_clean_cache' from command line to 'False'
[0.467s] Level 5:colcon.colcon_core.verb:set package 'msg_interfaces' build argument 'cmake_clean_first' from command line to 'False'
[0.467s] Level 5:colcon.colcon_core.verb:set package 'msg_interfaces' build argument 'cmake_force_configure' from command line to 'False'
[0.467s] Level 5:colcon.colcon_core.verb:set package 'msg_interfaces' build argument 'ament_cmake_args' from command line to 'None'
[0.467s] Level 5:colcon.colcon_core.verb:set package 'msg_interfaces' build argument 'catkin_cmake_args' from command line to 'None'
[0.467s] Level 5:colcon.colcon_core.verb:set package 'msg_interfaces' build argument 'catkin_skip_building_tests' from command line to 'False'
[0.467s] DEBUG:colcon.colcon_core.verb:Building package 'msg_interfaces' with the following arguments: {'ament_cmake_args': None, 'build_base': '/home/fhp/FRA532-MobileRobot/MobileRobot_ws/build/msg_interfaces', 'catkin_cmake_args': None, 'catkin_skip_building_tests': False, 'cmake_args': None, 'cmake_clean_cache': False, 'cmake_clean_first': False, 'cmake_force_configure': False, 'cmake_target': None, 'cmake_target_skip_unavailable': False, 'install_base': '/home/fhp/FRA532-MobileRobot/MobileRobot_ws/install/msg_interfaces', 'merge_install': False, 'path': '/home/fhp/FRA532-MobileRobot/MobileRobot_ws/src/msg_interfaces', 'symlink_install': True, 'test_result_base': None}
[0.468s] Level 5:colcon.colcon_core.verb:set package 'navigation' build argument 'cmake_args' from command line to 'None'
[0.468s] Level 5:colcon.colcon_core.verb:set package 'navigation' build argument 'cmake_target' from command line to 'None'
[0.468s] Level 5:colcon.colcon_core.verb:set package 'navigation' build argument 'cmake_target_skip_unavailable' from command line to 'False'
[0.468s] Level 5:colcon.colcon_core.verb:set package 'navigation' build argument 'cmake_clean_cache' from command line to 'False'
[0.468s] Level 5:colcon.colcon_core.verb:set package 'navigation' build argument 'cmake_clean_first' from command line to 'False'
[0.468s] Level 5:colcon.colcon_core.verb:set package 'navigation' build argument 'cmake_force_configure' from command line to 'False'
[0.468s] Level 5:colcon.colcon_core.verb:set package 'navigation' build argument 'ament_cmake_args' from command line to 'None'
[0.468s] Level 5:colcon.colcon_core.verb:set package 'navigation' build argument 'catkin_cmake_args' from command line to 'None'
[0.468s] Level 5:colcon.colcon_core.verb:set package 'navigation' build argument 'catkin_skip_building_tests' from command line to 'False'
[0.468s] DEBUG:colcon.colcon_core.verb:Building package 'navigation' with the following arguments: {'ament_cmake_args': None, 'build_base': '/home/fhp/FRA532-MobileRobot/MobileRobot_ws/build/navigation', 'catkin_cmake_args': None, 'catkin_skip_building_tests': False, 'cmake_args': None, 'cmake_clean_cache': False, 'cmake_clean_first': False, 'cmake_force_configure': False, 'cmake_target': None, 'cmake_target_skip_unavailable': False, 'install_base': '/home/fhp/FRA532-MobileRobot/MobileRobot_ws/install/navigation', 'merge_install': False, 'path': '/home/fhp/FRA532-MobileRobot/MobileRobot_ws/src/navigation', 'symlink_install': True, 'test_result_base': None}
[0.469s] INFO:colcon.colcon_core.executor:Executing jobs using 'parallel' executor
[0.471s] DEBUG:colcon.colcon_parallel_executor.executor.parallel:run_until_complete
[0.471s] INFO:colcon.colcon_ros.task.ament_cmake.build:Building ROS package in '/home/fhp/FRA532-MobileRobot/MobileRobot_ws/src/megarover_samples_ros2' with build type 'ament_cmake'
[0.472s] INFO:colcon.colcon_cmake.task.cmake.build:Building CMake package in '/home/fhp/FRA532-MobileRobot/MobileRobot_ws/src/megarover_samples_ros2'
[0.479s] INFO:colcon.colcon_core.plugin_system:Skipping extension 'colcon_core.shell.bat': Not used on non-Windows systems
[0.479s] INFO:colcon.colcon_core.shell:Skip shell extension 'powershell' for command environment: Not usable outside of PowerShell
[0.479s] DEBUG:colcon.colcon_core.shell:Skip shell extension 'dsv' for command environment
[0.484s] INFO:colcon.colcon_ros.task.ament_cmake.build:Building ROS package in '/home/fhp/FRA532-MobileRobot/MobileRobot_ws/src/msg_interfaces' with build type 'ament_cmake'
[0.485s] INFO:colcon.colcon_cmake.task.cmake.build:Building CMake package in '/home/fhp/FRA532-MobileRobot/MobileRobot_ws/src/msg_interfaces'
[0.486s] INFO:colcon.colcon_core.shell:Skip shell extension 'powershell' for command environment: Not usable outside of PowerShell
[0.486s] DEBUG:colcon.colcon_core.shell:Skip shell extension 'dsv' for command environment
[0.491s] INFO:colcon.colcon_ros.task.ament_cmake.build:Building ROS package in '/home/fhp/FRA532-MobileRobot/MobileRobot_ws/src/navigation' with build type 'ament_cmake'
[0.491s] INFO:colcon.colcon_cmake.task.cmake.build:Building CMake package in '/home/fhp/FRA532-MobileRobot/MobileRobot_ws/src/navigation'
[0.492s] INFO:colcon.colcon_core.shell:Skip shell extension 'powershell' for command environment: Not usable outside of PowerShell
[0.492s] DEBUG:colcon.colcon_core.shell:Skip shell extension 'dsv' for command environment
[0.502s] DEBUG:colcon.colcon_core.event_handler.log_command:Invoking command in '/home/fhp/FRA532-MobileRobot/MobileRobot_ws/build/megarover_samples_ros2': CMAKE_PREFIX_PATH=${CMAKE_PREFIX_PATH}:/opt/ros/humble /usr/bin/cmake --build /home/fhp/FRA532-MobileRobot/MobileRobot_ws/build/megarover_samples_ros2 -- -j12 -l12
[0.506s] DEBUG:colcon.colcon_core.event_handler.log_command:Invoking command in '/home/fhp/FRA532-MobileRobot/MobileRobot_ws/build/msg_interfaces': CMAKE_PREFIX_PATH=${CMAKE_PREFIX_PATH}:/opt/ros/humble /usr/bin/cmake --build /home/fhp/FRA532-MobileRobot/MobileRobot_ws/build/msg_interfaces -- -j12 -l12
[0.510s] DEBUG:colcon.colcon_core.event_handler.log_command:Invoking command in '/home/fhp/FRA532-MobileRobot/MobileRobot_ws/build/navigation': CMAKE_PREFIX_PATH=${CMAKE_PREFIX_PATH}:/opt/ros/humble /usr/bin/cmake --build /home/fhp/FRA532-MobileRobot/MobileRobot_ws/build/navigation -- -j12 -l12
[0.578s] DEBUG:colcon.colcon_core.event_handler.log_command:Invoked command in '/home/fhp/FRA532-MobileRobot/MobileRobot_ws/build/navigation' returned '0': CMAKE_PREFIX_PATH=${CMAKE_PREFIX_PATH}:/opt/ros/humble /usr/bin/cmake --build /home/fhp/FRA532-MobileRobot/MobileRobot_ws/build/navigation -- -j12 -l12
[0.619s] DEBUG:colcon.colcon_core.event_handler.log_command:Invoking command in '/home/fhp/FRA532-MobileRobot/MobileRobot_ws/build/navigation': CMAKE_PREFIX_PATH=${CMAKE_PREFIX_PATH}:/opt/ros/humble /usr/bin/cmake --install /home/fhp/FRA532-MobileRobot/MobileRobot_ws/build/navigation
[0.622s] DEBUG:colcon.colcon_core.event_handler.log_command:Invoked command in '/home/fhp/FRA532-MobileRobot/MobileRobot_ws/build/megarover_samples_ros2' returned '0': CMAKE_PREFIX_PATH=${CMAKE_PREFIX_PATH}:/opt/ros/humble /usr/bin/cmake --build /home/fhp/FRA532-MobileRobot/MobileRobot_ws/build/megarover_samples_ros2 -- -j12 -l12
[0.650s] DEBUG:colcon.colcon_core.event_handler.log_command:Invoking command in '/home/fhp/FRA532-MobileRobot/MobileRobot_ws/build/megarover_samples_ros2': CMAKE_PREFIX_PATH=${CMAKE_PREFIX_PATH}:/opt/ros/humble /usr/bin/cmake --install /home/fhp/FRA532-MobileRobot/MobileRobot_ws/build/megarover_samples_ros2
[0.650s] Level 1:colcon.colcon_core.environment:create_environment_scripts_only(navigation)
[0.652s] DEBUG:colcon.colcon_core.event_handler.log_command:Invoked command in '/home/fhp/FRA532-MobileRobot/MobileRobot_ws/build/navigation' returned '0': CMAKE_PREFIX_PATH=${CMAKE_PREFIX_PATH}:/opt/ros/humble /usr/bin/cmake --install /home/fhp/FRA532-MobileRobot/MobileRobot_ws/build/navigation
[0.663s] Level 1:colcon.colcon_core.environment:checking '/home/fhp/FRA532-MobileRobot/MobileRobot_ws/install/navigation' for CMake module files
[0.665s] Level 1:colcon.colcon_core.environment:checking '/home/fhp/FRA532-MobileRobot/MobileRobot_ws/install/navigation' for CMake config files
[0.665s] Level 1:colcon.colcon_core.shell:create_environment_hook('navigation', 'cmake_prefix_path')
[0.666s] INFO:colcon.colcon_core.shell:Creating environment hook '/home/fhp/FRA532-MobileRobot/MobileRobot_ws/install/navigation/share/navigation/hook/cmake_prefix_path.ps1'
[0.668s] INFO:colcon.colcon_core.shell:Creating environment descriptor '/home/fhp/FRA532-MobileRobot/MobileRobot_ws/install/navigation/share/navigation/hook/cmake_prefix_path.dsv'
[0.670s] INFO:colcon.colcon_core.shell:Creating environment hook '/home/fhp/FRA532-MobileRobot/MobileRobot_ws/install/navigation/share/navigation/hook/cmake_prefix_path.sh'
[0.672s] Level 1:colcon.colcon_core.environment:checking '/home/fhp/FRA532-MobileRobot/MobileRobot_ws/install/navigation/lib'
[0.672s] Level 1:colcon.colcon_core.environment:checking '/home/fhp/FRA532-MobileRobot/MobileRobot_ws/install/navigation/bin'
[0.672s] Level 1:colcon.colcon_core.environment:checking '/home/fhp/FRA532-MobileRobot/MobileRobot_ws/install/navigation/lib/pkgconfig/navigation.pc'
[0.673s] Level 1:colcon.colcon_core.environment:checking '/home/fhp/FRA532-MobileRobot/MobileRobot_ws/install/navigation/lib/python3.10/site-packages'
[0.673s] Level 1:colcon.colcon_core.environment:checking '/home/fhp/FRA532-MobileRobot/MobileRobot_ws/install/navigation/bin'
[0.674s] INFO:colcon.colcon_core.shell:Creating package script '/home/fhp/FRA532-MobileRobot/MobileRobot_ws/install/navigation/share/navigation/package.ps1'
[0.676s] INFO:colcon.colcon_core.shell:Creating package descriptor '/home/fhp/FRA532-MobileRobot/MobileRobot_ws/install/navigation/share/navigation/package.dsv'
[0.677s] INFO:colcon.colcon_core.shell:Creating package script '/home/fhp/FRA532-MobileRobot/MobileRobot_ws/install/navigation/share/navigation/package.sh'
[0.678s] INFO:colcon.colcon_core.shell:Creating package script '/home/fhp/FRA532-MobileRobot/MobileRobot_ws/install/navigation/share/navigation/package.bash'
[0.679s] INFO:colcon.colcon_core.shell:Creating package script '/home/fhp/FRA532-MobileRobot/MobileRobot_ws/install/navigation/share/navigation/package.zsh'
[0.679s] Level 1:colcon.colcon_core.environment:create_file_with_runtime_dependencies(/home/fhp/FRA532-MobileRobot/MobileRobot_ws/install/navigation/share/colcon-core/packages/navigation)
[0.683s] Level 1:colcon.colcon_core.environment:create_environment_scripts_only(megarover_samples_ros2)
[0.685s] Level 1:colcon.colcon_core.environment:checking '/home/fhp/FRA532-MobileRobot/MobileRobot_ws/install/megarover_samples_ros2' for CMake module files
[0.686s] DEBUG:colcon.colcon_core.event_handler.log_command:Invoked command in '/home/fhp/FRA532-MobileRobot/MobileRobot_ws/build/megarover_samples_ros2' returned '0': CMAKE_PREFIX_PATH=${CMAKE_PREFIX_PATH}:/opt/ros/humble /usr/bin/cmake --install /home/fhp/FRA532-MobileRobot/MobileRobot_ws/build/megarover_samples_ros2
[0.686s] Level 1:colcon.colcon_core.environment:checking '/home/fhp/FRA532-MobileRobot/MobileRobot_ws/install/megarover_samples_ros2' for CMake config files
[0.687s] Level 1:colcon.colcon_core.shell:create_environment_hook('megarover_samples_ros2', 'cmake_prefix_path')
[0.688s] INFO:colcon.colcon_core.shell:Creating environment hook '/home/fhp/FRA532-MobileRobot/MobileRobot_ws/install/megarover_samples_ros2/share/megarover_samples_ros2/hook/cmake_prefix_path.ps1'
[0.689s] INFO:colcon.colcon_core.shell:Creating environment descriptor '/home/fhp/FRA532-MobileRobot/MobileRobot_ws/install/megarover_samples_ros2/share/megarover_samples_ros2/hook/cmake_prefix_path.dsv'
[0.689s] INFO:colcon.colcon_core.shell:Creating environment hook '/home/fhp/FRA532-MobileRobot/MobileRobot_ws/install/megarover_samples_ros2/share/megarover_samples_ros2/hook/cmake_prefix_path.sh'
[0.690s] Level 1:colcon.colcon_core.environment:checking '/home/fhp/FRA532-MobileRobot/MobileRobot_ws/install/megarover_samples_ros2/lib'
[0.690s] Level 1:colcon.colcon_core.environment:checking '/home/fhp/FRA532-MobileRobot/MobileRobot_ws/install/megarover_samples_ros2/bin'
[0.690s] Level 1:colcon.colcon_core.environment:checking '/home/fhp/FRA532-MobileRobot/MobileRobot_ws/install/megarover_samples_ros2/lib/pkgconfig/megarover_samples_ros2.pc'
[0.690s] Level 1:colcon.colcon_core.environment:checking '/home/fhp/FRA532-MobileRobot/MobileRobot_ws/install/megarover_samples_ros2/lib/python3.10/site-packages'
[0.690s] Level 1:colcon.colcon_core.environment:checking '/home/fhp/FRA532-MobileRobot/MobileRobot_ws/install/megarover_samples_ros2/bin'
[0.692s] INFO:colcon.colcon_core.shell:Creating package script '/home/fhp/FRA532-MobileRobot/MobileRobot_ws/install/megarover_samples_ros2/share/megarover_samples_ros2/package.ps1'
[0.692s] INFO:colcon.colcon_core.shell:Creating package descriptor '/home/fhp/FRA532-MobileRobot/MobileRobot_ws/install/megarover_samples_ros2/share/megarover_samples_ros2/package.dsv'
[0.692s] INFO:colcon.colcon_core.shell:Creating package script '/home/fhp/FRA532-MobileRobot/MobileRobot_ws/install/megarover_samples_ros2/share/megarover_samples_ros2/package.sh'
[0.693s] INFO:colcon.colcon_core.shell:Creating package script '/home/fhp/FRA532-MobileRobot/MobileRobot_ws/install/megarover_samples_ros2/share/megarover_samples_ros2/package.bash'
[0.693s] INFO:colcon.colcon_core.shell:Creating package script '/home/fhp/FRA532-MobileRobot/MobileRobot_ws/install/megarover_samples_ros2/share/megarover_samples_ros2/package.zsh'
[0.693s] Level 1:colcon.colcon_core.environment:create_file_with_runtime_dependencies(/home/fhp/FRA532-MobileRobot/MobileRobot_ws/install/megarover_samples_ros2/share/colcon-core/packages/megarover_samples_ros2)
[0.700s] Level 1:colcon.colcon_core.environment:create_environment_scripts_only(navigation)
[0.702s] Level 1:colcon.colcon_core.environment:checking '/home/fhp/FRA532-MobileRobot/MobileRobot_ws/install/navigation' for CMake module files
[0.703s] Level 1:colcon.colcon_core.environment:checking '/home/fhp/FRA532-MobileRobot/MobileRobot_ws/install/navigation' for CMake config files
[0.703s] Level 1:colcon.colcon_core.shell:create_environment_hook('navigation', 'cmake_prefix_path')
[0.705s] INFO:colcon.colcon_core.shell:Creating environment hook '/home/fhp/FRA532-MobileRobot/MobileRobot_ws/install/navigation/share/navigation/hook/cmake_prefix_path.ps1'
[0.705s] INFO:colcon.colcon_core.shell:Creating environment descriptor '/home/fhp/FRA532-MobileRobot/MobileRobot_ws/install/navigation/share/navigation/hook/cmake_prefix_path.dsv'
[0.706s] INFO:colcon.colcon_core.shell:Creating environment hook '/home/fhp/FRA532-MobileRobot/MobileRobot_ws/install/navigation/share/navigation/hook/cmake_prefix_path.sh'
[0.706s] Level 1:colcon.colcon_core.environment:checking '/home/fhp/FRA532-MobileRobot/MobileRobot_ws/install/navigation/lib'
[0.706s] Level 1:colcon.colcon_core.environment:checking '/home/fhp/FRA532-MobileRobot/MobileRobot_ws/install/navigation/bin'
[0.706s] Level 1:colcon.colcon_core.environment:checking '/home/fhp/FRA532-MobileRobot/MobileRobot_ws/install/navigation/lib/pkgconfig/navigation.pc'
[0.707s] Level 1:colcon.colcon_core.environment:checking '/home/fhp/FRA532-MobileRobot/MobileRobot_ws/install/navigation/lib/python3.10/site-packages'
[0.707s] Level 1:colcon.colcon_core.environment:checking '/home/fhp/FRA532-MobileRobot/MobileRobot_ws/install/navigation/bin'
[0.709s] INFO:colcon.colcon_core.shell:Creating package script '/home/fhp/FRA532-MobileRobot/MobileRobot_ws/install/navigation/share/navigation/package.ps1'
[0.710s] INFO:colcon.colcon_core.shell:Creating package descriptor '/home/fhp/FRA532-MobileRobot/MobileRobot_ws/install/navigation/share/navigation/package.dsv'
[0.710s] INFO:colcon.colcon_core.shell:Creating package script '/home/fhp/FRA532-MobileRobot/MobileRobot_ws/install/navigation/share/navigation/package.sh'
[0.711s] INFO:colcon.colcon_core.shell:Creating package script '/home/fhp/FRA532-MobileRobot/MobileRobot_ws/install/navigation/share/navigation/package.bash'
[0.711s] INFO:colcon.colcon_core.shell:Creating package script '/home/fhp/FRA532-MobileRobot/MobileRobot_ws/install/navigation/share/navigation/package.zsh'
[0.712s] Level 1:colcon.colcon_core.environment:create_file_with_runtime_dependencies(/home/fhp/FRA532-MobileRobot/MobileRobot_ws/install/navigation/share/colcon-core/packages/navigation)
[0.720s] Level 1:colcon.colcon_core.environment:create_environment_scripts_only(megarover_samples_ros2)
[0.722s] Level 1:colcon.colcon_core.environment:checking '/home/fhp/FRA532-MobileRobot/MobileRobot_ws/install/megarover_samples_ros2' for CMake module files
[0.722s] Level 1:colcon.colcon_core.environment:checking '/home/fhp/FRA532-MobileRobot/MobileRobot_ws/install/megarover_samples_ros2' for CMake config files
[0.722s] Level 1:colcon.colcon_core.shell:create_environment_hook('megarover_samples_ros2', 'cmake_prefix_path')
[0.724s] INFO:colcon.colcon_core.shell:Creating environment hook '/home/fhp/FRA532-MobileRobot/MobileRobot_ws/install/megarover_samples_ros2/share/megarover_samples_ros2/hook/cmake_prefix_path.ps1'
[0.725s] INFO:colcon.colcon_core.shell:Creating environment descriptor '/home/fhp/FRA532-MobileRobot/MobileRobot_ws/install/megarover_samples_ros2/share/megarover_samples_ros2/hook/cmake_prefix_path.dsv'
[0.725s] INFO:colcon.colcon_core.shell:Creating environment hook '/home/fhp/FRA532-MobileRobot/MobileRobot_ws/install/megarover_samples_ros2/share/megarover_samples_ros2/hook/cmake_prefix_path.sh'
[0.726s] Level 1:colcon.colcon_core.environment:checking '/home/fhp/FRA532-MobileRobot/MobileRobot_ws/install/megarover_samples_ros2/lib'
[0.726s] Level 1:colcon.colcon_core.environment:checking '/home/fhp/FRA532-MobileRobot/MobileRobot_ws/install/megarover_samples_ros2/bin'
[0.726s] Level 1:colcon.colcon_core.environment:checking '/home/fhp/FRA532-MobileRobot/MobileRobot_ws/install/megarover_samples_ros2/lib/pkgconfig/megarover_samples_ros2.pc'
[0.726s] Level 1:colcon.colcon_core.environment:checking '/home/fhp/FRA532-MobileRobot/MobileRobot_ws/install/megarover_samples_ros2/lib/python3.10/site-packages'
[0.726s] Level 1:colcon.colcon_core.environment:checking '/home/fhp/FRA532-MobileRobot/MobileRobot_ws/install/megarover_samples_ros2/bin'
[0.728s] INFO:colcon.colcon_core.shell:Creating package script '/home/fhp/FRA532-MobileRobot/MobileRobot_ws/install/megarover_samples_ros2/share/megarover_samples_ros2/package.ps1'
[0.728s] INFO:colcon.colcon_core.shell:Creating package descriptor '/home/fhp/FRA532-MobileRobot/MobileRobot_ws/install/megarover_samples_ros2/share/megarover_samples_ros2/package.dsv'
[0.729s] INFO:colcon.colcon_core.shell:Creating package script '/home/fhp/FRA532-MobileRobot/MobileRobot_ws/install/megarover_samples_ros2/share/megarover_samples_ros2/package.sh'
[0.729s] INFO:colcon.colcon_core.shell:Creating package script '/home/fhp/FRA532-MobileRobot/MobileRobot_ws/install/megarover_samples_ros2/share/megarover_samples_ros2/package.bash'
[0.729s] INFO:colcon.colcon_core.shell:Creating package script '/home/fhp/FRA532-MobileRobot/MobileRobot_ws/install/megarover_samples_ros2/share/megarover_samples_ros2/package.zsh'
[0.730s] Level 1:colcon.colcon_core.environment:create_file_with_runtime_dependencies(/home/fhp/FRA532-MobileRobot/MobileRobot_ws/install/megarover_samples_ros2/share/colcon-core/packages/megarover_samples_ros2)
[0.899s] DEBUG:colcon.colcon_core.event_handler.log_command:Invoked command in '/home/fhp/FRA532-MobileRobot/MobileRobot_ws/build/msg_interfaces' returned '0': CMAKE_PREFIX_PATH=${CMAKE_PREFIX_PATH}:/opt/ros/humble /usr/bin/cmake --build /home/fhp/FRA532-MobileRobot/MobileRobot_ws/build/msg_interfaces -- -j12 -l12
[0.961s] DEBUG:colcon.colcon_core.event_handler.log_command:Invoking command in '/home/fhp/FRA532-MobileRobot/MobileRobot_ws/build/msg_interfaces': CMAKE_PREFIX_PATH=${CMAKE_PREFIX_PATH}:/opt/ros/humble /usr/bin/cmake --install /home/fhp/FRA532-MobileRobot/MobileRobot_ws/build/msg_interfaces
[1.055s] Level 1:colcon.colcon_core.environment:create_environment_scripts_only(msg_interfaces)
[1.055s] DEBUG:colcon.colcon_core.event_handler.log_command:Invoked command in '/home/fhp/FRA532-MobileRobot/MobileRobot_ws/build/msg_interfaces' returned '0': CMAKE_PREFIX_PATH=${CMAKE_PREFIX_PATH}:/opt/ros/humble /usr/bin/cmake --install /home/fhp/FRA532-MobileRobot/MobileRobot_ws/build/msg_interfaces
[1.059s] Level 1:colcon.colcon_core.environment:checking '/home/fhp/FRA532-MobileRobot/MobileRobot_ws/install/msg_interfaces' for CMake module files
[1.061s] Level 1:colcon.colcon_core.environment:checking '/home/fhp/FRA532-MobileRobot/MobileRobot_ws/install/msg_interfaces' for CMake config files
[1.062s] Level 1:colcon.colcon_core.shell:create_environment_hook('msg_interfaces', 'cmake_prefix_path')
[1.065s] INFO:colcon.colcon_core.shell:Creating environment hook '/home/fhp/FRA532-MobileRobot/MobileRobot_ws/install/msg_interfaces/share/msg_interfaces/hook/cmake_prefix_path.ps1'
[1.065s] INFO:colcon.colcon_core.shell:Creating environment descriptor '/home/fhp/FRA532-MobileRobot/MobileRobot_ws/install/msg_interfaces/share/msg_interfaces/hook/cmake_prefix_path.dsv'
[1.066s] INFO:colcon.colcon_core.shell:Creating environment hook '/home/fhp/FRA532-MobileRobot/MobileRobot_ws/install/msg_interfaces/share/msg_interfaces/hook/cmake_prefix_path.sh'
[1.067s] Level 1:colcon.colcon_core.environment:checking '/home/fhp/FRA532-MobileRobot/MobileRobot_ws/install/msg_interfaces/lib'
[1.067s] Level 1:colcon.colcon_core.shell:create_environment_hook('msg_interfaces', 'ld_library_path_lib')
[1.069s] INFO:colcon.colcon_core.shell:Creating environment hook '/home/fhp/FRA532-MobileRobot/MobileRobot_ws/install/msg_interfaces/share/msg_interfaces/hook/ld_library_path_lib.ps1'
[1.070s] INFO:colcon.colcon_core.shell:Creating environment descriptor '/home/fhp/FRA532-MobileRobot/MobileRobot_ws/install/msg_interfaces/share/msg_interfaces/hook/ld_library_path_lib.dsv'
[1.071s] INFO:colcon.colcon_core.shell:Creating environment hook '/home/fhp/FRA532-MobileRobot/MobileRobot_ws/install/msg_interfaces/share/msg_interfaces/hook/ld_library_path_lib.sh'
[1.071s] Level 1:colcon.colcon_core.environment:checking '/home/fhp/FRA532-MobileRobot/MobileRobot_ws/install/msg_interfaces/bin'
[1.071s] Level 1:colcon.colcon_core.environment:checking '/home/fhp/FRA532-MobileRobot/MobileRobot_ws/install/msg_interfaces/lib/pkgconfig/msg_interfaces.pc'
[1.072s] Level 1:colcon.colcon_core.environment:checking '/home/fhp/FRA532-MobileRobot/MobileRobot_ws/install/msg_interfaces/lib/python3.10/site-packages'
[1.072s] Level 1:colcon.colcon_core.environment:checking '/home/fhp/FRA532-MobileRobot/MobileRobot_ws/install/msg_interfaces/bin'
[1.075s] INFO:colcon.colcon_core.shell:Creating package script '/home/fhp/FRA532-MobileRobot/MobileRobot_ws/install/msg_interfaces/share/msg_interfaces/package.ps1'
[1.076s] INFO:colcon.colcon_core.shell:Creating package descriptor '/home/fhp/FRA532-MobileRobot/MobileRobot_ws/install/msg_interfaces/share/msg_interfaces/package.dsv'
[1.077s] INFO:colcon.colcon_core.shell:Creating package script '/home/fhp/FRA532-MobileRobot/MobileRobot_ws/install/msg_interfaces/share/msg_interfaces/package.sh'
[1.077s] INFO:colcon.colcon_core.shell:Creating package script '/home/fhp/FRA532-MobileRobot/MobileRobot_ws/install/msg_interfaces/share/msg_interfaces/package.bash'
[1.078s] INFO:colcon.colcon_core.shell:Creating package script '/home/fhp/FRA532-MobileRobot/MobileRobot_ws/install/msg_interfaces/share/msg_interfaces/package.zsh'
[1.078s] Level 1:colcon.colcon_core.environment:create_file_with_runtime_dependencies(/home/fhp/FRA532-MobileRobot/MobileRobot_ws/install/msg_interfaces/share/colcon-core/packages/msg_interfaces)
[1.160s] Level 1:colcon.colcon_core.environment:create_environment_scripts_only(msg_interfaces)
[1.162s] Level 1:colcon.colcon_core.environment:checking '/home/fhp/FRA532-MobileRobot/MobileRobot_ws/install/msg_interfaces' for CMake module files
[1.162s] Level 1:colcon.colcon_core.environment:checking '/home/fhp/FRA532-MobileRobot/MobileRobot_ws/install/msg_interfaces' for CMake config files
[1.163s] Level 1:colcon.colcon_core.shell:create_environment_hook('msg_interfaces', 'cmake_prefix_path')
[1.164s] INFO:colcon.colcon_core.shell:Creating environment hook '/home/fhp/FRA532-MobileRobot/MobileRobot_ws/install/msg_interfaces/share/msg_interfaces/hook/cmake_prefix_path.ps1'
[1.164s] INFO:colcon.colcon_core.shell:Creating environment descriptor '/home/fhp/FRA532-MobileRobot/MobileRobot_ws/install/msg_interfaces/share/msg_interfaces/hook/cmake_prefix_path.dsv'
[1.164s] INFO:colcon.colcon_core.shell:Creating environment hook '/home/fhp/FRA532-MobileRobot/MobileRobot_ws/install/msg_interfaces/share/msg_interfaces/hook/cmake_prefix_path.sh'
[1.165s] Level 1:colcon.colcon_core.environment:checking '/home/fhp/FRA532-MobileRobot/MobileRobot_ws/install/msg_interfaces/lib'
[1.165s] Level 1:colcon.colcon_core.shell:create_environment_hook('msg_interfaces', 'ld_library_path_lib')
[1.166s] INFO:colcon.colcon_core.shell:Creating environment hook '/home/fhp/FRA532-MobileRobot/MobileRobot_ws/install/msg_interfaces/share/msg_interfaces/hook/ld_library_path_lib.ps1'
[1.166s] INFO:colcon.colcon_core.shell:Creating environment descriptor '/home/fhp/FRA532-MobileRobot/MobileRobot_ws/install/msg_interfaces/share/msg_interfaces/hook/ld_library_path_lib.dsv'
[1.167s] INFO:colcon.colcon_core.shell:Creating environment hook '/home/fhp/FRA532-MobileRobot/MobileRobot_ws/install/msg_interfaces/share/msg_interfaces/hook/ld_library_path_lib.sh'
[1.167s] Level 1:colcon.colcon_core.environment:checking '/home/fhp/FRA532-MobileRobot/MobileRobot_ws/install/msg_interfaces/bin'
[1.167s] Level 1:colcon.colcon_core.environment:checking '/home/fhp/FRA532-MobileRobot/MobileRobot_ws/install/msg_interfaces/lib/pkgconfig/msg_interfaces.pc'
[1.167s] Level 1:colcon.colcon_core.environment:checking '/home/fhp/FRA532-MobileRobot/MobileRobot_ws/install/msg_interfaces/lib/python3.10/site-packages'
[1.168s] Level 1:colcon.colcon_core.environment:checking '/home/fhp/FRA532-MobileRobot/MobileRobot_ws/install/msg_interfaces/bin'
[1.169s] INFO:colcon.colcon_core.shell:Creating package script '/home/fhp/FRA532-MobileRobot/MobileRobot_ws/install/msg_interfaces/share/msg_interfaces/package.ps1'
[1.169s] INFO:colcon.colcon_core.shell:Creating package descriptor '/home/fhp/FRA532-MobileRobot/MobileRobot_ws/install/msg_interfaces/share/msg_interfaces/package.dsv'
[1.170s] INFO:colcon.colcon_core.shell:Creating package script '/home/fhp/FRA532-MobileRobot/MobileRobot_ws/install/msg_interfaces/share/msg_interfaces/package.sh'
[1.170s] INFO:colcon.colcon_core.shell:Creating package script '/home/fhp/FRA532-MobileRobot/MobileRobot_ws/install/msg_interfaces/share/msg_interfaces/package.bash'
[1.170s] INFO:colcon.colcon_core.shell:Creating package script '/home/fhp/FRA532-MobileRobot/MobileRobot_ws/install/msg_interfaces/share/msg_interfaces/package.zsh'
[1.170s] Level 1:colcon.colcon_core.environment:create_file_with_runtime_dependencies(/home/fhp/FRA532-MobileRobot/MobileRobot_ws/install/msg_interfaces/share/colcon-core/packages/msg_interfaces)
[1.171s] DEBUG:colcon.colcon_parallel_executor.executor.parallel:closing loop
[1.171s] DEBUG:colcon.colcon_parallel_executor.executor.parallel:loop closed
[1.171s] DEBUG:colcon.colcon_parallel_executor.executor.parallel:run_until_complete finished with '0'
[1.171s] DEBUG:colcon.colcon_core.event_reactor:joining thread
[1.181s] INFO:colcon.colcon_core.plugin_system:Skipping extension 'colcon_notification.desktop_notification.terminal_notifier': Not used on non-Darwin systems
[1.181s] INFO:colcon.colcon_core.plugin_system:Skipping extension 'colcon_notification.desktop_notification.win32': Not used on non-Windows systems
[1.181s] INFO:colcon.colcon_notification.desktop_notification:Sending desktop notification using 'notify2'
[1.225s] DEBUG:colcon.colcon_core.event_reactor:joined thread
[1.227s] INFO:colcon.colcon_core.shell:Creating prefix script '/home/fhp/FRA532-MobileRobot/MobileRobot_ws/install/local_setup.ps1'
[1.228s] INFO:colcon.colcon_core.shell:Creating prefix util module '/home/fhp/FRA532-MobileRobot/MobileRobot_ws/install/_local_setup_util_ps1.py'
[1.231s] INFO:colcon.colcon_core.shell:Creating prefix chain script '/home/fhp/FRA532-MobileRobot/MobileRobot_ws/install/setup.ps1'
[1.233s] INFO:colcon.colcon_core.shell:Creating prefix script '/home/fhp/FRA532-MobileRobot/MobileRobot_ws/install/local_setup.sh'
[1.235s] INFO:colcon.colcon_core.shell:Creating prefix util module '/home/fhp/FRA532-MobileRobot/MobileRobot_ws/install/_local_setup_util_sh.py'
[1.236s] INFO:colcon.colcon_core.shell:Creating prefix chain script '/home/fhp/FRA532-MobileRobot/MobileRobot_ws/install/setup.sh'
[1.238s] INFO:colcon.colcon_core.shell:Creating prefix script '/home/fhp/FRA532-MobileRobot/MobileRobot_ws/install/local_setup.bash'
[1.239s] INFO:colcon.colcon_core.shell:Creating prefix chain script '/home/fhp/FRA532-MobileRobot/MobileRobot_ws/install/setup.bash'
[1.241s] INFO:colcon.colcon_core.shell:Creating prefix script '/home/fhp/FRA532-MobileRobot/MobileRobot_ws/install/local_setup.zsh'
[1.242s] INFO:colcon.colcon_core.shell:Creating prefix chain script '/home/fhp/FRA532-MobileRobot/MobileRobot_ws/install/setup.zsh'
