[0.985s] DEBUG:colcon:Command line arguments: ['/usr/bin/colcon', 'list', '-p', '--base-paths', '/home/fhp/FRA532-MobileRobot/MobileRobot_ws']
[0.985s] DEBUG:colcon:Parsed command line arguments: Namespace(log_base=None, log_level=None, verb_name='list', build_base='build', ignore_user_meta=False, metas=['./colcon.meta'], base_paths=['/home/fhp/FRA532-MobileRobot/MobileRobot_ws'], packages_ignore=None, packages_ignore_regex=None, paths=None, packages_up_to=None, packages_up_to_regex=None, packages_above=None, packages_above_and_dependencies=None, packages_above_depth=None, packages_select_by_dep=None, packages_skip_by_dep=None, packages_skip_up_to=None, packages_select_build_failed=False, packages_skip_build_finished=False, packages_select_test_failures=False, packages_skip_test_passed=False, packages_select=None, packages_skip=None, packages_select_regex=None, packages_skip_regex=None, packages_start=None, packages_end=None, allow_overriding=[], topological_order=False, names_only=False, paths_only=True, topological_graph=False, topological_graph_dot=False, topological_graph_density=False, topological_graph_legend=False, topological_graph_dot_cluster=False, topological_graph_dot_include_skipped=False, verb_parser=<colcon_defaults.argument_parser.defaults.DefaultArgumentsDecorator object at 0x7fb0fb141060>, verb_extension=<colcon_package_information.verb.list.ListVerb object at 0x7fb0fb137e80>, main=<bound method ListVerb.main of <colcon_package_information.verb.list.ListVerb object at 0x7fb0fb137e80>>)
[1.167s] Level 1:colcon.colcon_core.package_discovery:discover_packages(colcon_meta) check parameters
[1.168s] Level 1:colcon.colcon_core.package_discovery:discover_packages(recursive) check parameters
[1.168s] Level 1:colcon.colcon_core.package_discovery:discover_packages(ignore) check parameters
[1.168s] Level 1:colcon.colcon_core.package_discovery:discover_packages(path) check parameters
[1.168s] Level 1:colcon.colcon_core.package_discovery:discover_packages(recursive) discover
[1.168s] INFO:colcon.colcon_core.package_discovery:Crawling recursively for packages in '/home/fhp/FRA532-MobileRobot/MobileRobot_ws'
[1.168s] Level 1:colcon.colcon_core.package_identification:_identify(/home/fhp/FRA532-MobileRobot/MobileRobot_ws) by extensions ['ignore', 'ignore_ament_install']
[1.169s] Level 1:colcon.colcon_core.package_identification:_identify(/home/fhp/FRA532-MobileRobot/MobileRobot_ws) by extension 'ignore'
[1.169s] Level 1:colcon.colcon_core.package_identification:_identify(/home/fhp/FRA532-MobileRobot/MobileRobot_ws) by extension 'ignore_ament_install'
[1.169s] Level 1:colcon.colcon_core.package_identification:_identify(/home/fhp/FRA532-MobileRobot/MobileRobot_ws) by extensions ['colcon_pkg']
[1.169s] Level 1:colcon.colcon_core.package_identification:_identify(/home/fhp/FRA532-MobileRobot/MobileRobot_ws) by extension 'colcon_pkg'
[1.169s] Level 1:colcon.colcon_core.package_identification:_identify(/home/fhp/FRA532-MobileRobot/MobileRobot_ws) by extensions ['colcon_meta']
[1.169s] Level 1:colcon.colcon_core.package_identification:_identify(/home/fhp/FRA532-MobileRobot/MobileRobot_ws) by extension 'colcon_meta'
[1.169s] Level 1:colcon.colcon_core.package_identification:_identify(/home/fhp/FRA532-MobileRobot/MobileRobot_ws) by extensions ['ros']
[1.169s] Level 1:colcon.colcon_core.package_identification:_identify(/home/fhp/FRA532-MobileRobot/MobileRobot_ws) by extension 'ros'
[1.211s] Level 1:colcon.colcon_core.package_identification:_identify(/home/fhp/FRA532-MobileRobot/MobileRobot_ws) by extensions ['cmake', 'python']
[1.211s] Level 1:colcon.colcon_core.package_identification:_identify(/home/fhp/FRA532-MobileRobot/MobileRobot_ws) by extension 'cmake'
[1.211s] Level 1:colcon.colcon_core.package_identification:_identify(/home/fhp/FRA532-MobileRobot/MobileRobot_ws) by extension 'python'
[1.211s] Level 1:colcon.colcon_core.package_identification:_identify(/home/fhp/FRA532-MobileRobot/MobileRobot_ws) by extensions ['python_setup_py']
[1.212s] Level 1:colcon.colcon_core.package_identification:_identify(/home/fhp/FRA532-MobileRobot/MobileRobot_ws) by extension 'python_setup_py'
[1.212s] Level 1:colcon.colcon_core.package_identification:_identify(/home/fhp/FRA532-MobileRobot/MobileRobot_ws/build) by extensions ['ignore', 'ignore_ament_install']
[1.213s] Level 1:colcon.colcon_core.package_identification:_identify(/home/fhp/FRA532-MobileRobot/MobileRobot_ws/build) by extension 'ignore'
[1.213s] Level 1:colcon.colcon_core.package_identification:_identify(/home/fhp/FRA532-MobileRobot/MobileRobot_ws/build) ignored
[1.213s] Level 1:colcon.colcon_core.package_identification:_identify(/home/fhp/FRA532-MobileRobot/MobileRobot_ws/install) by extensions ['ignore', 'ignore_ament_install']
[1.213s] Level 1:colcon.colcon_core.package_identification:_identify(/home/fhp/FRA532-MobileRobot/MobileRobot_ws/install) by extension 'ignore'
[1.213s] Level 1:colcon.colcon_core.package_identification:_identify(/home/fhp/FRA532-MobileRobot/MobileRobot_ws/install) ignored
[1.213s] Level 1:colcon.colcon_core.package_identification:_identify(/home/fhp/FRA532-MobileRobot/MobileRobot_ws/log) by extensions ['ignore', 'ignore_ament_install']
[1.213s] Level 1:colcon.colcon_core.package_identification:_identify(/home/fhp/FRA532-MobileRobot/MobileRobot_ws/log) by extension 'ignore'
[1.213s] Level 1:colcon.colcon_core.package_identification:_identify(/home/fhp/FRA532-MobileRobot/MobileRobot_ws/log) ignored
[1.214s] Level 1:colcon.colcon_core.package_identification:_identify(/home/fhp/FRA532-MobileRobot/MobileRobot_ws/src) by extensions ['ignore', 'ignore_ament_install']
[1.214s] Level 1:colcon.colcon_core.package_identification:_identify(/home/fhp/FRA532-MobileRobot/MobileRobot_ws/src) by extension 'ignore'
[1.214s] Level 1:colcon.colcon_core.package_identification:_identify(/home/fhp/FRA532-MobileRobot/MobileRobot_ws/src) by extension 'ignore_ament_install'
[1.214s] Level 1:colcon.colcon_core.package_identification:_identify(/home/fhp/FRA532-MobileRobot/MobileRobot_ws/src) by extensions ['colcon_pkg']
[1.214s] Level 1:colcon.colcon_core.package_identification:_identify(/home/fhp/FRA532-MobileRobot/MobileRobot_ws/src) by extension 'colcon_pkg'
[1.214s] Level 1:colcon.colcon_core.package_identification:_identify(/home/fhp/FRA532-MobileRobot/MobileRobot_ws/src) by extensions ['colcon_meta']
[1.214s] Level 1:colcon.colcon_core.package_identification:_identify(/home/fhp/FRA532-MobileRobot/MobileRobot_ws/src) by extension 'colcon_meta'
[1.214s] Level 1:colcon.colcon_core.package_identification:_identify(/home/fhp/FRA532-MobileRobot/MobileRobot_ws/src) by extensions ['ros']
[1.214s] Level 1:colcon.colcon_core.package_identification:_identify(/home/fhp/FRA532-MobileRobot/MobileRobot_ws/src) by extension 'ros'
[1.214s] Level 1:colcon.colcon_core.package_identification:_identify(/home/fhp/FRA532-MobileRobot/MobileRobot_ws/src) by extensions ['cmake', 'python']
[1.214s] Level 1:colcon.colcon_core.package_identification:_identify(/home/fhp/FRA532-MobileRobot/MobileRobot_ws/src) by extension 'cmake'
[1.214s] Level 1:colcon.colcon_core.package_identification:_identify(/home/fhp/FRA532-MobileRobot/MobileRobot_ws/src) by extension 'python'
[1.214s] Level 1:colcon.colcon_core.package_identification:_identify(/home/fhp/FRA532-MobileRobot/MobileRobot_ws/src) by extensions ['python_setup_py']
[1.214s] Level 1:colcon.colcon_core.package_identification:_identify(/home/fhp/FRA532-MobileRobot/MobileRobot_ws/src) by extension 'python_setup_py'
[1.214s] Level 1:colcon.colcon_core.package_identification:_identify(/home/fhp/FRA532-MobileRobot/MobileRobot_ws/src/algorithm) by extensions ['ignore', 'ignore_ament_install']
[1.214s] Level 1:colcon.colcon_core.package_identification:_identify(/home/fhp/FRA532-MobileRobot/MobileRobot_ws/src/algorithm) by extension 'ignore'
[1.214s] Level 1:colcon.colcon_core.package_identification:_identify(/home/fhp/FRA532-MobileRobot/MobileRobot_ws/src/algorithm) by extension 'ignore_ament_install'
[1.215s] Level 1:colcon.colcon_core.package_identification:_identify(/home/fhp/FRA532-MobileRobot/MobileRobot_ws/src/algorithm) by extensions ['colcon_pkg']
[1.215s] Level 1:colcon.colcon_core.package_identification:_identify(/home/fhp/FRA532-MobileRobot/MobileRobot_ws/src/algorithm) by extension 'colcon_pkg'
[1.215s] Level 1:colcon.colcon_core.package_identification:_identify(/home/fhp/FRA532-MobileRobot/MobileRobot_ws/src/algorithm) by extensions ['colcon_meta']
[1.215s] Level 1:colcon.colcon_core.package_identification:_identify(/home/fhp/FRA532-MobileRobot/MobileRobot_ws/src/algorithm) by extension 'colcon_meta'
[1.215s] Level 1:colcon.colcon_core.package_identification:_identify(/home/fhp/FRA532-MobileRobot/MobileRobot_ws/src/algorithm) by extensions ['ros']
[1.215s] Level 1:colcon.colcon_core.package_identification:_identify(/home/fhp/FRA532-MobileRobot/MobileRobot_ws/src/algorithm) by extension 'ros'
[1.215s] Level 1:colcon.colcon_core.package_identification:_identify(/home/fhp/FRA532-MobileRobot/MobileRobot_ws/src/algorithm) by extensions ['cmake', 'python']
[1.215s] Level 1:colcon.colcon_core.package_identification:_identify(/home/fhp/FRA532-MobileRobot/MobileRobot_ws/src/algorithm) by extension 'cmake'
[1.215s] Level 1:colcon.colcon_core.package_identification:_identify(/home/fhp/FRA532-MobileRobot/MobileRobot_ws/src/algorithm) by extension 'python'
[1.215s] Level 1:colcon.colcon_core.package_identification:_identify(/home/fhp/FRA532-MobileRobot/MobileRobot_ws/src/algorithm) by extensions ['python_setup_py']
[1.215s] Level 1:colcon.colcon_core.package_identification:_identify(/home/fhp/FRA532-MobileRobot/MobileRobot_ws/src/algorithm) by extension 'python_setup_py'
[1.215s] Level 1:colcon.colcon_core.package_identification:_identify(/home/fhp/FRA532-MobileRobot/MobileRobot_ws/src/algorithm/__pycache__) by extensions ['ignore', 'ignore_ament_install']
[1.215s] Level 1:colcon.colcon_core.package_identification:_identify(/home/fhp/FRA532-MobileRobot/MobileRobot_ws/src/algorithm/__pycache__) by extension 'ignore'
[1.215s] Level 1:colcon.colcon_core.package_identification:_identify(/home/fhp/FRA532-MobileRobot/MobileRobot_ws/src/algorithm/__pycache__) by extension 'ignore_ament_install'
[1.215s] Level 1:colcon.colcon_core.package_identification:_identify(/home/fhp/FRA532-MobileRobot/MobileRobot_ws/src/algorithm/__pycache__) by extensions ['colcon_pkg']
[1.215s] Level 1:colcon.colcon_core.package_identification:_identify(/home/fhp/FRA532-MobileRobot/MobileRobot_ws/src/algorithm/__pycache__) by extension 'colcon_pkg'
[1.215s] Level 1:colcon.colcon_core.package_identification:_identify(/home/fhp/FRA532-MobileRobot/MobileRobot_ws/src/algorithm/__pycache__) by extensions ['colcon_meta']
[1.215s] Level 1:colcon.colcon_core.package_identification:_identify(/home/fhp/FRA532-MobileRobot/MobileRobot_ws/src/algorithm/__pycache__) by extension 'colcon_meta'
[1.215s] Level 1:colcon.colcon_core.package_identification:_identify(/home/fhp/FRA532-MobileRobot/MobileRobot_ws/src/algorithm/__pycache__) by extensions ['ros']
[1.215s] Level 1:colcon.colcon_core.package_identification:_identify(/home/fhp/FRA532-MobileRobot/MobileRobot_ws/src/algorithm/__pycache__) by extension 'ros'
[1.215s] Level 1:colcon.colcon_core.package_identification:_identify(/home/fhp/FRA532-MobileRobot/MobileRobot_ws/src/algorithm/__pycache__) by extensions ['cmake', 'python']
[1.215s] Level 1:colcon.colcon_core.package_identification:_identify(/home/fhp/FRA532-MobileRobot/MobileRobot_ws/src/algorithm/__pycache__) by extension 'cmake'
[1.215s] Level 1:colcon.colcon_core.package_identification:_identify(/home/fhp/FRA532-MobileRobot/MobileRobot_ws/src/algorithm/__pycache__) by extension 'python'
[1.215s] Level 1:colcon.colcon_core.package_identification:_identify(/home/fhp/FRA532-MobileRobot/MobileRobot_ws/src/algorithm/__pycache__) by extensions ['python_setup_py']
[1.216s] Level 1:colcon.colcon_core.package_identification:_identify(/home/fhp/FRA532-MobileRobot/MobileRobot_ws/src/algorithm/__pycache__) by extension 'python_setup_py'
[1.216s] Level 1:colcon.colcon_core.package_identification:_identify(/home/fhp/FRA532-MobileRobot/MobileRobot_ws/src/megarover_samples_ros2) by extensions ['ignore', 'ignore_ament_install']
[1.216s] Level 1:colcon.colcon_core.package_identification:_identify(/home/fhp/FRA532-MobileRobot/MobileRobot_ws/src/megarover_samples_ros2) by extension 'ignore'
[1.216s] Level 1:colcon.colcon_core.package_identification:_identify(/home/fhp/FRA532-MobileRobot/MobileRobot_ws/src/megarover_samples_ros2) by extension 'ignore_ament_install'
[1.216s] Level 1:colcon.colcon_core.package_identification:_identify(/home/fhp/FRA532-MobileRobot/MobileRobot_ws/src/megarover_samples_ros2) by extensions ['colcon_pkg']
[1.216s] Level 1:colcon.colcon_core.package_identification:_identify(/home/fhp/FRA532-MobileRobot/MobileRobot_ws/src/megarover_samples_ros2) by extension 'colcon_pkg'
[1.216s] Level 1:colcon.colcon_core.package_identification:_identify(/home/fhp/FRA532-MobileRobot/MobileRobot_ws/src/megarover_samples_ros2) by extensions ['colcon_meta']
[1.216s] Level 1:colcon.colcon_core.package_identification:_identify(/home/fhp/FRA532-MobileRobot/MobileRobot_ws/src/megarover_samples_ros2) by extension 'colcon_meta'
[1.216s] Level 1:colcon.colcon_core.package_identification:_identify(/home/fhp/FRA532-MobileRobot/MobileRobot_ws/src/megarover_samples_ros2) by extensions ['ros']
[1.216s] Level 1:colcon.colcon_core.package_identification:_identify(/home/fhp/FRA532-MobileRobot/MobileRobot_ws/src/megarover_samples_ros2) by extension 'ros'
[1.223s] DEBUG:colcon.colcon_core.package_identification:Package '/home/fhp/FRA532-MobileRobot/MobileRobot_ws/src/megarover_samples_ros2' with type 'ros.ament_cmake' and name 'megarover_samples_ros2'
[1.223s] Level 1:colcon.colcon_core.package_identification:_identify(/home/fhp/FRA532-MobileRobot/MobileRobot_ws/src/msg_interfaces) by extensions ['ignore', 'ignore_ament_install']
[1.224s] Level 1:colcon.colcon_core.package_identification:_identify(/home/fhp/FRA532-MobileRobot/MobileRobot_ws/src/msg_interfaces) by extension 'ignore'
[1.224s] Level 1:colcon.colcon_core.package_identification:_identify(/home/fhp/FRA532-MobileRobot/MobileRobot_ws/src/msg_interfaces) by extension 'ignore_ament_install'
[1.224s] Level 1:colcon.colcon_core.package_identification:_identify(/home/fhp/FRA532-MobileRobot/MobileRobot_ws/src/msg_interfaces) by extensions ['colcon_pkg']
[1.224s] Level 1:colcon.colcon_core.package_identification:_identify(/home/fhp/FRA532-MobileRobot/MobileRobot_ws/src/msg_interfaces) by extension 'colcon_pkg'
[1.224s] Level 1:colcon.colcon_core.package_identification:_identify(/home/fhp/FRA532-MobileRobot/MobileRobot_ws/src/msg_interfaces) by extensions ['colcon_meta']
[1.224s] Level 1:colcon.colcon_core.package_identification:_identify(/home/fhp/FRA532-MobileRobot/MobileRobot_ws/src/msg_interfaces) by extension 'colcon_meta'
[1.224s] Level 1:colcon.colcon_core.package_identification:_identify(/home/fhp/FRA532-MobileRobot/MobileRobot_ws/src/msg_interfaces) by extensions ['ros']
[1.224s] Level 1:colcon.colcon_core.package_identification:_identify(/home/fhp/FRA532-MobileRobot/MobileRobot_ws/src/msg_interfaces) by extension 'ros'
[1.225s] DEBUG:colcon.colcon_core.package_identification:Package '/home/fhp/FRA532-MobileRobot/MobileRobot_ws/src/msg_interfaces' with type 'ros.ament_cmake' and name 'msg_interfaces'
[1.226s] Level 1:colcon.colcon_core.package_identification:_identify(/home/fhp/FRA532-MobileRobot/MobileRobot_ws/src/navigation) by extensions ['ignore', 'ignore_ament_install']
[1.226s] Level 1:colcon.colcon_core.package_identification:_identify(/home/fhp/FRA532-MobileRobot/MobileRobot_ws/src/navigation) by extension 'ignore'
[1.226s] Level 1:colcon.colcon_core.package_identification:_identify(/home/fhp/FRA532-MobileRobot/MobileRobot_ws/src/navigation) by extension 'ignore_ament_install'
[1.226s] Level 1:colcon.colcon_core.package_identification:_identify(/home/fhp/FRA532-MobileRobot/MobileRobot_ws/src/navigation) by extensions ['colcon_pkg']
[1.226s] Level 1:colcon.colcon_core.package_identification:_identify(/home/fhp/FRA532-MobileRobot/MobileRobot_ws/src/navigation) by extension 'colcon_pkg'
[1.226s] Level 1:colcon.colcon_core.package_identification:_identify(/home/fhp/FRA532-MobileRobot/MobileRobot_ws/src/navigation) by extensions ['colcon_meta']
[1.226s] Level 1:colcon.colcon_core.package_identification:_identify(/home/fhp/FRA532-MobileRobot/MobileRobot_ws/src/navigation) by extension 'colcon_meta'
[1.226s] Level 1:colcon.colcon_core.package_identification:_identify(/home/fhp/FRA532-MobileRobot/MobileRobot_ws/src/navigation) by extensions ['ros']
[1.226s] Level 1:colcon.colcon_core.package_identification:_identify(/home/fhp/FRA532-MobileRobot/MobileRobot_ws/src/navigation) by extension 'ros'
[1.227s] DEBUG:colcon.colcon_core.package_identification:Package '/home/fhp/FRA532-MobileRobot/MobileRobot_ws/src/navigation' with type 'ros.ament_cmake' and name 'navigation'
[1.228s] Level 1:colcon.colcon_core.package_discovery:discover_packages(recursive) using defaults
