[0.020s] Invoking command in '/home/fhp/MobileRobot_ws/build/megarover_samples_ros2': CMAKE_PREFIX_PATH=${CMAKE_PREFIX_PATH}:/opt/ros/humble /usr/bin/cmake /home/fhp/MobileRobot_ws/src/megarover_samples_ros2 -DAMENT_CMAKE_SYMLINK_INSTALL=1 -DCMAKE_INSTALL_PREFIX=/home/fhp/MobileRobot_ws/install/megarover_samples_ros2
[0.074s] -- The C compiler identification is GNU 11.3.0
[0.127s] -- The CXX compiler identification is GNU 11.3.0
[0.136s] -- Detecting C compiler ABI info
[0.205s] -- Detecting C compiler ABI info - done
[0.220s] -- Check for working C compiler: /usr/bin/cc - skipped
[0.221s] -- Detecting C compile features
[0.221s] -- Detecting C compile features - done
[0.227s] -- Detecting CXX compiler ABI info
[0.309s] -- Detecting CXX compiler ABI info - done
[0.319s] -- Check for working CXX compiler: /usr/bin/c++ - skipped
[0.320s] -- Detecting CXX compile features
[0.320s] -- Detecting CXX compile features - done
[0.323s] -- Found ament_cmake: 1.3.3 (/opt/ros/humble/share/ament_cmake/cmake)
[0.491s] -- Found Python3: /usr/bin/python3.10 (found version "3.10.6") found components: Interpreter 
[0.547s] -- Override CMake install command with custom implementation using symlinks instead of copying resources
[0.602s] -- Found gazebo_ros_pkgs: 3.7.0 (/opt/ros/humble/share/gazebo_ros_pkgs/cmake)
[0.606s] -- Found sensor_msgs: 4.2.3 (/opt/ros/humble/share/sensor_msgs/cmake)
[0.657s] -- Found rosidl_generator_c: 3.1.4 (/opt/ros/humble/share/rosidl_generator_c/cmake)
[0.661s] -- Found rosidl_adapter: 3.1.4 (/opt/ros/humble/share/rosidl_adapter/cmake)
[0.668s] -- Found rosidl_generator_cpp: 3.1.4 (/opt/ros/humble/share/rosidl_generator_cpp/cmake)
[0.680s] -- Using all available rosidl_typesupport_c: rosidl_typesupport_fastrtps_c;rosidl_typesupport_introspection_c
[0.696s] -- Using all available rosidl_typesupport_cpp: rosidl_typesupport_fastrtps_cpp;rosidl_typesupport_introspection_cpp
[0.897s] -- Found ament_lint_auto: 0.12.5 (/opt/ros/humble/share/ament_lint_auto/cmake)
[0.972s] -- Added test 'copyright' to check source files copyright and LICENSE
[0.975s] -- Added test 'cppcheck' to perform static code analysis on C / C++ code
[0.976s] -- Configured cppcheck include dirs: 
[0.976s] -- Configured cppcheck exclude dirs and/or files: 
[0.979s] -- Added test 'cpplint' to check C / C++ code against the Google style
[0.979s] -- Configured cpplint exclude dirs and/or files: 
[0.980s] -- Added test 'flake8' to check Python code syntax and style conventions
[0.982s] -- Added test 'lint_cmake' to check CMake code style
[0.982s] -- Added test 'pep257' to check Python code against some of the docstring style conventions in PEP 257
[0.986s] -- Added test 'uncrustify' to check C / C++ code style
[0.986s] -- Configured uncrustify additional arguments: 
[0.987s] -- Added test 'xmllint' to check XML markup files
[0.988s] -- Configuring done
[0.992s] -- Generating done
[0.994s] -- Build files have been written to: /home/fhp/MobileRobot_ws/build/megarover_samples_ros2
