[0.018s] Invoking command in '/home/fhp/MobileRobot_ws/build/navigation': CMAKE_PREFIX_PATH=${CMAKE_PREFIX_PATH}:/opt/ros/humble /usr/bin/cmake --build /home/fhp/MobileRobot_ws/build/navigation -- -j12 -l12
[0.054s] Invoked command in '/home/fhp/MobileRobot_ws/build/navigation' returned '0': CMAKE_PREFIX_PATH=${CMAKE_PREFIX_PATH}:/opt/ros/humble /usr/bin/cmake --build /home/fhp/MobileRobot_ws/build/navigation -- -j12 -l12
[0.087s] Invoking command in '/home/fhp/MobileRobot_ws/build/navigation': CMAKE_PREFIX_PATH=${CMAKE_PREFIX_PATH}:/opt/ros/humble /usr/bin/cmake --install /home/fhp/MobileRobot_ws/build/navigation
[0.103s] -- Install configuration: ""
[0.103s] -- Execute custom install script
[0.103s] -- Up-to-date symlink: /home/fhp/MobileRobot_ws/install/navigation/lib/navigation/grid_mapping.py
[0.103s] -- Up-to-date symlink: /home/fhp/MobileRobot_ws/install/navigation/lib/navigation/GlobalPlanning_A-star.py
[0.104s] -- Up-to-date symlink: /home/fhp/MobileRobot_ws/install/navigation/lib/navigation/path_tracking.py
[0.104s] -- Up-to-date symlink: /home/fhp/MobileRobot_ws/install/navigation/lib/navigation/Behavior_server.py
[0.104s] -- Up-to-date symlink: /home/fhp/MobileRobot_ws/install/navigation/share/ament_index/resource_index/package_run_dependencies/navigation
[0.105s] -- Up-to-date symlink: /home/fhp/MobileRobot_ws/install/navigation/share/ament_index/resource_index/parent_prefix_path/navigation
[0.105s] -- Up-to-date symlink: /home/fhp/MobileRobot_ws/install/navigation/share/navigation/environment/ament_prefix_path.sh
[0.105s] -- Up-to-date symlink: /home/fhp/MobileRobot_ws/install/navigation/share/navigation/environment/ament_prefix_path.dsv
[0.105s] -- Up-to-date symlink: /home/fhp/MobileRobot_ws/install/navigation/share/navigation/environment/path.sh
[0.106s] -- Up-to-date symlink: /home/fhp/MobileRobot_ws/install/navigation/share/navigation/environment/path.dsv
[0.106s] -- Up-to-date symlink: /home/fhp/MobileRobot_ws/install/navigation/share/navigation/local_setup.bash
[0.106s] -- Up-to-date symlink: /home/fhp/MobileRobot_ws/install/navigation/share/navigation/local_setup.sh
[0.106s] -- Up-to-date symlink: /home/fhp/MobileRobot_ws/install/navigation/share/navigation/local_setup.zsh
[0.106s] -- Up-to-date symlink: /home/fhp/MobileRobot_ws/install/navigation/share/navigation/local_setup.dsv
[0.106s] -- Symlinking: /home/fhp/MobileRobot_ws/install/navigation/share/navigation/package.dsv
[0.123s] -- Up-to-date symlink: /home/fhp/MobileRobot_ws/install/navigation/share/ament_index/resource_index/packages/navigation
[0.124s] -- Up-to-date symlink: /home/fhp/MobileRobot_ws/install/navigation/share/navigation/cmake/navigationConfig.cmake
[0.124s] -- Up-to-date symlink: /home/fhp/MobileRobot_ws/install/navigation/share/navigation/cmake/navigationConfig-version.cmake
[0.124s] -- Up-to-date symlink: /home/fhp/MobileRobot_ws/install/navigation/share/navigation/package.xml
[0.130s] Invoked command in '/home/fhp/MobileRobot_ws/build/navigation' returned '0': CMAKE_PREFIX_PATH=${CMAKE_PREFIX_PATH}:/opt/ros/humble /usr/bin/cmake --install /home/fhp/MobileRobot_ws/build/navigation
