[0.314s] DEBUG:colcon:Command line arguments: ['/usr/bin/colcon', 'build', '--symlink-install']
[0.314s] DEBUG:colcon:Parsed command line arguments: Namespace(log_base=None, log_level=None, verb_name='build', build_base='build', install_base='install', merge_install=False, symlink_install=True, test_result_base=None, continue_on_error=False, executor='parallel', parallel_workers=12, event_handlers=None, ignore_user_meta=False, metas=['./colcon.meta'], base_paths=['.'], packages_ignore=None, packages_ignore_regex=None, paths=None, packages_up_to=None, packages_up_to_regex=None, packages_above=None, packages_above_and_dependencies=None, packages_above_depth=None, packages_select_by_dep=None, packages_skip_by_dep=None, packages_skip_up_to=None, packages_select_build_failed=False, packages_skip_build_finished=False, packages_select_test_failures=False, packages_skip_test_passed=False, packages_select=None, packages_skip=None, packages_select_regex=None, packages_skip_regex=None, packages_start=None, packages_end=None, allow_overriding=[], cmake_args=None, cmake_target=None, cmake_target_skip_unavailable=False, cmake_clean_cache=False, cmake_clean_first=False, cmake_force_configure=False, ament_cmake_args=None, catkin_cmake_args=None, catkin_skip_building_tests=False, verb_parser=<colcon_defaults.argument_parser.defaults.DefaultArgumentsDecorator object at 0x7f5275bbe530>, verb_extension=<colcon_core.verb.build.BuildVerb object at 0x7f52764100a0>, main=<bound method BuildVerb.main of <colcon_core.verb.build.BuildVerb object at 0x7f52764100a0>>)
[0.338s] Level 1:colcon.colcon_core.package_discovery:discover_packages(colcon_meta) check parameters
[0.338s] Level 1:colcon.colcon_core.package_discovery:discover_packages(recursive) check parameters
[0.338s] Level 1:colcon.colcon_core.package_discovery:discover_packages(ignore) check parameters
[0.338s] Level 1:colcon.colcon_core.package_discovery:discover_packages(path) check parameters
[0.338s] Level 1:colcon.colcon_core.package_discovery:discover_packages(colcon_meta) discover
[0.338s] Level 1:colcon.colcon_core.package_discovery:discover_packages(recursive) discover
[0.338s] INFO:colcon.colcon_core.package_discovery:Crawling recursively for packages in '/home/fhp/MobileRobot_ws'
[0.338s] Level 1:colcon.colcon_core.package_identification:_identify(.) by extensions ['ignore', 'ignore_ament_install']
[0.338s] Level 1:colcon.colcon_core.package_identification:_identify(.) by extension 'ignore'
[0.338s] Level 1:colcon.colcon_core.package_identification:_identify(.) by extension 'ignore_ament_install'
[0.338s] Level 1:colcon.colcon_core.package_identification:_identify(.) by extensions ['colcon_pkg']
[0.338s] Level 1:colcon.colcon_core.package_identification:_identify(.) by extension 'colcon_pkg'
[0.338s] Level 1:colcon.colcon_core.package_identification:_identify(.) by extensions ['colcon_meta']
[0.338s] Level 1:colcon.colcon_core.package_identification:_identify(.) by extension 'colcon_meta'
[0.339s] Level 1:colcon.colcon_core.package_identification:_identify(.) by extensions ['ros']
[0.339s] Level 1:colcon.colcon_core.package_identification:_identify(.) by extension 'ros'
[0.347s] Level 1:colcon.colcon_core.package_identification:_identify(.) by extensions ['cmake', 'python']
[0.347s] Level 1:colcon.colcon_core.package_identification:_identify(.) by extension 'cmake'
[0.347s] Level 1:colcon.colcon_core.package_identification:_identify(.) by extension 'python'
[0.347s] Level 1:colcon.colcon_core.package_identification:_identify(.) by extensions ['python_setup_py']
[0.347s] Level 1:colcon.colcon_core.package_identification:_identify(.) by extension 'python_setup_py'
[0.347s] Level 1:colcon.colcon_core.package_identification:_identify(build) by extensions ['ignore', 'ignore_ament_install']
[0.347s] Level 1:colcon.colcon_core.package_identification:_identify(build) by extension 'ignore'
[0.347s] Level 1:colcon.colcon_core.package_identification:_identify(build) ignored
[0.348s] Level 1:colcon.colcon_core.package_identification:_identify(install) by extensions ['ignore', 'ignore_ament_install']
[0.348s] Level 1:colcon.colcon_core.package_identification:_identify(install) by extension 'ignore'
[0.348s] Level 1:colcon.colcon_core.package_identification:_identify(install) ignored
[0.348s] Level 1:colcon.colcon_core.package_identification:_identify(log) by extensions ['ignore', 'ignore_ament_install']
[0.348s] Level 1:colcon.colcon_core.package_identification:_identify(log) by extension 'ignore'
[0.348s] Level 1:colcon.colcon_core.package_identification:_identify(log) ignored
[0.348s] Level 1:colcon.colcon_core.package_identification:_identify(src) by extensions ['ignore', 'ignore_ament_install']
[0.348s] Level 1:colcon.colcon_core.package_identification:_identify(src) by extension 'ignore'
[0.348s] Level 1:colcon.colcon_core.package_identification:_identify(src) by extension 'ignore_ament_install'
[0.348s] Level 1:colcon.colcon_core.package_identification:_identify(src) by extensions ['colcon_pkg']
[0.348s] Level 1:colcon.colcon_core.package_identification:_identify(src) by extension 'colcon_pkg'
[0.348s] Level 1:colcon.colcon_core.package_identification:_identify(src) by extensions ['colcon_meta']
[0.348s] Level 1:colcon.colcon_core.package_identification:_identify(src) by extension 'colcon_meta'
[0.348s] Level 1:colcon.colcon_core.package_identification:_identify(src) by extensions ['ros']
[0.348s] Level 1:colcon.colcon_core.package_identification:_identify(src) by extension 'ros'
[0.348s] Level 1:colcon.colcon_core.package_identification:_identify(src) by extensions ['cmake', 'python']
[0.348s] Level 1:colcon.colcon_core.package_identification:_identify(src) by extension 'cmake'
[0.348s] Level 1:colcon.colcon_core.package_identification:_identify(src) by extension 'python'
[0.348s] Level 1:colcon.colcon_core.package_identification:_identify(src) by extensions ['python_setup_py']
[0.348s] Level 1:colcon.colcon_core.package_identification:_identify(src) by extension 'python_setup_py'
[0.348s] Level 1:colcon.colcon_core.package_identification:_identify(src/algorithm) by extensions ['ignore', 'ignore_ament_install']
[0.349s] Level 1:colcon.colcon_core.package_identification:_identify(src/algorithm) by extension 'ignore'
[0.349s] Level 1:colcon.colcon_core.package_identification:_identify(src/algorithm) by extension 'ignore_ament_install'
[0.349s] Level 1:colcon.colcon_core.package_identification:_identify(src/algorithm) by extensions ['colcon_pkg']
[0.349s] Level 1:colcon.colcon_core.package_identification:_identify(src/algorithm) by extension 'colcon_pkg'
[0.349s] Level 1:colcon.colcon_core.package_identification:_identify(src/algorithm) by extensions ['colcon_meta']
[0.349s] Level 1:colcon.colcon_core.package_identification:_identify(src/algorithm) by extension 'colcon_meta'
[0.349s] Level 1:colcon.colcon_core.package_identification:_identify(src/algorithm) by extensions ['ros']
[0.349s] Level 1:colcon.colcon_core.package_identification:_identify(src/algorithm) by extension 'ros'
[0.349s] Level 1:colcon.colcon_core.package_identification:_identify(src/algorithm) by extensions ['cmake', 'python']
[0.349s] Level 1:colcon.colcon_core.package_identification:_identify(src/algorithm) by extension 'cmake'
[0.349s] Level 1:colcon.colcon_core.package_identification:_identify(src/algorithm) by extension 'python'
[0.349s] Level 1:colcon.colcon_core.package_identification:_identify(src/algorithm) by extensions ['python_setup_py']
[0.349s] Level 1:colcon.colcon_core.package_identification:_identify(src/algorithm) by extension 'python_setup_py'
[0.349s] Level 1:colcon.colcon_core.package_identification:_identify(src/algorithm/__pycache__) by extensions ['ignore', 'ignore_ament_install']
[0.349s] Level 1:colcon.colcon_core.package_identification:_identify(src/algorithm/__pycache__) by extension 'ignore'
[0.349s] Level 1:colcon.colcon_core.package_identification:_identify(src/algorithm/__pycache__) by extension 'ignore_ament_install'
[0.349s] Level 1:colcon.colcon_core.package_identification:_identify(src/algorithm/__pycache__) by extensions ['colcon_pkg']
[0.349s] Level 1:colcon.colcon_core.package_identification:_identify(src/algorithm/__pycache__) by extension 'colcon_pkg'
[0.349s] Level 1:colcon.colcon_core.package_identification:_identify(src/algorithm/__pycache__) by extensions ['colcon_meta']
[0.349s] Level 1:colcon.colcon_core.package_identification:_identify(src/algorithm/__pycache__) by extension 'colcon_meta'
[0.349s] Level 1:colcon.colcon_core.package_identification:_identify(src/algorithm/__pycache__) by extensions ['ros']
[0.349s] Level 1:colcon.colcon_core.package_identification:_identify(src/algorithm/__pycache__) by extension 'ros'
[0.349s] Level 1:colcon.colcon_core.package_identification:_identify(src/algorithm/__pycache__) by extensions ['cmake', 'python']
[0.349s] Level 1:colcon.colcon_core.package_identification:_identify(src/algorithm/__pycache__) by extension 'cmake'
[0.349s] Level 1:colcon.colcon_core.package_identification:_identify(src/algorithm/__pycache__) by extension 'python'
[0.349s] Level 1:colcon.colcon_core.package_identification:_identify(src/algorithm/__pycache__) by extensions ['python_setup_py']
[0.349s] Level 1:colcon.colcon_core.package_identification:_identify(src/algorithm/__pycache__) by extension 'python_setup_py'
[0.350s] Level 1:colcon.colcon_core.package_identification:_identify(src/megarover_samples_ros2) by extensions ['ignore', 'ignore_ament_install']
[0.350s] Level 1:colcon.colcon_core.package_identification:_identify(src/megarover_samples_ros2) by extension 'ignore'
[0.350s] Level 1:colcon.colcon_core.package_identification:_identify(src/megarover_samples_ros2) by extension 'ignore_ament_install'
[0.350s] Level 1:colcon.colcon_core.package_identification:_identify(src/megarover_samples_ros2) by extensions ['colcon_pkg']
[0.350s] Level 1:colcon.colcon_core.package_identification:_identify(src/megarover_samples_ros2) by extension 'colcon_pkg'
[0.350s] Level 1:colcon.colcon_core.package_identification:_identify(src/megarover_samples_ros2) by extensions ['colcon_meta']
[0.350s] Level 1:colcon.colcon_core.package_identification:_identify(src/megarover_samples_ros2) by extension 'colcon_meta'
[0.350s] Level 1:colcon.colcon_core.package_identification:_identify(src/megarover_samples_ros2) by extensions ['ros']
[0.350s] Level 1:colcon.colcon_core.package_identification:_identify(src/megarover_samples_ros2) by extension 'ros'
[0.353s] DEBUG:colcon.colcon_core.package_identification:Package 'src/megarover_samples_ros2' with type 'ros.ament_cmake' and name 'megarover_samples_ros2'
[0.353s] Level 1:colcon.colcon_core.package_identification:_identify(src/msg_interfaces) by extensions ['ignore', 'ignore_ament_install']
[0.354s] Level 1:colcon.colcon_core.package_identification:_identify(src/msg_interfaces) by extension 'ignore'
[0.354s] Level 1:colcon.colcon_core.package_identification:_identify(src/msg_interfaces) by extension 'ignore_ament_install'
[0.354s] Level 1:colcon.colcon_core.package_identification:_identify(src/msg_interfaces) by extensions ['colcon_pkg']
[0.354s] Level 1:colcon.colcon_core.package_identification:_identify(src/msg_interfaces) by extension 'colcon_pkg'
[0.354s] Level 1:colcon.colcon_core.package_identification:_identify(src/msg_interfaces) by extensions ['colcon_meta']
[0.354s] Level 1:colcon.colcon_core.package_identification:_identify(src/msg_interfaces) by extension 'colcon_meta'
[0.354s] Level 1:colcon.colcon_core.package_identification:_identify(src/msg_interfaces) by extensions ['ros']
[0.354s] Level 1:colcon.colcon_core.package_identification:_identify(src/msg_interfaces) by extension 'ros'
[0.354s] DEBUG:colcon.colcon_core.package_identification:Package 'src/msg_interfaces' with type 'ros.ament_cmake' and name 'msg_interfaces'
[0.354s] Level 1:colcon.colcon_core.package_discovery:discover_packages(recursive) using defaults
[0.354s] Level 1:colcon.colcon_core.package_discovery:discover_packages(ignore) discover
[0.354s] Level 1:colcon.colcon_core.package_discovery:discover_packages(ignore) using defaults
[0.354s] Level 1:colcon.colcon_core.package_discovery:discover_packages(path) discover
[0.354s] Level 1:colcon.colcon_core.package_discovery:discover_packages(path) using defaults
[0.374s] Level 1:colcon.colcon_core.package_discovery:discover_packages(prefix_path) check parameters
[0.374s] Level 1:colcon.colcon_core.package_discovery:discover_packages(prefix_path) discover
[0.378s] DEBUG:colcon.colcon_installed_package_information.package_discovery:Found 2 installed packages in /home/fhp/MobileRobot_ws/install
[0.379s] DEBUG:colcon.colcon_installed_package_information.package_discovery:Found 1 installed packages in /home/fhp/ROS2_Directory/Test_ws/install
[0.380s] DEBUG:colcon.colcon_installed_package_information.package_discovery:Found 335 installed packages in /opt/ros/humble
[0.382s] Level 1:colcon.colcon_core.package_discovery:discover_packages(prefix_path) using defaults
[0.436s] Level 5:colcon.colcon_core.verb:set package 'megarover_samples_ros2' build argument 'cmake_args' from command line to 'None'
[0.436s] Level 5:colcon.colcon_core.verb:set package 'megarover_samples_ros2' build argument 'cmake_target' from command line to 'None'
[0.436s] Level 5:colcon.colcon_core.verb:set package 'megarover_samples_ros2' build argument 'cmake_target_skip_unavailable' from command line to 'False'
[0.436s] Level 5:colcon.colcon_core.verb:set package 'megarover_samples_ros2' build argument 'cmake_clean_cache' from command line to 'False'
[0.436s] Level 5:colcon.colcon_core.verb:set package 'megarover_samples_ros2' build argument 'cmake_clean_first' from command line to 'False'
[0.436s] Level 5:colcon.colcon_core.verb:set package 'megarover_samples_ros2' build argument 'cmake_force_configure' from command line to 'False'
[0.436s] Level 5:colcon.colcon_core.verb:set package 'megarover_samples_ros2' build argument 'ament_cmake_args' from command line to 'None'
[0.436s] Level 5:colcon.colcon_core.verb:set package 'megarover_samples_ros2' build argument 'catkin_cmake_args' from command line to 'None'
[0.436s] Level 5:colcon.colcon_core.verb:set package 'megarover_samples_ros2' build argument 'catkin_skip_building_tests' from command line to 'False'
[0.436s] DEBUG:colcon.colcon_core.verb:Building package 'megarover_samples_ros2' with the following arguments: {'ament_cmake_args': None, 'build_base': '/home/fhp/MobileRobot_ws/build/megarover_samples_ros2', 'catkin_cmake_args': None, 'catkin_skip_building_tests': False, 'cmake_args': None, 'cmake_clean_cache': False, 'cmake_clean_first': False, 'cmake_force_configure': False, 'cmake_target': None, 'cmake_target_skip_unavailable': False, 'install_base': '/home/fhp/MobileRobot_ws/install/megarover_samples_ros2', 'merge_install': False, 'path': '/home/fhp/MobileRobot_ws/src/megarover_samples_ros2', 'symlink_install': True, 'test_result_base': None}
[0.437s] Level 5:colcon.colcon_core.verb:set package 'msg_interfaces' build argument 'cmake_args' from command line to 'None'
[0.437s] Level 5:colcon.colcon_core.verb:set package 'msg_interfaces' build argument 'cmake_target' from command line to 'None'
[0.437s] Level 5:colcon.colcon_core.verb:set package 'msg_interfaces' build argument 'cmake_target_skip_unavailable' from command line to 'False'
[0.437s] Level 5:colcon.colcon_core.verb:set package 'msg_interfaces' build argument 'cmake_clean_cache' from command line to 'False'
[0.437s] Level 5:colcon.colcon_core.verb:set package 'msg_interfaces' build argument 'cmake_clean_first' from command line to 'False'
[0.437s] Level 5:colcon.colcon_core.verb:set package 'msg_interfaces' build argument 'cmake_force_configure' from command line to 'False'
[0.437s] Level 5:colcon.colcon_core.verb:set package 'msg_interfaces' build argument 'ament_cmake_args' from command line to 'None'
[0.437s] Level 5:colcon.colcon_core.verb:set package 'msg_interfaces' build argument 'catkin_cmake_args' from command line to 'None'
[0.437s] Level 5:colcon.colcon_core.verb:set package 'msg_interfaces' build argument 'catkin_skip_building_tests' from command line to 'False'
[0.437s] DEBUG:colcon.colcon_core.verb:Building package 'msg_interfaces' with the following arguments: {'ament_cmake_args': None, 'build_base': '/home/fhp/MobileRobot_ws/build/msg_interfaces', 'catkin_cmake_args': None, 'catkin_skip_building_tests': False, 'cmake_args': None, 'cmake_clean_cache': False, 'cmake_clean_first': False, 'cmake_force_configure': False, 'cmake_target': None, 'cmake_target_skip_unavailable': False, 'install_base': '/home/fhp/MobileRobot_ws/install/msg_interfaces', 'merge_install': False, 'path': '/home/fhp/MobileRobot_ws/src/msg_interfaces', 'symlink_install': True, 'test_result_base': None}
[0.438s] INFO:colcon.colcon_core.executor:Executing jobs using 'parallel' executor
[0.441s] DEBUG:colcon.colcon_parallel_executor.executor.parallel:run_until_complete
[0.441s] INFO:colcon.colcon_ros.task.ament_cmake.build:Building ROS package in '/home/fhp/MobileRobot_ws/src/megarover_samples_ros2' with build type 'ament_cmake'
[0.441s] INFO:colcon.colcon_cmake.task.cmake.build:Building CMake package in '/home/fhp/MobileRobot_ws/src/megarover_samples_ros2'
[0.447s] INFO:colcon.colcon_core.plugin_system:Skipping extension 'colcon_core.shell.bat': Not used on non-Windows systems
[0.447s] INFO:colcon.colcon_core.shell:Skip shell extension 'powershell' for command environment: Not usable outside of PowerShell
[0.447s] DEBUG:colcon.colcon_core.shell:Skip shell extension 'dsv' for command environment
[0.452s] INFO:colcon.colcon_ros.task.ament_cmake.build:Building ROS package in '/home/fhp/MobileRobot_ws/src/msg_interfaces' with build type 'ament_cmake'
[0.452s] INFO:colcon.colcon_cmake.task.cmake.build:Building CMake package in '/home/fhp/MobileRobot_ws/src/msg_interfaces'
[0.454s] INFO:colcon.colcon_core.shell:Skip shell extension 'powershell' for command environment: Not usable outside of PowerShell
[0.454s] DEBUG:colcon.colcon_core.shell:Skip shell extension 'dsv' for command environment
[0.464s] DEBUG:colcon.colcon_core.event_handler.log_command:Invoking command in '/home/fhp/MobileRobot_ws/build/megarover_samples_ros2': CMAKE_PREFIX_PATH=${CMAKE_PREFIX_PATH}:/opt/ros/humble /usr/bin/cmake --build /home/fhp/MobileRobot_ws/build/megarover_samples_ros2 -- -j12 -l12
[0.469s] DEBUG:colcon.colcon_core.event_handler.log_command:Invoking command in '/home/fhp/MobileRobot_ws/build/msg_interfaces': CMAKE_PREFIX_PATH=${CMAKE_PREFIX_PATH}:/opt/ros/humble /usr/bin/cmake --build /home/fhp/MobileRobot_ws/build/msg_interfaces -- -j12 -l12
[0.820s] DEBUG:colcon.colcon_core.event_handler.log_command:Invoked command in '/home/fhp/MobileRobot_ws/build/msg_interfaces' returned '0': CMAKE_PREFIX_PATH=${CMAKE_PREFIX_PATH}:/opt/ros/humble /usr/bin/cmake --build /home/fhp/MobileRobot_ws/build/msg_interfaces -- -j12 -l12
[0.912s] DEBUG:colcon.colcon_core.event_handler.log_command:Invoking command in '/home/fhp/MobileRobot_ws/build/msg_interfaces': CMAKE_PREFIX_PATH=${CMAKE_PREFIX_PATH}:/opt/ros/humble /usr/bin/cmake --install /home/fhp/MobileRobot_ws/build/msg_interfaces
[0.983s] Level 1:colcon.colcon_core.environment:create_environment_scripts_only(msg_interfaces)
[0.984s] DEBUG:colcon.colcon_core.event_handler.log_command:Invoked command in '/home/fhp/MobileRobot_ws/build/msg_interfaces' returned '0': CMAKE_PREFIX_PATH=${CMAKE_PREFIX_PATH}:/opt/ros/humble /usr/bin/cmake --install /home/fhp/MobileRobot_ws/build/msg_interfaces
[0.997s] Level 1:colcon.colcon_core.environment:checking '/home/fhp/MobileRobot_ws/install/msg_interfaces' for CMake module files
[0.998s] Level 1:colcon.colcon_core.environment:checking '/home/fhp/MobileRobot_ws/install/msg_interfaces' for CMake config files
[0.999s] Level 1:colcon.colcon_core.shell:create_environment_hook('msg_interfaces', 'cmake_prefix_path')
[1.001s] INFO:colcon.colcon_core.shell:Creating environment hook '/home/fhp/MobileRobot_ws/install/msg_interfaces/share/msg_interfaces/hook/cmake_prefix_path.ps1'
[1.003s] INFO:colcon.colcon_core.shell:Creating environment descriptor '/home/fhp/MobileRobot_ws/install/msg_interfaces/share/msg_interfaces/hook/cmake_prefix_path.dsv'
[1.004s] INFO:colcon.colcon_core.shell:Creating environment hook '/home/fhp/MobileRobot_ws/install/msg_interfaces/share/msg_interfaces/hook/cmake_prefix_path.sh'
[1.005s] Level 1:colcon.colcon_core.environment:checking '/home/fhp/MobileRobot_ws/install/msg_interfaces/lib'
[1.006s] Level 1:colcon.colcon_core.shell:create_environment_hook('msg_interfaces', 'ld_library_path_lib')
[1.008s] INFO:colcon.colcon_core.shell:Creating environment hook '/home/fhp/MobileRobot_ws/install/msg_interfaces/share/msg_interfaces/hook/ld_library_path_lib.ps1'
[1.009s] INFO:colcon.colcon_core.shell:Creating environment descriptor '/home/fhp/MobileRobot_ws/install/msg_interfaces/share/msg_interfaces/hook/ld_library_path_lib.dsv'
[1.009s] INFO:colcon.colcon_core.shell:Creating environment hook '/home/fhp/MobileRobot_ws/install/msg_interfaces/share/msg_interfaces/hook/ld_library_path_lib.sh'
[1.010s] Level 1:colcon.colcon_core.environment:checking '/home/fhp/MobileRobot_ws/install/msg_interfaces/bin'
[1.010s] Level 1:colcon.colcon_core.environment:checking '/home/fhp/MobileRobot_ws/install/msg_interfaces/lib/pkgconfig/msg_interfaces.pc'
[1.011s] Level 1:colcon.colcon_core.environment:checking '/home/fhp/MobileRobot_ws/install/msg_interfaces/lib/python3.10/site-packages'
[1.011s] Level 1:colcon.colcon_core.environment:checking '/home/fhp/MobileRobot_ws/install/msg_interfaces/bin'
[1.014s] INFO:colcon.colcon_core.shell:Creating package script '/home/fhp/MobileRobot_ws/install/msg_interfaces/share/msg_interfaces/package.ps1'
[1.016s] INFO:colcon.colcon_core.shell:Creating package descriptor '/home/fhp/MobileRobot_ws/install/msg_interfaces/share/msg_interfaces/package.dsv'
[1.017s] INFO:colcon.colcon_core.shell:Creating package script '/home/fhp/MobileRobot_ws/install/msg_interfaces/share/msg_interfaces/package.sh'
[1.018s] INFO:colcon.colcon_core.shell:Creating package script '/home/fhp/MobileRobot_ws/install/msg_interfaces/share/msg_interfaces/package.bash'
[1.020s] INFO:colcon.colcon_core.shell:Creating package script '/home/fhp/MobileRobot_ws/install/msg_interfaces/share/msg_interfaces/package.zsh'
[1.021s] Level 1:colcon.colcon_core.environment:create_file_with_runtime_dependencies(/home/fhp/MobileRobot_ws/install/msg_interfaces/share/colcon-core/packages/msg_interfaces)
[1.084s] Level 1:colcon.colcon_core.environment:create_environment_scripts_only(msg_interfaces)
[1.086s] Level 1:colcon.colcon_core.environment:checking '/home/fhp/MobileRobot_ws/install/msg_interfaces' for CMake module files
[1.087s] Level 1:colcon.colcon_core.environment:checking '/home/fhp/MobileRobot_ws/install/msg_interfaces' for CMake config files
[1.087s] Level 1:colcon.colcon_core.shell:create_environment_hook('msg_interfaces', 'cmake_prefix_path')
[1.089s] INFO:colcon.colcon_core.shell:Creating environment hook '/home/fhp/MobileRobot_ws/install/msg_interfaces/share/msg_interfaces/hook/cmake_prefix_path.ps1'
[1.090s] INFO:colcon.colcon_core.shell:Creating environment descriptor '/home/fhp/MobileRobot_ws/install/msg_interfaces/share/msg_interfaces/hook/cmake_prefix_path.dsv'
[1.090s] INFO:colcon.colcon_core.shell:Creating environment hook '/home/fhp/MobileRobot_ws/install/msg_interfaces/share/msg_interfaces/hook/cmake_prefix_path.sh'
[1.090s] Level 1:colcon.colcon_core.environment:checking '/home/fhp/MobileRobot_ws/install/msg_interfaces/lib'
[1.090s] Level 1:colcon.colcon_core.shell:create_environment_hook('msg_interfaces', 'ld_library_path_lib')
[1.091s] INFO:colcon.colcon_core.shell:Creating environment hook '/home/fhp/MobileRobot_ws/install/msg_interfaces/share/msg_interfaces/hook/ld_library_path_lib.ps1'
[1.092s] INFO:colcon.colcon_core.shell:Creating environment descriptor '/home/fhp/MobileRobot_ws/install/msg_interfaces/share/msg_interfaces/hook/ld_library_path_lib.dsv'
[1.092s] INFO:colcon.colcon_core.shell:Creating environment hook '/home/fhp/MobileRobot_ws/install/msg_interfaces/share/msg_interfaces/hook/ld_library_path_lib.sh'
[1.092s] Level 1:colcon.colcon_core.environment:checking '/home/fhp/MobileRobot_ws/install/msg_interfaces/bin'
[1.092s] Level 1:colcon.colcon_core.environment:checking '/home/fhp/MobileRobot_ws/install/msg_interfaces/lib/pkgconfig/msg_interfaces.pc'
[1.093s] Level 1:colcon.colcon_core.environment:checking '/home/fhp/MobileRobot_ws/install/msg_interfaces/lib/python3.10/site-packages'
[1.093s] Level 1:colcon.colcon_core.environment:checking '/home/fhp/MobileRobot_ws/install/msg_interfaces/bin'
[1.094s] INFO:colcon.colcon_core.shell:Creating package script '/home/fhp/MobileRobot_ws/install/msg_interfaces/share/msg_interfaces/package.ps1'
[1.094s] INFO:colcon.colcon_core.shell:Creating package descriptor '/home/fhp/MobileRobot_ws/install/msg_interfaces/share/msg_interfaces/package.dsv'
[1.095s] INFO:colcon.colcon_core.shell:Creating package script '/home/fhp/MobileRobot_ws/install/msg_interfaces/share/msg_interfaces/package.sh'
[1.095s] INFO:colcon.colcon_core.shell:Creating package script '/home/fhp/MobileRobot_ws/install/msg_interfaces/share/msg_interfaces/package.bash'
[1.095s] INFO:colcon.colcon_core.shell:Creating package script '/home/fhp/MobileRobot_ws/install/msg_interfaces/share/msg_interfaces/package.zsh'
[1.095s] Level 1:colcon.colcon_core.environment:create_file_with_runtime_dependencies(/home/fhp/MobileRobot_ws/install/msg_interfaces/share/colcon-core/packages/msg_interfaces)
[1.125s] DEBUG:colcon.colcon_core.event_handler.log_command:Invoked command in '/home/fhp/MobileRobot_ws/build/megarover_samples_ros2' returned '0': CMAKE_PREFIX_PATH=${CMAKE_PREFIX_PATH}:/opt/ros/humble /usr/bin/cmake --build /home/fhp/MobileRobot_ws/build/megarover_samples_ros2 -- -j12 -l12
[1.149s] DEBUG:colcon.colcon_core.event_handler.log_command:Invoking command in '/home/fhp/MobileRobot_ws/build/megarover_samples_ros2': CMAKE_PREFIX_PATH=${CMAKE_PREFIX_PATH}:/opt/ros/humble /usr/bin/cmake --install /home/fhp/MobileRobot_ws/build/megarover_samples_ros2
[1.179s] Level 1:colcon.colcon_core.environment:create_environment_scripts_only(megarover_samples_ros2)
[1.181s] Level 1:colcon.colcon_core.environment:checking '/home/fhp/MobileRobot_ws/install/megarover_samples_ros2' for CMake module files
[1.182s] DEBUG:colcon.colcon_core.event_handler.log_command:Invoked command in '/home/fhp/MobileRobot_ws/build/megarover_samples_ros2' returned '0': CMAKE_PREFIX_PATH=${CMAKE_PREFIX_PATH}:/opt/ros/humble /usr/bin/cmake --install /home/fhp/MobileRobot_ws/build/megarover_samples_ros2
[1.184s] Level 1:colcon.colcon_core.environment:checking '/home/fhp/MobileRobot_ws/install/megarover_samples_ros2' for CMake config files
[1.189s] Level 1:colcon.colcon_core.shell:create_environment_hook('megarover_samples_ros2', 'cmake_prefix_path')
[1.190s] INFO:colcon.colcon_core.shell:Creating environment hook '/home/fhp/MobileRobot_ws/install/megarover_samples_ros2/share/megarover_samples_ros2/hook/cmake_prefix_path.ps1'
[1.190s] INFO:colcon.colcon_core.shell:Creating environment descriptor '/home/fhp/MobileRobot_ws/install/megarover_samples_ros2/share/megarover_samples_ros2/hook/cmake_prefix_path.dsv'
[1.191s] INFO:colcon.colcon_core.shell:Creating environment hook '/home/fhp/MobileRobot_ws/install/megarover_samples_ros2/share/megarover_samples_ros2/hook/cmake_prefix_path.sh'
[1.191s] Level 1:colcon.colcon_core.environment:checking '/home/fhp/MobileRobot_ws/install/megarover_samples_ros2/lib'
[1.191s] Level 1:colcon.colcon_core.shell:create_environment_hook('megarover_samples_ros2', 'ld_library_path_lib')
[1.192s] INFO:colcon.colcon_core.shell:Creating environment hook '/home/fhp/MobileRobot_ws/install/megarover_samples_ros2/share/megarover_samples_ros2/hook/ld_library_path_lib.ps1'
[1.192s] INFO:colcon.colcon_core.shell:Creating environment descriptor '/home/fhp/MobileRobot_ws/install/megarover_samples_ros2/share/megarover_samples_ros2/hook/ld_library_path_lib.dsv'
[1.193s] INFO:colcon.colcon_core.shell:Creating environment hook '/home/fhp/MobileRobot_ws/install/megarover_samples_ros2/share/megarover_samples_ros2/hook/ld_library_path_lib.sh'
[1.193s] Level 1:colcon.colcon_core.environment:checking '/home/fhp/MobileRobot_ws/install/megarover_samples_ros2/bin'
[1.193s] Level 1:colcon.colcon_core.environment:checking '/home/fhp/MobileRobot_ws/install/megarover_samples_ros2/lib/pkgconfig/megarover_samples_ros2.pc'
[1.193s] Level 1:colcon.colcon_core.environment:checking '/home/fhp/MobileRobot_ws/install/megarover_samples_ros2/lib/python3.10/site-packages'
[1.193s] Level 1:colcon.colcon_core.environment:checking '/home/fhp/MobileRobot_ws/install/megarover_samples_ros2/bin'
[1.194s] INFO:colcon.colcon_core.shell:Creating package script '/home/fhp/MobileRobot_ws/install/megarover_samples_ros2/share/megarover_samples_ros2/package.ps1'
[1.195s] INFO:colcon.colcon_core.shell:Creating package descriptor '/home/fhp/MobileRobot_ws/install/megarover_samples_ros2/share/megarover_samples_ros2/package.dsv'
[1.195s] INFO:colcon.colcon_core.shell:Creating package script '/home/fhp/MobileRobot_ws/install/megarover_samples_ros2/share/megarover_samples_ros2/package.sh'
[1.195s] INFO:colcon.colcon_core.shell:Creating package script '/home/fhp/MobileRobot_ws/install/megarover_samples_ros2/share/megarover_samples_ros2/package.bash'
[1.195s] INFO:colcon.colcon_core.shell:Creating package script '/home/fhp/MobileRobot_ws/install/megarover_samples_ros2/share/megarover_samples_ros2/package.zsh'
[1.196s] Level 1:colcon.colcon_core.environment:create_file_with_runtime_dependencies(/home/fhp/MobileRobot_ws/install/megarover_samples_ros2/share/colcon-core/packages/megarover_samples_ros2)
[1.217s] Level 1:colcon.colcon_core.environment:create_environment_scripts_only(megarover_samples_ros2)
[1.218s] Level 1:colcon.colcon_core.environment:checking '/home/fhp/MobileRobot_ws/install/megarover_samples_ros2' for CMake module files
[1.219s] Level 1:colcon.colcon_core.environment:checking '/home/fhp/MobileRobot_ws/install/megarover_samples_ros2' for CMake config files
[1.220s] Level 1:colcon.colcon_core.shell:create_environment_hook('megarover_samples_ros2', 'cmake_prefix_path')
[1.220s] INFO:colcon.colcon_core.shell:Creating environment hook '/home/fhp/MobileRobot_ws/install/megarover_samples_ros2/share/megarover_samples_ros2/hook/cmake_prefix_path.ps1'
[1.221s] INFO:colcon.colcon_core.shell:Creating environment descriptor '/home/fhp/MobileRobot_ws/install/megarover_samples_ros2/share/megarover_samples_ros2/hook/cmake_prefix_path.dsv'
[1.221s] INFO:colcon.colcon_core.shell:Creating environment hook '/home/fhp/MobileRobot_ws/install/megarover_samples_ros2/share/megarover_samples_ros2/hook/cmake_prefix_path.sh'
[1.221s] Level 1:colcon.colcon_core.environment:checking '/home/fhp/MobileRobot_ws/install/megarover_samples_ros2/lib'
[1.221s] Level 1:colcon.colcon_core.shell:create_environment_hook('megarover_samples_ros2', 'ld_library_path_lib')
[1.222s] INFO:colcon.colcon_core.shell:Creating environment hook '/home/fhp/MobileRobot_ws/install/megarover_samples_ros2/share/megarover_samples_ros2/hook/ld_library_path_lib.ps1'
[1.223s] INFO:colcon.colcon_core.shell:Creating environment descriptor '/home/fhp/MobileRobot_ws/install/megarover_samples_ros2/share/megarover_samples_ros2/hook/ld_library_path_lib.dsv'
[1.223s] INFO:colcon.colcon_core.shell:Creating environment hook '/home/fhp/MobileRobot_ws/install/megarover_samples_ros2/share/megarover_samples_ros2/hook/ld_library_path_lib.sh'
[1.223s] Level 1:colcon.colcon_core.environment:checking '/home/fhp/MobileRobot_ws/install/megarover_samples_ros2/bin'
[1.223s] Level 1:colcon.colcon_core.environment:checking '/home/fhp/MobileRobot_ws/install/megarover_samples_ros2/lib/pkgconfig/megarover_samples_ros2.pc'
[1.223s] Level 1:colcon.colcon_core.environment:checking '/home/fhp/MobileRobot_ws/install/megarover_samples_ros2/lib/python3.10/site-packages'
[1.224s] Level 1:colcon.colcon_core.environment:checking '/home/fhp/MobileRobot_ws/install/megarover_samples_ros2/bin'
[1.225s] INFO:colcon.colcon_core.shell:Creating package script '/home/fhp/MobileRobot_ws/install/megarover_samples_ros2/share/megarover_samples_ros2/package.ps1'
[1.225s] INFO:colcon.colcon_core.shell:Creating package descriptor '/home/fhp/MobileRobot_ws/install/megarover_samples_ros2/share/megarover_samples_ros2/package.dsv'
[1.226s] INFO:colcon.colcon_core.shell:Creating package script '/home/fhp/MobileRobot_ws/install/megarover_samples_ros2/share/megarover_samples_ros2/package.sh'
[1.226s] INFO:colcon.colcon_core.shell:Creating package script '/home/fhp/MobileRobot_ws/install/megarover_samples_ros2/share/megarover_samples_ros2/package.bash'
[1.226s] INFO:colcon.colcon_core.shell:Creating package script '/home/fhp/MobileRobot_ws/install/megarover_samples_ros2/share/megarover_samples_ros2/package.zsh'
[1.226s] Level 1:colcon.colcon_core.environment:create_file_with_runtime_dependencies(/home/fhp/MobileRobot_ws/install/megarover_samples_ros2/share/colcon-core/packages/megarover_samples_ros2)
[1.226s] DEBUG:colcon.colcon_parallel_executor.executor.parallel:closing loop
[1.227s] DEBUG:colcon.colcon_parallel_executor.executor.parallel:loop closed
[1.227s] DEBUG:colcon.colcon_parallel_executor.executor.parallel:run_until_complete finished with '0'
[1.227s] DEBUG:colcon.colcon_core.event_reactor:joining thread
[1.234s] INFO:colcon.colcon_core.plugin_system:Skipping extension 'colcon_notification.desktop_notification.terminal_notifier': Not used on non-Darwin systems
[1.235s] INFO:colcon.colcon_core.plugin_system:Skipping extension 'colcon_notification.desktop_notification.win32': Not used on non-Windows systems
[1.235s] INFO:colcon.colcon_notification.desktop_notification:Sending desktop notification using 'notify2'
[1.254s] DEBUG:colcon.colcon_core.event_reactor:joined thread
[1.256s] INFO:colcon.colcon_core.shell:Creating prefix script '/home/fhp/MobileRobot_ws/install/local_setup.ps1'
[1.257s] INFO:colcon.colcon_core.shell:Creating prefix util module '/home/fhp/MobileRobot_ws/install/_local_setup_util_ps1.py'
[1.258s] INFO:colcon.colcon_core.shell:Creating prefix chain script '/home/fhp/MobileRobot_ws/install/setup.ps1'
[1.259s] INFO:colcon.colcon_core.shell:Creating prefix script '/home/fhp/MobileRobot_ws/install/local_setup.sh'
[1.260s] INFO:colcon.colcon_core.shell:Creating prefix util module '/home/fhp/MobileRobot_ws/install/_local_setup_util_sh.py'
[1.260s] INFO:colcon.colcon_core.shell:Creating prefix chain script '/home/fhp/MobileRobot_ws/install/setup.sh'
[1.261s] INFO:colcon.colcon_core.shell:Creating prefix script '/home/fhp/MobileRobot_ws/install/local_setup.bash'
[1.262s] INFO:colcon.colcon_core.shell:Creating prefix chain script '/home/fhp/MobileRobot_ws/install/setup.bash'
[1.263s] INFO:colcon.colcon_core.shell:Creating prefix script '/home/fhp/MobileRobot_ws/install/local_setup.zsh'
[1.263s] INFO:colcon.colcon_core.shell:Creating prefix chain script '/home/fhp/MobileRobot_ws/install/setup.zsh'
